[0.039s] Invoking command in '/home/user-accounts/lee4649/auto-aiming/build/webcam_publisher': CMAKE_PREFIX_PATH=/opt/ros/foxy /usr/bin/cmake /home/user-accounts/lee4649/auto-aiming/src/prm_camera/webcam_publisher -DCMAKE_BUILD_TYPE=Release -DCMAKE_CXX_FLAGS_RELEASE=-O3 -DPYTHON_EXECUTABLE=/usr/bin/python3.8 -DAMENT_CMAKE_SYMLINK_INSTALL=1 -DCMAKE_INSTALL_PREFIX=/home/user-accounts/lee4649/auto-aiming/install/webcam_publisher
[0.128s] -- The C compiler identification is GNU 9.4.0
[0.208s] -- The CXX compiler identification is GNU 9.4.0
[0.215s] -- Check for working C compiler: /usr/bin/cc
[0.327s] -- Check for working C compiler: /usr/bin/cc -- works
[0.328s] -- Detecting C compiler ABI info
[0.440s] -- Detecting C compiler ABI info - done
[0.457s] -- Detecting C compile features
[0.457s] -- Detecting C compile features - done
[0.461s] -- Check for working CXX compiler: /usr/bin/c++
[0.590s] -- Check for working CXX compiler: /usr/bin/c++ -- works
[0.591s] -- Detecting CXX compiler ABI info
[0.718s] -- Detecting CXX compiler ABI info - done
[0.734s] -- Detecting CXX compile features
[0.735s] -- Detecting CXX compile features - done
[0.738s] -- Found ament_cmake_auto: 0.9.12 (/opt/ros/foxy/share/ament_cmake_auto/cmake)
[0.782s] -- Found PythonInterp: /usr/bin/python3.8 (found suitable version "3.8.10", minimum required is "3") 
[0.782s] -- Using PYTHON_EXECUTABLE: /usr/bin/python3.8
[1.104s] -- Override CMake install command with custom implementation using symlinks instead of copying resources
[1.153s] -- Looking for pthread.h
[1.275s] -- Looking for pthread.h - found
[1.275s] -- Performing Test CMAKE_HAVE_LIBC_PTHREAD
[1.397s] -- Performing Test CMAKE_HAVE_LIBC_PTHREAD - Failed
[1.398s] -- Looking for pthread_create in pthreads
[1.503s] -- Looking for pthread_create in pthreads - not found
[1.504s] -- Looking for pthread_create in pthread
[1.624s] -- Looking for pthread_create in pthread - found
[1.638s] -- Found Threads: TRUE  
[1.657s] -- Found CUDA: /usr/local/cuda (found suitable exact version "11.4") 
[1.687s] -- Found OpenCV: /usr/local (found suitable version "4.6.0", minimum required is "4.6.0") 
[1.822s] -- Using all available rosidl_typesupport_c: rosidl_typesupport_fastrtps_c;rosidl_typesupport_introspection_c
[1.831s] -- Found rosidl_adapter: 1.3.1 (/opt/ros/foxy/share/rosidl_adapter/cmake)
[1.988s] -- Found OpenSSL: /usr/lib/aarch64-linux-gnu/libcrypto.so (found version "1.1.1f")  
[2.039s] -- Found FastRTPS: /opt/ros/foxy/include  
[2.163s] -- Using all available rosidl_typesupport_cpp: rosidl_typesupport_fastrtps_cpp;rosidl_typesupport_introspection_cpp
[2.474s] -- Found rmw_implementation_cmake: 1.0.4 (/opt/ros/foxy/share/rmw_implementation_cmake/cmake)
[2.476s] -- Using RMW implementation 'rmw_fastrtps_cpp' as default
[2.883s] -- Setting yaml-cpp_DIR to: '/opt/ros/foxy/share/yaml_cpp_vendor/cmake/../../../opt/yaml_cpp_vendor/lib/cmake/yaml-cpp'
[3.150s] -- Configuring done
[3.195s] -- Generating done
[3.198s] -- Build files have been written to: /home/user-accounts/lee4649/auto-aiming/build/webcam_publisher
[3.221s] Invoked command in '/home/user-accounts/lee4649/auto-aiming/build/webcam_publisher' returned '0': CMAKE_PREFIX_PATH=/opt/ros/foxy /usr/bin/cmake /home/user-accounts/lee4649/auto-aiming/src/prm_camera/webcam_publisher -DCMAKE_BUILD_TYPE=Release -DCMAKE_CXX_FLAGS_RELEASE=-O3 -DPYTHON_EXECUTABLE=/usr/bin/python3.8 -DAMENT_CMAKE_SYMLINK_INSTALL=1 -DCMAKE_INSTALL_PREFIX=/home/user-accounts/lee4649/auto-aiming/install/webcam_publisher
[3.226s] Invoking command in '/home/user-accounts/lee4649/auto-aiming/build/webcam_publisher': CMAKE_PREFIX_PATH=/opt/ros/foxy /usr/bin/cmake --build /home/user-accounts/lee4649/auto-aiming/build/webcam_publisher -- -j8 -l8
[3.300s] [35m[1mScanning dependencies of target VideoCaptureNode[0m
[3.387s] [ 50%] [32mBuilding CXX object CMakeFiles/VideoCaptureNode.dir/src/VideoCaptureNode.cpp.o[0m
[14.774s] [100%] [32m[1mLinking CXX executable VideoCaptureNode[0m
[15.744s] /usr/bin/ld: warning: libopencv_core.so.4.2, needed by /opt/ros/foxy/lib/libcv_bridge.so, may conflict with libopencv_core.so.406
[15.772s] [100%] Built target VideoCaptureNode
[15.792s] Invoked command in '/home/user-accounts/lee4649/auto-aiming/build/webcam_publisher' returned '0': CMAKE_PREFIX_PATH=/opt/ros/foxy /usr/bin/cmake --build /home/user-accounts/lee4649/auto-aiming/build/webcam_publisher -- -j8 -l8
[15.831s] Invoking command in '/home/user-accounts/lee4649/auto-aiming/build/webcam_publisher': CMAKE_PREFIX_PATH=/opt/ros/foxy /usr/bin/cmake --install /home/user-accounts/lee4649/auto-aiming/build/webcam_publisher
[15.846s] -- Install configuration: "Release"
[15.846s] -- Execute custom install script
[15.847s] -- Symlinking: /home/user-accounts/lee4649/auto-aiming/install/webcam_publisher/lib/webcam_publisher/VideoCaptureNode
[15.863s] -- Symlinking: /home/user-accounts/lee4649/auto-aiming/install/webcam_publisher/share/webcam_publisher/launch/video.py
[15.877s] -- Symlinking: /home/user-accounts/lee4649/auto-aiming/install/webcam_publisher/share/webcam_publisher/launch/webcam.py
[15.892s] -- Symlinking: /home/user-accounts/lee4649/auto-aiming/install/webcam_publisher/share/webcam_publisher/resources/1.mp4
[15.907s] -- Symlinking: /home/user-accounts/lee4649/auto-aiming/install/webcam_publisher/share/webcam_publisher/config/webcam_info.yaml
[15.922s] -- Symlinking: /home/user-accounts/lee4649/auto-aiming/install/webcam_publisher/share/ament_index/resource_index/package_run_dependencies/webcam_publisher
[15.937s] -- Symlinking: /home/user-accounts/lee4649/auto-aiming/install/webcam_publisher/share/ament_index/resource_index/parent_prefix_path/webcam_publisher
[15.953s] -- Symlinking: /home/user-accounts/lee4649/auto-aiming/install/webcam_publisher/share/webcam_publisher/environment/ament_prefix_path.sh
[15.969s] -- Symlinking: /home/user-accounts/lee4649/auto-aiming/install/webcam_publisher/share/webcam_publisher/environment/ament_prefix_path.dsv
[15.984s] -- Symlinking: /home/user-accounts/lee4649/auto-aiming/install/webcam_publisher/share/webcam_publisher/environment/path.sh
[15.999s] -- Symlinking: /home/user-accounts/lee4649/auto-aiming/install/webcam_publisher/share/webcam_publisher/environment/path.dsv
[16.014s] -- Symlinking: /home/user-accounts/lee4649/auto-aiming/install/webcam_publisher/share/webcam_publisher/local_setup.bash
[16.029s] -- Symlinking: /home/user-accounts/lee4649/auto-aiming/install/webcam_publisher/share/webcam_publisher/local_setup.sh
[16.045s] -- Symlinking: /home/user-accounts/lee4649/auto-aiming/install/webcam_publisher/share/webcam_publisher/local_setup.zsh
[16.061s] -- Symlinking: /home/user-accounts/lee4649/auto-aiming/install/webcam_publisher/share/webcam_publisher/local_setup.dsv
[16.074s] -- Symlinking: /home/user-accounts/lee4649/auto-aiming/install/webcam_publisher/share/webcam_publisher/package.dsv
[16.088s] -- Symlinking: /home/user-accounts/lee4649/auto-aiming/install/webcam_publisher/share/ament_index/resource_index/packages/webcam_publisher
[16.103s] -- Symlinking: /home/user-accounts/lee4649/auto-aiming/install/webcam_publisher/share/webcam_publisher/cmake/ament_cmake_export_include_directories-extras.cmake
[16.120s] -- Symlinking: /home/user-accounts/lee4649/auto-aiming/install/webcam_publisher/share/webcam_publisher/cmake/ament_cmake_export_dependencies-extras.cmake
[16.136s] -- Symlinking: /home/user-accounts/lee4649/auto-aiming/install/webcam_publisher/share/webcam_publisher/cmake/webcam_publisherConfig.cmake
[16.155s] -- Symlinking: /home/user-accounts/lee4649/auto-aiming/install/webcam_publisher/share/webcam_publisher/cmake/webcam_publisherConfig-version.cmake
[16.171s] -- Symlinking: /home/user-accounts/lee4649/auto-aiming/install/webcam_publisher/share/webcam_publisher/package.xml
[16.191s] Invoked command in '/home/user-accounts/lee4649/auto-aiming/build/webcam_publisher' returned '0': CMAKE_PREFIX_PATH=/opt/ros/foxy /usr/bin/cmake --install /home/user-accounts/lee4649/auto-aiming/build/webcam_publisher
