[0.020s] Invoking command in '/home/purduerm/ros2-ws/auto-aiming/build/recorder': CMAKE_PREFIX_PATH=/opt/ros/foxy /usr/bin/cmake --build /home/purduerm/ros2-ws/auto-aiming/build/recorder -- -j12 -l12
[0.075s] [100%] Built target VideoRecorderNode
[0.085s] Invoked command in '/home/purduerm/ros2-ws/auto-aiming/build/recorder' returned '0': CMAKE_PREFIX_PATH=/opt/ros/foxy /usr/bin/cmake --build /home/purduerm/ros2-ws/auto-aiming/build/recorder -- -j12 -l12
[0.087s] Invoking command in '/home/purduerm/ros2-ws/auto-aiming/build/recorder': CMAKE_PREFIX_PATH=/opt/ros/foxy /usr/bin/cmake --install /home/purduerm/ros2-ws/auto-aiming/build/recorder
[0.093s] -- Install configuration: "Release"
[0.093s] -- Execute custom install script
[0.094s] -- Up-to-date symlink: /home/purduerm/ros2-ws/auto-aiming/install/recorder/lib/recorder/VideoRecorderNode
[0.094s] -- Up-to-date symlink: /home/purduerm/ros2-ws/auto-aiming/install/recorder/share/recorder/launch/mv2image.py
[0.094s] -- Up-to-date symlink: /home/purduerm/ros2-ws/auto-aiming/install/recorder/share/recorder/launch/mv_recorder.py
[0.094s] -- Up-to-date symlink: /home/purduerm/ros2-ws/auto-aiming/install/recorder/share/recorder/launch/old_mv2image.py
[0.094s] -- Up-to-date symlink: /home/purduerm/ros2-ws/auto-aiming/install/recorder/share/recorder/launch/webcam_recorder.py
[0.095s] -- Up-to-date symlink: /home/purduerm/ros2-ws/auto-aiming/install/recorder/share/ament_index/resource_index/package_run_dependencies/recorder
[0.095s] -- Up-to-date symlink: /home/purduerm/ros2-ws/auto-aiming/install/recorder/share/ament_index/resource_index/parent_prefix_path/recorder
[0.095s] -- Up-to-date symlink: /home/purduerm/ros2-ws/auto-aiming/install/recorder/share/recorder/environment/ament_prefix_path.sh
[0.095s] -- Up-to-date symlink: /home/purduerm/ros2-ws/auto-aiming/install/recorder/share/recorder/environment/ament_prefix_path.dsv
[0.095s] -- Up-to-date symlink: /home/purduerm/ros2-ws/auto-aiming/install/recorder/share/recorder/environment/path.sh
[0.096s] -- Up-to-date symlink: /home/purduerm/ros2-ws/auto-aiming/install/recorder/share/recorder/environment/path.dsv
[0.096s] -- Up-to-date symlink: /home/purduerm/ros2-ws/auto-aiming/install/recorder/share/recorder/local_setup.bash
[0.096s] -- Up-to-date symlink: /home/purduerm/ros2-ws/auto-aiming/install/recorder/share/recorder/local_setup.sh
[0.096s] -- Up-to-date symlink: /home/purduerm/ros2-ws/auto-aiming/install/recorder/share/recorder/local_setup.zsh
[0.097s] -- Up-to-date symlink: /home/purduerm/ros2-ws/auto-aiming/install/recorder/share/recorder/local_setup.dsv
[0.097s] -- Symlinking: /home/purduerm/ros2-ws/auto-aiming/install/recorder/share/recorder/package.dsv
[0.104s] -- Up-to-date symlink: /home/purduerm/ros2-ws/auto-aiming/install/recorder/share/ament_index/resource_index/packages/recorder
[0.104s] -- Up-to-date symlink: /home/purduerm/ros2-ws/auto-aiming/install/recorder/share/recorder/cmake/ament_cmake_export_dependencies-extras.cmake
[0.105s] -- Up-to-date symlink: /home/purduerm/ros2-ws/auto-aiming/install/recorder/share/recorder/cmake/recorderConfig.cmake
[0.105s] -- Up-to-date symlink: /home/purduerm/ros2-ws/auto-aiming/install/recorder/share/recorder/cmake/recorderConfig-version.cmake
[0.105s] -- Up-to-date symlink: /home/purduerm/ros2-ws/auto-aiming/install/recorder/share/recorder/package.xml
[0.124s] Invoked command in '/home/purduerm/ros2-ws/auto-aiming/build/recorder' returned '0': CMAKE_PREFIX_PATH=/opt/ros/foxy /usr/bin/cmake --install /home/purduerm/ros2-ws/auto-aiming/build/recorder
