[0.016s] Invoking command in '/home/purduerm/ros2-ws/auto-aiming/build/control_communicator': AMENT_PREFIX_PATH=/home/purduerm/ros2-ws/auto-aiming/install/vision_msgs:${AMENT_PREFIX_PATH} CMAKE_PREFIX_PATH=/home/purduerm/ros2-ws/auto-aiming/install/vision_msgs:/opt/ros/foxy LD_LIBRARY_PATH=/home/purduerm/ros2-ws/auto-aiming/install/vision_msgs/lib:${LD_LIBRARY_PATH} PYTHONPATH=/home/purduerm/ros2-ws/auto-aiming/install/vision_msgs/lib/python3.8/site-packages:${PYTHONPATH} /usr/bin/cmake --build /home/purduerm/ros2-ws/auto-aiming/build/control_communicator -- -j12 -l12
[0.074s] [100%] Built target ControlCommunicatorNode
[0.083s] Invoked command in '/home/purduerm/ros2-ws/auto-aiming/build/control_communicator' returned '0': AMENT_PREFIX_PATH=/home/purduerm/ros2-ws/auto-aiming/install/vision_msgs:${AMENT_PREFIX_PATH} CMAKE_PREFIX_PATH=/home/purduerm/ros2-ws/auto-aiming/install/vision_msgs:/opt/ros/foxy LD_LIBRARY_PATH=/home/purduerm/ros2-ws/auto-aiming/install/vision_msgs/lib:${LD_LIBRARY_PATH} PYTHONPATH=/home/purduerm/ros2-ws/auto-aiming/install/vision_msgs/lib/python3.8/site-packages:${PYTHONPATH} /usr/bin/cmake --build /home/purduerm/ros2-ws/auto-aiming/build/control_communicator -- -j12 -l12
[0.086s] Invoking command in '/home/purduerm/ros2-ws/auto-aiming/build/control_communicator': AMENT_PREFIX_PATH=/home/purduerm/ros2-ws/auto-aiming/install/vision_msgs:${AMENT_PREFIX_PATH} CMAKE_PREFIX_PATH=/home/purduerm/ros2-ws/auto-aiming/install/vision_msgs:/opt/ros/foxy LD_LIBRARY_PATH=/home/purduerm/ros2-ws/auto-aiming/install/vision_msgs/lib:${LD_LIBRARY_PATH} PYTHONPATH=/home/purduerm/ros2-ws/auto-aiming/install/vision_msgs/lib/python3.8/site-packages:${PYTHONPATH} /usr/bin/cmake --install /home/purduerm/ros2-ws/auto-aiming/build/control_communicator
[0.093s] -- Install configuration: "Release"
[0.094s] -- Execute custom install script
[0.094s] -- Up-to-date symlink: /home/purduerm/ros2-ws/auto-aiming/install/control_communicator/lib/control_communicator/ControlCommunicatorNode
[0.094s] -- Up-to-date symlink: /home/purduerm/ros2-ws/auto-aiming/install/control_communicator/share/ament_index/resource_index/package_run_dependencies/control_communicator
[0.094s] -- Up-to-date symlink: /home/purduerm/ros2-ws/auto-aiming/install/control_communicator/share/ament_index/resource_index/parent_prefix_path/control_communicator
[0.094s] -- Up-to-date symlink: /home/purduerm/ros2-ws/auto-aiming/install/control_communicator/share/control_communicator/environment/ament_prefix_path.sh
[0.095s] -- Up-to-date symlink: /home/purduerm/ros2-ws/auto-aiming/install/control_communicator/share/control_communicator/environment/ament_prefix_path.dsv
[0.095s] -- Up-to-date symlink: /home/purduerm/ros2-ws/auto-aiming/install/control_communicator/share/control_communicator/environment/path.sh
[0.095s] -- Up-to-date symlink: /home/purduerm/ros2-ws/auto-aiming/install/control_communicator/share/control_communicator/environment/path.dsv
[0.095s] -- Up-to-date symlink: /home/purduerm/ros2-ws/auto-aiming/install/control_communicator/share/control_communicator/local_setup.bash
[0.095s] -- Up-to-date symlink: /home/purduerm/ros2-ws/auto-aiming/install/control_communicator/share/control_communicator/local_setup.sh
[0.095s] -- Up-to-date symlink: /home/purduerm/ros2-ws/auto-aiming/install/control_communicator/share/control_communicator/local_setup.zsh
[0.096s] -- Up-to-date symlink: /home/purduerm/ros2-ws/auto-aiming/install/control_communicator/share/control_communicator/local_setup.dsv
[0.096s] -- Symlinking: /home/purduerm/ros2-ws/auto-aiming/install/control_communicator/share/control_communicator/package.dsv
[0.102s] -- Up-to-date symlink: /home/purduerm/ros2-ws/auto-aiming/install/control_communicator/share/ament_index/resource_index/packages/control_communicator
[0.102s] -- Up-to-date symlink: /home/purduerm/ros2-ws/auto-aiming/install/control_communicator/share/control_communicator/cmake/control_communicatorConfig.cmake
[0.103s] -- Up-to-date symlink: /home/purduerm/ros2-ws/auto-aiming/install/control_communicator/share/control_communicator/cmake/control_communicatorConfig-version.cmake
[0.103s] -- Up-to-date symlink: /home/purduerm/ros2-ws/auto-aiming/install/control_communicator/share/control_communicator/package.xml
[0.106s] Invoked command in '/home/purduerm/ros2-ws/auto-aiming/build/control_communicator' returned '0': AMENT_PREFIX_PATH=/home/purduerm/ros2-ws/auto-aiming/install/vision_msgs:${AMENT_PREFIX_PATH} CMAKE_PREFIX_PATH=/home/purduerm/ros2-ws/auto-aiming/install/vision_msgs:/opt/ros/foxy LD_LIBRARY_PATH=/home/purduerm/ros2-ws/auto-aiming/install/vision_msgs/lib:${LD_LIBRARY_PATH} PYTHONPATH=/home/purduerm/ros2-ws/auto-aiming/install/vision_msgs/lib/python3.8/site-packages:${PYTHONPATH} /usr/bin/cmake --install /home/purduerm/ros2-ws/auto-aiming/build/control_communicator
