[0.027s] Invoking command in '/home/user-accounts/lee4649/auto-aiming/build/opencv_armor_detector': AMENT_PREFIX_PATH=/home/user-accounts/lee4649/auto-aiming/install/vision_msgs:${AMENT_PREFIX_PATH} CMAKE_PREFIX_PATH=/home/user-accounts/lee4649/auto-aiming/install/vision_msgs:/opt/ros/foxy LD_LIBRARY_PATH=/home/user-accounts/lee4649/auto-aiming/install/vision_msgs/lib:${LD_LIBRARY_PATH} PYTHONPATH=/home/user-accounts/lee4649/auto-aiming/install/vision_msgs/lib/python3.8/site-packages:${PYTHONPATH} /usr/bin/cmake --build /home/user-accounts/lee4649/auto-aiming/build/opencv_armor_detector -- -j8 -l8
[0.111s] [ 40%] Built target gtest
[0.111s] [ 40%] Built target gtest_main
[0.113s] [ 60%] Built target OpenCVArmorDetector
[0.133s] [35m[1mScanning dependencies of target OpenCVArmorDetectorNode[0m
[0.159s] [ 80%] Built target test_OpenCVArmorDetector
[0.191s] [ 90%] [32mBuilding CXX object CMakeFiles/OpenCVArmorDetectorNode.dir/src/OpenCVArmorDetectorNode.cpp.o[0m
[4.935s] [01m[K/home/user-accounts/lee4649/auto-aiming/src/prm_vision/opencv_armor_detector/src/OpenCVArmorDetectorNode.cpp:[m[K In constructor ‘[01m[KOpenCVArmorDetectorNode::OpenCVArmorDetectorNode(const rclcpp::NodeOptions&)[m[K’:
[4.935s] [01m[K/home/user-accounts/lee4649/auto-aiming/src/prm_vision/opencv_armor_detector/src/OpenCVArmorDetectorNode.cpp:18:98:[m[K [01;31m[Kerror: [m[Kno match for ‘[01m[Koperator=[m[K’ (operand types are ‘[01m[Kstd::shared_ptr<rclcpp::Publisher<vision_msgs::msg::KeyPoints_<std::allocator<void> > > >[m[K’ and ‘[01m[Kstd::shared_ptr<rclcpp::Publisher<vision_msgs::msg::KeyPointGroups_<std::allocator<void> >, std::allocator<void> > >[m[K’)
[4.935s]    18 |   keypoints_publisher = this->create_publisher<vision_msgs::msg::KeyPointGroups>("key_points", 10[01;31m[K)[m[K;
[4.936s]       |                                                                                                  [01;31m[K^[m[K
[4.936s] In file included from [01m[K/usr/include/c++/9/memory:81[m[K,
[4.936s]                  from [01m[K/usr/local/include/opencv4/opencv2/core/cvstd_wrapper.hpp:11[m[K,
[4.937s]                  from [01m[K/usr/local/include/opencv4/opencv2/core/cvstd.hpp:81[m[K,
[4.937s]                  from [01m[K/usr/local/include/opencv4/opencv2/core/base.hpp:58[m[K,
[4.937s]                  from [01m[K/usr/local/include/opencv4/opencv2/core.hpp:53[m[K,
[4.937s]                  from [01m[K/usr/local/include/opencv4/opencv2/opencv.hpp:52[m[K,
[4.937s]                  from [01m[K/home/user-accounts/lee4649/auto-aiming/src/prm_vision/opencv_armor_detector/include/OpenCVArmorDetector.h:5[m[K,
[4.938s]                  from [01m[K/home/user-accounts/lee4649/auto-aiming/src/prm_vision/opencv_armor_detector/include/OpenCVArmorDetectorNode.hpp:4[m[K,
[4.938s]                  from [01m[K/home/user-accounts/lee4649/auto-aiming/src/prm_vision/opencv_armor_detector/src/OpenCVArmorDetectorNode.cpp:1[m[K:
[4.938s] [01m[K/usr/include/c++/9/bits/shared_ptr.h:309:19:[m[K [01;36m[Knote: [m[Kcandidate: ‘[01m[Kstd::shared_ptr<_Tp>& std::shared_ptr<_Tp>::operator=(const std::shared_ptr<_Tp>&) [with _Tp = rclcpp::Publisher<vision_msgs::msg::KeyPoints_<std::allocator<void> > >][m[K’
[4.938s]   309 |       shared_ptr& [01;36m[Koperator[m[K=(const shared_ptr&) noexcept = default;
[4.939s]       |                   [01;36m[K^~~~~~~~[m[K
[4.939s] [01m[K/usr/include/c++/9/bits/shared_ptr.h:309:29:[m[K [01;36m[Knote: [m[K  no known conversion for argument 1 from ‘[01m[Kstd::shared_ptr<rclcpp::Publisher<vision_msgs::msg::KeyPointGroups_<std::allocator<void> >, std::allocator<void> > >[m[K’ to ‘[01m[Kconst std::shared_ptr<rclcpp::Publisher<vision_msgs::msg::KeyPoints_<std::allocator<void> > > >&[m[K’
[4.939s]   309 |       shared_ptr& operator=([01;36m[Kconst shared_ptr&[m[K) noexcept = default;
[4.939s]       |                             [01;36m[K^~~~~~~~~~~~~~~~~[m[K
[4.940s] [01m[K/usr/include/c++/9/bits/shared_ptr.h:313:2:[m[K [01;36m[Knote: [m[Kcandidate: ‘[01m[Ktemplate<class _Yp> std::shared_ptr<_Tp>::_Assignable<const std::shared_ptr<_Yp>&> std::shared_ptr<_Tp>::operator=(const std::shared_ptr<_Yp>&) [with _Yp = _Yp; _Tp = rclcpp::Publisher<vision_msgs::msg::KeyPoints_<std::allocator<void> > >][m[K’
[4.940s]   313 |  [01;36m[Koperator[m[K=(const shared_ptr<_Yp>& __r) noexcept
[4.940s]       |  [01;36m[K^~~~~~~~[m[K
[4.940s] [01m[K/usr/include/c++/9/bits/shared_ptr.h:313:2:[m[K [01;36m[Knote: [m[K  template argument deduction/substitution failed:
[4.941s] /usr/include/c++/9/bits/shared_ptr.h: In substitution of ‘[01m[Ktemplate<class _Tp> template<class _Arg> using _Assignable = typename std::enable_if<std::is_assignable<std::__shared_ptr<_Tp>&, _Arg>::value, std::shared_ptr<_Tp>&>::type [with _Arg = const std::shared_ptr<rclcpp::Publisher<vision_msgs::msg::KeyPointGroups_<std::allocator<void> >, std::allocator<void> > >&; _Tp = rclcpp::Publisher<vision_msgs::msg::KeyPoints_<std::allocator<void> > >][m[K’:
[4.941s] [01m[K/usr/include/c++/9/bits/shared_ptr.h:313:2:[m[K   required by substitution of ‘[01m[Ktemplate<class _Yp> std::shared_ptr<rclcpp::Publisher<vision_msgs::msg::KeyPoints_<std::allocator<void> > > >::_Assignable<const std::shared_ptr<_Tp>&> std::shared_ptr<rclcpp::Publisher<vision_msgs::msg::KeyPoints_<std::allocator<void> > > >::operator=<_Yp>(const std::shared_ptr<_Tp>&) [with _Yp = rclcpp::Publisher<vision_msgs::msg::KeyPointGroups_<std::allocator<void> >, std::allocator<void> >][m[K’
[4.941s] [01m[K/home/user-accounts/lee4649/auto-aiming/src/prm_vision/opencv_armor_detector/src/OpenCVArmorDetectorNode.cpp:18:98:[m[K   required from here
[4.941s] [01m[K/usr/include/c++/9/bits/shared_ptr.h:111:8:[m[K [01;31m[Kerror: [m[Kno type named ‘[01m[Ktype[m[K’ in ‘[01m[Kstruct std::enable_if<false, std::shared_ptr<rclcpp::Publisher<vision_msgs::msg::KeyPoints_<std::allocator<void> > > >&>[m[K’
[4.942s]   111 |  using [01;31m[K_Assignable[m[K = typename enable_if<
[4.942s]       |        [01;31m[K^~~~~~~~~~~[m[K
[4.942s] [01m[K/usr/include/c++/9/bits/shared_ptr.h:324:2:[m[K [01;36m[Knote: [m[Kcandidate: ‘[01m[Ktemplate<class _Yp> std::shared_ptr<_Tp>::_Assignable<std::auto_ptr<_Up> > std::shared_ptr<_Tp>::operator=(std::auto_ptr<_Up>&&) [with _Yp = _Yp; _Tp = rclcpp::Publisher<vision_msgs::msg::KeyPoints_<std::allocator<void> > >][m[K’
[4.942s]   324 |  [01;36m[Koperator[m[K=(auto_ptr<_Yp>&& __r)
[4.943s]       |  [01;36m[K^~~~~~~~[m[K
[4.943s] [01m[K/usr/include/c++/9/bits/shared_ptr.h:324:2:[m[K [01;36m[Knote: [m[K  template argument deduction/substitution failed:
[4.943s] [01m[K/home/user-accounts/lee4649/auto-aiming/src/prm_vision/opencv_armor_detector/src/OpenCVArmorDetectorNode.cpp:18:98:[m[K [01;36m[Knote: [m[K  ‘[01m[Kstd::shared_ptr<rclcpp::Publisher<vision_msgs::msg::KeyPointGroups_<std::allocator<void> >, std::allocator<void> > >[m[K’ is not derived from ‘[01m[Kstd::auto_ptr<_Up>[m[K’
[4.943s]    18 |   keypoints_publisher = this->create_publisher<vision_msgs::msg::KeyPointGroups>("key_points", 10[01;36m[K)[m[K;
[4.944s]       |                                                                                                  [01;36m[K^[m[K
[4.944s] In file included from [01m[K/usr/include/c++/9/memory:81[m[K,
[4.944s]                  from [01m[K/usr/local/include/opencv4/opencv2/core/cvstd_wrapper.hpp:11[m[K,
[4.944s]                  from [01m[K/usr/local/include/opencv4/opencv2/core/cvstd.hpp:81[m[K,
[4.944s]                  from [01m[K/usr/local/include/opencv4/opencv2/core/base.hpp:58[m[K,
[4.945s]                  from [01m[K/usr/local/include/opencv4/opencv2/core.hpp:53[m[K,
[4.945s]                  from [01m[K/usr/local/include/opencv4/opencv2/opencv.hpp:52[m[K,
[4.945s]                  from [01m[K/home/user-accounts/lee4649/auto-aiming/src/prm_vision/opencv_armor_detector/include/OpenCVArmorDetector.h:5[m[K,
[4.945s]                  from [01m[K/home/user-accounts/lee4649/auto-aiming/src/prm_vision/opencv_armor_detector/include/OpenCVArmorDetectorNode.hpp:4[m[K,
[4.946s]                  from [01m[K/home/user-accounts/lee4649/auto-aiming/src/prm_vision/opencv_armor_detector/src/OpenCVArmorDetectorNode.cpp:1[m[K:
[4.946s] [01m[K/usr/include/c++/9/bits/shared_ptr.h:333:7:[m[K [01;36m[Knote: [m[Kcandidate: ‘[01m[Kstd::shared_ptr<_Tp>& std::shared_ptr<_Tp>::operator=(std::shared_ptr<_Tp>&&) [with _Tp = rclcpp::Publisher<vision_msgs::msg::KeyPoints_<std::allocator<void> > >][m[K’
[4.946s]   333 |       [01;36m[Koperator[m[K=(shared_ptr&& __r) noexcept
[4.946s]       |       [01;36m[K^~~~~~~~[m[K
[4.947s] [01m[K/usr/include/c++/9/bits/shared_ptr.h:333:30:[m[K [01;36m[Knote: [m[K  no known conversion for argument 1 from ‘[01m[Kstd::shared_ptr<rclcpp::Publisher<vision_msgs::msg::KeyPointGroups_<std::allocator<void> >, std::allocator<void> > >[m[K’ to ‘[01m[Kstd::shared_ptr<rclcpp::Publisher<vision_msgs::msg::KeyPoints_<std::allocator<void> > > >&&[m[K’
[4.947s]   333 |       operator=([01;36m[Kshared_ptr&& __r[m[K) noexcept
[4.947s]       |                 [01;36m[K~~~~~~~~~~~~~^~~[m[K
[4.947s] [01m[K/usr/include/c++/9/bits/shared_ptr.h:341:2:[m[K [01;36m[Knote: [m[Kcandidate: ‘[01m[Ktemplate<class _Yp> std::shared_ptr<_Tp>::_Assignable<std::shared_ptr<_Yp> > std::shared_ptr<_Tp>::operator=(std::shared_ptr<_Yp>&&) [with _Yp = _Yp; _Tp = rclcpp::Publisher<vision_msgs::msg::KeyPoints_<std::allocator<void> > >][m[K’
[4.948s]   341 |  [01;36m[Koperator[m[K=(shared_ptr<_Yp>&& __r) noexcept
[4.948s]       |  [01;36m[K^~~~~~~~[m[K
[4.948s] [01m[K/usr/include/c++/9/bits/shared_ptr.h:341:2:[m[K [01;36m[Knote: [m[K  template argument deduction/substitution failed:
[4.948s] /usr/include/c++/9/bits/shared_ptr.h: In substitution of ‘[01m[Ktemplate<class _Tp> template<class _Arg> using _Assignable = typename std::enable_if<std::is_assignable<std::__shared_ptr<_Tp>&, _Arg>::value, std::shared_ptr<_Tp>&>::type [with _Arg = std::shared_ptr<rclcpp::Publisher<vision_msgs::msg::KeyPointGroups_<std::allocator<void> >, std::allocator<void> > >; _Tp = rclcpp::Publisher<vision_msgs::msg::KeyPoints_<std::allocator<void> > >][m[K’:
[4.949s] [01m[K/usr/include/c++/9/bits/shared_ptr.h:341:2:[m[K   required by substitution of ‘[01m[Ktemplate<class _Yp> std::shared_ptr<rclcpp::Publisher<vision_msgs::msg::KeyPoints_<std::allocator<void> > > >::_Assignable<std::shared_ptr<_Tp> > std::shared_ptr<rclcpp::Publisher<vision_msgs::msg::KeyPoints_<std::allocator<void> > > >::operator=<_Yp>(std::shared_ptr<_Tp>&&) [with _Yp = rclcpp::Publisher<vision_msgs::msg::KeyPointGroups_<std::allocator<void> >, std::allocator<void> >][m[K’
[4.949s] [01m[K/home/user-accounts/lee4649/auto-aiming/src/prm_vision/opencv_armor_detector/src/OpenCVArmorDetectorNode.cpp:18:98:[m[K   required from here
[4.949s] [01m[K/usr/include/c++/9/bits/shared_ptr.h:111:8:[m[K [01;31m[Kerror: [m[Kno type named ‘[01m[Ktype[m[K’ in ‘[01m[Kstruct std::enable_if<false, std::shared_ptr<rclcpp::Publisher<vision_msgs::msg::KeyPoints_<std::allocator<void> > > >&>[m[K’
[4.949s]   111 |  using [01;31m[K_Assignable[m[K = typename enable_if<
[4.949s]       |        [01;31m[K^~~~~~~~~~~[m[K
[4.950s] [01m[K/usr/include/c++/9/bits/shared_ptr.h:349:2:[m[K [01;36m[Knote: [m[Kcandidate: ‘[01m[Ktemplate<class _Yp, class _Del> std::shared_ptr<_Tp>::_Assignable<std::unique_ptr<_Up, _Ep> > std::shared_ptr<_Tp>::operator=(std::unique_ptr<_Up, _Ep>&&) [with _Yp = _Yp; _Del = _Del; _Tp = rclcpp::Publisher<vision_msgs::msg::KeyPoints_<std::allocator<void> > >][m[K’
[4.950s]   349 |  [01;36m[Koperator[m[K=(unique_ptr<_Yp, _Del>&& __r)
[4.950s]       |  [01;36m[K^~~~~~~~[m[K
[4.950s] [01m[K/usr/include/c++/9/bits/shared_ptr.h:349:2:[m[K [01;36m[Knote: [m[K  template argument deduction/substitution failed:
[4.951s] [01m[K/home/user-accounts/lee4649/auto-aiming/src/prm_vision/opencv_armor_detector/src/OpenCVArmorDetectorNode.cpp:18:98:[m[K [01;36m[Knote: [m[K  ‘[01m[Kstd::shared_ptr<rclcpp::Publisher<vision_msgs::msg::KeyPointGroups_<std::allocator<void> >, std::allocator<void> > >[m[K’ is not derived from ‘[01m[Kstd::unique_ptr<_Tp, _Dp>[m[K’
[4.951s]    18 |   keypoints_publisher = this->create_publisher<vision_msgs::msg::KeyPointGroups>("key_points", 10[01;36m[K)[m[K;
[4.951s]       |                                                                                                  [01;36m[K^[m[K
[4.987s] [01m[K/home/user-accounts/lee4649/auto-aiming/src/prm_vision/opencv_armor_detector/src/OpenCVArmorDetectorNode.cpp:[m[K In member function ‘[01m[Kvoid OpenCVArmorDetectorNode::imageCallback(const ConstSharedPtr&)[m[K’:
[4.988s] [01m[K/home/user-accounts/lee4649/auto-aiming/src/prm_vision/opencv_armor_detector/src/OpenCVArmorDetectorNode.cpp:120:50:[m[K [01;31m[Kerror: [m[Kno matching function for call to ‘[01m[Krclcpp::Publisher<vision_msgs::msg::KeyPoints_<std::allocator<void> > >::publish(vision_msgs::msg::KeyPointGroups&)[m[K’
[4.988s]   120 |   keypoints_publisher->publish(keypoint_group_msg[01;31m[K)[m[K;
[4.988s]       |                                                  [01;31m[K^[m[K
[4.988s] In file included from [01m[K/opt/ros/foxy/include/rclcpp/node_interfaces/node_topics_interface.hpp:29[m[K,
[4.988s]                  from [01m[K/opt/ros/foxy/include/rclcpp/node.hpp:55[m[K,
[4.988s]                  from [01m[K/opt/ros/foxy/include/image_transport/image_transport.hpp:43[m[K,
[4.988s]                  from [01m[K/home/user-accounts/lee4649/auto-aiming/src/prm_vision/opencv_armor_detector/include/OpenCVArmorDetectorNode.hpp:8[m[K,
[4.988s]                  from [01m[K/home/user-accounts/lee4649/auto-aiming/src/prm_vision/opencv_armor_detector/src/OpenCVArmorDetectorNode.cpp:1[m[K:
[4.989s] [01m[K/opt/ros/foxy/include/rclcpp/publisher.hpp:185:3:[m[K [01;36m[Knote: [m[Kcandidate: ‘[01m[Kvoid rclcpp::Publisher<MessageT, AllocatorT>::publish(std::unique_ptr<MessageT, typename std::conditional<std::is_same<typename std::allocator_traits<typename std::allocator_traits<_NodeAlloc>::rebind_traits<MessageT>::allocator_type>::rebind_alloc<MessageT>, typename std::allocator<void>::rebind<_Tp1>::other>::value, std::default_delete<_Tp>, rclcpp::allocator::AllocatorDeleter<typename std::allocator_traits<_NodeAlloc>::rebind_traits<MessageT>::allocator_type> >::type>) [with MessageT = vision_msgs::msg::KeyPoints_<std::allocator<void> >; AllocatorT = std::allocator<void>; typename std::conditional<std::is_same<typename std::allocator_traits<typename std::allocator_traits<_NodeAlloc>::rebind_traits<MessageT>::allocator_type>::rebind_alloc<MessageT>, typename std::allocator<void>::rebind<_Tp1>::other>::value, std::default_delete<_Tp>, rclcpp::allocator::AllocatorDeleter<typename std::allocator_traits<_NodeAlloc>::rebind_traits<MessageT>::allocator_type> >::type = std::default_delete<vision_msgs::msg::KeyPoints_<std::allocator<void> > >][m[K’
[4.989s]   185 |   [01;36m[Kpublish[m[K(std::unique_ptr<MessageT, MessageDeleter> msg)
[4.989s]       |   [01;36m[K^~~~~~~[m[K
[4.989s] [01m[K/opt/ros/foxy/include/rclcpp/publisher.hpp:185:53:[m[K [01;36m[Knote: [m[K  no known conversion for argument 1 from ‘[01m[Kvision_msgs::msg::KeyPointGroups[m[K’ {aka ‘[01m[Kvision_msgs::msg::KeyPointGroups_<std::allocator<void> >[m[K’} to ‘[01m[Kstd::unique_ptr<vision_msgs::msg::KeyPoints_<std::allocator<void> >, std::default_delete<vision_msgs::msg::KeyPoints_<std::allocator<void> > > >[m[K’
[4.989s]   185 |   publish([01;36m[Kstd::unique_ptr<MessageT, MessageDeleter> msg[m[K)
[4.989s]       |           [01;36m[K~~~~~~~~~~~~~~~~~~~~~~~~~~~~~~~~~~~~~~~~~~^~~[m[K
[4.989s] [01m[K/opt/ros/foxy/include/rclcpp/publisher.hpp:209:3:[m[K [01;36m[Knote: [m[Kcandidate: ‘[01m[Kvoid rclcpp::Publisher<MessageT, AllocatorT>::publish(const MessageT&) [with MessageT = vision_msgs::msg::KeyPoints_<std::allocator<void> >; AllocatorT = std::allocator<void>][m[K’
[4.989s]   209 |   [01;36m[Kpublish[m[K(const MessageT & msg)
[4.989s]       |   [01;36m[K^~~~~~~[m[K
[4.990s] [01m[K/opt/ros/foxy/include/rclcpp/publisher.hpp:209:28:[m[K [01;36m[Knote: [m[K  no known conversion for argument 1 from ‘[01m[Kvision_msgs::msg::KeyPointGroups[m[K’ {aka ‘[01m[Kvision_msgs::msg::KeyPointGroups_<std::allocator<void> >[m[K’} to ‘[01m[Kconst vision_msgs::msg::KeyPoints_<std::allocator<void> >&[m[K’
[4.990s]   209 |   publish([01;36m[Kconst MessageT & msg[m[K)
[4.990s]       |           [01;36m[K~~~~~~~~~~~~~~~~~^~~[m[K
[4.990s] [01m[K/opt/ros/foxy/include/rclcpp/publisher.hpp:226:3:[m[K [01;36m[Knote: [m[Kcandidate: ‘[01m[Kvoid rclcpp::Publisher<MessageT, AllocatorT>::publish(const rcl_serialized_message_t&) [with MessageT = vision_msgs::msg::KeyPoints_<std::allocator<void> >; AllocatorT = std::allocator<void>; rcl_serialized_message_t = rcutils_uint8_array_t][m[K’
[4.990s]   226 |   [01;36m[Kpublish[m[K(const rcl_serialized_message_t & serialized_msg)
[4.990s]       |   [01;36m[K^~~~~~~[m[K
[4.990s] [01m[K/opt/ros/foxy/include/rclcpp/publisher.hpp:226:44:[m[K [01;36m[Knote: [m[K  no known conversion for argument 1 from ‘[01m[Kvision_msgs::msg::KeyPointGroups[m[K’ {aka ‘[01m[Kvision_msgs::msg::KeyPointGroups_<std::allocator<void> >[m[K’} to ‘[01m[Kconst rcl_serialized_message_t&[m[K’ {aka ‘[01m[Kconst rcutils_uint8_array_t&[m[K’}
[4.990s]   226 |   publish([01;36m[Kconst rcl_serialized_message_t & serialized_msg[m[K)
[4.990s]       |           [01;36m[K~~~~~~~~~~~~~~~~~~~~~~~~~~~~~~~~~^~~~~~~~~~~~~~[m[K
[4.990s] [01m[K/opt/ros/foxy/include/rclcpp/publisher.hpp:232:3:[m[K [01;36m[Knote: [m[Kcandidate: ‘[01m[Kvoid rclcpp::Publisher<MessageT, AllocatorT>::publish(const rclcpp::SerializedMessage&) [with MessageT = vision_msgs::msg::KeyPoints_<std::allocator<void> >; AllocatorT = std::allocator<void>][m[K’
[4.991s]   232 |   [01;36m[Kpublish[m[K(const SerializedMessage & serialized_msg)
[4.991s]       |   [01;36m[K^~~~~~~[m[K
[4.991s] [01m[K/opt/ros/foxy/include/rclcpp/publisher.hpp:232:37:[m[K [01;36m[Knote: [m[K  no known conversion for argument 1 from ‘[01m[Kvision_msgs::msg::KeyPointGroups[m[K’ {aka ‘[01m[Kvision_msgs::msg::KeyPointGroups_<std::allocator<void> >[m[K’} to ‘[01m[Kconst rclcpp::SerializedMessage&[m[K’
[4.991s]   232 |   publish([01;36m[Kconst SerializedMessage & serialized_msg[m[K)
[4.991s]       |           [01;36m[K~~~~~~~~~~~~~~~~~~~~~~~~~~^~~~~~~~~~~~~~[m[K
[4.991s] [01m[K/opt/ros/foxy/include/rclcpp/publisher.hpp:246:3:[m[K [01;36m[Knote: [m[Kcandidate: ‘[01m[Kvoid rclcpp::Publisher<MessageT, AllocatorT>::publish(rclcpp::LoanedMessage<MessageT, AllocatorT>&&) [with MessageT = vision_msgs::msg::KeyPoints_<std::allocator<void> >; AllocatorT = std::allocator<void>][m[K’
[4.991s]   246 |   [01;36m[Kpublish[m[K(rclcpp::LoanedMessage<MessageT, AllocatorT> && loaned_msg)
[4.991s]       |   [01;36m[K^~~~~~~[m[K
[4.991s] [01m[K/opt/ros/foxy/include/rclcpp/publisher.hpp:246:58:[m[K [01;36m[Knote: [m[K  no known conversion for argument 1 from ‘[01m[Kvision_msgs::msg::KeyPointGroups[m[K’ {aka ‘[01m[Kvision_msgs::msg::KeyPointGroups_<std::allocator<void> >[m[K’} to ‘[01m[Krclcpp::LoanedMessage<vision_msgs::msg::KeyPoints_<std::allocator<void> >, std::allocator<void> >&&[m[K’
[4.991s]   246 |   publish([01;36m[Krclcpp::LoanedMessage<MessageT, AllocatorT> && loaned_msg[m[K)
[4.992s]       |           [01;36m[K~~~~~~~~~~~~~~~~~~~~~~~~~~~~~~~~~~~~~~~~~~~~~~~^~~~~~~~~~[m[K
[7.671s] make[2]: *** [CMakeFiles/OpenCVArmorDetectorNode.dir/build.make:63: CMakeFiles/OpenCVArmorDetectorNode.dir/src/OpenCVArmorDetectorNode.cpp.o] Error 1
[7.672s] make[1]: *** [CMakeFiles/Makefile2:159: CMakeFiles/OpenCVArmorDetectorNode.dir/all] Error 2
[7.672s] make: *** [Makefile:141: all] Error 2
[7.680s] Invoked command in '/home/user-accounts/lee4649/auto-aiming/build/opencv_armor_detector' returned '2': AMENT_PREFIX_PATH=/home/user-accounts/lee4649/auto-aiming/install/vision_msgs:${AMENT_PREFIX_PATH} CMAKE_PREFIX_PATH=/home/user-accounts/lee4649/auto-aiming/install/vision_msgs:/opt/ros/foxy LD_LIBRARY_PATH=/home/user-accounts/lee4649/auto-aiming/install/vision_msgs/lib:${LD_LIBRARY_PATH} PYTHONPATH=/home/user-accounts/lee4649/auto-aiming/install/vision_msgs/lib/python3.8/site-packages:${PYTHONPATH} /usr/bin/cmake --build /home/user-accounts/lee4649/auto-aiming/build/opencv_armor_detector -- -j8 -l8
