[ 14%] Built target ValidityFilter
[ 28%] Built target gtest_main
[ 42%] Built target gtest
[ 57%] Built target PoseEstimator
[ 71%] Built target test_ValidityFilter
[ 85%] Built target test_PoseEstimator
[100%] Built target PoseEstimatorNode
-- Install configuration: "Release"
-- Execute custom install script
-- Up-to-date symlink: /home/purduerm/ros2-ws/auto-aiming/install/pose_estimator/lib/pose_estimator/PoseEstimatorNode
-- Up-to-date symlink: /home/purduerm/ros2-ws/auto-aiming/install/pose_estimator/share/ament_index/resource_index/package_run_dependencies/pose_estimator
-- Up-to-date symlink: /home/purduerm/ros2-ws/auto-aiming/install/pose_estimator/share/ament_index/resource_index/parent_prefix_path/pose_estimator
-- Up-to-date symlink: /home/purduerm/ros2-ws/auto-aiming/install/pose_estimator/share/pose_estimator/environment/ament_prefix_path.sh
-- Up-to-date symlink: /home/purduerm/ros2-ws/auto-aiming/install/pose_estimator/share/pose_estimator/environment/ament_prefix_path.dsv
-- Up-to-date symlink: /home/purduerm/ros2-ws/auto-aiming/install/pose_estimator/share/pose_estimator/environment/path.sh
-- Up-to-date symlink: /home/purduerm/ros2-ws/auto-aiming/install/pose_estimator/share/pose_estimator/environment/path.dsv
-- Up-to-date symlink: /home/purduerm/ros2-ws/auto-aiming/install/pose_estimator/share/pose_estimator/local_setup.bash
-- Up-to-date symlink: /home/purduerm/ros2-ws/auto-aiming/install/pose_estimator/share/pose_estimator/local_setup.sh
-- Up-to-date symlink: /home/purduerm/ros2-ws/auto-aiming/install/pose_estimator/share/pose_estimator/local_setup.zsh
-- Up-to-date symlink: /home/purduerm/ros2-ws/auto-aiming/install/pose_estimator/share/pose_estimator/local_setup.dsv
-- Symlinking: /home/purduerm/ros2-ws/auto-aiming/install/pose_estimator/share/pose_estimator/package.dsv
-- Up-to-date symlink: /home/purduerm/ros2-ws/auto-aiming/install/pose_estimator/share/ament_index/resource_index/packages/pose_estimator
-- Up-to-date symlink: /home/purduerm/ros2-ws/auto-aiming/install/pose_estimator/share/pose_estimator/cmake/ament_cmake_export_include_directories-extras.cmake
-- Up-to-date symlink: /home/purduerm/ros2-ws/auto-aiming/install/pose_estimator/share/pose_estimator/cmake/ament_cmake_export_dependencies-extras.cmake
-- Up-to-date symlink: /home/purduerm/ros2-ws/auto-aiming/install/pose_estimator/share/pose_estimator/cmake/pose_estimatorConfig.cmake
-- Up-to-date symlink: /home/purduerm/ros2-ws/auto-aiming/install/pose_estimator/share/pose_estimator/cmake/pose_estimatorConfig-version.cmake
-- Up-to-date symlink: /home/purduerm/ros2-ws/auto-aiming/install/pose_estimator/share/pose_estimator/package.xml
