[0.047s] Invoking command in '/home/user-accounts/lee4649/auto-aiming/build/mv_publisher': CMAKE_PREFIX_PATH=/opt/ros/foxy /usr/bin/cmake --build /home/user-accounts/lee4649/auto-aiming/build/mv_publisher -- -j8 -l8
[0.149s] [100%] Built target MVCameraNode
[0.179s] Invoked command in '/home/user-accounts/lee4649/auto-aiming/build/mv_publisher' returned '0': CMAKE_PREFIX_PATH=/opt/ros/foxy /usr/bin/cmake --build /home/user-accounts/lee4649/auto-aiming/build/mv_publisher -- -j8 -l8
[0.244s] Invoking command in '/home/user-accounts/lee4649/auto-aiming/build/mv_publisher': CMAKE_PREFIX_PATH=/opt/ros/foxy /usr/bin/cmake --install /home/user-accounts/lee4649/auto-aiming/build/mv_publisher
[0.262s] -- Install configuration: "Release"
[0.262s] -- Execute custom install script
[0.262s] -- Up-to-date symlink: /home/user-accounts/lee4649/auto-aiming/install/mv_publisher/lib/mv_publisher/MVCameraNode
[0.263s] -- Up-to-date symlink: /home/user-accounts/lee4649/auto-aiming/install/mv_publisher/share/mv_publisher/launch/temp.py
[0.263s] -- Up-to-date symlink: /home/user-accounts/lee4649/auto-aiming/install/mv_publisher/share/mv_publisher/config/mv_133_4_info.yaml
[0.263s] -- Up-to-date symlink: /home/user-accounts/lee4649/auto-aiming/install/mv_publisher/share/ament_index/resource_index/package_run_dependencies/mv_publisher
[0.263s] -- Up-to-date symlink: /home/user-accounts/lee4649/auto-aiming/install/mv_publisher/share/ament_index/resource_index/parent_prefix_path/mv_publisher
[0.263s] -- Up-to-date symlink: /home/user-accounts/lee4649/auto-aiming/install/mv_publisher/share/mv_publisher/environment/ament_prefix_path.sh
[0.263s] -- Up-to-date symlink: /home/user-accounts/lee4649/auto-aiming/install/mv_publisher/share/mv_publisher/environment/ament_prefix_path.dsv
[0.263s] -- Up-to-date symlink: /home/user-accounts/lee4649/auto-aiming/install/mv_publisher/share/mv_publisher/environment/path.sh
[0.263s] -- Up-to-date symlink: /home/user-accounts/lee4649/auto-aiming/install/mv_publisher/share/mv_publisher/environment/path.dsv
[0.264s] -- Up-to-date symlink: /home/user-accounts/lee4649/auto-aiming/install/mv_publisher/share/mv_publisher/local_setup.bash
[0.264s] -- Up-to-date symlink: /home/user-accounts/lee4649/auto-aiming/install/mv_publisher/share/mv_publisher/local_setup.sh
[0.264s] -- Up-to-date symlink: /home/user-accounts/lee4649/auto-aiming/install/mv_publisher/share/mv_publisher/local_setup.zsh
[0.264s] -- Up-to-date symlink: /home/user-accounts/lee4649/auto-aiming/install/mv_publisher/share/mv_publisher/local_setup.dsv
[0.264s] -- Symlinking: /home/user-accounts/lee4649/auto-aiming/install/mv_publisher/share/mv_publisher/package.dsv
[0.282s] -- Up-to-date symlink: /home/user-accounts/lee4649/auto-aiming/install/mv_publisher/share/ament_index/resource_index/packages/mv_publisher
[0.283s] -- Up-to-date symlink: /home/user-accounts/lee4649/auto-aiming/install/mv_publisher/share/mv_publisher/cmake/ament_cmake_export_include_directories-extras.cmake
[0.283s] -- Up-to-date symlink: /home/user-accounts/lee4649/auto-aiming/install/mv_publisher/share/mv_publisher/cmake/ament_cmake_export_dependencies-extras.cmake
[0.283s] -- Up-to-date symlink: /home/user-accounts/lee4649/auto-aiming/install/mv_publisher/share/mv_publisher/cmake/mv_publisherConfig.cmake
[0.284s] -- Up-to-date symlink: /home/user-accounts/lee4649/auto-aiming/install/mv_publisher/share/mv_publisher/cmake/mv_publisherConfig-version.cmake
[0.284s] -- Up-to-date symlink: /home/user-accounts/lee4649/auto-aiming/install/mv_publisher/share/mv_publisher/package.xml
[0.289s] Invoked command in '/home/user-accounts/lee4649/auto-aiming/build/mv_publisher' returned '0': CMAKE_PREFIX_PATH=/opt/ros/foxy /usr/bin/cmake --install /home/user-accounts/lee4649/auto-aiming/build/mv_publisher
