[0.023s] Invoking command in '/home/purduerm/ros2-ws/auto-aiming/build/recorder': CMAKE_PREFIX_PATH=/opt/ros/foxy /usr/bin/cmake --build /home/purduerm/ros2-ws/auto-aiming/build/recorder -- -j12 -l12
[0.081s] [100%] Built target VideoRecorderNode
[0.103s] Invoked command in '/home/purduerm/ros2-ws/auto-aiming/build/recorder' returned '0': CMAKE_PREFIX_PATH=/opt/ros/foxy /usr/bin/cmake --build /home/purduerm/ros2-ws/auto-aiming/build/recorder -- -j12 -l12
[0.105s] Invoking command in '/home/purduerm/ros2-ws/auto-aiming/build/recorder': CMAKE_PREFIX_PATH=/opt/ros/foxy /usr/bin/cmake --install /home/purduerm/ros2-ws/auto-aiming/build/recorder
[0.112s] -- Install configuration: "Release"
[0.112s] -- Execute custom install script
[0.112s] -- Up-to-date symlink: /home/purduerm/ros2-ws/auto-aiming/install/recorder/lib/recorder/VideoRecorderNode
[0.113s] -- Up-to-date symlink: /home/purduerm/ros2-ws/auto-aiming/install/recorder/share/recorder/launch/mv2image.py
[0.113s] -- Up-to-date symlink: /home/purduerm/ros2-ws/auto-aiming/install/recorder/share/recorder/launch/mv_recorder.py
[0.113s] -- Up-to-date symlink: /home/purduerm/ros2-ws/auto-aiming/install/recorder/share/recorder/launch/old_mv2image.py
[0.113s] -- Up-to-date symlink: /home/purduerm/ros2-ws/auto-aiming/install/recorder/share/recorder/launch/webcam_recorder.py
[0.114s] -- Up-to-date symlink: /home/purduerm/ros2-ws/auto-aiming/install/recorder/share/ament_index/resource_index/package_run_dependencies/recorder
[0.114s] -- Up-to-date symlink: /home/purduerm/ros2-ws/auto-aiming/install/recorder/share/ament_index/resource_index/parent_prefix_path/recorder
[0.114s] -- Up-to-date symlink: /home/purduerm/ros2-ws/auto-aiming/install/recorder/share/recorder/environment/ament_prefix_path.sh
[0.114s] -- Up-to-date symlink: /home/purduerm/ros2-ws/auto-aiming/install/recorder/share/recorder/environment/ament_prefix_path.dsv
[0.114s] -- Up-to-date symlink: /home/purduerm/ros2-ws/auto-aiming/install/recorder/share/recorder/environment/path.sh
[0.115s] -- Up-to-date symlink: /home/purduerm/ros2-ws/auto-aiming/install/recorder/share/recorder/environment/path.dsv
[0.115s] -- Up-to-date symlink: /home/purduerm/ros2-ws/auto-aiming/install/recorder/share/recorder/local_setup.bash
[0.115s] -- Up-to-date symlink: /home/purduerm/ros2-ws/auto-aiming/install/recorder/share/recorder/local_setup.sh
[0.115s] -- Up-to-date symlink: /home/purduerm/ros2-ws/auto-aiming/install/recorder/share/recorder/local_setup.zsh
[0.116s] -- Up-to-date symlink: /home/purduerm/ros2-ws/auto-aiming/install/recorder/share/recorder/local_setup.dsv
[0.116s] -- Symlinking: /home/purduerm/ros2-ws/auto-aiming/install/recorder/share/recorder/package.dsv
[0.122s] -- Up-to-date symlink: /home/purduerm/ros2-ws/auto-aiming/install/recorder/share/ament_index/resource_index/packages/recorder
[0.122s] -- Up-to-date symlink: /home/purduerm/ros2-ws/auto-aiming/install/recorder/share/recorder/cmake/ament_cmake_export_dependencies-extras.cmake
[0.123s] -- Up-to-date symlink: /home/purduerm/ros2-ws/auto-aiming/install/recorder/share/recorder/cmake/recorderConfig.cmake
[0.123s] -- Up-to-date symlink: /home/purduerm/ros2-ws/auto-aiming/install/recorder/share/recorder/cmake/recorderConfig-version.cmake
[0.123s] -- Up-to-date symlink: /home/purduerm/ros2-ws/auto-aiming/install/recorder/share/recorder/package.xml
[0.139s] Invoked command in '/home/purduerm/ros2-ws/auto-aiming/build/recorder' returned '0': CMAKE_PREFIX_PATH=/opt/ros/foxy /usr/bin/cmake --install /home/purduerm/ros2-ws/auto-aiming/build/recorder
