-- The C compiler identification is GNU 9.4.0
-- The CXX compiler identification is GNU 9.4.0
-- Check for working C compiler: /usr/bin/cc
-- Check for working C compiler: /usr/bin/cc -- works
-- Detecting C compiler ABI info
-- Detecting C compiler ABI info - done
-- Detecting C compile features
-- Detecting C compile features - done
-- Check for working CXX compiler: /usr/bin/c++
-- Check for working CXX compiler: /usr/bin/c++ -- works
-- Detecting CXX compiler ABI info
-- Detecting CXX compiler ABI info - done
-- Detecting CXX compile features
-- Detecting CXX compile features - done
-- Found ament_cmake: 0.9.12 (/opt/ros/foxy/share/ament_cmake/cmake)
-- Found PythonInterp: /usr/bin/python3.8 (found suitable version "3.8.10", minimum required is "3") 
-- Using PYTHON_EXECUTABLE: /usr/bin/python3.8
-- Override CMake install command with custom implementation using symlinks instead of copying resources
-- Found rclcpp: 2.4.3 (/opt/ros/foxy/share/rclcpp/cmake)
-- Using all available rosidl_typesupport_c: rosidl_typesupport_fastrtps_c;rosidl_typesupport_introspection_c
-- Found rosidl_adapter: 1.3.1 (/opt/ros/foxy/share/rosidl_adapter/cmake)
-- Found OpenSSL: /usr/lib/aarch64-linux-gnu/libcrypto.so (found version "1.1.1f")  
-- Found FastRTPS: /opt/ros/foxy/include  
-- Using all available rosidl_typesupport_cpp: rosidl_typesupport_fastrtps_cpp;rosidl_typesupport_introspection_cpp
-- Found rmw_implementation_cmake: 1.0.4 (/opt/ros/foxy/share/rmw_implementation_cmake/cmake)
-- Using RMW implementation 'rmw_fastrtps_cpp' as default
-- Looking for pthread.h
-- Looking for pthread.h - found
-- Performing Test CMAKE_HAVE_LIBC_PTHREAD
-- Performing Test CMAKE_HAVE_LIBC_PTHREAD - Failed
-- Looking for pthread_create in pthreads
-- Looking for pthread_create in pthreads - not found
-- Looking for pthread_create in pthread
-- Looking for pthread_create in pthread - found
-- Found Threads: TRUE  
-- Found sensor_msgs: 2.0.5 (/opt/ros/foxy/share/sensor_msgs/cmake)
-- Found cv_bridge: 3.0.7 (/opt/ros/foxy/share/cv_bridge/cmake)
-- Found CUDA: /usr/local/cuda (found suitable exact version "11.4") 
-- Found image_transport: 2.4.0 (/opt/ros/foxy/share/image_transport/cmake)
-- Found OpenCV: /usr/local (found suitable version "4.6.0", minimum required is "4.6.0") 
-- Configuring done
-- Generating done
-- Build files have been written to: /home/user-accounts/lee4649/auto-aiming/build/recorder
[35m[1mScanning dependencies of target VideoRecorderNode[0m
[ 50%] [32mBuilding CXX object CMakeFiles/VideoRecorderNode.dir/src/VideoRecorderNode.cpp.o[0m
[100%] [32m[1mLinking CXX executable VideoRecorderNode[0m
/usr/bin/ld: warning: libopencv_imgcodecs.so.4.2, needed by /opt/ros/foxy/lib/libcv_bridge.so, may conflict with libopencv_imgcodecs.so.406
/usr/bin/ld: warning: libopencv_imgproc.so.4.2, needed by /opt/ros/foxy/lib/libcv_bridge.so, may conflict with libopencv_imgproc.so.406
/usr/bin/ld: warning: libopencv_core.so.4.2, needed by /opt/ros/foxy/lib/libcv_bridge.so, may conflict with libopencv_core.so.406
[100%] Built target VideoRecorderNode
-- Install configuration: "Release"
-- Execute custom install script
-- Symlinking: /home/user-accounts/lee4649/auto-aiming/install/recorder/lib/recorder/VideoRecorderNode
-- Symlinking: /home/user-accounts/lee4649/auto-aiming/install/recorder/share/recorder/launch/mv2image.py
-- Symlinking: /home/user-accounts/lee4649/auto-aiming/install/recorder/share/recorder/launch/mv_recorder.py
-- Symlinking: /home/user-accounts/lee4649/auto-aiming/install/recorder/share/recorder/launch/old_mv2image.py
-- Symlinking: /home/user-accounts/lee4649/auto-aiming/install/recorder/share/recorder/launch/webcam_recorder.py
-- Symlinking: /home/user-accounts/lee4649/auto-aiming/install/recorder/share/ament_index/resource_index/package_run_dependencies/recorder
-- Symlinking: /home/user-accounts/lee4649/auto-aiming/install/recorder/share/ament_index/resource_index/parent_prefix_path/recorder
-- Symlinking: /home/user-accounts/lee4649/auto-aiming/install/recorder/share/recorder/environment/ament_prefix_path.sh
-- Symlinking: /home/user-accounts/lee4649/auto-aiming/install/recorder/share/recorder/environment/ament_prefix_path.dsv
-- Symlinking: /home/user-accounts/lee4649/auto-aiming/install/recorder/share/recorder/environment/path.sh
-- Symlinking: /home/user-accounts/lee4649/auto-aiming/install/recorder/share/recorder/environment/path.dsv
-- Symlinking: /home/user-accounts/lee4649/auto-aiming/install/recorder/share/recorder/local_setup.bash
-- Symlinking: /home/user-accounts/lee4649/auto-aiming/install/recorder/share/recorder/local_setup.sh
-- Symlinking: /home/user-accounts/lee4649/auto-aiming/install/recorder/share/recorder/local_setup.zsh
-- Symlinking: /home/user-accounts/lee4649/auto-aiming/install/recorder/share/recorder/local_setup.dsv
-- Symlinking: /home/user-accounts/lee4649/auto-aiming/install/recorder/share/recorder/package.dsv
-- Symlinking: /home/user-accounts/lee4649/auto-aiming/install/recorder/share/ament_index/resource_index/packages/recorder
-- Symlinking: /home/user-accounts/lee4649/auto-aiming/install/recorder/share/recorder/cmake/ament_cmake_export_dependencies-extras.cmake
-- Symlinking: /home/user-accounts/lee4649/auto-aiming/install/recorder/share/recorder/cmake/recorderConfig.cmake
-- Symlinking: /home/user-accounts/lee4649/auto-aiming/install/recorder/share/recorder/cmake/recorderConfig-version.cmake
-- Symlinking: /home/user-accounts/lee4649/auto-aiming/install/recorder/share/recorder/package.xml
