-- The C compiler identification is GNU 9.4.0
-- The CXX compiler identification is GNU 9.4.0
-- Check for working C compiler: /usr/bin/cc
-- Check for working C compiler: /usr/bin/cc -- works
-- Detecting C compiler ABI info
-- Detecting C compiler ABI info - done
-- Detecting C compile features
-- Detecting C compile features - done
-- Check for working CXX compiler: /usr/bin/c++
-- Check for working CXX compiler: /usr/bin/c++ -- works
-- Detecting CXX compiler ABI info
-- Detecting CXX compiler ABI info - done
-- Detecting CXX compile features
-- Detecting CXX compile features - done
-- Found ament_cmake: 0.9.12 (/opt/ros/foxy/share/ament_cmake/cmake)
-- Found PythonInterp: /usr/bin/python3 (found suitable version "3.8.10", minimum required is "3") 
-- Using PYTHON_EXECUTABLE: /usr/bin/python3
-- Override CMake install command with custom implementation using symlinks instead of copying resources
-- Found rosidl_default_generators: 1.0.1 (/opt/ros/foxy/share/rosidl_default_generators/cmake)
-- Using all available rosidl_typesupport_c: rosidl_typesupport_fastrtps_c;rosidl_typesupport_introspection_c
-- Found rosidl_adapter: 1.3.1 (/opt/ros/foxy/share/rosidl_adapter/cmake)
-- Found OpenSSL: /usr/lib/x86_64-linux-gnu/libcrypto.so (found version "1.1.1f")  
-- Found FastRTPS: /opt/ros/foxy/include  
-- Using all available rosidl_typesupport_cpp: rosidl_typesupport_fastrtps_cpp;rosidl_typesupport_introspection_cpp
-- Found geometry_msgs: 2.0.5 (/opt/ros/foxy/share/geometry_msgs/cmake)
-- Found PythonInterp: /usr/bin/python3 (found version "3.8.10") 
-- Found ament_cmake_ros: 0.9.2 (/opt/ros/foxy/share/ament_cmake_ros/cmake)
-- Using all available rosidl_typesupport_c: rosidl_typesupport_fastrtps_c;rosidl_typesupport_introspection_c
-- Using all available rosidl_typesupport_cpp: rosidl_typesupport_fastrtps_cpp;rosidl_typesupport_introspection_cpp
-- Found PythonInterp: /usr/bin/python3 (found suitable version "3.8.10", minimum required is "3.5") 
-- Found python_cmake_module: 0.8.1 (/opt/ros/foxy/share/python_cmake_module/cmake)
-- Found PythonLibs: /usr/lib/x86_64-linux-gnu/libpython3.8.so (found suitable version "3.8.10", minimum required is "3.5") 
-- Using PYTHON_EXECUTABLE: /usr/bin/python3
-- Using PYTHON_INCLUDE_DIRS: /usr/include/python3.8
-- Using PYTHON_LIBRARIES: /usr/lib/x86_64-linux-gnu/libpython3.8.so
-- Found PythonExtra: .so  
-- Configuring done
-- Generating done
-- Build files have been written to: /home/purduerm/ros2-ws/auto-aiming/build/vision_msgs
[35m[1mScanning dependencies of target vision_msgs__cpp[0m
[  2%] [34m[1mGenerating C code for ROS interfaces[0m
[  4%] [34m[1mGenerating C++ code for ROS interfaces[0m
[  4%] Built target vision_msgs__cpp
[  6%] [34m[1mGenerating C++ type support dispatch for ROS interfaces[0m
[  8%] [34m[1mGenerating C++ type support for eProsima Fast-RTPS[0m
[ 10%] [34m[1mGenerating C++ introspection for ROS interfaces[0m
[35m[1mScanning dependencies of target vision_msgs__rosidl_generator_c[0m
[ 17%] [32mBuilding C object CMakeFiles/vision_msgs__rosidl_generator_c.dir/rosidl_generator_c/vision_msgs/msg/detail/key_points__functions.c.o[0m
[ 17%] [32mBuilding C object CMakeFiles/vision_msgs__rosidl_generator_c.dir/rosidl_generator_c/vision_msgs/msg/detail/yaw_pitch__functions.c.o[0m
[ 17%] [32mBuilding C object CMakeFiles/vision_msgs__rosidl_generator_c.dir/rosidl_generator_c/vision_msgs/msg/detail/predicted_armor__functions.c.o[0m
[ 19%] [32m[1mLinking C shared library libvision_msgs__rosidl_generator_c.so[0m
[ 19%] Built target vision_msgs__rosidl_generator_c
[ 21%] [34m[1mGenerating C introspection for ROS interfaces[0m
[ 23%] [34m[1mGenerating C type support dispatch for ROS interfaces[0m
[35m[1mScanning dependencies of target vision_msgs__rosidl_typesupport_cpp[0m
[ 25%] [32mBuilding CXX object CMakeFiles/vision_msgs__rosidl_typesupport_cpp.dir/rosidl_typesupport_cpp/vision_msgs/msg/key_points__type_support.cpp.o[0m
[ 27%] [32mBuilding CXX object CMakeFiles/vision_msgs__rosidl_typesupport_cpp.dir/rosidl_typesupport_cpp/vision_msgs/msg/predicted_armor__type_support.cpp.o[0m
[ 29%] [32mBuilding CXX object CMakeFiles/vision_msgs__rosidl_typesupport_cpp.dir/rosidl_typesupport_cpp/vision_msgs/msg/yaw_pitch__type_support.cpp.o[0m
[35m[1mScanning dependencies of target vision_msgs__rosidl_typesupport_introspection_cpp[0m
[ 31%] [32mBuilding CXX object CMakeFiles/vision_msgs__rosidl_typesupport_introspection_cpp.dir/rosidl_typesupport_introspection_cpp/vision_msgs/msg/detail/key_points__type_support.cpp.o[0m
[ 34%] [32mBuilding CXX object CMakeFiles/vision_msgs__rosidl_typesupport_introspection_cpp.dir/rosidl_typesupport_introspection_cpp/vision_msgs/msg/detail/yaw_pitch__type_support.cpp.o[0m
[ 36%] [32mBuilding CXX object CMakeFiles/vision_msgs__rosidl_typesupport_introspection_cpp.dir/rosidl_typesupport_introspection_cpp/vision_msgs/msg/detail/predicted_armor__type_support.cpp.o[0m
[35m[1mScanning dependencies of target vision_msgs__rosidl_typesupport_fastrtps_cpp[0m
[ 38%] [32mBuilding CXX object CMakeFiles/vision_msgs__rosidl_typesupport_fastrtps_cpp.dir/rosidl_typesupport_fastrtps_cpp/vision_msgs/msg/detail/dds_fastrtps/key_points__type_support.cpp.o[0m
[ 40%] [32mBuilding CXX object CMakeFiles/vision_msgs__rosidl_typesupport_fastrtps_cpp.dir/rosidl_typesupport_fastrtps_cpp/vision_msgs/msg/detail/dds_fastrtps/yaw_pitch__type_support.cpp.o[0m
[ 42%] [32mBuilding CXX object CMakeFiles/vision_msgs__rosidl_typesupport_fastrtps_cpp.dir/rosidl_typesupport_fastrtps_cpp/vision_msgs/msg/detail/dds_fastrtps/predicted_armor__type_support.cpp.o[0m
[ 44%] [32m[1mLinking CXX shared library libvision_msgs__rosidl_typesupport_cpp.so[0m
[35m[1mScanning dependencies of target vision_msgs__rosidl_typesupport_c[0m
[35m[1mScanning dependencies of target vision_msgs__rosidl_typesupport_introspection_c[0m
[ 46%] [32mBuilding CXX object CMakeFiles/vision_msgs__rosidl_typesupport_c.dir/rosidl_typesupport_c/vision_msgs/msg/predicted_armor__type_support.cpp.o[0m
[ 48%] [32mBuilding CXX object CMakeFiles/vision_msgs__rosidl_typesupport_c.dir/rosidl_typesupport_c/vision_msgs/msg/yaw_pitch__type_support.cpp.o[0m
[ 51%] [32mBuilding CXX object CMakeFiles/vision_msgs__rosidl_typesupport_c.dir/rosidl_typesupport_c/vision_msgs/msg/key_points__type_support.cpp.o[0m
[ 53%] [32mBuilding C object CMakeFiles/vision_msgs__rosidl_typesupport_introspection_c.dir/rosidl_typesupport_introspection_c/vision_msgs/msg/detail/key_points__type_support.c.o[0m
[ 55%] [32mBuilding C object CMakeFiles/vision_msgs__rosidl_typesupport_introspection_c.dir/rosidl_typesupport_introspection_c/vision_msgs/msg/detail/yaw_pitch__type_support.c.o[0m
[ 55%] Built target vision_msgs__rosidl_typesupport_cpp
[ 57%] [32mBuilding C object CMakeFiles/vision_msgs__rosidl_typesupport_introspection_c.dir/rosidl_typesupport_introspection_c/vision_msgs/msg/detail/predicted_armor__type_support.c.o[0m
[ 59%] [32m[1mLinking CXX shared library libvision_msgs__rosidl_typesupport_c.so[0m
[ 61%] [32m[1mLinking C shared library libvision_msgs__rosidl_typesupport_introspection_c.so[0m
[ 61%] Built target vision_msgs__rosidl_typesupport_c
[ 63%] [32m[1mLinking CXX shared library libvision_msgs__rosidl_typesupport_introspection_cpp.so[0m
[ 63%] Built target vision_msgs__rosidl_typesupport_introspection_c
[ 63%] Built target vision_msgs__rosidl_typesupport_introspection_cpp
[ 65%] [32m[1mLinking CXX shared library libvision_msgs__rosidl_typesupport_fastrtps_cpp.so[0m
[ 65%] Built target vision_msgs__rosidl_typesupport_fastrtps_cpp
[ 68%] [34m[1mGenerating C type support for eProsima Fast-RTPS[0m
[35m[1mScanning dependencies of target vision_msgs__rosidl_typesupport_fastrtps_c[0m
[ 72%] [32mBuilding CXX object CMakeFiles/vision_msgs__rosidl_typesupport_fastrtps_c.dir/rosidl_typesupport_fastrtps_c/vision_msgs/msg/detail/key_points__type_support_c.cpp.o[0m
[ 72%] [32mBuilding CXX object CMakeFiles/vision_msgs__rosidl_typesupport_fastrtps_c.dir/rosidl_typesupport_fastrtps_c/vision_msgs/msg/detail/predicted_armor__type_support_c.cpp.o[0m
[ 74%] [32mBuilding CXX object CMakeFiles/vision_msgs__rosidl_typesupport_fastrtps_c.dir/rosidl_typesupport_fastrtps_c/vision_msgs/msg/detail/yaw_pitch__type_support_c.cpp.o[0m
[ 76%] [32m[1mLinking CXX shared library libvision_msgs__rosidl_typesupport_fastrtps_c.so[0m
[ 76%] Built target vision_msgs__rosidl_typesupport_fastrtps_c
[35m[1mScanning dependencies of target vision_msgs[0m
[ 76%] Built target vision_msgs
[35m[1mScanning dependencies of target vision_msgs__py[0m
[ 78%] [34m[1mGenerating Python code for ROS interfaces[0m
[ 78%] Built target vision_msgs__py
[35m[1mScanning dependencies of target vision_msgs__python[0m
[ 85%] [32mBuilding C object CMakeFiles/vision_msgs__python.dir/rosidl_generator_py/vision_msgs/msg/_predicted_armor_s.c.o[0m
[ 85%] [32mBuilding C object CMakeFiles/vision_msgs__python.dir/rosidl_generator_py/vision_msgs/msg/_key_points_s.c.o[0m
[ 85%] [32mBuilding C object CMakeFiles/vision_msgs__python.dir/rosidl_generator_py/vision_msgs/msg/_yaw_pitch_s.c.o[0m
[ 87%] [32m[1mLinking C shared library rosidl_generator_py/vision_msgs/libvision_msgs__python.so[0m
[ 87%] Built target vision_msgs__python
[35m[1mScanning dependencies of target vision_msgs__rosidl_typesupport_introspection_c__pyext[0m
[35m[1mScanning dependencies of target vision_msgs__rosidl_typesupport_fastrtps_c__pyext[0m
[35m[1mScanning dependencies of target vision_msgs__rosidl_typesupport_c__pyext[0m
[ 91%] [32mBuilding C object CMakeFiles/vision_msgs__rosidl_typesupport_c__pyext.dir/rosidl_generator_py/vision_msgs/_vision_msgs_s.ep.rosidl_typesupport_c.c.o[0m
[ 91%] [32mBuilding C object CMakeFiles/vision_msgs__rosidl_typesupport_fastrtps_c__pyext.dir/rosidl_generator_py/vision_msgs/_vision_msgs_s.ep.rosidl_typesupport_fastrtps_c.c.o[0m
[ 93%] [32mBuilding C object CMakeFiles/vision_msgs__rosidl_typesupport_introspection_c__pyext.dir/rosidl_generator_py/vision_msgs/_vision_msgs_s.ep.rosidl_typesupport_introspection_c.c.o[0m
[ 95%] [32m[1mLinking C shared library rosidl_generator_py/vision_msgs/vision_msgs_s__rosidl_typesupport_c.cpython-38-x86_64-linux-gnu.so[0m
[ 97%] [32m[1mLinking C shared library rosidl_generator_py/vision_msgs/vision_msgs_s__rosidl_typesupport_introspection_c.cpython-38-x86_64-linux-gnu.so[0m
[100%] [32m[1mLinking CXX shared library rosidl_generator_py/vision_msgs/vision_msgs_s__rosidl_typesupport_fastrtps_c.cpython-38-x86_64-linux-gnu.so[0m
[100%] Built target vision_msgs__rosidl_typesupport_fastrtps_c__pyext
[100%] Built target vision_msgs__rosidl_typesupport_introspection_c__pyext
[100%] Built target vision_msgs__rosidl_typesupport_c__pyext
-- Install configuration: "Release"
-- Execute custom install script
-- Symlinking: /home/purduerm/ros2-ws/auto-aiming/install/vision_msgs/share/ament_index/resource_index/rosidl_interfaces/vision_msgs
-- Symlinking: /home/purduerm/ros2-ws/auto-aiming/install/vision_msgs/include/vision_msgs/msg/detail/key_points__functions.h
-- Symlinking: /home/purduerm/ros2-ws/auto-aiming/install/vision_msgs/include/vision_msgs/msg/detail/key_points__struct.h
-- Symlinking: /home/purduerm/ros2-ws/auto-aiming/install/vision_msgs/include/vision_msgs/msg/detail/key_points__type_support.h
-- Symlinking: /home/purduerm/ros2-ws/auto-aiming/install/vision_msgs/include/vision_msgs/msg/detail/predicted_armor__functions.h
-- Symlinking: /home/purduerm/ros2-ws/auto-aiming/install/vision_msgs/include/vision_msgs/msg/detail/predicted_armor__struct.h
-- Symlinking: /home/purduerm/ros2-ws/auto-aiming/install/vision_msgs/include/vision_msgs/msg/detail/predicted_armor__type_support.h
-- Symlinking: /home/purduerm/ros2-ws/auto-aiming/install/vision_msgs/include/vision_msgs/msg/detail/yaw_pitch__functions.h
-- Symlinking: /home/purduerm/ros2-ws/auto-aiming/install/vision_msgs/include/vision_msgs/msg/detail/yaw_pitch__struct.h
-- Symlinking: /home/purduerm/ros2-ws/auto-aiming/install/vision_msgs/include/vision_msgs/msg/detail/yaw_pitch__type_support.h
-- Symlinking: /home/purduerm/ros2-ws/auto-aiming/install/vision_msgs/include/vision_msgs/msg/key_points.h
-- Symlinking: /home/purduerm/ros2-ws/auto-aiming/install/vision_msgs/include/vision_msgs/msg/predicted_armor.h
-- Symlinking: /home/purduerm/ros2-ws/auto-aiming/install/vision_msgs/include/vision_msgs/msg/rosidl_generator_c__visibility_control.h
-- Symlinking: /home/purduerm/ros2-ws/auto-aiming/install/vision_msgs/include/vision_msgs/msg/yaw_pitch.h
-- Symlinking: /home/purduerm/ros2-ws/auto-aiming/install/vision_msgs/share/vision_msgs/environment/library_path.sh
-- Symlinking: /home/purduerm/ros2-ws/auto-aiming/install/vision_msgs/share/vision_msgs/environment/library_path.dsv
-- Symlinking: /home/purduerm/ros2-ws/auto-aiming/install/vision_msgs/include/vision_msgs/msg/detail/key_points__rosidl_typesupport_fastrtps_c.h
-- Symlinking: /home/purduerm/ros2-ws/auto-aiming/install/vision_msgs/include/vision_msgs/msg/detail/predicted_armor__rosidl_typesupport_fastrtps_c.h
-- Symlinking: /home/purduerm/ros2-ws/auto-aiming/install/vision_msgs/include/vision_msgs/msg/detail/yaw_pitch__rosidl_typesupport_fastrtps_c.h
-- Symlinking: /home/purduerm/ros2-ws/auto-aiming/install/vision_msgs/include/vision_msgs/msg/rosidl_typesupport_fastrtps_c__visibility_control.h
-- Symlinking: /home/purduerm/ros2-ws/auto-aiming/install/vision_msgs/lib/libvision_msgs__rosidl_typesupport_fastrtps_c.so
-- Symlinking: /home/purduerm/ros2-ws/auto-aiming/install/vision_msgs/include/vision_msgs/msg/detail/key_points__rosidl_typesupport_fastrtps_cpp.hpp
-- Symlinking: /home/purduerm/ros2-ws/auto-aiming/install/vision_msgs/include/vision_msgs/msg/detail/predicted_armor__rosidl_typesupport_fastrtps_cpp.hpp
-- Symlinking: /home/purduerm/ros2-ws/auto-aiming/install/vision_msgs/include/vision_msgs/msg/detail/yaw_pitch__rosidl_typesupport_fastrtps_cpp.hpp
-- Symlinking: /home/purduerm/ros2-ws/auto-aiming/install/vision_msgs/include/vision_msgs/msg/rosidl_typesupport_fastrtps_cpp__visibility_control.h
-- Symlinking: /home/purduerm/ros2-ws/auto-aiming/install/vision_msgs/lib/libvision_msgs__rosidl_typesupport_fastrtps_cpp.so
-- Symlinking: /home/purduerm/ros2-ws/auto-aiming/install/vision_msgs/include/vision_msgs/msg/detail/key_points__rosidl_typesupport_introspection_c.h
-- Symlinking: /home/purduerm/ros2-ws/auto-aiming/install/vision_msgs/include/vision_msgs/msg/detail/predicted_armor__rosidl_typesupport_introspection_c.h
-- Symlinking: /home/purduerm/ros2-ws/auto-aiming/install/vision_msgs/include/vision_msgs/msg/detail/yaw_pitch__rosidl_typesupport_introspection_c.h
-- Symlinking: /home/purduerm/ros2-ws/auto-aiming/install/vision_msgs/include/vision_msgs/msg/rosidl_typesupport_introspection_c__visibility_control.h
-- Symlinking: /home/purduerm/ros2-ws/auto-aiming/install/vision_msgs/include/vision_msgs/msg/detail/key_points__builder.hpp
-- Symlinking: /home/purduerm/ros2-ws/auto-aiming/install/vision_msgs/include/vision_msgs/msg/detail/key_points__struct.hpp
-- Symlinking: /home/purduerm/ros2-ws/auto-aiming/install/vision_msgs/include/vision_msgs/msg/detail/key_points__traits.hpp
-- Symlinking: /home/purduerm/ros2-ws/auto-aiming/install/vision_msgs/include/vision_msgs/msg/detail/key_points__type_support.hpp
-- Symlinking: /home/purduerm/ros2-ws/auto-aiming/install/vision_msgs/include/vision_msgs/msg/detail/predicted_armor__builder.hpp
-- Symlinking: /home/purduerm/ros2-ws/auto-aiming/install/vision_msgs/include/vision_msgs/msg/detail/predicted_armor__struct.hpp
-- Symlinking: /home/purduerm/ros2-ws/auto-aiming/install/vision_msgs/include/vision_msgs/msg/detail/predicted_armor__traits.hpp
-- Symlinking: /home/purduerm/ros2-ws/auto-aiming/install/vision_msgs/include/vision_msgs/msg/detail/predicted_armor__type_support.hpp
-- Symlinking: /home/purduerm/ros2-ws/auto-aiming/install/vision_msgs/include/vision_msgs/msg/detail/yaw_pitch__builder.hpp
-- Symlinking: /home/purduerm/ros2-ws/auto-aiming/install/vision_msgs/include/vision_msgs/msg/detail/yaw_pitch__struct.hpp
-- Symlinking: /home/purduerm/ros2-ws/auto-aiming/install/vision_msgs/include/vision_msgs/msg/detail/yaw_pitch__traits.hpp
-- Symlinking: /home/purduerm/ros2-ws/auto-aiming/install/vision_msgs/include/vision_msgs/msg/detail/yaw_pitch__type_support.hpp
-- Symlinking: /home/purduerm/ros2-ws/auto-aiming/install/vision_msgs/include/vision_msgs/msg/key_points.hpp
-- Symlinking: /home/purduerm/ros2-ws/auto-aiming/install/vision_msgs/include/vision_msgs/msg/predicted_armor.hpp
-- Symlinking: /home/purduerm/ros2-ws/auto-aiming/install/vision_msgs/include/vision_msgs/msg/rosidl_generator_cpp__visibility_control.hpp
-- Symlinking: /home/purduerm/ros2-ws/auto-aiming/install/vision_msgs/include/vision_msgs/msg/yaw_pitch.hpp
-- Symlinking: /home/purduerm/ros2-ws/auto-aiming/install/vision_msgs/include/vision_msgs/msg/detail/key_points__rosidl_typesupport_introspection_cpp.hpp
-- Symlinking: /home/purduerm/ros2-ws/auto-aiming/install/vision_msgs/include/vision_msgs/msg/detail/predicted_armor__rosidl_typesupport_introspection_cpp.hpp
-- Symlinking: /home/purduerm/ros2-ws/auto-aiming/install/vision_msgs/include/vision_msgs/msg/detail/yaw_pitch__rosidl_typesupport_introspection_cpp.hpp
-- Symlinking: /home/purduerm/ros2-ws/auto-aiming/install/vision_msgs/share/vision_msgs/environment/pythonpath.sh
-- Symlinking: /home/purduerm/ros2-ws/auto-aiming/install/vision_msgs/share/vision_msgs/environment/pythonpath.dsv
-- Symlinking: /home/purduerm/ros2-ws/auto-aiming/install/vision_msgs/lib/python3.8/site-packages/vision_msgs/__init__.py
-- Symlinking: /home/purduerm/ros2-ws/auto-aiming/install/vision_msgs/lib/python3.8/site-packages/vision_msgs/msg/__init__.py
-- Symlinking: /home/purduerm/ros2-ws/auto-aiming/install/vision_msgs/lib/python3.8/site-packages/vision_msgs/msg/_key_points.py
-- Symlinking: /home/purduerm/ros2-ws/auto-aiming/install/vision_msgs/lib/python3.8/site-packages/vision_msgs/msg/_predicted_armor.py
-- Symlinking: /home/purduerm/ros2-ws/auto-aiming/install/vision_msgs/lib/python3.8/site-packages/vision_msgs/msg/_yaw_pitch.py
-- Symlinking: /home/purduerm/ros2-ws/auto-aiming/install/vision_msgs/lib/python3.8/site-packages/vision_msgs/vision_msgs_s__rosidl_typesupport_fastrtps_c.cpython-38-x86_64-linux-gnu.so
-- Symlinking: /home/purduerm/ros2-ws/auto-aiming/install/vision_msgs/lib/python3.8/site-packages/vision_msgs/vision_msgs_s__rosidl_typesupport_introspection_c.cpython-38-x86_64-linux-gnu.so
-- Symlinking: /home/purduerm/ros2-ws/auto-aiming/install/vision_msgs/lib/python3.8/site-packages/vision_msgs/vision_msgs_s__rosidl_typesupport_c.cpython-38-x86_64-linux-gnu.so
-- Symlinking: /home/purduerm/ros2-ws/auto-aiming/install/vision_msgs/lib/libvision_msgs__python.so
-- Symlinking: /home/purduerm/ros2-ws/auto-aiming/install/vision_msgs/share/vision_msgs/msg/KeyPoints.idl
-- Symlinking: /home/purduerm/ros2-ws/auto-aiming/install/vision_msgs/share/vision_msgs/msg/YawPitch.idl
-- Symlinking: /home/purduerm/ros2-ws/auto-aiming/install/vision_msgs/share/vision_msgs/msg/PredictedArmor.idl
-- Symlinking: /home/purduerm/ros2-ws/auto-aiming/install/vision_msgs/share/vision_msgs/msg/KeyPoints.msg
-- Symlinking: /home/purduerm/ros2-ws/auto-aiming/install/vision_msgs/share/vision_msgs/msg/YawPitch.msg
-- Symlinking: /home/purduerm/ros2-ws/auto-aiming/install/vision_msgs/share/vision_msgs/msg/PredictedArmor.msg
-- Symlinking: /home/purduerm/ros2-ws/auto-aiming/install/vision_msgs/share/ament_index/resource_index/package_run_dependencies/vision_msgs
-- Symlinking: /home/purduerm/ros2-ws/auto-aiming/install/vision_msgs/share/ament_index/resource_index/parent_prefix_path/vision_msgs
-- Symlinking: /home/purduerm/ros2-ws/auto-aiming/install/vision_msgs/share/vision_msgs/environment/ament_prefix_path.sh
-- Symlinking: /home/purduerm/ros2-ws/auto-aiming/install/vision_msgs/share/vision_msgs/environment/ament_prefix_path.dsv
-- Symlinking: /home/purduerm/ros2-ws/auto-aiming/install/vision_msgs/share/vision_msgs/environment/path.sh
-- Symlinking: /home/purduerm/ros2-ws/auto-aiming/install/vision_msgs/share/vision_msgs/environment/path.dsv
-- Symlinking: /home/purduerm/ros2-ws/auto-aiming/install/vision_msgs/share/vision_msgs/local_setup.bash
-- Symlinking: /home/purduerm/ros2-ws/auto-aiming/install/vision_msgs/share/vision_msgs/local_setup.sh
-- Symlinking: /home/purduerm/ros2-ws/auto-aiming/install/vision_msgs/share/vision_msgs/local_setup.zsh
-- Symlinking: /home/purduerm/ros2-ws/auto-aiming/install/vision_msgs/share/vision_msgs/local_setup.dsv
-- Symlinking: /home/purduerm/ros2-ws/auto-aiming/install/vision_msgs/share/vision_msgs/package.dsv
-- Symlinking: /home/purduerm/ros2-ws/auto-aiming/install/vision_msgs/share/ament_index/resource_index/packages/vision_msgs
-- Symlinking: /home/purduerm/ros2-ws/auto-aiming/install/vision_msgs/share/vision_msgs/cmake/rosidl_cmake-extras.cmake
-- Symlinking: /home/purduerm/ros2-ws/auto-aiming/install/vision_msgs/share/vision_msgs/cmake/ament_cmake_export_dependencies-extras.cmake
-- Symlinking: /home/purduerm/ros2-ws/auto-aiming/install/vision_msgs/share/vision_msgs/cmake/ament_cmake_export_libraries-extras.cmake
-- Symlinking: /home/purduerm/ros2-ws/auto-aiming/install/vision_msgs/share/vision_msgs/cmake/ament_cmake_export_targets-extras.cmake
-- Symlinking: /home/purduerm/ros2-ws/auto-aiming/install/vision_msgs/share/vision_msgs/cmake/ament_cmake_export_include_directories-extras.cmake
-- Symlinking: /home/purduerm/ros2-ws/auto-aiming/install/vision_msgs/share/vision_msgs/cmake/rosidl_cmake_export_typesupport_libraries-extras.cmake
-- Symlinking: /home/purduerm/ros2-ws/auto-aiming/install/vision_msgs/share/vision_msgs/cmake/rosidl_cmake_export_typesupport_targets-extras.cmake
-- Symlinking: /home/purduerm/ros2-ws/auto-aiming/install/vision_msgs/share/vision_msgs/cmake/vision_msgsConfig.cmake
-- Symlinking: /home/purduerm/ros2-ws/auto-aiming/install/vision_msgs/share/vision_msgs/cmake/vision_msgsConfig-version.cmake
-- Symlinking: /home/purduerm/ros2-ws/auto-aiming/install/vision_msgs/share/vision_msgs/package.xml
-- Installing: /home/purduerm/ros2-ws/auto-aiming/install/vision_msgs/lib/libvision_msgs__rosidl_generator_c.so
-- Set runtime path of "/home/purduerm/ros2-ws/auto-aiming/install/vision_msgs/lib/libvision_msgs__rosidl_generator_c.so" to ""
-- Installing: /home/purduerm/ros2-ws/auto-aiming/install/vision_msgs/lib/libvision_msgs__rosidl_typesupport_introspection_c.so
-- Set runtime path of "/home/purduerm/ros2-ws/auto-aiming/install/vision_msgs/lib/libvision_msgs__rosidl_typesupport_introspection_c.so" to ""
-- Installing: /home/purduerm/ros2-ws/auto-aiming/install/vision_msgs/lib/libvision_msgs__rosidl_typesupport_c.so
-- Set runtime path of "/home/purduerm/ros2-ws/auto-aiming/install/vision_msgs/lib/libvision_msgs__rosidl_typesupport_c.so" to ""
-- Installing: /home/purduerm/ros2-ws/auto-aiming/install/vision_msgs/lib/libvision_msgs__rosidl_typesupport_introspection_cpp.so
-- Set runtime path of "/home/purduerm/ros2-ws/auto-aiming/install/vision_msgs/lib/libvision_msgs__rosidl_typesupport_introspection_cpp.so" to ""
-- Installing: /home/purduerm/ros2-ws/auto-aiming/install/vision_msgs/lib/libvision_msgs__rosidl_typesupport_cpp.so
-- Set runtime path of "/home/purduerm/ros2-ws/auto-aiming/install/vision_msgs/lib/libvision_msgs__rosidl_typesupport_cpp.so" to ""
Compiling '/home/purduerm/ros2-ws/auto-aiming/install/vision_msgs/lib/python3.8/site-packages/vision_msgs/__init__.py'...
-- Installing: /home/purduerm/ros2-ws/auto-aiming/install/vision_msgs/share/vision_msgs/cmake/vision_msgs__rosidl_generator_cExport.cmake
-- Installing: /home/purduerm/ros2-ws/auto-aiming/install/vision_msgs/share/vision_msgs/cmake/vision_msgs__rosidl_generator_cExport-release.cmake
-- Installing: /home/purduerm/ros2-ws/auto-aiming/install/vision_msgs/share/vision_msgs/cmake/vision_msgs__rosidl_typesupport_introspection_cExport.cmake
-- Installing: /home/purduerm/ros2-ws/auto-aiming/install/vision_msgs/share/vision_msgs/cmake/vision_msgs__rosidl_typesupport_introspection_cExport-release.cmake
-- Installing: /home/purduerm/ros2-ws/auto-aiming/install/vision_msgs/share/vision_msgs/cmake/vision_msgs__rosidl_typesupport_cExport.cmake
-- Installing: /home/purduerm/ros2-ws/auto-aiming/install/vision_msgs/share/vision_msgs/cmake/vision_msgs__rosidl_typesupport_cExport-release.cmake
-- Installing: /home/purduerm/ros2-ws/auto-aiming/install/vision_msgs/share/vision_msgs/cmake/vision_msgs__rosidl_generator_cppExport.cmake
-- Installing: /home/purduerm/ros2-ws/auto-aiming/install/vision_msgs/share/vision_msgs/cmake/vision_msgs__rosidl_typesupport_introspection_cppExport.cmake
-- Installing: /home/purduerm/ros2-ws/auto-aiming/install/vision_msgs/share/vision_msgs/cmake/vision_msgs__rosidl_typesupport_introspection_cppExport-release.cmake
-- Installing: /home/purduerm/ros2-ws/auto-aiming/install/vision_msgs/share/vision_msgs/cmake/vision_msgs__rosidl_typesupport_cppExport.cmake
-- Installing: /home/purduerm/ros2-ws/auto-aiming/install/vision_msgs/share/vision_msgs/cmake/vision_msgs__rosidl_typesupport_cppExport-release.cmake
