[0.021s] Invoking command in '/home/purduerm/ros2-ws/auto-aiming/build/vision_msgs': CMAKE_PREFIX_PATH=/opt/ros/foxy /usr/bin/cmake /home/purduerm/ros2-ws/auto-aiming/src/prm_vision/vision_msgs -DCMAKE_BUILD_TYPE=Release -DCMAKE_CXX_FLAGS_RELEASE=-O3 -DAMENT_CMAKE_SYMLINK_INSTALL=1 -DCMAKE_INSTALL_PREFIX=/home/purduerm/ros2-ws/auto-aiming/install/vision_msgs
[0.372s] -- The C compiler identification is GNU 9.4.0
[0.433s] -- The CXX compiler identification is GNU 9.4.0
[0.438s] -- Check for working C compiler: /usr/bin/cc
[0.489s] -- Check for working C compiler: /usr/bin/cc -- works
[0.490s] -- Detecting C compiler ABI info
[0.541s] -- Detecting C compiler ABI info - done
[0.549s] -- Detecting C compile features
[0.561s] -- Detecting C compile features - done
[0.562s] -- Check for working CXX compiler: /usr/bin/c++
[0.618s] -- Check for working CXX compiler: /usr/bin/c++ -- works
[0.619s] -- Detecting CXX compiler ABI info
[0.675s] -- Detecting CXX compiler ABI info - done
[0.684s] -- Detecting CXX compile features
[0.684s] -- Detecting CXX compile features - done
[0.735s] -- Found ament_cmake: 0.9.12 (/opt/ros/foxy/share/ament_cmake/cmake)
[0.760s] -- Found PythonInterp: /usr/bin/python3 (found suitable version "3.8.10", minimum required is "3") 
[0.760s] -- Using PYTHON_EXECUTABLE: /usr/bin/python3
[0.970s] -- Override CMake install command with custom implementation using symlinks instead of copying resources
[1.000s] -- Found rosidl_default_generators: 1.0.1 (/opt/ros/foxy/share/rosidl_default_generators/cmake)
[1.002s] -- Using all available rosidl_typesupport_c: rosidl_typesupport_fastrtps_c;rosidl_typesupport_introspection_c
[1.017s] -- Found rosidl_adapter: 1.3.1 (/opt/ros/foxy/share/rosidl_adapter/cmake)
[1.330s] -- Found OpenSSL: /usr/lib/x86_64-linux-gnu/libcrypto.so (found version "1.1.1f")  
[1.359s] -- Found FastRTPS: /opt/ros/foxy/include  
[1.447s] -- Using all available rosidl_typesupport_cpp: rosidl_typesupport_fastrtps_cpp;rosidl_typesupport_introspection_cpp
[1.468s] -- Found geometry_msgs: 2.0.5 (/opt/ros/foxy/share/geometry_msgs/cmake)
[1.549s] -- Found PythonInterp: /usr/bin/python3 (found version "3.8.10") 
[1.921s] -- Found ament_cmake_ros: 0.9.2 (/opt/ros/foxy/share/ament_cmake_ros/cmake)
[2.156s] -- Using all available rosidl_typesupport_c: rosidl_typesupport_fastrtps_c;rosidl_typesupport_introspection_c
[2.291s] -- Using all available rosidl_typesupport_cpp: rosidl_typesupport_fastrtps_cpp;rosidl_typesupport_introspection_cpp
[2.312s] -- Found PythonInterp: /usr/bin/python3 (found suitable version "3.8.10", minimum required is "3.5") 
[2.338s] -- Found python_cmake_module: 0.8.1 (/opt/ros/foxy/share/python_cmake_module/cmake)
[2.477s] -- Found PythonLibs: /usr/lib/x86_64-linux-gnu/libpython3.8.so (found suitable version "3.8.10", minimum required is "3.5") 
[2.477s] -- Using PYTHON_EXECUTABLE: /usr/bin/python3
[2.477s] -- Using PYTHON_INCLUDE_DIRS: /usr/include/python3.8
[2.477s] -- Using PYTHON_LIBRARIES: /usr/lib/x86_64-linux-gnu/libpython3.8.so
[2.494s] -- Found PythonExtra: .so  
[2.731s] -- Configuring done
[3.114s] -- Generating done
[3.131s] -- Build files have been written to: /home/purduerm/ros2-ws/auto-aiming/build/vision_msgs
[3.136s] Invoked command in '/home/purduerm/ros2-ws/auto-aiming/build/vision_msgs' returned '0': CMAKE_PREFIX_PATH=/opt/ros/foxy /usr/bin/cmake /home/purduerm/ros2-ws/auto-aiming/src/prm_vision/vision_msgs -DCMAKE_BUILD_TYPE=Release -DCMAKE_CXX_FLAGS_RELEASE=-O3 -DAMENT_CMAKE_SYMLINK_INSTALL=1 -DCMAKE_INSTALL_PREFIX=/home/purduerm/ros2-ws/auto-aiming/install/vision_msgs
[3.139s] Invoking command in '/home/purduerm/ros2-ws/auto-aiming/build/vision_msgs': CMAKE_PREFIX_PATH=/opt/ros/foxy /usr/bin/cmake --build /home/purduerm/ros2-ws/auto-aiming/build/vision_msgs -- -j12 -l12
[3.170s] [35m[1mScanning dependencies of target vision_msgs__cpp[0m
[3.170s] [  2%] [34m[1mGenerating C code for ROS interfaces[0m
[3.178s] [  4%] [34m[1mGenerating C++ code for ROS interfaces[0m
[3.716s] [  4%] Built target vision_msgs__cpp
[3.727s] [  6%] [34m[1mGenerating C++ type support dispatch for ROS interfaces[0m
[3.727s] [  8%] [34m[1mGenerating C++ type support for eProsima Fast-RTPS[0m
[3.731s] [ 10%] [34m[1mGenerating C++ introspection for ROS interfaces[0m
[3.735s] [35m[1mScanning dependencies of target vision_msgs__rosidl_generator_c[0m
[3.857s] [ 17%] [32mBuilding C object CMakeFiles/vision_msgs__rosidl_generator_c.dir/rosidl_generator_c/vision_msgs/msg/detail/key_points__functions.c.o[0m
[3.857s] [ 17%] [32mBuilding C object CMakeFiles/vision_msgs__rosidl_generator_c.dir/rosidl_generator_c/vision_msgs/msg/detail/yaw_pitch__functions.c.o[0m
[3.857s] [ 17%] [32mBuilding C object CMakeFiles/vision_msgs__rosidl_generator_c.dir/rosidl_generator_c/vision_msgs/msg/detail/predicted_armor__functions.c.o[0m
[4.053s] [ 19%] [32m[1mLinking C shared library libvision_msgs__rosidl_generator_c.so[0m
[4.084s] [ 19%] Built target vision_msgs__rosidl_generator_c
[4.094s] [ 21%] [34m[1mGenerating C introspection for ROS interfaces[0m
[4.096s] [ 23%] [34m[1mGenerating C type support dispatch for ROS interfaces[0m
[4.197s] [35m[1mScanning dependencies of target vision_msgs__rosidl_typesupport_cpp[0m
[4.210s] [ 25%] [32mBuilding CXX object CMakeFiles/vision_msgs__rosidl_typesupport_cpp.dir/rosidl_typesupport_cpp/vision_msgs/msg/key_points__type_support.cpp.o[0m
[4.212s] [ 27%] [32mBuilding CXX object CMakeFiles/vision_msgs__rosidl_typesupport_cpp.dir/rosidl_typesupport_cpp/vision_msgs/msg/predicted_armor__type_support.cpp.o[0m
[4.212s] [ 29%] [32mBuilding CXX object CMakeFiles/vision_msgs__rosidl_typesupport_cpp.dir/rosidl_typesupport_cpp/vision_msgs/msg/yaw_pitch__type_support.cpp.o[0m
[4.415s] [35m[1mScanning dependencies of target vision_msgs__rosidl_typesupport_introspection_cpp[0m
[4.452s] [ 31%] [32mBuilding CXX object CMakeFiles/vision_msgs__rosidl_typesupport_introspection_cpp.dir/rosidl_typesupport_introspection_cpp/vision_msgs/msg/detail/key_points__type_support.cpp.o[0m
[4.453s] [ 34%] [32mBuilding CXX object CMakeFiles/vision_msgs__rosidl_typesupport_introspection_cpp.dir/rosidl_typesupport_introspection_cpp/vision_msgs/msg/detail/yaw_pitch__type_support.cpp.o[0m
[4.455s] [ 36%] [32mBuilding CXX object CMakeFiles/vision_msgs__rosidl_typesupport_introspection_cpp.dir/rosidl_typesupport_introspection_cpp/vision_msgs/msg/detail/predicted_armor__type_support.cpp.o[0m
[4.459s] [35m[1mScanning dependencies of target vision_msgs__rosidl_typesupport_fastrtps_cpp[0m
[4.580s] [ 38%] [32mBuilding CXX object CMakeFiles/vision_msgs__rosidl_typesupport_fastrtps_cpp.dir/rosidl_typesupport_fastrtps_cpp/vision_msgs/msg/detail/dds_fastrtps/key_points__type_support.cpp.o[0m
[4.591s] [ 40%] [32mBuilding CXX object CMakeFiles/vision_msgs__rosidl_typesupport_fastrtps_cpp.dir/rosidl_typesupport_fastrtps_cpp/vision_msgs/msg/detail/dds_fastrtps/yaw_pitch__type_support.cpp.o[0m
[4.603s] [ 42%] [32mBuilding CXX object CMakeFiles/vision_msgs__rosidl_typesupport_fastrtps_cpp.dir/rosidl_typesupport_fastrtps_cpp/vision_msgs/msg/detail/dds_fastrtps/predicted_armor__type_support.cpp.o[0m
[4.664s] [ 44%] [32m[1mLinking CXX shared library libvision_msgs__rosidl_typesupport_cpp.so[0m
[4.671s] [35m[1mScanning dependencies of target vision_msgs__rosidl_typesupport_c[0m
[4.680s] [35m[1mScanning dependencies of target vision_msgs__rosidl_typesupport_introspection_c[0m
[4.712s] [ 46%] [32mBuilding CXX object CMakeFiles/vision_msgs__rosidl_typesupport_c.dir/rosidl_typesupport_c/vision_msgs/msg/predicted_armor__type_support.cpp.o[0m
[4.713s] [ 48%] [32mBuilding CXX object CMakeFiles/vision_msgs__rosidl_typesupport_c.dir/rosidl_typesupport_c/vision_msgs/msg/yaw_pitch__type_support.cpp.o[0m
[4.714s] [ 51%] [32mBuilding CXX object CMakeFiles/vision_msgs__rosidl_typesupport_c.dir/rosidl_typesupport_c/vision_msgs/msg/key_points__type_support.cpp.o[0m
[4.721s] [ 53%] [32mBuilding C object CMakeFiles/vision_msgs__rosidl_typesupport_introspection_c.dir/rosidl_typesupport_introspection_c/vision_msgs/msg/detail/key_points__type_support.c.o[0m
[4.723s] [ 55%] [32mBuilding C object CMakeFiles/vision_msgs__rosidl_typesupport_introspection_c.dir/rosidl_typesupport_introspection_c/vision_msgs/msg/detail/yaw_pitch__type_support.c.o[0m
[4.752s] [ 55%] Built target vision_msgs__rosidl_typesupport_cpp
[4.765s] [ 57%] [32mBuilding C object CMakeFiles/vision_msgs__rosidl_typesupport_introspection_c.dir/rosidl_typesupport_introspection_c/vision_msgs/msg/detail/predicted_armor__type_support.c.o[0m
[4.771s] [ 59%] [32m[1mLinking CXX shared library libvision_msgs__rosidl_typesupport_c.so[0m
[4.814s] [ 61%] [32m[1mLinking C shared library libvision_msgs__rosidl_typesupport_introspection_c.so[0m
[4.815s] [ 61%] Built target vision_msgs__rosidl_typesupport_c
[4.832s] [ 63%] [32m[1mLinking CXX shared library libvision_msgs__rosidl_typesupport_introspection_cpp.so[0m
[4.841s] [ 63%] Built target vision_msgs__rosidl_typesupport_introspection_c
[4.890s] [ 63%] Built target vision_msgs__rosidl_typesupport_introspection_cpp
[5.154s] [ 65%] [32m[1mLinking CXX shared library libvision_msgs__rosidl_typesupport_fastrtps_cpp.so[0m
[5.288s] [ 65%] Built target vision_msgs__rosidl_typesupport_fastrtps_cpp
[5.296s] [ 68%] [34m[1mGenerating C type support for eProsima Fast-RTPS[0m
[5.648s] [35m[1mScanning dependencies of target vision_msgs__rosidl_typesupport_fastrtps_c[0m
[5.677s] [ 72%] [32mBuilding CXX object CMakeFiles/vision_msgs__rosidl_typesupport_fastrtps_c.dir/rosidl_typesupport_fastrtps_c/vision_msgs/msg/detail/key_points__type_support_c.cpp.o[0m
[5.677s] [ 72%] [32mBuilding CXX object CMakeFiles/vision_msgs__rosidl_typesupport_fastrtps_c.dir/rosidl_typesupport_fastrtps_c/vision_msgs/msg/detail/predicted_armor__type_support_c.cpp.o[0m
[5.679s] [ 74%] [32mBuilding CXX object CMakeFiles/vision_msgs__rosidl_typesupport_fastrtps_c.dir/rosidl_typesupport_fastrtps_c/vision_msgs/msg/detail/yaw_pitch__type_support_c.cpp.o[0m
[6.112s] [ 76%] [32m[1mLinking CXX shared library libvision_msgs__rosidl_typesupport_fastrtps_c.so[0m
[6.194s] [ 76%] Built target vision_msgs__rosidl_typesupport_fastrtps_c
[6.201s] [35m[1mScanning dependencies of target vision_msgs[0m
[6.209s] [ 76%] Built target vision_msgs
[6.217s] [35m[1mScanning dependencies of target vision_msgs__py[0m
[6.225s] [ 78%] [34m[1mGenerating Python code for ROS interfaces[0m
[8.923s] [ 78%] Built target vision_msgs__py
[8.930s] [35m[1mScanning dependencies of target vision_msgs__python[0m
[9.421s] [ 85%] [32mBuilding C object CMakeFiles/vision_msgs__python.dir/rosidl_generator_py/vision_msgs/msg/_predicted_armor_s.c.o[0m
[9.421s] [ 85%] [32mBuilding C object CMakeFiles/vision_msgs__python.dir/rosidl_generator_py/vision_msgs/msg/_key_points_s.c.o[0m
[9.421s] [ 85%] [32mBuilding C object CMakeFiles/vision_msgs__python.dir/rosidl_generator_py/vision_msgs/msg/_yaw_pitch_s.c.o[0m
[9.719s] [ 87%] [32m[1mLinking C shared library rosidl_generator_py/vision_msgs/libvision_msgs__python.so[0m
[9.851s] [ 87%] Built target vision_msgs__python
[9.861s] [35m[1mScanning dependencies of target vision_msgs__rosidl_typesupport_introspection_c__pyext[0m
[9.861s] [35m[1mScanning dependencies of target vision_msgs__rosidl_typesupport_fastrtps_c__pyext[0m
[9.862s] [35m[1mScanning dependencies of target vision_msgs__rosidl_typesupport_c__pyext[0m
[9.886s] [ 91%] [32mBuilding C object CMakeFiles/vision_msgs__rosidl_typesupport_c__pyext.dir/rosidl_generator_py/vision_msgs/_vision_msgs_s.ep.rosidl_typesupport_c.c.o[0m
[9.887s] [ 91%] [32mBuilding C object CMakeFiles/vision_msgs__rosidl_typesupport_fastrtps_c__pyext.dir/rosidl_generator_py/vision_msgs/_vision_msgs_s.ep.rosidl_typesupport_fastrtps_c.c.o[0m
[9.888s] [ 93%] [32mBuilding C object CMakeFiles/vision_msgs__rosidl_typesupport_introspection_c__pyext.dir/rosidl_generator_py/vision_msgs/_vision_msgs_s.ep.rosidl_typesupport_introspection_c.c.o[0m
[9.995s] [ 95%] [32m[1mLinking C shared library rosidl_generator_py/vision_msgs/vision_msgs_s__rosidl_typesupport_c.cpython-38-x86_64-linux-gnu.so[0m
[9.995s] [ 97%] [32m[1mLinking C shared library rosidl_generator_py/vision_msgs/vision_msgs_s__rosidl_typesupport_introspection_c.cpython-38-x86_64-linux-gnu.so[0m
[9.995s] [100%] [32m[1mLinking CXX shared library rosidl_generator_py/vision_msgs/vision_msgs_s__rosidl_typesupport_fastrtps_c.cpython-38-x86_64-linux-gnu.so[0m
[10.225s] [100%] Built target vision_msgs__rosidl_typesupport_fastrtps_c__pyext
[10.225s] [100%] Built target vision_msgs__rosidl_typesupport_introspection_c__pyext
[10.226s] [100%] Built target vision_msgs__rosidl_typesupport_c__pyext
[10.258s] Invoked command in '/home/purduerm/ros2-ws/auto-aiming/build/vision_msgs' returned '0': CMAKE_PREFIX_PATH=/opt/ros/foxy /usr/bin/cmake --build /home/purduerm/ros2-ws/auto-aiming/build/vision_msgs -- -j12 -l12
[10.261s] Invoking command in '/home/purduerm/ros2-ws/auto-aiming/build/vision_msgs': CMAKE_PREFIX_PATH=/opt/ros/foxy /usr/bin/cmake --install /home/purduerm/ros2-ws/auto-aiming/build/vision_msgs
[10.271s] -- Install configuration: "Release"
[10.271s] -- Execute custom install script
[10.272s] -- Symlinking: /home/purduerm/ros2-ws/auto-aiming/install/vision_msgs/share/ament_index/resource_index/rosidl_interfaces/vision_msgs
[10.280s] -- Symlinking: /home/purduerm/ros2-ws/auto-aiming/install/vision_msgs/include/vision_msgs/msg/detail/key_points__functions.h
[10.286s] -- Symlinking: /home/purduerm/ros2-ws/auto-aiming/install/vision_msgs/include/vision_msgs/msg/detail/key_points__struct.h
[10.292s] -- Symlinking: /home/purduerm/ros2-ws/auto-aiming/install/vision_msgs/include/vision_msgs/msg/detail/key_points__type_support.h
[10.298s] -- Symlinking: /home/purduerm/ros2-ws/auto-aiming/install/vision_msgs/include/vision_msgs/msg/detail/predicted_armor__functions.h
[10.303s] -- Symlinking: /home/purduerm/ros2-ws/auto-aiming/install/vision_msgs/include/vision_msgs/msg/detail/predicted_armor__struct.h
[10.309s] -- Symlinking: /home/purduerm/ros2-ws/auto-aiming/install/vision_msgs/include/vision_msgs/msg/detail/predicted_armor__type_support.h
[10.315s] -- Symlinking: /home/purduerm/ros2-ws/auto-aiming/install/vision_msgs/include/vision_msgs/msg/detail/yaw_pitch__functions.h
[10.320s] -- Symlinking: /home/purduerm/ros2-ws/auto-aiming/install/vision_msgs/include/vision_msgs/msg/detail/yaw_pitch__struct.h
[10.326s] -- Symlinking: /home/purduerm/ros2-ws/auto-aiming/install/vision_msgs/include/vision_msgs/msg/detail/yaw_pitch__type_support.h
[10.332s] -- Symlinking: /home/purduerm/ros2-ws/auto-aiming/install/vision_msgs/include/vision_msgs/msg/key_points.h
[10.338s] -- Symlinking: /home/purduerm/ros2-ws/auto-aiming/install/vision_msgs/include/vision_msgs/msg/predicted_armor.h
[10.344s] -- Symlinking: /home/purduerm/ros2-ws/auto-aiming/install/vision_msgs/include/vision_msgs/msg/rosidl_generator_c__visibility_control.h
[10.349s] -- Symlinking: /home/purduerm/ros2-ws/auto-aiming/install/vision_msgs/include/vision_msgs/msg/yaw_pitch.h
[10.355s] -- Symlinking: /home/purduerm/ros2-ws/auto-aiming/install/vision_msgs/share/vision_msgs/environment/library_path.sh
[10.361s] -- Symlinking: /home/purduerm/ros2-ws/auto-aiming/install/vision_msgs/share/vision_msgs/environment/library_path.dsv
[10.367s] -- Symlinking: /home/purduerm/ros2-ws/auto-aiming/install/vision_msgs/include/vision_msgs/msg/detail/key_points__rosidl_typesupport_fastrtps_c.h
[10.373s] -- Symlinking: /home/purduerm/ros2-ws/auto-aiming/install/vision_msgs/include/vision_msgs/msg/detail/predicted_armor__rosidl_typesupport_fastrtps_c.h
[10.379s] -- Symlinking: /home/purduerm/ros2-ws/auto-aiming/install/vision_msgs/include/vision_msgs/msg/detail/yaw_pitch__rosidl_typesupport_fastrtps_c.h
[10.385s] -- Symlinking: /home/purduerm/ros2-ws/auto-aiming/install/vision_msgs/include/vision_msgs/msg/rosidl_typesupport_fastrtps_c__visibility_control.h
[10.391s] -- Symlinking: /home/purduerm/ros2-ws/auto-aiming/install/vision_msgs/lib/libvision_msgs__rosidl_typesupport_fastrtps_c.so
[10.398s] -- Symlinking: /home/purduerm/ros2-ws/auto-aiming/install/vision_msgs/include/vision_msgs/msg/detail/key_points__rosidl_typesupport_fastrtps_cpp.hpp
[10.405s] -- Symlinking: /home/purduerm/ros2-ws/auto-aiming/install/vision_msgs/include/vision_msgs/msg/detail/predicted_armor__rosidl_typesupport_fastrtps_cpp.hpp
[10.411s] -- Symlinking: /home/purduerm/ros2-ws/auto-aiming/install/vision_msgs/include/vision_msgs/msg/detail/yaw_pitch__rosidl_typesupport_fastrtps_cpp.hpp
[10.417s] -- Symlinking: /home/purduerm/ros2-ws/auto-aiming/install/vision_msgs/include/vision_msgs/msg/rosidl_typesupport_fastrtps_cpp__visibility_control.h
[10.423s] -- Symlinking: /home/purduerm/ros2-ws/auto-aiming/install/vision_msgs/lib/libvision_msgs__rosidl_typesupport_fastrtps_cpp.so
[10.429s] -- Symlinking: /home/purduerm/ros2-ws/auto-aiming/install/vision_msgs/include/vision_msgs/msg/detail/key_points__rosidl_typesupport_introspection_c.h
[10.435s] -- Symlinking: /home/purduerm/ros2-ws/auto-aiming/install/vision_msgs/include/vision_msgs/msg/detail/predicted_armor__rosidl_typesupport_introspection_c.h
[10.441s] -- Symlinking: /home/purduerm/ros2-ws/auto-aiming/install/vision_msgs/include/vision_msgs/msg/detail/yaw_pitch__rosidl_typesupport_introspection_c.h
[10.447s] -- Symlinking: /home/purduerm/ros2-ws/auto-aiming/install/vision_msgs/include/vision_msgs/msg/rosidl_typesupport_introspection_c__visibility_control.h
[10.454s] -- Symlinking: /home/purduerm/ros2-ws/auto-aiming/install/vision_msgs/include/vision_msgs/msg/detail/key_points__builder.hpp
[10.459s] -- Symlinking: /home/purduerm/ros2-ws/auto-aiming/install/vision_msgs/include/vision_msgs/msg/detail/key_points__struct.hpp
[10.465s] -- Symlinking: /home/purduerm/ros2-ws/auto-aiming/install/vision_msgs/include/vision_msgs/msg/detail/key_points__traits.hpp
[10.471s] -- Symlinking: /home/purduerm/ros2-ws/auto-aiming/install/vision_msgs/include/vision_msgs/msg/detail/key_points__type_support.hpp
[10.477s] -- Symlinking: /home/purduerm/ros2-ws/auto-aiming/install/vision_msgs/include/vision_msgs/msg/detail/predicted_armor__builder.hpp
[10.483s] -- Symlinking: /home/purduerm/ros2-ws/auto-aiming/install/vision_msgs/include/vision_msgs/msg/detail/predicted_armor__struct.hpp
[10.489s] -- Symlinking: /home/purduerm/ros2-ws/auto-aiming/install/vision_msgs/include/vision_msgs/msg/detail/predicted_armor__traits.hpp
[10.495s] -- Symlinking: /home/purduerm/ros2-ws/auto-aiming/install/vision_msgs/include/vision_msgs/msg/detail/predicted_armor__type_support.hpp
[10.501s] -- Symlinking: /home/purduerm/ros2-ws/auto-aiming/install/vision_msgs/include/vision_msgs/msg/detail/yaw_pitch__builder.hpp
[10.506s] -- Symlinking: /home/purduerm/ros2-ws/auto-aiming/install/vision_msgs/include/vision_msgs/msg/detail/yaw_pitch__struct.hpp
[10.512s] -- Symlinking: /home/purduerm/ros2-ws/auto-aiming/install/vision_msgs/include/vision_msgs/msg/detail/yaw_pitch__traits.hpp
[10.518s] -- Symlinking: /home/purduerm/ros2-ws/auto-aiming/install/vision_msgs/include/vision_msgs/msg/detail/yaw_pitch__type_support.hpp
[10.523s] -- Symlinking: /home/purduerm/ros2-ws/auto-aiming/install/vision_msgs/include/vision_msgs/msg/key_points.hpp
[10.530s] -- Symlinking: /home/purduerm/ros2-ws/auto-aiming/install/vision_msgs/include/vision_msgs/msg/predicted_armor.hpp
[10.535s] -- Symlinking: /home/purduerm/ros2-ws/auto-aiming/install/vision_msgs/include/vision_msgs/msg/rosidl_generator_cpp__visibility_control.hpp
[10.541s] -- Symlinking: /home/purduerm/ros2-ws/auto-aiming/install/vision_msgs/include/vision_msgs/msg/yaw_pitch.hpp
[10.547s] -- Symlinking: /home/purduerm/ros2-ws/auto-aiming/install/vision_msgs/include/vision_msgs/msg/detail/key_points__rosidl_typesupport_introspection_cpp.hpp
[10.553s] -- Symlinking: /home/purduerm/ros2-ws/auto-aiming/install/vision_msgs/include/vision_msgs/msg/detail/predicted_armor__rosidl_typesupport_introspection_cpp.hpp
[10.560s] -- Symlinking: /home/purduerm/ros2-ws/auto-aiming/install/vision_msgs/include/vision_msgs/msg/detail/yaw_pitch__rosidl_typesupport_introspection_cpp.hpp
[10.566s] -- Symlinking: /home/purduerm/ros2-ws/auto-aiming/install/vision_msgs/share/vision_msgs/environment/pythonpath.sh
[10.572s] -- Symlinking: /home/purduerm/ros2-ws/auto-aiming/install/vision_msgs/share/vision_msgs/environment/pythonpath.dsv
[10.578s] -- Symlinking: /home/purduerm/ros2-ws/auto-aiming/install/vision_msgs/lib/python3.8/site-packages/vision_msgs/__init__.py
[10.584s] -- Symlinking: /home/purduerm/ros2-ws/auto-aiming/install/vision_msgs/lib/python3.8/site-packages/vision_msgs/msg/__init__.py
[10.590s] -- Symlinking: /home/purduerm/ros2-ws/auto-aiming/install/vision_msgs/lib/python3.8/site-packages/vision_msgs/msg/_key_points.py
[10.597s] -- Symlinking: /home/purduerm/ros2-ws/auto-aiming/install/vision_msgs/lib/python3.8/site-packages/vision_msgs/msg/_predicted_armor.py
[10.603s] -- Symlinking: /home/purduerm/ros2-ws/auto-aiming/install/vision_msgs/lib/python3.8/site-packages/vision_msgs/msg/_yaw_pitch.py
[10.610s] -- Symlinking: /home/purduerm/ros2-ws/auto-aiming/install/vision_msgs/lib/python3.8/site-packages/vision_msgs/vision_msgs_s__rosidl_typesupport_fastrtps_c.cpython-38-x86_64-linux-gnu.so
[10.617s] -- Symlinking: /home/purduerm/ros2-ws/auto-aiming/install/vision_msgs/lib/python3.8/site-packages/vision_msgs/vision_msgs_s__rosidl_typesupport_introspection_c.cpython-38-x86_64-linux-gnu.so
[10.623s] -- Symlinking: /home/purduerm/ros2-ws/auto-aiming/install/vision_msgs/lib/python3.8/site-packages/vision_msgs/vision_msgs_s__rosidl_typesupport_c.cpython-38-x86_64-linux-gnu.so
[10.630s] -- Symlinking: /home/purduerm/ros2-ws/auto-aiming/install/vision_msgs/lib/libvision_msgs__python.so
[10.636s] -- Symlinking: /home/purduerm/ros2-ws/auto-aiming/install/vision_msgs/share/vision_msgs/msg/KeyPoints.idl
[10.642s] -- Symlinking: /home/purduerm/ros2-ws/auto-aiming/install/vision_msgs/share/vision_msgs/msg/YawPitch.idl
[10.648s] -- Symlinking: /home/purduerm/ros2-ws/auto-aiming/install/vision_msgs/share/vision_msgs/msg/PredictedArmor.idl
[10.654s] -- Symlinking: /home/purduerm/ros2-ws/auto-aiming/install/vision_msgs/share/vision_msgs/msg/KeyPoints.msg
[10.660s] -- Symlinking: /home/purduerm/ros2-ws/auto-aiming/install/vision_msgs/share/vision_msgs/msg/YawPitch.msg
[10.666s] -- Symlinking: /home/purduerm/ros2-ws/auto-aiming/install/vision_msgs/share/vision_msgs/msg/PredictedArmor.msg
[10.672s] -- Symlinking: /home/purduerm/ros2-ws/auto-aiming/install/vision_msgs/share/ament_index/resource_index/package_run_dependencies/vision_msgs
[10.678s] -- Symlinking: /home/purduerm/ros2-ws/auto-aiming/install/vision_msgs/share/ament_index/resource_index/parent_prefix_path/vision_msgs
[10.685s] -- Symlinking: /home/purduerm/ros2-ws/auto-aiming/install/vision_msgs/share/vision_msgs/environment/ament_prefix_path.sh
[10.691s] -- Symlinking: /home/purduerm/ros2-ws/auto-aiming/install/vision_msgs/share/vision_msgs/environment/ament_prefix_path.dsv
[10.697s] -- Symlinking: /home/purduerm/ros2-ws/auto-aiming/install/vision_msgs/share/vision_msgs/environment/path.sh
[10.703s] -- Symlinking: /home/purduerm/ros2-ws/auto-aiming/install/vision_msgs/share/vision_msgs/environment/path.dsv
[10.709s] -- Symlinking: /home/purduerm/ros2-ws/auto-aiming/install/vision_msgs/share/vision_msgs/local_setup.bash
[10.714s] -- Symlinking: /home/purduerm/ros2-ws/auto-aiming/install/vision_msgs/share/vision_msgs/local_setup.sh
[10.722s] -- Symlinking: /home/purduerm/ros2-ws/auto-aiming/install/vision_msgs/share/vision_msgs/local_setup.zsh
[10.728s] -- Symlinking: /home/purduerm/ros2-ws/auto-aiming/install/vision_msgs/share/vision_msgs/local_setup.dsv
[10.735s] -- Symlinking: /home/purduerm/ros2-ws/auto-aiming/install/vision_msgs/share/vision_msgs/package.dsv
[10.741s] -- Symlinking: /home/purduerm/ros2-ws/auto-aiming/install/vision_msgs/share/ament_index/resource_index/packages/vision_msgs
[10.748s] -- Symlinking: /home/purduerm/ros2-ws/auto-aiming/install/vision_msgs/share/vision_msgs/cmake/rosidl_cmake-extras.cmake
[10.754s] -- Symlinking: /home/purduerm/ros2-ws/auto-aiming/install/vision_msgs/share/vision_msgs/cmake/ament_cmake_export_dependencies-extras.cmake
[10.760s] -- Symlinking: /home/purduerm/ros2-ws/auto-aiming/install/vision_msgs/share/vision_msgs/cmake/ament_cmake_export_libraries-extras.cmake
[10.767s] -- Symlinking: /home/purduerm/ros2-ws/auto-aiming/install/vision_msgs/share/vision_msgs/cmake/ament_cmake_export_targets-extras.cmake
[10.773s] -- Symlinking: /home/purduerm/ros2-ws/auto-aiming/install/vision_msgs/share/vision_msgs/cmake/ament_cmake_export_include_directories-extras.cmake
[10.779s] -- Symlinking: /home/purduerm/ros2-ws/auto-aiming/install/vision_msgs/share/vision_msgs/cmake/rosidl_cmake_export_typesupport_libraries-extras.cmake
[10.785s] -- Symlinking: /home/purduerm/ros2-ws/auto-aiming/install/vision_msgs/share/vision_msgs/cmake/rosidl_cmake_export_typesupport_targets-extras.cmake
[10.791s] -- Symlinking: /home/purduerm/ros2-ws/auto-aiming/install/vision_msgs/share/vision_msgs/cmake/vision_msgsConfig.cmake
[10.797s] -- Symlinking: /home/purduerm/ros2-ws/auto-aiming/install/vision_msgs/share/vision_msgs/cmake/vision_msgsConfig-version.cmake
[10.803s] -- Symlinking: /home/purduerm/ros2-ws/auto-aiming/install/vision_msgs/share/vision_msgs/package.xml
[10.809s] -- Installing: /home/purduerm/ros2-ws/auto-aiming/install/vision_msgs/lib/libvision_msgs__rosidl_generator_c.so
[10.809s] -- Set runtime path of "/home/purduerm/ros2-ws/auto-aiming/install/vision_msgs/lib/libvision_msgs__rosidl_generator_c.so" to ""
[10.809s] -- Installing: /home/purduerm/ros2-ws/auto-aiming/install/vision_msgs/lib/libvision_msgs__rosidl_typesupport_introspection_c.so
[10.810s] -- Set runtime path of "/home/purduerm/ros2-ws/auto-aiming/install/vision_msgs/lib/libvision_msgs__rosidl_typesupport_introspection_c.so" to ""
[10.810s] -- Installing: /home/purduerm/ros2-ws/auto-aiming/install/vision_msgs/lib/libvision_msgs__rosidl_typesupport_c.so
[10.810s] -- Set runtime path of "/home/purduerm/ros2-ws/auto-aiming/install/vision_msgs/lib/libvision_msgs__rosidl_typesupport_c.so" to ""
[10.810s] -- Installing: /home/purduerm/ros2-ws/auto-aiming/install/vision_msgs/lib/libvision_msgs__rosidl_typesupport_introspection_cpp.so
[10.811s] -- Set runtime path of "/home/purduerm/ros2-ws/auto-aiming/install/vision_msgs/lib/libvision_msgs__rosidl_typesupport_introspection_cpp.so" to ""
[10.811s] -- Installing: /home/purduerm/ros2-ws/auto-aiming/install/vision_msgs/lib/libvision_msgs__rosidl_typesupport_cpp.so
[10.811s] -- Set runtime path of "/home/purduerm/ros2-ws/auto-aiming/install/vision_msgs/lib/libvision_msgs__rosidl_typesupport_cpp.so" to ""
[10.834s] Compiling '/home/purduerm/ros2-ws/auto-aiming/install/vision_msgs/lib/python3.8/site-packages/vision_msgs/__init__.py'...
[10.837s] -- Installing: /home/purduerm/ros2-ws/auto-aiming/install/vision_msgs/share/vision_msgs/cmake/vision_msgs__rosidl_generator_cExport.cmake
[10.837s] -- Installing: /home/purduerm/ros2-ws/auto-aiming/install/vision_msgs/share/vision_msgs/cmake/vision_msgs__rosidl_generator_cExport-release.cmake
[10.837s] -- Installing: /home/purduerm/ros2-ws/auto-aiming/install/vision_msgs/share/vision_msgs/cmake/vision_msgs__rosidl_typesupport_introspection_cExport.cmake
[10.837s] -- Installing: /home/purduerm/ros2-ws/auto-aiming/install/vision_msgs/share/vision_msgs/cmake/vision_msgs__rosidl_typesupport_introspection_cExport-release.cmake
[10.837s] -- Installing: /home/purduerm/ros2-ws/auto-aiming/install/vision_msgs/share/vision_msgs/cmake/vision_msgs__rosidl_typesupport_cExport.cmake
[10.837s] -- Installing: /home/purduerm/ros2-ws/auto-aiming/install/vision_msgs/share/vision_msgs/cmake/vision_msgs__rosidl_typesupport_cExport-release.cmake
[10.837s] -- Installing: /home/purduerm/ros2-ws/auto-aiming/install/vision_msgs/share/vision_msgs/cmake/vision_msgs__rosidl_generator_cppExport.cmake
[10.838s] -- Installing: /home/purduerm/ros2-ws/auto-aiming/install/vision_msgs/share/vision_msgs/cmake/vision_msgs__rosidl_typesupport_introspection_cppExport.cmake
[10.838s] -- Installing: /home/purduerm/ros2-ws/auto-aiming/install/vision_msgs/share/vision_msgs/cmake/vision_msgs__rosidl_typesupport_introspection_cppExport-release.cmake
[10.838s] -- Installing: /home/purduerm/ros2-ws/auto-aiming/install/vision_msgs/share/vision_msgs/cmake/vision_msgs__rosidl_typesupport_cppExport.cmake
[10.838s] -- Installing: /home/purduerm/ros2-ws/auto-aiming/install/vision_msgs/share/vision_msgs/cmake/vision_msgs__rosidl_typesupport_cppExport-release.cmake
[10.840s] Invoked command in '/home/purduerm/ros2-ws/auto-aiming/build/vision_msgs' returned '0': CMAKE_PREFIX_PATH=/opt/ros/foxy /usr/bin/cmake --install /home/purduerm/ros2-ws/auto-aiming/build/vision_msgs
