[0.009s] Invoking command in '/home/purduerm/ros2-ws/auto-aiming/build/prm_launch': AMENT_PREFIX_PATH=/home/purduerm/ros2-ws/auto-aiming/install/opencv_armor_detector:/home/purduerm/ros2-ws/auto-aiming/install/vision_msgs:${AMENT_PREFIX_PATH} CMAKE_PREFIX_PATH=/home/purduerm/ros2-ws/auto-aiming/install/opencv_armor_detector:/home/purduerm/ros2-ws/auto-aiming/install/vision_msgs:/opt/ros/foxy LD_LIBRARY_PATH=/home/purduerm/ros2-ws/auto-aiming/install/vision_msgs/lib:${LD_LIBRARY_PATH} PYTHONPATH=/home/purduerm/ros2-ws/auto-aiming/install/vision_msgs/lib/python3.8/site-packages:${PYTHONPATH} /usr/bin/cmake --build /home/purduerm/ros2-ws/auto-aiming/build/prm_launch -- -j12 -l12
[0.036s] Invoked command in '/home/purduerm/ros2-ws/auto-aiming/build/prm_launch' returned '0': AMENT_PREFIX_PATH=/home/purduerm/ros2-ws/auto-aiming/install/opencv_armor_detector:/home/purduerm/ros2-ws/auto-aiming/install/vision_msgs:${AMENT_PREFIX_PATH} CMAKE_PREFIX_PATH=/home/purduerm/ros2-ws/auto-aiming/install/opencv_armor_detector:/home/purduerm/ros2-ws/auto-aiming/install/vision_msgs:/opt/ros/foxy LD_LIBRARY_PATH=/home/purduerm/ros2-ws/auto-aiming/install/vision_msgs/lib:${LD_LIBRARY_PATH} PYTHONPATH=/home/purduerm/ros2-ws/auto-aiming/install/vision_msgs/lib/python3.8/site-packages:${PYTHONPATH} /usr/bin/cmake --build /home/purduerm/ros2-ws/auto-aiming/build/prm_launch -- -j12 -l12
[0.038s] Invoking command in '/home/purduerm/ros2-ws/auto-aiming/build/prm_launch': AMENT_PREFIX_PATH=/home/purduerm/ros2-ws/auto-aiming/install/opencv_armor_detector:/home/purduerm/ros2-ws/auto-aiming/install/vision_msgs:${AMENT_PREFIX_PATH} CMAKE_PREFIX_PATH=/home/purduerm/ros2-ws/auto-aiming/install/opencv_armor_detector:/home/purduerm/ros2-ws/auto-aiming/install/vision_msgs:/opt/ros/foxy LD_LIBRARY_PATH=/home/purduerm/ros2-ws/auto-aiming/install/vision_msgs/lib:${LD_LIBRARY_PATH} PYTHONPATH=/home/purduerm/ros2-ws/auto-aiming/install/vision_msgs/lib/python3.8/site-packages:${PYTHONPATH} /usr/bin/cmake --install /home/purduerm/ros2-ws/auto-aiming/build/prm_launch
[0.043s] -- Install configuration: "Release"
[0.044s] -- Execute custom install script
[0.044s] -- Up-to-date symlink: /home/purduerm/ros2-ws/auto-aiming/install/prm_launch/share/prm_launch/launch/mv2control.py
[0.044s] -- Up-to-date symlink: /home/purduerm/ros2-ws/auto-aiming/install/prm_launch/share/prm_launch/launch/mv2detector.py
[0.044s] -- Up-to-date symlink: /home/purduerm/ros2-ws/auto-aiming/install/prm_launch/share/prm_launch/launch/video2detector.py
[0.045s] -- Up-to-date symlink: /home/purduerm/ros2-ws/auto-aiming/install/prm_launch/share/prm_launch/config/mv_red_bidc.yaml
[0.045s] -- Up-to-date symlink: /home/purduerm/ros2-ws/auto-aiming/install/prm_launch/share/prm_launch/config/opencv_armor_detector_red_bidc.yaml
[0.045s] -- Up-to-date symlink: /home/purduerm/ros2-ws/auto-aiming/install/prm_launch/share/ament_index/resource_index/package_run_dependencies/prm_launch
[0.045s] -- Up-to-date symlink: /home/purduerm/ros2-ws/auto-aiming/install/prm_launch/share/ament_index/resource_index/parent_prefix_path/prm_launch
[0.045s] -- Up-to-date symlink: /home/purduerm/ros2-ws/auto-aiming/install/prm_launch/share/prm_launch/environment/ament_prefix_path.sh
[0.046s] -- Up-to-date symlink: /home/purduerm/ros2-ws/auto-aiming/install/prm_launch/share/prm_launch/environment/ament_prefix_path.dsv
[0.046s] -- Up-to-date symlink: /home/purduerm/ros2-ws/auto-aiming/install/prm_launch/share/prm_launch/environment/path.sh
[0.046s] -- Up-to-date symlink: /home/purduerm/ros2-ws/auto-aiming/install/prm_launch/share/prm_launch/environment/path.dsv
[0.046s] -- Up-to-date symlink: /home/purduerm/ros2-ws/auto-aiming/install/prm_launch/share/prm_launch/local_setup.bash
[0.046s] -- Up-to-date symlink: /home/purduerm/ros2-ws/auto-aiming/install/prm_launch/share/prm_launch/local_setup.sh
[0.047s] -- Up-to-date symlink: /home/purduerm/ros2-ws/auto-aiming/install/prm_launch/share/prm_launch/local_setup.zsh
[0.047s] -- Up-to-date symlink: /home/purduerm/ros2-ws/auto-aiming/install/prm_launch/share/prm_launch/local_setup.dsv
[0.047s] -- Symlinking: /home/purduerm/ros2-ws/auto-aiming/install/prm_launch/share/prm_launch/package.dsv
[0.054s] -- Up-to-date symlink: /home/purduerm/ros2-ws/auto-aiming/install/prm_launch/share/ament_index/resource_index/packages/prm_launch
[0.054s] -- Up-to-date symlink: /home/purduerm/ros2-ws/auto-aiming/install/prm_launch/share/prm_launch/cmake/prm_launchConfig.cmake
[0.054s] -- Up-to-date symlink: /home/purduerm/ros2-ws/auto-aiming/install/prm_launch/share/prm_launch/cmake/prm_launchConfig-version.cmake
[0.054s] -- Up-to-date symlink: /home/purduerm/ros2-ws/auto-aiming/install/prm_launch/share/prm_launch/package.xml
[0.056s] Invoked command in '/home/purduerm/ros2-ws/auto-aiming/build/prm_launch' returned '0': AMENT_PREFIX_PATH=/home/purduerm/ros2-ws/auto-aiming/install/opencv_armor_detector:/home/purduerm/ros2-ws/auto-aiming/install/vision_msgs:${AMENT_PREFIX_PATH} CMAKE_PREFIX_PATH=/home/purduerm/ros2-ws/auto-aiming/install/opencv_armor_detector:/home/purduerm/ros2-ws/auto-aiming/install/vision_msgs:/opt/ros/foxy LD_LIBRARY_PATH=/home/purduerm/ros2-ws/auto-aiming/install/vision_msgs/lib:${LD_LIBRARY_PATH} PYTHONPATH=/home/purduerm/ros2-ws/auto-aiming/install/vision_msgs/lib/python3.8/site-packages:${PYTHONPATH} /usr/bin/cmake --install /home/purduerm/ros2-ws/auto-aiming/build/prm_launch
