[0.022s] Invoking command in '/home/purduerm/ros2-ws/auto-aiming/build/vision_msgs': CMAKE_PREFIX_PATH=/opt/ros/foxy /usr/bin/cmake --build /home/purduerm/ros2-ws/auto-aiming/build/vision_msgs -- -j12 -l12
[0.063s] [  2%] Built target vision_msgs__cpp
[0.063s] [ 12%] Built target vision_msgs__rosidl_generator_c
[0.080s] [ 27%] Built target vision_msgs__rosidl_typesupport_c
[0.080s] [ 34%] Built target vision_msgs__rosidl_typesupport_introspection_c
[0.080s] [ 44%] Built target vision_msgs__rosidl_typesupport_introspection_cpp
[0.099s] [ 55%] Built target vision_msgs__rosidl_typesupport_cpp
[0.103s] [ 65%] Built target vision_msgs__rosidl_typesupport_fastrtps_cpp
[0.124s] [ 76%] Built target vision_msgs__rosidl_typesupport_fastrtps_c
[0.138s] [ 76%] Built target vision_msgs
[0.154s] [ 78%] Built target vision_msgs__py
[0.176s] [ 87%] Built target vision_msgs__python
[0.196s] [ 95%] Built target vision_msgs__rosidl_typesupport_introspection_c__pyext
[0.196s] [ 95%] Built target vision_msgs__rosidl_typesupport_fastrtps_c__pyext
[0.196s] [100%] Built target vision_msgs__rosidl_typesupport_c__pyext
[0.204s] Invoked command in '/home/purduerm/ros2-ws/auto-aiming/build/vision_msgs' returned '0': CMAKE_PREFIX_PATH=/opt/ros/foxy /usr/bin/cmake --build /home/purduerm/ros2-ws/auto-aiming/build/vision_msgs -- -j12 -l12
[0.206s] Invoking command in '/home/purduerm/ros2-ws/auto-aiming/build/vision_msgs': CMAKE_PREFIX_PATH=/opt/ros/foxy /usr/bin/cmake --install /home/purduerm/ros2-ws/auto-aiming/build/vision_msgs
[0.213s] -- Install configuration: "Release"
[0.213s] -- Execute custom install script
[0.214s] -- Up-to-date symlink: /home/purduerm/ros2-ws/auto-aiming/install/vision_msgs/share/ament_index/resource_index/rosidl_interfaces/vision_msgs
[0.214s] -- Up-to-date symlink: /home/purduerm/ros2-ws/auto-aiming/install/vision_msgs/include/vision_msgs/msg/detail/key_points__functions.h
[0.214s] -- Up-to-date symlink: /home/purduerm/ros2-ws/auto-aiming/install/vision_msgs/include/vision_msgs/msg/detail/key_points__struct.h
[0.214s] -- Up-to-date symlink: /home/purduerm/ros2-ws/auto-aiming/install/vision_msgs/include/vision_msgs/msg/detail/key_points__type_support.h
[0.215s] -- Up-to-date symlink: /home/purduerm/ros2-ws/auto-aiming/install/vision_msgs/include/vision_msgs/msg/detail/predicted_armor__functions.h
[0.215s] -- Up-to-date symlink: /home/purduerm/ros2-ws/auto-aiming/install/vision_msgs/include/vision_msgs/msg/detail/predicted_armor__struct.h
[0.215s] -- Up-to-date symlink: /home/purduerm/ros2-ws/auto-aiming/install/vision_msgs/include/vision_msgs/msg/detail/predicted_armor__type_support.h
[0.215s] -- Up-to-date symlink: /home/purduerm/ros2-ws/auto-aiming/install/vision_msgs/include/vision_msgs/msg/detail/yaw_pitch__functions.h
[0.215s] -- Up-to-date symlink: /home/purduerm/ros2-ws/auto-aiming/install/vision_msgs/include/vision_msgs/msg/detail/yaw_pitch__struct.h
[0.215s] -- Up-to-date symlink: /home/purduerm/ros2-ws/auto-aiming/install/vision_msgs/include/vision_msgs/msg/detail/yaw_pitch__type_support.h
[0.215s] -- Up-to-date symlink: /home/purduerm/ros2-ws/auto-aiming/install/vision_msgs/include/vision_msgs/msg/key_points.h
[0.216s] -- Up-to-date symlink: /home/purduerm/ros2-ws/auto-aiming/install/vision_msgs/include/vision_msgs/msg/predicted_armor.h
[0.216s] -- Up-to-date symlink: /home/purduerm/ros2-ws/auto-aiming/install/vision_msgs/include/vision_msgs/msg/rosidl_generator_c__visibility_control.h
[0.216s] -- Up-to-date symlink: /home/purduerm/ros2-ws/auto-aiming/install/vision_msgs/include/vision_msgs/msg/yaw_pitch.h
[0.216s] -- Up-to-date symlink: /home/purduerm/ros2-ws/auto-aiming/install/vision_msgs/share/vision_msgs/environment/library_path.sh
[0.216s] -- Up-to-date symlink: /home/purduerm/ros2-ws/auto-aiming/install/vision_msgs/share/vision_msgs/environment/library_path.dsv
[0.217s] -- Up-to-date symlink: /home/purduerm/ros2-ws/auto-aiming/install/vision_msgs/include/vision_msgs/msg/detail/key_points__rosidl_typesupport_fastrtps_c.h
[0.217s] -- Up-to-date symlink: /home/purduerm/ros2-ws/auto-aiming/install/vision_msgs/include/vision_msgs/msg/detail/predicted_armor__rosidl_typesupport_fastrtps_c.h
[0.217s] -- Up-to-date symlink: /home/purduerm/ros2-ws/auto-aiming/install/vision_msgs/include/vision_msgs/msg/detail/yaw_pitch__rosidl_typesupport_fastrtps_c.h
[0.217s] -- Up-to-date symlink: /home/purduerm/ros2-ws/auto-aiming/install/vision_msgs/include/vision_msgs/msg/rosidl_typesupport_fastrtps_c__visibility_control.h
[0.217s] -- Up-to-date symlink: /home/purduerm/ros2-ws/auto-aiming/install/vision_msgs/lib/libvision_msgs__rosidl_typesupport_fastrtps_c.so
[0.218s] -- Up-to-date symlink: /home/purduerm/ros2-ws/auto-aiming/install/vision_msgs/include/vision_msgs/msg/detail/key_points__rosidl_typesupport_fastrtps_cpp.hpp
[0.218s] -- Up-to-date symlink: /home/purduerm/ros2-ws/auto-aiming/install/vision_msgs/include/vision_msgs/msg/detail/predicted_armor__rosidl_typesupport_fastrtps_cpp.hpp
[0.218s] -- Up-to-date symlink: /home/purduerm/ros2-ws/auto-aiming/install/vision_msgs/include/vision_msgs/msg/detail/yaw_pitch__rosidl_typesupport_fastrtps_cpp.hpp
[0.218s] -- Up-to-date symlink: /home/purduerm/ros2-ws/auto-aiming/install/vision_msgs/include/vision_msgs/msg/rosidl_typesupport_fastrtps_cpp__visibility_control.h
[0.219s] -- Up-to-date symlink: /home/purduerm/ros2-ws/auto-aiming/install/vision_msgs/lib/libvision_msgs__rosidl_typesupport_fastrtps_cpp.so
[0.219s] -- Up-to-date symlink: /home/purduerm/ros2-ws/auto-aiming/install/vision_msgs/include/vision_msgs/msg/detail/key_points__rosidl_typesupport_introspection_c.h
[0.219s] -- Up-to-date symlink: /home/purduerm/ros2-ws/auto-aiming/install/vision_msgs/include/vision_msgs/msg/detail/predicted_armor__rosidl_typesupport_introspection_c.h
[0.219s] -- Up-to-date symlink: /home/purduerm/ros2-ws/auto-aiming/install/vision_msgs/include/vision_msgs/msg/detail/yaw_pitch__rosidl_typesupport_introspection_c.h
[0.219s] -- Up-to-date symlink: /home/purduerm/ros2-ws/auto-aiming/install/vision_msgs/include/vision_msgs/msg/rosidl_typesupport_introspection_c__visibility_control.h
[0.220s] -- Up-to-date symlink: /home/purduerm/ros2-ws/auto-aiming/install/vision_msgs/include/vision_msgs/msg/detail/key_points__builder.hpp
[0.220s] -- Up-to-date symlink: /home/purduerm/ros2-ws/auto-aiming/install/vision_msgs/include/vision_msgs/msg/detail/key_points__struct.hpp
[0.221s] -- Up-to-date symlink: /home/purduerm/ros2-ws/auto-aiming/install/vision_msgs/include/vision_msgs/msg/detail/key_points__traits.hpp
[0.221s] -- Up-to-date symlink: /home/purduerm/ros2-ws/auto-aiming/install/vision_msgs/include/vision_msgs/msg/detail/key_points__type_support.hpp
[0.221s] -- Up-to-date symlink: /home/purduerm/ros2-ws/auto-aiming/install/vision_msgs/include/vision_msgs/msg/detail/predicted_armor__builder.hpp
[0.221s] -- Up-to-date symlink: /home/purduerm/ros2-ws/auto-aiming/install/vision_msgs/include/vision_msgs/msg/detail/predicted_armor__struct.hpp
[0.221s] -- Up-to-date symlink: /home/purduerm/ros2-ws/auto-aiming/install/vision_msgs/include/vision_msgs/msg/detail/predicted_armor__traits.hpp
[0.221s] -- Up-to-date symlink: /home/purduerm/ros2-ws/auto-aiming/install/vision_msgs/include/vision_msgs/msg/detail/predicted_armor__type_support.hpp
[0.221s] -- Up-to-date symlink: /home/purduerm/ros2-ws/auto-aiming/install/vision_msgs/include/vision_msgs/msg/detail/yaw_pitch__builder.hpp
[0.222s] -- Up-to-date symlink: /home/purduerm/ros2-ws/auto-aiming/install/vision_msgs/include/vision_msgs/msg/detail/yaw_pitch__struct.hpp
[0.222s] -- Up-to-date symlink: /home/purduerm/ros2-ws/auto-aiming/install/vision_msgs/include/vision_msgs/msg/detail/yaw_pitch__traits.hpp
[0.222s] -- Up-to-date symlink: /home/purduerm/ros2-ws/auto-aiming/install/vision_msgs/include/vision_msgs/msg/detail/yaw_pitch__type_support.hpp
[0.222s] -- Up-to-date symlink: /home/purduerm/ros2-ws/auto-aiming/install/vision_msgs/include/vision_msgs/msg/key_points.hpp
[0.222s] -- Up-to-date symlink: /home/purduerm/ros2-ws/auto-aiming/install/vision_msgs/include/vision_msgs/msg/predicted_armor.hpp
[0.222s] -- Up-to-date symlink: /home/purduerm/ros2-ws/auto-aiming/install/vision_msgs/include/vision_msgs/msg/rosidl_generator_cpp__visibility_control.hpp
[0.222s] -- Up-to-date symlink: /home/purduerm/ros2-ws/auto-aiming/install/vision_msgs/include/vision_msgs/msg/yaw_pitch.hpp
[0.223s] -- Up-to-date symlink: /home/purduerm/ros2-ws/auto-aiming/install/vision_msgs/include/vision_msgs/msg/detail/key_points__rosidl_typesupport_introspection_cpp.hpp
[0.223s] -- Up-to-date symlink: /home/purduerm/ros2-ws/auto-aiming/install/vision_msgs/include/vision_msgs/msg/detail/predicted_armor__rosidl_typesupport_introspection_cpp.hpp
[0.223s] -- Up-to-date symlink: /home/purduerm/ros2-ws/auto-aiming/install/vision_msgs/include/vision_msgs/msg/detail/yaw_pitch__rosidl_typesupport_introspection_cpp.hpp
[0.223s] -- Up-to-date symlink: /home/purduerm/ros2-ws/auto-aiming/install/vision_msgs/share/vision_msgs/environment/pythonpath.sh
[0.223s] -- Up-to-date symlink: /home/purduerm/ros2-ws/auto-aiming/install/vision_msgs/share/vision_msgs/environment/pythonpath.dsv
[0.224s] -- Up-to-date symlink: /home/purduerm/ros2-ws/auto-aiming/install/vision_msgs/lib/python3.8/site-packages/vision_msgs/__init__.py
[0.224s] -- Up-to-date symlink: /home/purduerm/ros2-ws/auto-aiming/install/vision_msgs/lib/python3.8/site-packages/vision_msgs/msg/__init__.py
[0.224s] -- Up-to-date symlink: /home/purduerm/ros2-ws/auto-aiming/install/vision_msgs/lib/python3.8/site-packages/vision_msgs/msg/_key_points.py
[0.224s] -- Up-to-date symlink: /home/purduerm/ros2-ws/auto-aiming/install/vision_msgs/lib/python3.8/site-packages/vision_msgs/msg/_predicted_armor.py
[0.224s] -- Up-to-date symlink: /home/purduerm/ros2-ws/auto-aiming/install/vision_msgs/lib/python3.8/site-packages/vision_msgs/msg/_yaw_pitch.py
[0.225s] -- Up-to-date symlink: /home/purduerm/ros2-ws/auto-aiming/install/vision_msgs/lib/python3.8/site-packages/vision_msgs/vision_msgs_s__rosidl_typesupport_fastrtps_c.cpython-38-x86_64-linux-gnu.so
[0.225s] -- Up-to-date symlink: /home/purduerm/ros2-ws/auto-aiming/install/vision_msgs/lib/python3.8/site-packages/vision_msgs/vision_msgs_s__rosidl_typesupport_introspection_c.cpython-38-x86_64-linux-gnu.so
[0.225s] -- Up-to-date symlink: /home/purduerm/ros2-ws/auto-aiming/install/vision_msgs/lib/python3.8/site-packages/vision_msgs/vision_msgs_s__rosidl_typesupport_c.cpython-38-x86_64-linux-gnu.so
[0.226s] -- Up-to-date symlink: /home/purduerm/ros2-ws/auto-aiming/install/vision_msgs/lib/libvision_msgs__python.so
[0.226s] -- Up-to-date symlink: /home/purduerm/ros2-ws/auto-aiming/install/vision_msgs/share/vision_msgs/msg/KeyPoints.idl
[0.226s] -- Up-to-date symlink: /home/purduerm/ros2-ws/auto-aiming/install/vision_msgs/share/vision_msgs/msg/YawPitch.idl
[0.226s] -- Up-to-date symlink: /home/purduerm/ros2-ws/auto-aiming/install/vision_msgs/share/vision_msgs/msg/PredictedArmor.idl
[0.226s] -- Up-to-date symlink: /home/purduerm/ros2-ws/auto-aiming/install/vision_msgs/share/vision_msgs/msg/KeyPoints.msg
[0.227s] -- Up-to-date symlink: /home/purduerm/ros2-ws/auto-aiming/install/vision_msgs/share/vision_msgs/msg/YawPitch.msg
[0.227s] -- Up-to-date symlink: /home/purduerm/ros2-ws/auto-aiming/install/vision_msgs/share/vision_msgs/msg/PredictedArmor.msg
[0.227s] -- Up-to-date symlink: /home/purduerm/ros2-ws/auto-aiming/install/vision_msgs/share/ament_index/resource_index/package_run_dependencies/vision_msgs
[0.227s] -- Up-to-date symlink: /home/purduerm/ros2-ws/auto-aiming/install/vision_msgs/share/ament_index/resource_index/parent_prefix_path/vision_msgs
[0.227s] -- Up-to-date symlink: /home/purduerm/ros2-ws/auto-aiming/install/vision_msgs/share/vision_msgs/environment/ament_prefix_path.sh
[0.228s] -- Up-to-date symlink: /home/purduerm/ros2-ws/auto-aiming/install/vision_msgs/share/vision_msgs/environment/ament_prefix_path.dsv
[0.228s] -- Up-to-date symlink: /home/purduerm/ros2-ws/auto-aiming/install/vision_msgs/share/vision_msgs/environment/path.sh
[0.228s] -- Up-to-date symlink: /home/purduerm/ros2-ws/auto-aiming/install/vision_msgs/share/vision_msgs/environment/path.dsv
[0.228s] -- Up-to-date symlink: /home/purduerm/ros2-ws/auto-aiming/install/vision_msgs/share/vision_msgs/local_setup.bash
[0.228s] -- Up-to-date symlink: /home/purduerm/ros2-ws/auto-aiming/install/vision_msgs/share/vision_msgs/local_setup.sh
[0.229s] -- Up-to-date symlink: /home/purduerm/ros2-ws/auto-aiming/install/vision_msgs/share/vision_msgs/local_setup.zsh
[0.229s] -- Up-to-date symlink: /home/purduerm/ros2-ws/auto-aiming/install/vision_msgs/share/vision_msgs/local_setup.dsv
[0.229s] -- Symlinking: /home/purduerm/ros2-ws/auto-aiming/install/vision_msgs/share/vision_msgs/package.dsv
[0.235s] -- Up-to-date symlink: /home/purduerm/ros2-ws/auto-aiming/install/vision_msgs/share/ament_index/resource_index/packages/vision_msgs
[0.235s] -- Up-to-date symlink: /home/purduerm/ros2-ws/auto-aiming/install/vision_msgs/share/vision_msgs/cmake/rosidl_cmake-extras.cmake
[0.236s] -- Up-to-date symlink: /home/purduerm/ros2-ws/auto-aiming/install/vision_msgs/share/vision_msgs/cmake/ament_cmake_export_dependencies-extras.cmake
[0.236s] -- Up-to-date symlink: /home/purduerm/ros2-ws/auto-aiming/install/vision_msgs/share/vision_msgs/cmake/ament_cmake_export_libraries-extras.cmake
[0.236s] -- Up-to-date symlink: /home/purduerm/ros2-ws/auto-aiming/install/vision_msgs/share/vision_msgs/cmake/ament_cmake_export_targets-extras.cmake
[0.236s] -- Up-to-date symlink: /home/purduerm/ros2-ws/auto-aiming/install/vision_msgs/share/vision_msgs/cmake/ament_cmake_export_include_directories-extras.cmake
[0.236s] -- Up-to-date symlink: /home/purduerm/ros2-ws/auto-aiming/install/vision_msgs/share/vision_msgs/cmake/rosidl_cmake_export_typesupport_libraries-extras.cmake
[0.237s] -- Up-to-date symlink: /home/purduerm/ros2-ws/auto-aiming/install/vision_msgs/share/vision_msgs/cmake/rosidl_cmake_export_typesupport_targets-extras.cmake
[0.237s] -- Up-to-date symlink: /home/purduerm/ros2-ws/auto-aiming/install/vision_msgs/share/vision_msgs/cmake/vision_msgsConfig.cmake
[0.237s] -- Up-to-date symlink: /home/purduerm/ros2-ws/auto-aiming/install/vision_msgs/share/vision_msgs/cmake/vision_msgsConfig-version.cmake
[0.237s] -- Up-to-date symlink: /home/purduerm/ros2-ws/auto-aiming/install/vision_msgs/share/vision_msgs/package.xml
[0.237s] -- Up-to-date: /home/purduerm/ros2-ws/auto-aiming/install/vision_msgs/lib/libvision_msgs__rosidl_generator_c.so
[0.238s] -- Up-to-date: /home/purduerm/ros2-ws/auto-aiming/install/vision_msgs/lib/libvision_msgs__rosidl_typesupport_introspection_c.so
[0.238s] -- Up-to-date: /home/purduerm/ros2-ws/auto-aiming/install/vision_msgs/lib/libvision_msgs__rosidl_typesupport_c.so
[0.238s] -- Up-to-date: /home/purduerm/ros2-ws/auto-aiming/install/vision_msgs/lib/libvision_msgs__rosidl_typesupport_introspection_cpp.so
[0.238s] -- Up-to-date: /home/purduerm/ros2-ws/auto-aiming/install/vision_msgs/lib/libvision_msgs__rosidl_typesupport_cpp.so
[0.263s] -- Up-to-date: /home/purduerm/ros2-ws/auto-aiming/install/vision_msgs/share/vision_msgs/cmake/vision_msgs__rosidl_generator_cExport.cmake
[0.263s] -- Up-to-date: /home/purduerm/ros2-ws/auto-aiming/install/vision_msgs/share/vision_msgs/cmake/vision_msgs__rosidl_generator_cExport-release.cmake
[0.263s] -- Up-to-date: /home/purduerm/ros2-ws/auto-aiming/install/vision_msgs/share/vision_msgs/cmake/vision_msgs__rosidl_typesupport_introspection_cExport.cmake
[0.263s] -- Up-to-date: /home/purduerm/ros2-ws/auto-aiming/install/vision_msgs/share/vision_msgs/cmake/vision_msgs__rosidl_typesupport_introspection_cExport-release.cmake
[0.264s] -- Up-to-date: /home/purduerm/ros2-ws/auto-aiming/install/vision_msgs/share/vision_msgs/cmake/vision_msgs__rosidl_typesupport_cExport.cmake
[0.264s] -- Up-to-date: /home/purduerm/ros2-ws/auto-aiming/install/vision_msgs/share/vision_msgs/cmake/vision_msgs__rosidl_typesupport_cExport-release.cmake
[0.264s] -- Up-to-date: /home/purduerm/ros2-ws/auto-aiming/install/vision_msgs/share/vision_msgs/cmake/vision_msgs__rosidl_generator_cppExport.cmake
[0.264s] -- Up-to-date: /home/purduerm/ros2-ws/auto-aiming/install/vision_msgs/share/vision_msgs/cmake/vision_msgs__rosidl_typesupport_introspection_cppExport.cmake
[0.264s] -- Up-to-date: /home/purduerm/ros2-ws/auto-aiming/install/vision_msgs/share/vision_msgs/cmake/vision_msgs__rosidl_typesupport_introspection_cppExport-release.cmake
[0.264s] -- Up-to-date: /home/purduerm/ros2-ws/auto-aiming/install/vision_msgs/share/vision_msgs/cmake/vision_msgs__rosidl_typesupport_cppExport.cmake
[0.264s] -- Up-to-date: /home/purduerm/ros2-ws/auto-aiming/install/vision_msgs/share/vision_msgs/cmake/vision_msgs__rosidl_typesupport_cppExport-release.cmake
[0.266s] Invoked command in '/home/purduerm/ros2-ws/auto-aiming/build/vision_msgs' returned '0': CMAKE_PREFIX_PATH=/opt/ros/foxy /usr/bin/cmake --install /home/purduerm/ros2-ws/auto-aiming/build/vision_msgs
