[0.048s] Invoking command in '/home/user-accounts/lee4649/auto-aiming/build/vision_msgs': CMAKE_PREFIX_PATH=/opt/ros/foxy /usr/bin/cmake /home/user-accounts/lee4649/auto-aiming/src/prm_vision/vision_msgs -DCMAKE_BUILD_TYPE=Release -DCMAKE_CXX_FLAGS_RELEASE=-O3 -DPYTHON_EXECUTABLE=/usr/bin/python3.8 -DAMENT_CMAKE_SYMLINK_INSTALL=1 -DCMAKE_INSTALL_PREFIX=/home/user-accounts/lee4649/auto-aiming/install/vision_msgs
[0.144s] -- The C compiler identification is GNU 9.4.0
[0.227s] -- The CXX compiler identification is GNU 9.4.0
[0.233s] -- Check for working C compiler: /usr/bin/cc
[0.346s] -- Check for working C compiler: /usr/bin/cc -- works
[0.347s] -- Detecting C compiler ABI info
[0.457s] -- Detecting C compiler ABI info - done
[0.472s] -- Detecting C compile features
[0.472s] -- Detecting C compile features - done
[0.477s] -- Check for working CXX compiler: /usr/bin/c++
[0.604s] -- Check for working CXX compiler: /usr/bin/c++ -- works
[0.606s] -- Detecting CXX compiler ABI info
[0.735s] -- Detecting CXX compiler ABI info - done
[0.750s] -- Detecting CXX compile features
[0.750s] -- Detecting CXX compile features - done
[0.754s] -- Found ament_cmake: 0.9.12 (/opt/ros/foxy/share/ament_cmake/cmake)
[0.796s] -- Found PythonInterp: /usr/bin/python3.8 (found suitable version "3.8.10", minimum required is "3") 
[0.797s] -- Using PYTHON_EXECUTABLE: /usr/bin/python3.8
[1.120s] -- Override CMake install command with custom implementation using symlinks instead of copying resources
[1.155s] -- Found rosidl_default_generators: 1.0.1 (/opt/ros/foxy/share/rosidl_default_generators/cmake)
[1.160s] -- Using all available rosidl_typesupport_c: rosidl_typesupport_fastrtps_c;rosidl_typesupport_introspection_c
[1.171s] -- Found rosidl_adapter: 1.3.1 (/opt/ros/foxy/share/rosidl_adapter/cmake)
[1.344s] -- Found OpenSSL: /usr/lib/aarch64-linux-gnu/libcrypto.so (found version "1.1.1f")  
[1.393s] -- Found FastRTPS: /opt/ros/foxy/include  
[1.521s] -- Using all available rosidl_typesupport_cpp: rosidl_typesupport_fastrtps_cpp;rosidl_typesupport_introspection_cpp
[1.563s] -- Found geometry_msgs: 2.0.5 (/opt/ros/foxy/share/geometry_msgs/cmake)
[1.712s] -- Found PythonInterp: /usr/bin/python3.8 (found version "3.8.10") 
[2.035s] -- Found ament_cmake_ros: 0.9.2 (/opt/ros/foxy/share/ament_cmake_ros/cmake)
[2.403s] -- Using all available rosidl_typesupport_c: rosidl_typesupport_fastrtps_c;rosidl_typesupport_introspection_c
[2.559s] -- Using all available rosidl_typesupport_cpp: rosidl_typesupport_fastrtps_cpp;rosidl_typesupport_introspection_cpp
[2.599s] -- Found PythonInterp: /usr/bin/python3.8 (found suitable version "3.8.10", minimum required is "3.5") 
[2.601s] -- Found python_cmake_module: 0.8.1 (/opt/ros/foxy/share/python_cmake_module/cmake)
[2.644s] -- Found PythonLibs: /usr/lib/aarch64-linux-gnu/libpython3.8.so (found suitable version "3.8.10", minimum required is "3.5") 
[2.645s] -- Using PYTHON_EXECUTABLE: /usr/bin/python3.8
[2.645s] -- Using PYTHON_INCLUDE_DIRS: /usr/include/python3.8
[2.645s] -- Using PYTHON_LIBRARIES: /usr/lib/aarch64-linux-gnu/libpython3.8.so
[2.685s] -- Found PythonExtra: .so  
[2.828s] -- Configuring done
[2.922s] -- Generating done
[2.927s] -- Build files have been written to: /home/user-accounts/lee4649/auto-aiming/build/vision_msgs
[2.945s] Invoked command in '/home/user-accounts/lee4649/auto-aiming/build/vision_msgs' returned '0': CMAKE_PREFIX_PATH=/opt/ros/foxy /usr/bin/cmake /home/user-accounts/lee4649/auto-aiming/src/prm_vision/vision_msgs -DCMAKE_BUILD_TYPE=Release -DCMAKE_CXX_FLAGS_RELEASE=-O3 -DPYTHON_EXECUTABLE=/usr/bin/python3.8 -DAMENT_CMAKE_SYMLINK_INSTALL=1 -DCMAKE_INSTALL_PREFIX=/home/user-accounts/lee4649/auto-aiming/install/vision_msgs
[2.949s] Invoking command in '/home/user-accounts/lee4649/auto-aiming/build/vision_msgs': CMAKE_PREFIX_PATH=/opt/ros/foxy /usr/bin/cmake --build /home/user-accounts/lee4649/auto-aiming/build/vision_msgs -- -j8 -l8
[3.014s] [  1%] [34m[1mGenerating C code for ROS interfaces[0m
[3.014s] [35m[1mScanning dependencies of target vision_msgs__cpp[0m
[3.034s] [  3%] [34m[1mGenerating C++ code for ROS interfaces[0m
[3.936s] [  3%] Built target vision_msgs__cpp
[3.961s] [  5%] [34m[1mGenerating C++ type support for eProsima Fast-RTPS[0m
[3.970s] [  7%] [34m[1mGenerating C++ type support dispatch for ROS interfaces[0m
[3.974s] [  9%] [34m[1mGenerating C++ introspection for ROS interfaces[0m
[3.978s] [35m[1mScanning dependencies of target vision_msgs__rosidl_generator_c[0m
[4.006s] [ 10%] [32mBuilding C object CMakeFiles/vision_msgs__rosidl_generator_c.dir/rosidl_generator_c/vision_msgs/msg/detail/key_points__functions.c.o[0m
[4.025s] [ 12%] [32mBuilding C object CMakeFiles/vision_msgs__rosidl_generator_c.dir/rosidl_generator_c/vision_msgs/msg/detail/key_point_groups__functions.c.o[0m
[4.042s] [ 16%] [32mBuilding C object CMakeFiles/vision_msgs__rosidl_generator_c.dir/rosidl_generator_c/vision_msgs/msg/detail/predicted_armor__functions.c.o[0m
[4.042s] [ 16%] [32mBuilding C object CMakeFiles/vision_msgs__rosidl_generator_c.dir/rosidl_generator_c/vision_msgs/msg/detail/yaw_pitch__functions.c.o[0m
[4.335s] [ 18%] [32m[1mLinking C shared library libvision_msgs__rosidl_generator_c.so[0m
[4.398s] [ 18%] Built target vision_msgs__rosidl_generator_c
[4.417s] [ 21%] [34m[1mGenerating C type support dispatch for ROS interfaces[0m
[4.417s] [ 21%] [34m[1mGenerating C introspection for ROS interfaces[0m
[4.728s] [35m[1mScanning dependencies of target vision_msgs__rosidl_typesupport_cpp[0m
[4.761s] [ 23%] [32mBuilding CXX object CMakeFiles/vision_msgs__rosidl_typesupport_cpp.dir/rosidl_typesupport_cpp/vision_msgs/msg/key_point_groups__type_support.cpp.o[0m
[4.790s] [ 27%] [32mBuilding CXX object CMakeFiles/vision_msgs__rosidl_typesupport_cpp.dir/rosidl_typesupport_cpp/vision_msgs/msg/key_points__type_support.cpp.o[0m
[4.790s] [ 27%] [32mBuilding CXX object CMakeFiles/vision_msgs__rosidl_typesupport_cpp.dir/rosidl_typesupport_cpp/vision_msgs/msg/yaw_pitch__type_support.cpp.o[0m
[4.800s] [ 29%] [32mBuilding CXX object CMakeFiles/vision_msgs__rosidl_typesupport_cpp.dir/rosidl_typesupport_cpp/vision_msgs/msg/predicted_armor__type_support.cpp.o[0m
[4.971s] [35m[1mScanning dependencies of target vision_msgs__rosidl_typesupport_introspection_cpp[0m
[4.981s] [35m[1mScanning dependencies of target vision_msgs__rosidl_typesupport_fastrtps_cpp[0m
[5.011s] [ 30%] [32mBuilding CXX object CMakeFiles/vision_msgs__rosidl_typesupport_fastrtps_cpp.dir/rosidl_typesupport_fastrtps_cpp/vision_msgs/msg/detail/dds_fastrtps/key_point_groups__type_support.cpp.o[0m
[5.098s] [ 32%] [32mBuilding CXX object CMakeFiles/vision_msgs__rosidl_typesupport_introspection_cpp.dir/rosidl_typesupport_introspection_cpp/vision_msgs/msg/detail/key_point_groups__type_support.cpp.o[0m
[5.343s] [35m[1mScanning dependencies of target vision_msgs__rosidl_typesupport_c[0m
[5.446s] [ 34%] [32mBuilding CXX object CMakeFiles/vision_msgs__rosidl_typesupport_c.dir/rosidl_typesupport_c/vision_msgs/msg/key_point_groups__type_support.cpp.o[0m
[5.522s] [ 36%] [32mBuilding CXX object CMakeFiles/vision_msgs__rosidl_typesupport_c.dir/rosidl_typesupport_c/vision_msgs/msg/key_points__type_support.cpp.o[0m
[5.530s] [35m[1mScanning dependencies of target vision_msgs__rosidl_typesupport_introspection_c[0m
[5.575s] [ 38%] [32mBuilding CXX object CMakeFiles/vision_msgs__rosidl_typesupport_fastrtps_cpp.dir/rosidl_typesupport_fastrtps_cpp/vision_msgs/msg/detail/dds_fastrtps/key_points__type_support.cpp.o[0m
[5.583s] [ 40%] [32mBuilding CXX object CMakeFiles/vision_msgs__rosidl_typesupport_fastrtps_cpp.dir/rosidl_typesupport_fastrtps_cpp/vision_msgs/msg/detail/dds_fastrtps/yaw_pitch__type_support.cpp.o[0m
[5.587s] [ 41%] [32mBuilding CXX object CMakeFiles/vision_msgs__rosidl_typesupport_introspection_cpp.dir/rosidl_typesupport_introspection_cpp/vision_msgs/msg/detail/key_points__type_support.cpp.o[0m
[5.591s] [ 43%] [32mBuilding C object CMakeFiles/vision_msgs__rosidl_typesupport_introspection_c.dir/rosidl_typesupport_introspection_c/vision_msgs/msg/detail/key_point_groups__type_support.c.o[0m
[5.628s] [ 45%] [32mBuilding CXX object CMakeFiles/vision_msgs__rosidl_typesupport_c.dir/rosidl_typesupport_c/vision_msgs/msg/yaw_pitch__type_support.cpp.o[0m
[5.657s] [ 47%] [32m[1mLinking CXX shared library libvision_msgs__rosidl_typesupport_cpp.so[0m
[5.749s] [ 49%] [32mBuilding CXX object CMakeFiles/vision_msgs__rosidl_typesupport_c.dir/rosidl_typesupport_c/vision_msgs/msg/predicted_armor__type_support.cpp.o[0m
[5.789s] [ 50%] [32mBuilding C object CMakeFiles/vision_msgs__rosidl_typesupport_introspection_c.dir/rosidl_typesupport_introspection_c/vision_msgs/msg/detail/key_points__type_support.c.o[0m
[5.852s] [ 50%] Built target vision_msgs__rosidl_typesupport_cpp
[5.867s] [ 52%] [32m[1mLinking CXX shared library libvision_msgs__rosidl_typesupport_c.so[0m
[5.910s] [ 54%] [32mBuilding C object CMakeFiles/vision_msgs__rosidl_typesupport_introspection_c.dir/rosidl_typesupport_introspection_c/vision_msgs/msg/detail/yaw_pitch__type_support.c.o[0m
[5.938s] [ 58%] [32mBuilding C object CMakeFiles/vision_msgs__rosidl_typesupport_introspection_c.dir/rosidl_typesupport_introspection_c/vision_msgs/msg/detail/predicted_armor__type_support.c.o[0m
[5.940s] [ 58%] [32mBuilding CXX object CMakeFiles/vision_msgs__rosidl_typesupport_introspection_cpp.dir/rosidl_typesupport_introspection_cpp/vision_msgs/msg/detail/yaw_pitch__type_support.cpp.o[0m
[6.021s] [ 60%] [32mBuilding CXX object CMakeFiles/vision_msgs__rosidl_typesupport_fastrtps_cpp.dir/rosidl_typesupport_fastrtps_cpp/vision_msgs/msg/detail/dds_fastrtps/predicted_armor__type_support.cpp.o[0m
[6.065s] [ 60%] Built target vision_msgs__rosidl_typesupport_c
[6.117s] [ 61%] [32mBuilding CXX object CMakeFiles/vision_msgs__rosidl_typesupport_introspection_cpp.dir/rosidl_typesupport_introspection_cpp/vision_msgs/msg/detail/predicted_armor__type_support.cpp.o[0m
[6.184s] [ 63%] [32m[1mLinking C shared library libvision_msgs__rosidl_typesupport_introspection_c.so[0m
[6.316s] [ 63%] Built target vision_msgs__rosidl_typesupport_introspection_c
[6.830s] [ 65%] [32m[1mLinking CXX shared library libvision_msgs__rosidl_typesupport_introspection_cpp.so[0m
[6.843s] [ 67%] [32m[1mLinking CXX shared library libvision_msgs__rosidl_typesupport_fastrtps_cpp.so[0m
[6.970s] [ 67%] Built target vision_msgs__rosidl_typesupport_introspection_cpp
[7.005s] [ 67%] Built target vision_msgs__rosidl_typesupport_fastrtps_cpp
[7.023s] [ 69%] [34m[1mGenerating C type support for eProsima Fast-RTPS[0m
[7.812s] [35m[1mScanning dependencies of target vision_msgs__rosidl_typesupport_fastrtps_c[0m
[7.843s] [ 72%] [32mBuilding CXX object CMakeFiles/vision_msgs__rosidl_typesupport_fastrtps_c.dir/rosidl_typesupport_fastrtps_c/vision_msgs/msg/detail/key_points__type_support_c.cpp.o[0m
[7.844s] [ 72%] [32mBuilding CXX object CMakeFiles/vision_msgs__rosidl_typesupport_fastrtps_c.dir/rosidl_typesupport_fastrtps_c/vision_msgs/msg/detail/key_point_groups__type_support_c.cpp.o[0m
[7.848s] [ 74%] [32mBuilding CXX object CMakeFiles/vision_msgs__rosidl_typesupport_fastrtps_c.dir/rosidl_typesupport_fastrtps_c/vision_msgs/msg/detail/yaw_pitch__type_support_c.cpp.o[0m
[7.852s] [ 76%] [32mBuilding CXX object CMakeFiles/vision_msgs__rosidl_typesupport_fastrtps_c.dir/rosidl_typesupport_fastrtps_c/vision_msgs/msg/detail/predicted_armor__type_support_c.cpp.o[0m
[8.578s] [ 78%] [32m[1mLinking CXX shared library libvision_msgs__rosidl_typesupport_fastrtps_c.so[0m
[8.733s] [ 78%] Built target vision_msgs__rosidl_typesupport_fastrtps_c
[8.751s] [35m[1mScanning dependencies of target vision_msgs[0m
[8.770s] [ 78%] Built target vision_msgs
[8.788s] [35m[1mScanning dependencies of target vision_msgs__py[0m
[8.808s] [ 80%] [34m[1mGenerating Python code for ROS interfaces[0m
[10.435s] [ 80%] Built target vision_msgs__py
[10.452s] [35m[1mScanning dependencies of target vision_msgs__python[0m
[10.497s] [ 85%] [32mBuilding C object CMakeFiles/vision_msgs__python.dir/rosidl_generator_py/vision_msgs/msg/_key_point_groups_s.c.o[0m
[10.497s] [ 85%] [32mBuilding C object CMakeFiles/vision_msgs__python.dir/rosidl_generator_py/vision_msgs/msg/_yaw_pitch_s.c.o[0m
[10.497s] [ 85%] [32mBuilding C object CMakeFiles/vision_msgs__python.dir/rosidl_generator_py/vision_msgs/msg/_key_points_s.c.o[0m
[10.512s] [ 87%] [32mBuilding C object CMakeFiles/vision_msgs__python.dir/rosidl_generator_py/vision_msgs/msg/_predicted_armor_s.c.o[0m
[10.738s] [ 89%] [32m[1mLinking C shared library rosidl_generator_py/vision_msgs/libvision_msgs__python.so[0m
[10.806s] [ 89%] Built target vision_msgs__python
[10.823s] [35m[1mScanning dependencies of target vision_msgs__rosidl_typesupport_c__pyext[0m
[10.823s] [35m[1mScanning dependencies of target vision_msgs__rosidl_typesupport_fastrtps_c__pyext[0m
[10.823s] [35m[1mScanning dependencies of target vision_msgs__rosidl_typesupport_introspection_c__pyext[0m
[10.861s] [ 92%] [32mBuilding C object CMakeFiles/vision_msgs__rosidl_typesupport_c__pyext.dir/rosidl_generator_py/vision_msgs/_vision_msgs_s.ep.rosidl_typesupport_c.c.o[0m
[10.861s] [ 92%] [32mBuilding C object CMakeFiles/vision_msgs__rosidl_typesupport_fastrtps_c__pyext.dir/rosidl_generator_py/vision_msgs/_vision_msgs_s.ep.rosidl_typesupport_fastrtps_c.c.o[0m
[10.861s] [ 94%] [32mBuilding C object CMakeFiles/vision_msgs__rosidl_typesupport_introspection_c__pyext.dir/rosidl_generator_py/vision_msgs/_vision_msgs_s.ep.rosidl_typesupport_introspection_c.c.o[0m
[11.094s] [ 98%] [32m[1mLinking C shared library rosidl_generator_py/vision_msgs/vision_msgs_s__rosidl_typesupport_c.cpython-38-aarch64-linux-gnu.so[0m
[11.094s] [ 98%] [32m[1mLinking CXX shared library rosidl_generator_py/vision_msgs/vision_msgs_s__rosidl_typesupport_fastrtps_c.cpython-38-aarch64-linux-gnu.so[0m
[11.099s] [100%] [32m[1mLinking C shared library rosidl_generator_py/vision_msgs/vision_msgs_s__rosidl_typesupport_introspection_c.cpython-38-aarch64-linux-gnu.so[0m
[11.158s] [100%] Built target vision_msgs__rosidl_typesupport_c__pyext
[11.167s] [100%] Built target vision_msgs__rosidl_typesupport_introspection_c__pyext
[11.203s] [100%] Built target vision_msgs__rosidl_typesupport_fastrtps_c__pyext
[11.225s] Invoked command in '/home/user-accounts/lee4649/auto-aiming/build/vision_msgs' returned '0': CMAKE_PREFIX_PATH=/opt/ros/foxy /usr/bin/cmake --build /home/user-accounts/lee4649/auto-aiming/build/vision_msgs -- -j8 -l8
[11.364s] Invoking command in '/home/user-accounts/lee4649/auto-aiming/build/vision_msgs': CMAKE_PREFIX_PATH=/opt/ros/foxy /usr/bin/cmake --install /home/user-accounts/lee4649/auto-aiming/build/vision_msgs
[11.381s] -- Install configuration: "Release"
[11.381s] -- Execute custom install script
[11.382s] -- Symlinking: /home/user-accounts/lee4649/auto-aiming/install/vision_msgs/share/ament_index/resource_index/rosidl_interfaces/vision_msgs
[11.400s] -- Symlinking: /home/user-accounts/lee4649/auto-aiming/install/vision_msgs/include/vision_msgs/msg/detail/key_point_groups__functions.h
[11.417s] -- Symlinking: /home/user-accounts/lee4649/auto-aiming/install/vision_msgs/include/vision_msgs/msg/detail/key_point_groups__struct.h
[11.433s] -- Symlinking: /home/user-accounts/lee4649/auto-aiming/install/vision_msgs/include/vision_msgs/msg/detail/key_point_groups__type_support.h
[11.449s] -- Symlinking: /home/user-accounts/lee4649/auto-aiming/install/vision_msgs/include/vision_msgs/msg/detail/key_points__functions.h
[11.464s] -- Symlinking: /home/user-accounts/lee4649/auto-aiming/install/vision_msgs/include/vision_msgs/msg/detail/key_points__struct.h
[11.480s] -- Symlinking: /home/user-accounts/lee4649/auto-aiming/install/vision_msgs/include/vision_msgs/msg/detail/key_points__type_support.h
[11.496s] -- Symlinking: /home/user-accounts/lee4649/auto-aiming/install/vision_msgs/include/vision_msgs/msg/detail/predicted_armor__functions.h
[11.512s] -- Symlinking: /home/user-accounts/lee4649/auto-aiming/install/vision_msgs/include/vision_msgs/msg/detail/predicted_armor__struct.h
[11.527s] -- Symlinking: /home/user-accounts/lee4649/auto-aiming/install/vision_msgs/include/vision_msgs/msg/detail/predicted_armor__type_support.h
[11.543s] -- Symlinking: /home/user-accounts/lee4649/auto-aiming/install/vision_msgs/include/vision_msgs/msg/detail/yaw_pitch__functions.h
[11.560s] -- Symlinking: /home/user-accounts/lee4649/auto-aiming/install/vision_msgs/include/vision_msgs/msg/detail/yaw_pitch__struct.h
[11.576s] -- Symlinking: /home/user-accounts/lee4649/auto-aiming/install/vision_msgs/include/vision_msgs/msg/detail/yaw_pitch__type_support.h
[11.592s] -- Symlinking: /home/user-accounts/lee4649/auto-aiming/install/vision_msgs/include/vision_msgs/msg/key_point_groups.h
[11.608s] -- Symlinking: /home/user-accounts/lee4649/auto-aiming/install/vision_msgs/include/vision_msgs/msg/key_points.h
[11.624s] -- Symlinking: /home/user-accounts/lee4649/auto-aiming/install/vision_msgs/include/vision_msgs/msg/predicted_armor.h
[11.640s] -- Symlinking: /home/user-accounts/lee4649/auto-aiming/install/vision_msgs/include/vision_msgs/msg/rosidl_generator_c__visibility_control.h
[11.656s] -- Symlinking: /home/user-accounts/lee4649/auto-aiming/install/vision_msgs/include/vision_msgs/msg/yaw_pitch.h
[11.673s] -- Symlinking: /home/user-accounts/lee4649/auto-aiming/install/vision_msgs/share/vision_msgs/environment/library_path.sh
[11.690s] -- Symlinking: /home/user-accounts/lee4649/auto-aiming/install/vision_msgs/share/vision_msgs/environment/library_path.dsv
[11.707s] -- Symlinking: /home/user-accounts/lee4649/auto-aiming/install/vision_msgs/include/vision_msgs/msg/detail/key_point_groups__rosidl_typesupport_fastrtps_c.h
[11.722s] -- Symlinking: /home/user-accounts/lee4649/auto-aiming/install/vision_msgs/include/vision_msgs/msg/detail/key_points__rosidl_typesupport_fastrtps_c.h
[11.738s] -- Symlinking: /home/user-accounts/lee4649/auto-aiming/install/vision_msgs/include/vision_msgs/msg/detail/predicted_armor__rosidl_typesupport_fastrtps_c.h
[11.754s] -- Symlinking: /home/user-accounts/lee4649/auto-aiming/install/vision_msgs/include/vision_msgs/msg/detail/yaw_pitch__rosidl_typesupport_fastrtps_c.h
[11.770s] -- Symlinking: /home/user-accounts/lee4649/auto-aiming/install/vision_msgs/include/vision_msgs/msg/rosidl_typesupport_fastrtps_c__visibility_control.h
[11.786s] -- Symlinking: /home/user-accounts/lee4649/auto-aiming/install/vision_msgs/lib/libvision_msgs__rosidl_typesupport_fastrtps_c.so
[11.803s] -- Symlinking: /home/user-accounts/lee4649/auto-aiming/install/vision_msgs/include/vision_msgs/msg/detail/key_point_groups__rosidl_typesupport_fastrtps_cpp.hpp
[11.820s] -- Symlinking: /home/user-accounts/lee4649/auto-aiming/install/vision_msgs/include/vision_msgs/msg/detail/key_points__rosidl_typesupport_fastrtps_cpp.hpp
[11.835s] -- Symlinking: /home/user-accounts/lee4649/auto-aiming/install/vision_msgs/include/vision_msgs/msg/detail/predicted_armor__rosidl_typesupport_fastrtps_cpp.hpp
[11.851s] -- Symlinking: /home/user-accounts/lee4649/auto-aiming/install/vision_msgs/include/vision_msgs/msg/detail/yaw_pitch__rosidl_typesupport_fastrtps_cpp.hpp
[11.867s] -- Symlinking: /home/user-accounts/lee4649/auto-aiming/install/vision_msgs/include/vision_msgs/msg/rosidl_typesupport_fastrtps_cpp__visibility_control.h
[11.883s] -- Symlinking: /home/user-accounts/lee4649/auto-aiming/install/vision_msgs/lib/libvision_msgs__rosidl_typesupport_fastrtps_cpp.so
[11.900s] -- Symlinking: /home/user-accounts/lee4649/auto-aiming/install/vision_msgs/include/vision_msgs/msg/detail/key_point_groups__rosidl_typesupport_introspection_c.h
[11.916s] -- Symlinking: /home/user-accounts/lee4649/auto-aiming/install/vision_msgs/include/vision_msgs/msg/detail/key_points__rosidl_typesupport_introspection_c.h
[11.932s] -- Symlinking: /home/user-accounts/lee4649/auto-aiming/install/vision_msgs/include/vision_msgs/msg/detail/predicted_armor__rosidl_typesupport_introspection_c.h
[11.947s] -- Symlinking: /home/user-accounts/lee4649/auto-aiming/install/vision_msgs/include/vision_msgs/msg/detail/yaw_pitch__rosidl_typesupport_introspection_c.h
[11.963s] -- Symlinking: /home/user-accounts/lee4649/auto-aiming/install/vision_msgs/include/vision_msgs/msg/rosidl_typesupport_introspection_c__visibility_control.h
[11.980s] -- Symlinking: /home/user-accounts/lee4649/auto-aiming/install/vision_msgs/include/vision_msgs/msg/detail/key_point_groups__builder.hpp
[11.996s] -- Symlinking: /home/user-accounts/lee4649/auto-aiming/install/vision_msgs/include/vision_msgs/msg/detail/key_point_groups__struct.hpp
[12.012s] -- Symlinking: /home/user-accounts/lee4649/auto-aiming/install/vision_msgs/include/vision_msgs/msg/detail/key_point_groups__traits.hpp
[12.027s] -- Symlinking: /home/user-accounts/lee4649/auto-aiming/install/vision_msgs/include/vision_msgs/msg/detail/key_point_groups__type_support.hpp
[12.043s] -- Symlinking: /home/user-accounts/lee4649/auto-aiming/install/vision_msgs/include/vision_msgs/msg/detail/key_points__builder.hpp
[12.059s] -- Symlinking: /home/user-accounts/lee4649/auto-aiming/install/vision_msgs/include/vision_msgs/msg/detail/key_points__struct.hpp
[12.075s] -- Symlinking: /home/user-accounts/lee4649/auto-aiming/install/vision_msgs/include/vision_msgs/msg/detail/key_points__traits.hpp
[12.090s] -- Symlinking: /home/user-accounts/lee4649/auto-aiming/install/vision_msgs/include/vision_msgs/msg/detail/key_points__type_support.hpp
[12.106s] -- Symlinking: /home/user-accounts/lee4649/auto-aiming/install/vision_msgs/include/vision_msgs/msg/detail/predicted_armor__builder.hpp
[12.122s] -- Symlinking: /home/user-accounts/lee4649/auto-aiming/install/vision_msgs/include/vision_msgs/msg/detail/predicted_armor__struct.hpp
[12.138s] -- Symlinking: /home/user-accounts/lee4649/auto-aiming/install/vision_msgs/include/vision_msgs/msg/detail/predicted_armor__traits.hpp
[12.155s] -- Symlinking: /home/user-accounts/lee4649/auto-aiming/install/vision_msgs/include/vision_msgs/msg/detail/predicted_armor__type_support.hpp
[12.171s] -- Symlinking: /home/user-accounts/lee4649/auto-aiming/install/vision_msgs/include/vision_msgs/msg/detail/yaw_pitch__builder.hpp
[12.187s] -- Symlinking: /home/user-accounts/lee4649/auto-aiming/install/vision_msgs/include/vision_msgs/msg/detail/yaw_pitch__struct.hpp
[12.203s] -- Symlinking: /home/user-accounts/lee4649/auto-aiming/install/vision_msgs/include/vision_msgs/msg/detail/yaw_pitch__traits.hpp
[12.219s] -- Symlinking: /home/user-accounts/lee4649/auto-aiming/install/vision_msgs/include/vision_msgs/msg/detail/yaw_pitch__type_support.hpp
[12.236s] -- Symlinking: /home/user-accounts/lee4649/auto-aiming/install/vision_msgs/include/vision_msgs/msg/key_point_groups.hpp
[12.253s] -- Symlinking: /home/user-accounts/lee4649/auto-aiming/install/vision_msgs/include/vision_msgs/msg/key_points.hpp
[12.270s] -- Symlinking: /home/user-accounts/lee4649/auto-aiming/install/vision_msgs/include/vision_msgs/msg/predicted_armor.hpp
[12.288s] -- Symlinking: /home/user-accounts/lee4649/auto-aiming/install/vision_msgs/include/vision_msgs/msg/rosidl_generator_cpp__visibility_control.hpp
[12.304s] -- Symlinking: /home/user-accounts/lee4649/auto-aiming/install/vision_msgs/include/vision_msgs/msg/yaw_pitch.hpp
[12.321s] -- Symlinking: /home/user-accounts/lee4649/auto-aiming/install/vision_msgs/include/vision_msgs/msg/detail/key_point_groups__rosidl_typesupport_introspection_cpp.hpp
[12.337s] -- Symlinking: /home/user-accounts/lee4649/auto-aiming/install/vision_msgs/include/vision_msgs/msg/detail/key_points__rosidl_typesupport_introspection_cpp.hpp
[12.354s] -- Symlinking: /home/user-accounts/lee4649/auto-aiming/install/vision_msgs/include/vision_msgs/msg/detail/predicted_armor__rosidl_typesupport_introspection_cpp.hpp
[12.371s] -- Symlinking: /home/user-accounts/lee4649/auto-aiming/install/vision_msgs/include/vision_msgs/msg/detail/yaw_pitch__rosidl_typesupport_introspection_cpp.hpp
[12.387s] -- Symlinking: /home/user-accounts/lee4649/auto-aiming/install/vision_msgs/share/vision_msgs/environment/pythonpath.sh
[12.405s] -- Symlinking: /home/user-accounts/lee4649/auto-aiming/install/vision_msgs/share/vision_msgs/environment/pythonpath.dsv
[12.421s] -- Symlinking: /home/user-accounts/lee4649/auto-aiming/install/vision_msgs/lib/python3.8/site-packages/vision_msgs/__init__.py
[12.439s] -- Symlinking: /home/user-accounts/lee4649/auto-aiming/install/vision_msgs/lib/python3.8/site-packages/vision_msgs/msg/__init__.py
[12.456s] -- Symlinking: /home/user-accounts/lee4649/auto-aiming/install/vision_msgs/lib/python3.8/site-packages/vision_msgs/msg/_key_point_groups.py
[12.473s] -- Symlinking: /home/user-accounts/lee4649/auto-aiming/install/vision_msgs/lib/python3.8/site-packages/vision_msgs/msg/_key_points.py
[12.492s] -- Symlinking: /home/user-accounts/lee4649/auto-aiming/install/vision_msgs/lib/python3.8/site-packages/vision_msgs/msg/_predicted_armor.py
[12.509s] -- Symlinking: /home/user-accounts/lee4649/auto-aiming/install/vision_msgs/lib/python3.8/site-packages/vision_msgs/msg/_yaw_pitch.py
[12.525s] -- Symlinking: /home/user-accounts/lee4649/auto-aiming/install/vision_msgs/lib/python3.8/site-packages/vision_msgs/vision_msgs_s__rosidl_typesupport_fastrtps_c.cpython-38-aarch64-linux-gnu.so
[12.541s] -- Symlinking: /home/user-accounts/lee4649/auto-aiming/install/vision_msgs/lib/python3.8/site-packages/vision_msgs/vision_msgs_s__rosidl_typesupport_introspection_c.cpython-38-aarch64-linux-gnu.so
[12.558s] -- Symlinking: /home/user-accounts/lee4649/auto-aiming/install/vision_msgs/lib/python3.8/site-packages/vision_msgs/vision_msgs_s__rosidl_typesupport_c.cpython-38-aarch64-linux-gnu.so
[12.574s] -- Symlinking: /home/user-accounts/lee4649/auto-aiming/install/vision_msgs/lib/libvision_msgs__python.so
[12.590s] -- Symlinking: /home/user-accounts/lee4649/auto-aiming/install/vision_msgs/share/vision_msgs/msg/KeyPointGroups.idl
[12.606s] -- Symlinking: /home/user-accounts/lee4649/auto-aiming/install/vision_msgs/share/vision_msgs/msg/KeyPoints.idl
[12.623s] -- Symlinking: /home/user-accounts/lee4649/auto-aiming/install/vision_msgs/share/vision_msgs/msg/YawPitch.idl
[12.639s] -- Symlinking: /home/user-accounts/lee4649/auto-aiming/install/vision_msgs/share/vision_msgs/msg/PredictedArmor.idl
[12.655s] -- Symlinking: /home/user-accounts/lee4649/auto-aiming/install/vision_msgs/share/vision_msgs/msg/KeyPointGroups.msg
[12.671s] -- Symlinking: /home/user-accounts/lee4649/auto-aiming/install/vision_msgs/share/vision_msgs/msg/KeyPoints.msg
[12.687s] -- Symlinking: /home/user-accounts/lee4649/auto-aiming/install/vision_msgs/share/vision_msgs/msg/YawPitch.msg
[12.703s] -- Symlinking: /home/user-accounts/lee4649/auto-aiming/install/vision_msgs/share/vision_msgs/msg/PredictedArmor.msg
[12.719s] -- Symlinking: /home/user-accounts/lee4649/auto-aiming/install/vision_msgs/share/ament_index/resource_index/package_run_dependencies/vision_msgs
[12.735s] -- Symlinking: /home/user-accounts/lee4649/auto-aiming/install/vision_msgs/share/ament_index/resource_index/parent_prefix_path/vision_msgs
[12.751s] -- Symlinking: /home/user-accounts/lee4649/auto-aiming/install/vision_msgs/share/vision_msgs/environment/ament_prefix_path.sh
[12.767s] -- Symlinking: /home/user-accounts/lee4649/auto-aiming/install/vision_msgs/share/vision_msgs/environment/ament_prefix_path.dsv
[12.784s] -- Symlinking: /home/user-accounts/lee4649/auto-aiming/install/vision_msgs/share/vision_msgs/environment/path.sh
[12.799s] -- Symlinking: /home/user-accounts/lee4649/auto-aiming/install/vision_msgs/share/vision_msgs/environment/path.dsv
[12.817s] -- Symlinking: /home/user-accounts/lee4649/auto-aiming/install/vision_msgs/share/vision_msgs/local_setup.bash
[12.835s] -- Symlinking: /home/user-accounts/lee4649/auto-aiming/install/vision_msgs/share/vision_msgs/local_setup.sh
[12.851s] -- Symlinking: /home/user-accounts/lee4649/auto-aiming/install/vision_msgs/share/vision_msgs/local_setup.zsh
[12.868s] -- Symlinking: /home/user-accounts/lee4649/auto-aiming/install/vision_msgs/share/vision_msgs/local_setup.dsv
[12.885s] -- Symlinking: /home/user-accounts/lee4649/auto-aiming/install/vision_msgs/share/vision_msgs/package.dsv
[12.903s] -- Symlinking: /home/user-accounts/lee4649/auto-aiming/install/vision_msgs/share/ament_index/resource_index/packages/vision_msgs
[12.920s] -- Symlinking: /home/user-accounts/lee4649/auto-aiming/install/vision_msgs/share/vision_msgs/cmake/rosidl_cmake-extras.cmake
[12.938s] -- Symlinking: /home/user-accounts/lee4649/auto-aiming/install/vision_msgs/share/vision_msgs/cmake/ament_cmake_export_dependencies-extras.cmake
[12.956s] -- Symlinking: /home/user-accounts/lee4649/auto-aiming/install/vision_msgs/share/vision_msgs/cmake/ament_cmake_export_libraries-extras.cmake
[12.974s] -- Symlinking: /home/user-accounts/lee4649/auto-aiming/install/vision_msgs/share/vision_msgs/cmake/ament_cmake_export_targets-extras.cmake
[12.992s] -- Symlinking: /home/user-accounts/lee4649/auto-aiming/install/vision_msgs/share/vision_msgs/cmake/ament_cmake_export_include_directories-extras.cmake
[13.009s] -- Symlinking: /home/user-accounts/lee4649/auto-aiming/install/vision_msgs/share/vision_msgs/cmake/rosidl_cmake_export_typesupport_libraries-extras.cmake
[13.029s] -- Symlinking: /home/user-accounts/lee4649/auto-aiming/install/vision_msgs/share/vision_msgs/cmake/rosidl_cmake_export_typesupport_targets-extras.cmake
[13.045s] -- Symlinking: /home/user-accounts/lee4649/auto-aiming/install/vision_msgs/share/vision_msgs/cmake/vision_msgsConfig.cmake
[13.061s] -- Symlinking: /home/user-accounts/lee4649/auto-aiming/install/vision_msgs/share/vision_msgs/cmake/vision_msgsConfig-version.cmake
[13.078s] -- Symlinking: /home/user-accounts/lee4649/auto-aiming/install/vision_msgs/share/vision_msgs/package.xml
[13.095s] -- Installing: /home/user-accounts/lee4649/auto-aiming/install/vision_msgs/lib/libvision_msgs__rosidl_generator_c.so
[13.096s] -- Set runtime path of "/home/user-accounts/lee4649/auto-aiming/install/vision_msgs/lib/libvision_msgs__rosidl_generator_c.so" to ""
[13.096s] -- Installing: /home/user-accounts/lee4649/auto-aiming/install/vision_msgs/lib/libvision_msgs__rosidl_typesupport_introspection_c.so
[13.096s] -- Set runtime path of "/home/user-accounts/lee4649/auto-aiming/install/vision_msgs/lib/libvision_msgs__rosidl_typesupport_introspection_c.so" to ""
[13.096s] -- Installing: /home/user-accounts/lee4649/auto-aiming/install/vision_msgs/lib/libvision_msgs__rosidl_typesupport_c.so
[13.097s] -- Set runtime path of "/home/user-accounts/lee4649/auto-aiming/install/vision_msgs/lib/libvision_msgs__rosidl_typesupport_c.so" to ""
[13.097s] -- Installing: /home/user-accounts/lee4649/auto-aiming/install/vision_msgs/lib/libvision_msgs__rosidl_typesupport_introspection_cpp.so
[13.098s] -- Set runtime path of "/home/user-accounts/lee4649/auto-aiming/install/vision_msgs/lib/libvision_msgs__rosidl_typesupport_introspection_cpp.so" to ""
[13.098s] -- Installing: /home/user-accounts/lee4649/auto-aiming/install/vision_msgs/lib/libvision_msgs__rosidl_typesupport_cpp.so
[13.099s] -- Set runtime path of "/home/user-accounts/lee4649/auto-aiming/install/vision_msgs/lib/libvision_msgs__rosidl_typesupport_cpp.so" to ""
[13.151s] Compiling '/home/user-accounts/lee4649/auto-aiming/install/vision_msgs/lib/python3.8/site-packages/vision_msgs/__init__.py'...
[13.161s] -- Installing: /home/user-accounts/lee4649/auto-aiming/install/vision_msgs/share/vision_msgs/cmake/vision_msgs__rosidl_generator_cExport.cmake
[13.161s] -- Installing: /home/user-accounts/lee4649/auto-aiming/install/vision_msgs/share/vision_msgs/cmake/vision_msgs__rosidl_generator_cExport-release.cmake
[13.161s] -- Installing: /home/user-accounts/lee4649/auto-aiming/install/vision_msgs/share/vision_msgs/cmake/vision_msgs__rosidl_typesupport_introspection_cExport.cmake
[13.162s] -- Installing: /home/user-accounts/lee4649/auto-aiming/install/vision_msgs/share/vision_msgs/cmake/vision_msgs__rosidl_typesupport_introspection_cExport-release.cmake
[13.162s] -- Installing: /home/user-accounts/lee4649/auto-aiming/install/vision_msgs/share/vision_msgs/cmake/vision_msgs__rosidl_typesupport_cExport.cmake
[13.162s] -- Installing: /home/user-accounts/lee4649/auto-aiming/install/vision_msgs/share/vision_msgs/cmake/vision_msgs__rosidl_typesupport_cExport-release.cmake
[13.163s] -- Installing: /home/user-accounts/lee4649/auto-aiming/install/vision_msgs/share/vision_msgs/cmake/vision_msgs__rosidl_generator_cppExport.cmake
[13.163s] -- Installing: /home/user-accounts/lee4649/auto-aiming/install/vision_msgs/share/vision_msgs/cmake/vision_msgs__rosidl_typesupport_introspection_cppExport.cmake
[13.163s] -- Installing: /home/user-accounts/lee4649/auto-aiming/install/vision_msgs/share/vision_msgs/cmake/vision_msgs__rosidl_typesupport_introspection_cppExport-release.cmake
[13.163s] -- Installing: /home/user-accounts/lee4649/auto-aiming/install/vision_msgs/share/vision_msgs/cmake/vision_msgs__rosidl_typesupport_cppExport.cmake
[13.164s] -- Installing: /home/user-accounts/lee4649/auto-aiming/install/vision_msgs/share/vision_msgs/cmake/vision_msgs__rosidl_typesupport_cppExport-release.cmake
[13.170s] Invoked command in '/home/user-accounts/lee4649/auto-aiming/build/vision_msgs' returned '0': CMAKE_PREFIX_PATH=/opt/ros/foxy /usr/bin/cmake --install /home/user-accounts/lee4649/auto-aiming/build/vision_msgs
