[0.019s] Invoking command in '/home/purduerm/ros2-ws/auto-aiming/build/mv_publisher': CMAKE_PREFIX_PATH=/opt/ros/foxy /usr/bin/cmake /home/purduerm/ros2-ws/auto-aiming/src/prm_camera/mv_publisher -DCMAKE_BUILD_TYPE=Release -DCMAKE_CXX_FLAGS_RELEASE=-O3 -DAMENT_CMAKE_SYMLINK_INSTALL=1 -DCMAKE_INSTALL_PREFIX=/home/purduerm/ros2-ws/auto-aiming/install/mv_publisher
[0.367s] -- The C compiler identification is GNU 9.4.0
[0.428s] -- The CXX compiler identification is GNU 9.4.0
[0.433s] -- Check for working C compiler: /usr/bin/cc
[0.481s] -- Check for working C compiler: /usr/bin/cc -- works
[0.482s] -- Detecting C compiler ABI info
[0.531s] -- Detecting C compiler ABI info - done
[0.540s] -- Detecting C compile features
[0.556s] -- Detecting C compile features - done
[0.557s] -- Check for working CXX compiler: /usr/bin/c++
[0.613s] -- Check for working CXX compiler: /usr/bin/c++ -- works
[0.615s] -- Detecting CXX compiler ABI info
[0.670s] -- Detecting CXX compiler ABI info - done
[0.679s] -- Detecting CXX compile features
[0.679s] -- Detecting CXX compile features - done
[0.701s] -- Found ament_cmake_auto: 0.9.12 (/opt/ros/foxy/share/ament_cmake_auto/cmake)
[0.756s] -- Found PythonInterp: /usr/bin/python3 (found suitable version "3.8.10", minimum required is "3") 
[0.756s] -- Using PYTHON_EXECUTABLE: /usr/bin/python3
[0.971s] -- Override CMake install command with custom implementation using symlinks instead of copying resources
[1.122s] -- Using all available rosidl_typesupport_c: rosidl_typesupport_fastrtps_c;rosidl_typesupport_introspection_c
[1.127s] -- Found rosidl_adapter: 1.3.1 (/opt/ros/foxy/share/rosidl_adapter/cmake)
[1.324s] -- Found OpenSSL: /usr/lib/x86_64-linux-gnu/libcrypto.so (found version "1.1.1f")  
[1.347s] -- Found FastRTPS: /opt/ros/foxy/include  
[1.409s] -- Using all available rosidl_typesupport_cpp: rosidl_typesupport_fastrtps_cpp;rosidl_typesupport_introspection_cpp
[1.666s] -- Found rmw_implementation_cmake: 1.0.4 (/opt/ros/foxy/share/rmw_implementation_cmake/cmake)
[1.667s] -- Using RMW implementation 'rmw_fastrtps_cpp' as default
[1.668s] -- Looking for pthread.h
[1.717s] -- Looking for pthread.h - found
[1.718s] -- Performing Test CMAKE_HAVE_LIBC_PTHREAD
[1.767s] -- Performing Test CMAKE_HAVE_LIBC_PTHREAD - Failed
[1.768s] -- Looking for pthread_create in pthreads
[1.815s] -- Looking for pthread_create in pthreads - not found
[1.815s] -- Looking for pthread_create in pthread
[1.863s] -- Looking for pthread_create in pthread - found
[1.864s] -- Found Threads: TRUE  
[2.066s] -- Found CUDA: /usr/local/cuda (found suitable exact version "11.4") 
[2.139s] -- Setting yaml-cpp_DIR to: '/opt/ros/foxy/share/yaml_cpp_vendor/cmake/../../../opt/yaml_cpp_vendor/lib/cmake/yaml-cpp'
[2.290s] -- Configuring done
[2.415s] -- Generating done
[2.420s] -- Build files have been written to: /home/purduerm/ros2-ws/auto-aiming/build/mv_publisher
[2.427s] Invoked command in '/home/purduerm/ros2-ws/auto-aiming/build/mv_publisher' returned '0': CMAKE_PREFIX_PATH=/opt/ros/foxy /usr/bin/cmake /home/purduerm/ros2-ws/auto-aiming/src/prm_camera/mv_publisher -DCMAKE_BUILD_TYPE=Release -DCMAKE_CXX_FLAGS_RELEASE=-O3 -DAMENT_CMAKE_SYMLINK_INSTALL=1 -DCMAKE_INSTALL_PREFIX=/home/purduerm/ros2-ws/auto-aiming/install/mv_publisher
[2.428s] Invoking command in '/home/purduerm/ros2-ws/auto-aiming/build/mv_publisher': CMAKE_PREFIX_PATH=/opt/ros/foxy /usr/bin/cmake --build /home/purduerm/ros2-ws/auto-aiming/build/mv_publisher -- -j12 -l12
[2.459s] [35m[1mScanning dependencies of target MVCameraNode[0m
[2.771s] [ 50%] [32mBuilding CXX object CMakeFiles/MVCameraNode.dir/src/MVCameraNode.cpp.o[0m
[5.636s] [100%] [32m[1mLinking CXX executable MVCameraNode[0m
[5.946s] [100%] Built target MVCameraNode
[5.956s] Invoked command in '/home/purduerm/ros2-ws/auto-aiming/build/mv_publisher' returned '0': CMAKE_PREFIX_PATH=/opt/ros/foxy /usr/bin/cmake --build /home/purduerm/ros2-ws/auto-aiming/build/mv_publisher -- -j12 -l12
[5.968s] Invoking command in '/home/purduerm/ros2-ws/auto-aiming/build/mv_publisher': CMAKE_PREFIX_PATH=/opt/ros/foxy /usr/bin/cmake --install /home/purduerm/ros2-ws/auto-aiming/build/mv_publisher
[5.975s] -- Install configuration: "Release"
[5.975s] -- Execute custom install script
[5.976s] -- Symlinking: /home/purduerm/ros2-ws/auto-aiming/install/mv_publisher/lib/mv_publisher/MVCameraNode
[5.983s] -- Symlinking: /home/purduerm/ros2-ws/auto-aiming/install/mv_publisher/share/mv_publisher/launch/temp.py
[5.990s] -- Symlinking: /home/purduerm/ros2-ws/auto-aiming/install/mv_publisher/share/mv_publisher/config/mv_133_4_info.yaml
[5.998s] -- Symlinking: /home/purduerm/ros2-ws/auto-aiming/install/mv_publisher/share/ament_index/resource_index/package_run_dependencies/mv_publisher
[6.005s] -- Symlinking: /home/purduerm/ros2-ws/auto-aiming/install/mv_publisher/share/ament_index/resource_index/parent_prefix_path/mv_publisher
[6.012s] -- Symlinking: /home/purduerm/ros2-ws/auto-aiming/install/mv_publisher/share/mv_publisher/environment/ament_prefix_path.sh
[6.021s] -- Symlinking: /home/purduerm/ros2-ws/auto-aiming/install/mv_publisher/share/mv_publisher/environment/ament_prefix_path.dsv
[6.040s] -- Symlinking: /home/purduerm/ros2-ws/auto-aiming/install/mv_publisher/share/mv_publisher/environment/path.sh
[6.040s] -- Symlinking: /home/purduerm/ros2-ws/auto-aiming/install/mv_publisher/share/mv_publisher/environment/path.dsv
[6.047s] -- Symlinking: /home/purduerm/ros2-ws/auto-aiming/install/mv_publisher/share/mv_publisher/local_setup.bash
[6.057s] -- Symlinking: /home/purduerm/ros2-ws/auto-aiming/install/mv_publisher/share/mv_publisher/local_setup.sh
[6.066s] -- Symlinking: /home/purduerm/ros2-ws/auto-aiming/install/mv_publisher/share/mv_publisher/local_setup.zsh
[6.073s] -- Symlinking: /home/purduerm/ros2-ws/auto-aiming/install/mv_publisher/share/mv_publisher/local_setup.dsv
[6.079s] -- Symlinking: /home/purduerm/ros2-ws/auto-aiming/install/mv_publisher/share/mv_publisher/package.dsv
[6.088s] -- Symlinking: /home/purduerm/ros2-ws/auto-aiming/install/mv_publisher/share/ament_index/resource_index/packages/mv_publisher
[6.098s] -- Symlinking: /home/purduerm/ros2-ws/auto-aiming/install/mv_publisher/share/mv_publisher/cmake/ament_cmake_export_include_directories-extras.cmake
[6.106s] -- Symlinking: /home/purduerm/ros2-ws/auto-aiming/install/mv_publisher/share/mv_publisher/cmake/ament_cmake_export_dependencies-extras.cmake
[6.113s] -- Symlinking: /home/purduerm/ros2-ws/auto-aiming/install/mv_publisher/share/mv_publisher/cmake/mv_publisherConfig.cmake
[6.120s] -- Symlinking: /home/purduerm/ros2-ws/auto-aiming/install/mv_publisher/share/mv_publisher/cmake/mv_publisherConfig-version.cmake
[6.127s] -- Symlinking: /home/purduerm/ros2-ws/auto-aiming/install/mv_publisher/share/mv_publisher/package.xml
[6.137s] Invoked command in '/home/purduerm/ros2-ws/auto-aiming/build/mv_publisher' returned '0': CMAKE_PREFIX_PATH=/opt/ros/foxy /usr/bin/cmake --install /home/purduerm/ros2-ws/auto-aiming/build/mv_publisher
