[ 20%] Built target gtest_main
[ 40%] Built target OpenCVArmorDetector
[ 60%] Built target gtest
[ 80%] Built target test_OpenCVArmorDetector
[100%] Built target OpenCVArmorDetectorNode
-- Install configuration: "Release"
-- Execute custom install script
-- Symlinking: /home/purduerm/ros2-ws/auto-aiming/install/opencv_armor_detector/lib/opencv_armor_detector/OpenCVArmorDetectorNode
-- Symlinking: /home/purduerm/ros2-ws/auto-aiming/install/opencv_armor_detector/share/opencv_armor_detector/resources/blue/0.png
-- Symlinking: /home/purduerm/ros2-ws/auto-aiming/install/opencv_armor_detector/share/opencv_armor_detector/resources/blue/1.png
-- Symlinking: /home/purduerm/ros2-ws/auto-aiming/install/opencv_armor_detector/share/opencv_armor_detector/resources/blue/10.png
-- Symlinking: /home/purduerm/ros2-ws/auto-aiming/install/opencv_armor_detector/share/opencv_armor_detector/resources/blue/11.png
-- Symlinking: /home/purduerm/ros2-ws/auto-aiming/install/opencv_armor_detector/share/opencv_armor_detector/resources/blue/12.png
-- Symlinking: /home/purduerm/ros2-ws/auto-aiming/install/opencv_armor_detector/share/opencv_armor_detector/resources/blue/13.png
-- Symlinking: /home/purduerm/ros2-ws/auto-aiming/install/opencv_armor_detector/share/opencv_armor_detector/resources/blue/14.png
-- Symlinking: /home/purduerm/ros2-ws/auto-aiming/install/opencv_armor_detector/share/opencv_armor_detector/resources/blue/15.png
-- Symlinking: /home/purduerm/ros2-ws/auto-aiming/install/opencv_armor_detector/share/opencv_armor_detector/resources/blue/16.png
-- Symlinking: /home/purduerm/ros2-ws/auto-aiming/install/opencv_armor_detector/share/opencv_armor_detector/resources/blue/17.png
-- Symlinking: /home/purduerm/ros2-ws/auto-aiming/install/opencv_armor_detector/share/opencv_armor_detector/resources/blue/18.png
-- Symlinking: /home/purduerm/ros2-ws/auto-aiming/install/opencv_armor_detector/share/opencv_armor_detector/resources/blue/19.png
-- Symlinking: /home/purduerm/ros2-ws/auto-aiming/install/opencv_armor_detector/share/opencv_armor_detector/resources/blue/2.png
-- Symlinking: /home/purduerm/ros2-ws/auto-aiming/install/opencv_armor_detector/share/opencv_armor_detector/resources/blue/20.png
-- Symlinking: /home/purduerm/ros2-ws/auto-aiming/install/opencv_armor_detector/share/opencv_armor_detector/resources/blue/21.png
-- Symlinking: /home/purduerm/ros2-ws/auto-aiming/install/opencv_armor_detector/share/opencv_armor_detector/resources/blue/22.png
-- Symlinking: /home/purduerm/ros2-ws/auto-aiming/install/opencv_armor_detector/share/opencv_armor_detector/resources/blue/23.png
-- Symlinking: /home/purduerm/ros2-ws/auto-aiming/install/opencv_armor_detector/share/opencv_armor_detector/resources/blue/24.png
-- Symlinking: /home/purduerm/ros2-ws/auto-aiming/install/opencv_armor_detector/share/opencv_armor_detector/resources/blue/2406.png
-- Symlinking: /home/purduerm/ros2-ws/auto-aiming/install/opencv_armor_detector/share/opencv_armor_detector/resources/blue/2407.png
-- Symlinking: /home/purduerm/ros2-ws/auto-aiming/install/opencv_armor_detector/share/opencv_armor_detector/resources/blue/2412.png
-- Symlinking: /home/purduerm/ros2-ws/auto-aiming/install/opencv_armor_detector/share/opencv_armor_detector/resources/blue/2414.png
-- Symlinking: /home/purduerm/ros2-ws/auto-aiming/install/opencv_armor_detector/share/opencv_armor_detector/resources/blue/2415.png
-- Symlinking: /home/purduerm/ros2-ws/auto-aiming/install/opencv_armor_detector/share/opencv_armor_detector/resources/blue/2416.png
-- Symlinking: /home/purduerm/ros2-ws/auto-aiming/install/opencv_armor_detector/share/opencv_armor_detector/resources/blue/2418.png
-- Symlinking: /home/purduerm/ros2-ws/auto-aiming/install/opencv_armor_detector/share/opencv_armor_detector/resources/blue/2419.png
-- Symlinking: /home/purduerm/ros2-ws/auto-aiming/install/opencv_armor_detector/share/opencv_armor_detector/resources/blue/2420.png
-- Symlinking: /home/purduerm/ros2-ws/auto-aiming/install/opencv_armor_detector/share/opencv_armor_detector/resources/blue/2423.png
-- Symlinking: /home/purduerm/ros2-ws/auto-aiming/install/opencv_armor_detector/share/opencv_armor_detector/resources/blue/2424.png
-- Symlinking: /home/purduerm/ros2-ws/auto-aiming/install/opencv_armor_detector/share/opencv_armor_detector/resources/blue/2425.png
-- Symlinking: /home/purduerm/ros2-ws/auto-aiming/install/opencv_armor_detector/share/opencv_armor_detector/resources/blue/2428.png
-- Symlinking: /home/purduerm/ros2-ws/auto-aiming/install/opencv_armor_detector/share/opencv_armor_detector/resources/blue/2429.png
-- Symlinking: /home/purduerm/ros2-ws/auto-aiming/install/opencv_armor_detector/share/opencv_armor_detector/resources/blue/2457.png
-- Symlinking: /home/purduerm/ros2-ws/auto-aiming/install/opencv_armor_detector/share/opencv_armor_detector/resources/blue/2458.png
-- Symlinking: /home/purduerm/ros2-ws/auto-aiming/install/opencv_armor_detector/share/opencv_armor_detector/resources/blue/2459.png
-- Symlinking: /home/purduerm/ros2-ws/auto-aiming/install/opencv_armor_detector/share/opencv_armor_detector/resources/blue/2462.png
-- Symlinking: /home/purduerm/ros2-ws/auto-aiming/install/opencv_armor_detector/share/opencv_armor_detector/resources/blue/2463.png
-- Symlinking: /home/purduerm/ros2-ws/auto-aiming/install/opencv_armor_detector/share/opencv_armor_detector/resources/blue/2471.png
-- Symlinking: /home/purduerm/ros2-ws/auto-aiming/install/opencv_armor_detector/share/opencv_armor_detector/resources/blue/2472.png
-- Symlinking: /home/purduerm/ros2-ws/auto-aiming/install/opencv_armor_detector/share/opencv_armor_detector/resources/blue/2474.png
-- Symlinking: /home/purduerm/ros2-ws/auto-aiming/install/opencv_armor_detector/share/opencv_armor_detector/resources/blue/2475.png
-- Symlinking: /home/purduerm/ros2-ws/auto-aiming/install/opencv_armor_detector/share/opencv_armor_detector/resources/blue/2476.png
-- Symlinking: /home/purduerm/ros2-ws/auto-aiming/install/opencv_armor_detector/share/opencv_armor_detector/resources/blue/2477.png
-- Symlinking: /home/purduerm/ros2-ws/auto-aiming/install/opencv_armor_detector/share/opencv_armor_detector/resources/blue/2478.png
-- Symlinking: /home/purduerm/ros2-ws/auto-aiming/install/opencv_armor_detector/share/opencv_armor_detector/resources/blue/2479.png
-- Symlinking: /home/purduerm/ros2-ws/auto-aiming/install/opencv_armor_detector/share/opencv_armor_detector/resources/blue/2480.png
-- Symlinking: /home/purduerm/ros2-ws/auto-aiming/install/opencv_armor_detector/share/opencv_armor_detector/resources/blue/2481.png
-- Symlinking: /home/purduerm/ros2-ws/auto-aiming/install/opencv_armor_detector/share/opencv_armor_detector/resources/blue/2482.png
-- Symlinking: /home/purduerm/ros2-ws/auto-aiming/install/opencv_armor_detector/share/opencv_armor_detector/resources/blue/2483.png
-- Symlinking: /home/purduerm/ros2-ws/auto-aiming/install/opencv_armor_detector/share/opencv_armor_detector/resources/blue/2486.png
-- Symlinking: /home/purduerm/ros2-ws/auto-aiming/install/opencv_armor_detector/share/opencv_armor_detector/resources/blue/2487.png
-- Symlinking: /home/purduerm/ros2-ws/auto-aiming/install/opencv_armor_detector/share/opencv_armor_detector/resources/blue/2489.png
-- Symlinking: /home/purduerm/ros2-ws/auto-aiming/install/opencv_armor_detector/share/opencv_armor_detector/resources/blue/2490.png
-- Symlinking: /home/purduerm/ros2-ws/auto-aiming/install/opencv_armor_detector/share/opencv_armor_detector/resources/blue/2493.png
-- Symlinking: /home/purduerm/ros2-ws/auto-aiming/install/opencv_armor_detector/share/opencv_armor_detector/resources/blue/2494.png
-- Symlinking: /home/purduerm/ros2-ws/auto-aiming/install/opencv_armor_detector/share/opencv_armor_detector/resources/blue/2498.png
-- Symlinking: /home/purduerm/ros2-ws/auto-aiming/install/opencv_armor_detector/share/opencv_armor_detector/resources/blue/2499.png
-- Symlinking: /home/purduerm/ros2-ws/auto-aiming/install/opencv_armor_detector/share/opencv_armor_detector/resources/blue/25.png
-- Symlinking: /home/purduerm/ros2-ws/auto-aiming/install/opencv_armor_detector/share/opencv_armor_detector/resources/blue/2501.png
-- Symlinking: /home/purduerm/ros2-ws/auto-aiming/install/opencv_armor_detector/share/opencv_armor_detector/resources/blue/2502.png
-- Symlinking: /home/purduerm/ros2-ws/auto-aiming/install/opencv_armor_detector/share/opencv_armor_detector/resources/blue/2503.png
-- Symlinking: /home/purduerm/ros2-ws/auto-aiming/install/opencv_armor_detector/share/opencv_armor_detector/resources/blue/2505.png
-- Symlinking: /home/purduerm/ros2-ws/auto-aiming/install/opencv_armor_detector/share/opencv_armor_detector/resources/blue/2506.png
-- Symlinking: /home/purduerm/ros2-ws/auto-aiming/install/opencv_armor_detector/share/opencv_armor_detector/resources/blue/2507.png
-- Symlinking: /home/purduerm/ros2-ws/auto-aiming/install/opencv_armor_detector/share/opencv_armor_detector/resources/blue/2517.png
-- Symlinking: /home/purduerm/ros2-ws/auto-aiming/install/opencv_armor_detector/share/opencv_armor_detector/resources/blue/2518.png
-- Symlinking: /home/purduerm/ros2-ws/auto-aiming/install/opencv_armor_detector/share/opencv_armor_detector/resources/blue/2537.png
-- Symlinking: /home/purduerm/ros2-ws/auto-aiming/install/opencv_armor_detector/share/opencv_armor_detector/resources/blue/2541.png
-- Symlinking: /home/purduerm/ros2-ws/auto-aiming/install/opencv_armor_detector/share/opencv_armor_detector/resources/blue/26.png
-- Symlinking: /home/purduerm/ros2-ws/auto-aiming/install/opencv_armor_detector/share/opencv_armor_detector/resources/blue/27.png
-- Symlinking: /home/purduerm/ros2-ws/auto-aiming/install/opencv_armor_detector/share/opencv_armor_detector/resources/blue/28.png
-- Symlinking: /home/purduerm/ros2-ws/auto-aiming/install/opencv_armor_detector/share/opencv_armor_detector/resources/blue/29.png
-- Symlinking: /home/purduerm/ros2-ws/auto-aiming/install/opencv_armor_detector/share/opencv_armor_detector/resources/blue/3.png
-- Symlinking: /home/purduerm/ros2-ws/auto-aiming/install/opencv_armor_detector/share/opencv_armor_detector/resources/blue/30.png
-- Symlinking: /home/purduerm/ros2-ws/auto-aiming/install/opencv_armor_detector/share/opencv_armor_detector/resources/blue/4.png
-- Symlinking: /home/purduerm/ros2-ws/auto-aiming/install/opencv_armor_detector/share/opencv_armor_detector/resources/blue/5.png
-- Symlinking: /home/purduerm/ros2-ws/auto-aiming/install/opencv_armor_detector/share/opencv_armor_detector/resources/blue/6.png
-- Symlinking: /home/purduerm/ros2-ws/auto-aiming/install/opencv_armor_detector/share/opencv_armor_detector/resources/blue/7.png
-- Symlinking: /home/purduerm/ros2-ws/auto-aiming/install/opencv_armor_detector/share/opencv_armor_detector/resources/blue/8.png
-- Symlinking: /home/purduerm/ros2-ws/auto-aiming/install/opencv_armor_detector/share/opencv_armor_detector/resources/blue/9.png
-- Symlinking: /home/purduerm/ros2-ws/auto-aiming/install/opencv_armor_detector/share/opencv_armor_detector/resources/blue/ground_truth.csv
-- Symlinking: /home/purduerm/ros2-ws/auto-aiming/install/opencv_armor_detector/share/opencv_armor_detector/resources/close_video/close.avi
-- Symlinking: /home/purduerm/ros2-ws/auto-aiming/install/opencv_armor_detector/share/opencv_armor_detector/resources/close_video/ground_truth.csv
-- Symlinking: /home/purduerm/ros2-ws/auto-aiming/install/opencv_armor_detector/share/opencv_armor_detector/resources/easy/ground_truth.csv
-- Symlinking: /home/purduerm/ros2-ws/auto-aiming/install/opencv_armor_detector/share/opencv_armor_detector/resources/easy/output_0001.png
-- Symlinking: /home/purduerm/ros2-ws/auto-aiming/install/opencv_armor_detector/share/opencv_armor_detector/resources/easy/output_0002.png
-- Symlinking: /home/purduerm/ros2-ws/auto-aiming/install/opencv_armor_detector/share/opencv_armor_detector/resources/easy/output_0003.png
-- Symlinking: /home/purduerm/ros2-ws/auto-aiming/install/opencv_armor_detector/share/opencv_armor_detector/resources/easy/output_0004.png
-- Symlinking: /home/purduerm/ros2-ws/auto-aiming/install/opencv_armor_detector/share/opencv_armor_detector/resources/easy/output_0005.png
-- Symlinking: /home/purduerm/ros2-ws/auto-aiming/install/opencv_armor_detector/share/opencv_armor_detector/resources/easy/output_0006.png
-- Symlinking: /home/purduerm/ros2-ws/auto-aiming/install/opencv_armor_detector/share/opencv_armor_detector/resources/easy/output_0007.png
-- Symlinking: /home/purduerm/ros2-ws/auto-aiming/install/opencv_armor_detector/share/opencv_armor_detector/resources/easy/output_0008.png
-- Symlinking: /home/purduerm/ros2-ws/auto-aiming/install/opencv_armor_detector/share/opencv_armor_detector/resources/easy/output_0009.png
-- Symlinking: /home/purduerm/ros2-ws/auto-aiming/install/opencv_armor_detector/share/opencv_armor_detector/resources/easy/output_0010.png
-- Symlinking: /home/purduerm/ros2-ws/auto-aiming/install/opencv_armor_detector/share/opencv_armor_detector/resources/easy/output_0011.png
-- Symlinking: /home/purduerm/ros2-ws/auto-aiming/install/opencv_armor_detector/share/opencv_armor_detector/resources/easy/output_0012.png
-- Symlinking: /home/purduerm/ros2-ws/auto-aiming/install/opencv_armor_detector/share/opencv_armor_detector/resources/easy/output_0013.png
-- Symlinking: /home/purduerm/ros2-ws/auto-aiming/install/opencv_armor_detector/share/opencv_armor_detector/resources/easy/output_0014.png
-- Symlinking: /home/purduerm/ros2-ws/auto-aiming/install/opencv_armor_detector/share/opencv_armor_detector/resources/easy/output_0015.png
-- Symlinking: /home/purduerm/ros2-ws/auto-aiming/install/opencv_armor_detector/share/opencv_armor_detector/resources/easy/output_0016.png
-- Symlinking: /home/purduerm/ros2-ws/auto-aiming/install/opencv_armor_detector/share/opencv_armor_detector/resources/easy/output_0017.png
-- Symlinking: /home/purduerm/ros2-ws/auto-aiming/install/opencv_armor_detector/share/opencv_armor_detector/resources/easy/output_0018.png
-- Symlinking: /home/purduerm/ros2-ws/auto-aiming/install/opencv_armor_detector/share/opencv_armor_detector/resources/easy/output_0019.png
-- Symlinking: /home/purduerm/ros2-ws/auto-aiming/install/opencv_armor_detector/share/opencv_armor_detector/resources/easy/output_0020.png
-- Symlinking: /home/purduerm/ros2-ws/auto-aiming/install/opencv_armor_detector/share/opencv_armor_detector/resources/easy/output_0021.png
-- Symlinking: /home/purduerm/ros2-ws/auto-aiming/install/opencv_armor_detector/share/opencv_armor_detector/resources/easy/output_0022.png
-- Symlinking: /home/purduerm/ros2-ws/auto-aiming/install/opencv_armor_detector/share/opencv_armor_detector/resources/easy/output_0023.png
-- Symlinking: /home/purduerm/ros2-ws/auto-aiming/install/opencv_armor_detector/share/opencv_armor_detector/resources/easy/output_0024.png
-- Symlinking: /home/purduerm/ros2-ws/auto-aiming/install/opencv_armor_detector/share/opencv_armor_detector/resources/easy/output_0025.png
-- Symlinking: /home/purduerm/ros2-ws/auto-aiming/install/opencv_armor_detector/share/opencv_armor_detector/resources/easy/output_0026.png
-- Symlinking: /home/purduerm/ros2-ws/auto-aiming/install/opencv_armor_detector/share/opencv_armor_detector/resources/easy/output_0027.png
-- Symlinking: /home/purduerm/ros2-ws/auto-aiming/install/opencv_armor_detector/share/opencv_armor_detector/resources/easy/output_0028.png
-- Symlinking: /home/purduerm/ros2-ws/auto-aiming/install/opencv_armor_detector/share/opencv_armor_detector/resources/easy/output_0029.png
-- Symlinking: /home/purduerm/ros2-ws/auto-aiming/install/opencv_armor_detector/share/opencv_armor_detector/resources/easy/output_0030.png
-- Symlinking: /home/purduerm/ros2-ws/auto-aiming/install/opencv_armor_detector/share/opencv_armor_detector/resources/easy/output_0031.png
-- Symlinking: /home/purduerm/ros2-ws/auto-aiming/install/opencv_armor_detector/share/opencv_armor_detector/resources/easy/output_0032.png
-- Symlinking: /home/purduerm/ros2-ws/auto-aiming/install/opencv_armor_detector/share/opencv_armor_detector/resources/easy/output_0033.png
-- Symlinking: /home/purduerm/ros2-ws/auto-aiming/install/opencv_armor_detector/share/opencv_armor_detector/resources/easy/output_0034.png
-- Symlinking: /home/purduerm/ros2-ws/auto-aiming/install/opencv_armor_detector/share/opencv_armor_detector/resources/easy/output_0035.png
-- Symlinking: /home/purduerm/ros2-ws/auto-aiming/install/opencv_armor_detector/share/opencv_armor_detector/resources/easy/output_0036.png
-- Symlinking: /home/purduerm/ros2-ws/auto-aiming/install/opencv_armor_detector/share/opencv_armor_detector/resources/easy/output_0037.png
-- Symlinking: /home/purduerm/ros2-ws/auto-aiming/install/opencv_armor_detector/share/opencv_armor_detector/resources/easy/output_0038.png
-- Symlinking: /home/purduerm/ros2-ws/auto-aiming/install/opencv_armor_detector/share/opencv_armor_detector/resources/easy/output_0039.png
-- Symlinking: /home/purduerm/ros2-ws/auto-aiming/install/opencv_armor_detector/share/opencv_armor_detector/resources/easy/output_0040.png
-- Symlinking: /home/purduerm/ros2-ws/auto-aiming/install/opencv_armor_detector/share/opencv_armor_detector/resources/easy/output_0041.png
-- Symlinking: /home/purduerm/ros2-ws/auto-aiming/install/opencv_armor_detector/share/opencv_armor_detector/resources/easy/output_0042.png
-- Symlinking: /home/purduerm/ros2-ws/auto-aiming/install/opencv_armor_detector/share/opencv_armor_detector/resources/easy/output_0043.png
-- Symlinking: /home/purduerm/ros2-ws/auto-aiming/install/opencv_armor_detector/share/opencv_armor_detector/resources/easy/output_0044.png
-- Symlinking: /home/purduerm/ros2-ws/auto-aiming/install/opencv_armor_detector/share/opencv_armor_detector/resources/easy/output_0045.png
-- Symlinking: /home/purduerm/ros2-ws/auto-aiming/install/opencv_armor_detector/share/opencv_armor_detector/resources/easy/output_0067.png
-- Symlinking: /home/purduerm/ros2-ws/auto-aiming/install/opencv_armor_detector/share/opencv_armor_detector/resources/easy/output_0068.png
-- Symlinking: /home/purduerm/ros2-ws/auto-aiming/install/opencv_armor_detector/share/opencv_armor_detector/resources/easy/output_0069.png
-- Symlinking: /home/purduerm/ros2-ws/auto-aiming/install/opencv_armor_detector/share/opencv_armor_detector/resources/easy/output_0070.png
-- Symlinking: /home/purduerm/ros2-ws/auto-aiming/install/opencv_armor_detector/share/opencv_armor_detector/resources/easy/output_0071.png
-- Symlinking: /home/purduerm/ros2-ws/auto-aiming/install/opencv_armor_detector/share/opencv_armor_detector/resources/easy/output_0072.png
-- Symlinking: /home/purduerm/ros2-ws/auto-aiming/install/opencv_armor_detector/share/opencv_armor_detector/resources/easy/output_0073.png
-- Symlinking: /home/purduerm/ros2-ws/auto-aiming/install/opencv_armor_detector/share/opencv_armor_detector/resources/easy/output_0074.png
-- Symlinking: /home/purduerm/ros2-ws/auto-aiming/install/opencv_armor_detector/share/opencv_armor_detector/resources/easy/output_0075.png
-- Symlinking: /home/purduerm/ros2-ws/auto-aiming/install/opencv_armor_detector/share/opencv_armor_detector/resources/easy/output_0076.png
-- Symlinking: /home/purduerm/ros2-ws/auto-aiming/install/opencv_armor_detector/share/opencv_armor_detector/resources/easy/output_0077.png
-- Symlinking: /home/purduerm/ros2-ws/auto-aiming/install/opencv_armor_detector/share/opencv_armor_detector/resources/easy/output_0078.png
-- Symlinking: /home/purduerm/ros2-ws/auto-aiming/install/opencv_armor_detector/share/opencv_armor_detector/resources/easy/output_0079.png
-- Symlinking: /home/purduerm/ros2-ws/auto-aiming/install/opencv_armor_detector/share/opencv_armor_detector/resources/easy/output_0080.png
-- Symlinking: /home/purduerm/ros2-ws/auto-aiming/install/opencv_armor_detector/share/opencv_armor_detector/resources/easy/output_0081.png
-- Symlinking: /home/purduerm/ros2-ws/auto-aiming/install/opencv_armor_detector/share/opencv_armor_detector/resources/easy/output_0082.png
-- Symlinking: /home/purduerm/ros2-ws/auto-aiming/install/opencv_armor_detector/share/opencv_armor_detector/resources/easy/output_0083.png
-- Symlinking: /home/purduerm/ros2-ws/auto-aiming/install/opencv_armor_detector/share/opencv_armor_detector/resources/easy/output_0084.png
-- Symlinking: /home/purduerm/ros2-ws/auto-aiming/install/opencv_armor_detector/share/opencv_armor_detector/resources/easy/output_0085.png
-- Symlinking: /home/purduerm/ros2-ws/auto-aiming/install/opencv_armor_detector/share/opencv_armor_detector/resources/easy/output_0086.png
-- Symlinking: /home/purduerm/ros2-ws/auto-aiming/install/opencv_armor_detector/share/opencv_armor_detector/resources/easy/output_0087.png
-- Symlinking: /home/purduerm/ros2-ws/auto-aiming/install/opencv_armor_detector/share/opencv_armor_detector/resources/easy/output_0088.png
-- Symlinking: /home/purduerm/ros2-ws/auto-aiming/install/opencv_armor_detector/share/opencv_armor_detector/resources/easy/output_0089.png
-- Symlinking: /home/purduerm/ros2-ws/auto-aiming/install/opencv_armor_detector/share/opencv_armor_detector/resources/easy/output_0095.png
-- Symlinking: /home/purduerm/ros2-ws/auto-aiming/install/opencv_armor_detector/share/opencv_armor_detector/resources/easy/output_0096.png
-- Symlinking: /home/purduerm/ros2-ws/auto-aiming/install/opencv_armor_detector/share/opencv_armor_detector/resources/easy/output_0097.png
-- Symlinking: /home/purduerm/ros2-ws/auto-aiming/install/opencv_armor_detector/share/opencv_armor_detector/resources/easy/output_0098.png
-- Symlinking: /home/purduerm/ros2-ws/auto-aiming/install/opencv_armor_detector/share/opencv_armor_detector/resources/easy/output_0099.png
-- Symlinking: /home/purduerm/ros2-ws/auto-aiming/install/opencv_armor_detector/share/opencv_armor_detector/resources/easy/output_0100.png
-- Symlinking: /home/purduerm/ros2-ws/auto-aiming/install/opencv_armor_detector/share/opencv_armor_detector/resources/easy/output_0101.png
-- Symlinking: /home/purduerm/ros2-ws/auto-aiming/install/opencv_armor_detector/share/opencv_armor_detector/resources/easy/output_0102.png
-- Symlinking: /home/purduerm/ros2-ws/auto-aiming/install/opencv_armor_detector/share/opencv_armor_detector/resources/easy/output_0103.png
-- Symlinking: /home/purduerm/ros2-ws/auto-aiming/install/opencv_armor_detector/share/opencv_armor_detector/resources/easy/output_0104.png
-- Symlinking: /home/purduerm/ros2-ws/auto-aiming/install/opencv_armor_detector/share/opencv_armor_detector/resources/easy/output_0105.png
-- Symlinking: /home/purduerm/ros2-ws/auto-aiming/install/opencv_armor_detector/share/opencv_armor_detector/resources/easy/output_0106.png
-- Symlinking: /home/purduerm/ros2-ws/auto-aiming/install/opencv_armor_detector/share/opencv_armor_detector/resources/easy/output_0107.png
-- Symlinking: /home/purduerm/ros2-ws/auto-aiming/install/opencv_armor_detector/share/opencv_armor_detector/resources/easy/output_0108.png
-- Symlinking: /home/purduerm/ros2-ws/auto-aiming/install/opencv_armor_detector/share/opencv_armor_detector/resources/easy/output_0109.png
-- Symlinking: /home/purduerm/ros2-ws/auto-aiming/install/opencv_armor_detector/share/opencv_armor_detector/resources/easy/output_0110.png
-- Symlinking: /home/purduerm/ros2-ws/auto-aiming/install/opencv_armor_detector/share/opencv_armor_detector/resources/easy/output_0111.png
-- Symlinking: /home/purduerm/ros2-ws/auto-aiming/install/opencv_armor_detector/share/opencv_armor_detector/resources/easy/output_0112.png
-- Symlinking: /home/purduerm/ros2-ws/auto-aiming/install/opencv_armor_detector/share/opencv_armor_detector/resources/easy/output_0113.png
-- Symlinking: /home/purduerm/ros2-ws/auto-aiming/install/opencv_armor_detector/share/opencv_armor_detector/resources/easy/output_0114.png
-- Symlinking: /home/purduerm/ros2-ws/auto-aiming/install/opencv_armor_detector/share/opencv_armor_detector/resources/easy/output_0115.png
-- Symlinking: /home/purduerm/ros2-ws/auto-aiming/install/opencv_armor_detector/share/opencv_armor_detector/resources/easy/output_0116.png
-- Symlinking: /home/purduerm/ros2-ws/auto-aiming/install/opencv_armor_detector/share/opencv_armor_detector/resources/easy/output_0117.png
-- Symlinking: /home/purduerm/ros2-ws/auto-aiming/install/opencv_armor_detector/share/opencv_armor_detector/resources/easy/output_0118.png
-- Symlinking: /home/purduerm/ros2-ws/auto-aiming/install/opencv_armor_detector/share/opencv_armor_detector/resources/easy/output_0119.png
-- Symlinking: /home/purduerm/ros2-ws/auto-aiming/install/opencv_armor_detector/share/opencv_armor_detector/resources/easy/output_0120.png
-- Symlinking: /home/purduerm/ros2-ws/auto-aiming/install/opencv_armor_detector/share/opencv_armor_detector/resources/easy/output_0121.png
-- Symlinking: /home/purduerm/ros2-ws/auto-aiming/install/opencv_armor_detector/share/opencv_armor_detector/resources/easy/output_0122.png
-- Symlinking: /home/purduerm/ros2-ws/auto-aiming/install/opencv_armor_detector/share/opencv_armor_detector/resources/easy/output_0123.png
-- Symlinking: /home/purduerm/ros2-ws/auto-aiming/install/opencv_armor_detector/share/opencv_armor_detector/resources/easy/output_0236.png
-- Symlinking: /home/purduerm/ros2-ws/auto-aiming/install/opencv_armor_detector/share/opencv_armor_detector/resources/easy/output_0237.png
-- Symlinking: /home/purduerm/ros2-ws/auto-aiming/install/opencv_armor_detector/share/opencv_armor_detector/resources/easy/output_0238.png
-- Symlinking: /home/purduerm/ros2-ws/auto-aiming/install/opencv_armor_detector/share/opencv_armor_detector/resources/easy/output_0239.png
-- Symlinking: /home/purduerm/ros2-ws/auto-aiming/install/opencv_armor_detector/share/opencv_armor_detector/resources/easy/output_0240.png
-- Symlinking: /home/purduerm/ros2-ws/auto-aiming/install/opencv_armor_detector/share/opencv_armor_detector/resources/easy/output_0241.png
-- Symlinking: /home/purduerm/ros2-ws/auto-aiming/install/opencv_armor_detector/share/opencv_armor_detector/resources/easy/output_0242.png
-- Symlinking: /home/purduerm/ros2-ws/auto-aiming/install/opencv_armor_detector/share/opencv_armor_detector/resources/easy/output_0243.png
-- Symlinking: /home/purduerm/ros2-ws/auto-aiming/install/opencv_armor_detector/share/opencv_armor_detector/resources/easy/output_0244.png
-- Symlinking: /home/purduerm/ros2-ws/auto-aiming/install/opencv_armor_detector/share/opencv_armor_detector/resources/easy/output_0245.png
-- Symlinking: /home/purduerm/ros2-ws/auto-aiming/install/opencv_armor_detector/share/opencv_armor_detector/resources/easy/output_0246.png
-- Symlinking: /home/purduerm/ros2-ws/auto-aiming/install/opencv_armor_detector/share/opencv_armor_detector/resources/easy/output_0247.png
-- Symlinking: /home/purduerm/ros2-ws/auto-aiming/install/opencv_armor_detector/share/opencv_armor_detector/resources/easy/output_0248.png
-- Symlinking: /home/purduerm/ros2-ws/auto-aiming/install/opencv_armor_detector/share/opencv_armor_detector/resources/easy/output_0249.png
-- Symlinking: /home/purduerm/ros2-ws/auto-aiming/install/opencv_armor_detector/share/opencv_armor_detector/resources/easy/output_0250.png
-- Symlinking: /home/purduerm/ros2-ws/auto-aiming/install/opencv_armor_detector/share/opencv_armor_detector/resources/easy/output_0251.png
-- Symlinking: /home/purduerm/ros2-ws/auto-aiming/install/opencv_armor_detector/share/opencv_armor_detector/resources/easy/output_0252.png
-- Symlinking: /home/purduerm/ros2-ws/auto-aiming/install/opencv_armor_detector/share/opencv_armor_detector/resources/easy/output_0253.png
-- Symlinking: /home/purduerm/ros2-ws/auto-aiming/install/opencv_armor_detector/share/opencv_armor_detector/resources/easy/output_0254.png
-- Symlinking: /home/purduerm/ros2-ws/auto-aiming/install/opencv_armor_detector/share/opencv_armor_detector/resources/easy/output_0255.png
-- Symlinking: /home/purduerm/ros2-ws/auto-aiming/install/opencv_armor_detector/share/opencv_armor_detector/resources/easy/output_0256.png
-- Symlinking: /home/purduerm/ros2-ws/auto-aiming/install/opencv_armor_detector/share/opencv_armor_detector/resources/easy/output_0257.png
-- Symlinking: /home/purduerm/ros2-ws/auto-aiming/install/opencv_armor_detector/share/opencv_armor_detector/resources/easy/output_0258.png
-- Symlinking: /home/purduerm/ros2-ws/auto-aiming/install/opencv_armor_detector/share/opencv_armor_detector/resources/easy/output_0259.png
-- Symlinking: /home/purduerm/ros2-ws/auto-aiming/install/opencv_armor_detector/share/opencv_armor_detector/resources/easy/output_0260.png
-- Symlinking: /home/purduerm/ros2-ws/auto-aiming/install/opencv_armor_detector/share/opencv_armor_detector/resources/easy/output_0261.png
-- Symlinking: /home/purduerm/ros2-ws/auto-aiming/install/opencv_armor_detector/share/opencv_armor_detector/resources/easy/output_0262.png
-- Symlinking: /home/purduerm/ros2-ws/auto-aiming/install/opencv_armor_detector/share/opencv_armor_detector/resources/easy/output_0263.png
-- Symlinking: /home/purduerm/ros2-ws/auto-aiming/install/opencv_armor_detector/share/opencv_armor_detector/resources/easy/output_0264.png
-- Symlinking: /home/purduerm/ros2-ws/auto-aiming/install/opencv_armor_detector/share/opencv_armor_detector/resources/easy/output_0265.png
-- Symlinking: /home/purduerm/ros2-ws/auto-aiming/install/opencv_armor_detector/share/opencv_armor_detector/resources/easy/output_0266.png
-- Symlinking: /home/purduerm/ros2-ws/auto-aiming/install/opencv_armor_detector/share/opencv_armor_detector/resources/easy/output_0267.png
-- Symlinking: /home/purduerm/ros2-ws/auto-aiming/install/opencv_armor_detector/share/opencv_armor_detector/resources/easy/output_0268.png
-- Symlinking: /home/purduerm/ros2-ws/auto-aiming/install/opencv_armor_detector/share/opencv_armor_detector/resources/easy/output_0269.png
-- Symlinking: /home/purduerm/ros2-ws/auto-aiming/install/opencv_armor_detector/share/opencv_armor_detector/resources/easy/output_0270.png
-- Symlinking: /home/purduerm/ros2-ws/auto-aiming/install/opencv_armor_detector/share/opencv_armor_detector/resources/easy/output_0271.png
-- Symlinking: /home/purduerm/ros2-ws/auto-aiming/install/opencv_armor_detector/share/opencv_armor_detector/resources/easy/output_0272.png
-- Symlinking: /home/purduerm/ros2-ws/auto-aiming/install/opencv_armor_detector/share/opencv_armor_detector/resources/easy/output_0273.png
-- Symlinking: /home/purduerm/ros2-ws/auto-aiming/install/opencv_armor_detector/share/opencv_armor_detector/resources/easy/output_0274.png
-- Symlinking: /home/purduerm/ros2-ws/auto-aiming/install/opencv_armor_detector/share/opencv_armor_detector/resources/easy/output_0275.png
-- Symlinking: /home/purduerm/ros2-ws/auto-aiming/install/opencv_armor_detector/share/opencv_armor_detector/resources/easy/output_0276.png
-- Symlinking: /home/purduerm/ros2-ws/auto-aiming/install/opencv_armor_detector/share/opencv_armor_detector/resources/easy/output_0277.png
-- Symlinking: /home/purduerm/ros2-ws/auto-aiming/install/opencv_armor_detector/share/opencv_armor_detector/resources/easy/output_0278.png
-- Symlinking: /home/purduerm/ros2-ws/auto-aiming/install/opencv_armor_detector/share/opencv_armor_detector/resources/easy/output_0279.png
-- Symlinking: /home/purduerm/ros2-ws/auto-aiming/install/opencv_armor_detector/share/opencv_armor_detector/resources/easy/output_0280.png
-- Symlinking: /home/purduerm/ros2-ws/auto-aiming/install/opencv_armor_detector/share/opencv_armor_detector/resources/easy/output_0281.png
-- Symlinking: /home/purduerm/ros2-ws/auto-aiming/install/opencv_armor_detector/share/opencv_armor_detector/resources/easy/output_0282.png
-- Symlinking: /home/purduerm/ros2-ws/auto-aiming/install/opencv_armor_detector/share/opencv_armor_detector/resources/easy/output_0283.png
-- Symlinking: /home/purduerm/ros2-ws/auto-aiming/install/opencv_armor_detector/share/opencv_armor_detector/resources/easy/output_0284.png
-- Symlinking: /home/purduerm/ros2-ws/auto-aiming/install/opencv_armor_detector/share/opencv_armor_detector/resources/easy/output_0285.png
-- Symlinking: /home/purduerm/ros2-ws/auto-aiming/install/opencv_armor_detector/share/opencv_armor_detector/resources/easy/output_0286.png
-- Symlinking: /home/purduerm/ros2-ws/auto-aiming/install/opencv_armor_detector/share/opencv_armor_detector/resources/easy/output_0287.png
-- Symlinking: /home/purduerm/ros2-ws/auto-aiming/install/opencv_armor_detector/share/opencv_armor_detector/resources/easy/output_0288.png
-- Symlinking: /home/purduerm/ros2-ws/auto-aiming/install/opencv_armor_detector/share/opencv_armor_detector/resources/easy/output_0289.png
-- Symlinking: /home/purduerm/ros2-ws/auto-aiming/install/opencv_armor_detector/share/opencv_armor_detector/resources/easy/output_0290.png
-- Symlinking: /home/purduerm/ros2-ws/auto-aiming/install/opencv_armor_detector/share/opencv_armor_detector/resources/easy/output_0291.png
-- Symlinking: /home/purduerm/ros2-ws/auto-aiming/install/opencv_armor_detector/share/opencv_armor_detector/resources/easy/output_0292.png
-- Symlinking: /home/purduerm/ros2-ws/auto-aiming/install/opencv_armor_detector/share/opencv_armor_detector/resources/easy/output_0293.png
-- Symlinking: /home/purduerm/ros2-ws/auto-aiming/install/opencv_armor_detector/share/opencv_armor_detector/resources/easy/output_0294.png
-- Symlinking: /home/purduerm/ros2-ws/auto-aiming/install/opencv_armor_detector/share/opencv_armor_detector/resources/easy/output_0295.png
-- Symlinking: /home/purduerm/ros2-ws/auto-aiming/install/opencv_armor_detector/share/opencv_armor_detector/resources/easy/output_0296.png
-- Symlinking: /home/purduerm/ros2-ws/auto-aiming/install/opencv_armor_detector/share/opencv_armor_detector/resources/easy/output_0297.png
-- Symlinking: /home/purduerm/ros2-ws/auto-aiming/install/opencv_armor_detector/share/opencv_armor_detector/resources/far_back/613.png
-- Symlinking: /home/purduerm/ros2-ws/auto-aiming/install/opencv_armor_detector/share/opencv_armor_detector/resources/far_back/614.png
-- Symlinking: /home/purduerm/ros2-ws/auto-aiming/install/opencv_armor_detector/share/opencv_armor_detector/resources/far_back/615.png
-- Symlinking: /home/purduerm/ros2-ws/auto-aiming/install/opencv_armor_detector/share/opencv_armor_detector/resources/far_back/616.png
-- Symlinking: /home/purduerm/ros2-ws/auto-aiming/install/opencv_armor_detector/share/opencv_armor_detector/resources/far_back/617.png
-- Symlinking: /home/purduerm/ros2-ws/auto-aiming/install/opencv_armor_detector/share/opencv_armor_detector/resources/far_back/618.png
-- Symlinking: /home/purduerm/ros2-ws/auto-aiming/install/opencv_armor_detector/share/opencv_armor_detector/resources/far_back/619.png
-- Symlinking: /home/purduerm/ros2-ws/auto-aiming/install/opencv_armor_detector/share/opencv_armor_detector/resources/far_back/620.png
-- Symlinking: /home/purduerm/ros2-ws/auto-aiming/install/opencv_armor_detector/share/opencv_armor_detector/resources/far_back/621.png
-- Symlinking: /home/purduerm/ros2-ws/auto-aiming/install/opencv_armor_detector/share/opencv_armor_detector/resources/far_back/622.png
-- Symlinking: /home/purduerm/ros2-ws/auto-aiming/install/opencv_armor_detector/share/opencv_armor_detector/resources/far_back/623.png
-- Symlinking: /home/purduerm/ros2-ws/auto-aiming/install/opencv_armor_detector/share/opencv_armor_detector/resources/far_back/624.png
-- Symlinking: /home/purduerm/ros2-ws/auto-aiming/install/opencv_armor_detector/share/opencv_armor_detector/resources/far_back/625.png
-- Symlinking: /home/purduerm/ros2-ws/auto-aiming/install/opencv_armor_detector/share/opencv_armor_detector/resources/far_back/626.png
-- Symlinking: /home/purduerm/ros2-ws/auto-aiming/install/opencv_armor_detector/share/opencv_armor_detector/resources/far_back/627.png
-- Symlinking: /home/purduerm/ros2-ws/auto-aiming/install/opencv_armor_detector/share/opencv_armor_detector/resources/far_back/628.png
-- Symlinking: /home/purduerm/ros2-ws/auto-aiming/install/opencv_armor_detector/share/opencv_armor_detector/resources/far_back/629.png
-- Symlinking: /home/purduerm/ros2-ws/auto-aiming/install/opencv_armor_detector/share/opencv_armor_detector/resources/far_back/630.png
-- Symlinking: /home/purduerm/ros2-ws/auto-aiming/install/opencv_armor_detector/share/opencv_armor_detector/resources/far_back/631.png
-- Symlinking: /home/purduerm/ros2-ws/auto-aiming/install/opencv_armor_detector/share/opencv_armor_detector/resources/far_back/632.png
-- Symlinking: /home/purduerm/ros2-ws/auto-aiming/install/opencv_armor_detector/share/opencv_armor_detector/resources/far_back/633.png
-- Symlinking: /home/purduerm/ros2-ws/auto-aiming/install/opencv_armor_detector/share/opencv_armor_detector/resources/far_back/634.png
-- Symlinking: /home/purduerm/ros2-ws/auto-aiming/install/opencv_armor_detector/share/opencv_armor_detector/resources/far_back/635.png
-- Symlinking: /home/purduerm/ros2-ws/auto-aiming/install/opencv_armor_detector/share/opencv_armor_detector/resources/far_back/636.png
-- Symlinking: /home/purduerm/ros2-ws/auto-aiming/install/opencv_armor_detector/share/opencv_armor_detector/resources/far_back/637.png
-- Symlinking: /home/purduerm/ros2-ws/auto-aiming/install/opencv_armor_detector/share/opencv_armor_detector/resources/far_back/638.png
-- Symlinking: /home/purduerm/ros2-ws/auto-aiming/install/opencv_armor_detector/share/opencv_armor_detector/resources/far_back/639.png
-- Symlinking: /home/purduerm/ros2-ws/auto-aiming/install/opencv_armor_detector/share/opencv_armor_detector/resources/far_back/640.png
-- Symlinking: /home/purduerm/ros2-ws/auto-aiming/install/opencv_armor_detector/share/opencv_armor_detector/resources/far_back/651.png
-- Symlinking: /home/purduerm/ros2-ws/auto-aiming/install/opencv_armor_detector/share/opencv_armor_detector/resources/far_back/652.png
-- Symlinking: /home/purduerm/ros2-ws/auto-aiming/install/opencv_armor_detector/share/opencv_armor_detector/resources/far_back/653.png
-- Symlinking: /home/purduerm/ros2-ws/auto-aiming/install/opencv_armor_detector/share/opencv_armor_detector/resources/far_back/654.png
-- Symlinking: /home/purduerm/ros2-ws/auto-aiming/install/opencv_armor_detector/share/opencv_armor_detector/resources/far_back/655.png
-- Symlinking: /home/purduerm/ros2-ws/auto-aiming/install/opencv_armor_detector/share/opencv_armor_detector/resources/far_back/656.png
-- Symlinking: /home/purduerm/ros2-ws/auto-aiming/install/opencv_armor_detector/share/opencv_armor_detector/resources/far_back/657.png
-- Symlinking: /home/purduerm/ros2-ws/auto-aiming/install/opencv_armor_detector/share/opencv_armor_detector/resources/far_back/658.png
-- Symlinking: /home/purduerm/ros2-ws/auto-aiming/install/opencv_armor_detector/share/opencv_armor_detector/resources/far_back/659.png
-- Symlinking: /home/purduerm/ros2-ws/auto-aiming/install/opencv_armor_detector/share/opencv_armor_detector/resources/far_back/660.png
-- Symlinking: /home/purduerm/ros2-ws/auto-aiming/install/opencv_armor_detector/share/opencv_armor_detector/resources/far_back/665.png
-- Symlinking: /home/purduerm/ros2-ws/auto-aiming/install/opencv_armor_detector/share/opencv_armor_detector/resources/far_back/666.png
-- Symlinking: /home/purduerm/ros2-ws/auto-aiming/install/opencv_armor_detector/share/opencv_armor_detector/resources/far_back/667.png
-- Symlinking: /home/purduerm/ros2-ws/auto-aiming/install/opencv_armor_detector/share/opencv_armor_detector/resources/far_back/668.png
-- Symlinking: /home/purduerm/ros2-ws/auto-aiming/install/opencv_armor_detector/share/opencv_armor_detector/resources/far_back/669.png
-- Symlinking: /home/purduerm/ros2-ws/auto-aiming/install/opencv_armor_detector/share/opencv_armor_detector/resources/far_back/670.png
-- Symlinking: /home/purduerm/ros2-ws/auto-aiming/install/opencv_armor_detector/share/opencv_armor_detector/resources/far_back/671.png
-- Symlinking: /home/purduerm/ros2-ws/auto-aiming/install/opencv_armor_detector/share/opencv_armor_detector/resources/far_back/672.png
-- Symlinking: /home/purduerm/ros2-ws/auto-aiming/install/opencv_armor_detector/share/opencv_armor_detector/resources/far_back/673.png
-- Symlinking: /home/purduerm/ros2-ws/auto-aiming/install/opencv_armor_detector/share/opencv_armor_detector/resources/far_back/674.png
-- Symlinking: /home/purduerm/ros2-ws/auto-aiming/install/opencv_armor_detector/share/opencv_armor_detector/resources/far_back/675.png
-- Symlinking: /home/purduerm/ros2-ws/auto-aiming/install/opencv_armor_detector/share/opencv_armor_detector/resources/far_back/676.png
-- Symlinking: /home/purduerm/ros2-ws/auto-aiming/install/opencv_armor_detector/share/opencv_armor_detector/resources/far_back/677.png
-- Symlinking: /home/purduerm/ros2-ws/auto-aiming/install/opencv_armor_detector/share/opencv_armor_detector/resources/far_back/678.png
-- Symlinking: /home/purduerm/ros2-ws/auto-aiming/install/opencv_armor_detector/share/opencv_armor_detector/resources/far_back/679.png
-- Symlinking: /home/purduerm/ros2-ws/auto-aiming/install/opencv_armor_detector/share/opencv_armor_detector/resources/far_back/680.png
-- Symlinking: /home/purduerm/ros2-ws/auto-aiming/install/opencv_armor_detector/share/opencv_armor_detector/resources/far_back/ground_truth.csv
-- Symlinking: /home/purduerm/ros2-ws/auto-aiming/install/opencv_armor_detector/share/opencv_armor_detector/resources/far_back_spin_and_move/far.avi
-- Symlinking: /home/purduerm/ros2-ws/auto-aiming/install/opencv_armor_detector/share/opencv_armor_detector/resources/far_back_spin_and_move/ground_truth.csv
-- Symlinking: /home/purduerm/ros2-ws/auto-aiming/install/opencv_armor_detector/share/ament_index/resource_index/package_run_dependencies/opencv_armor_detector
-- Symlinking: /home/purduerm/ros2-ws/auto-aiming/install/opencv_armor_detector/share/ament_index/resource_index/parent_prefix_path/opencv_armor_detector
-- Symlinking: /home/purduerm/ros2-ws/auto-aiming/install/opencv_armor_detector/share/opencv_armor_detector/environment/ament_prefix_path.sh
-- Symlinking: /home/purduerm/ros2-ws/auto-aiming/install/opencv_armor_detector/share/opencv_armor_detector/environment/ament_prefix_path.dsv
-- Symlinking: /home/purduerm/ros2-ws/auto-aiming/install/opencv_armor_detector/share/opencv_armor_detector/environment/path.sh
-- Symlinking: /home/purduerm/ros2-ws/auto-aiming/install/opencv_armor_detector/share/opencv_armor_detector/environment/path.dsv
-- Symlinking: /home/purduerm/ros2-ws/auto-aiming/install/opencv_armor_detector/share/opencv_armor_detector/local_setup.bash
-- Symlinking: /home/purduerm/ros2-ws/auto-aiming/install/opencv_armor_detector/share/opencv_armor_detector/local_setup.sh
-- Symlinking: /home/purduerm/ros2-ws/auto-aiming/install/opencv_armor_detector/share/opencv_armor_detector/local_setup.zsh
-- Symlinking: /home/purduerm/ros2-ws/auto-aiming/install/opencv_armor_detector/share/opencv_armor_detector/local_setup.dsv
-- Symlinking: /home/purduerm/ros2-ws/auto-aiming/install/opencv_armor_detector/share/opencv_armor_detector/package.dsv
-- Symlinking: /home/purduerm/ros2-ws/auto-aiming/install/opencv_armor_detector/share/ament_index/resource_index/packages/opencv_armor_detector
-- Symlinking: /home/purduerm/ros2-ws/auto-aiming/install/opencv_armor_detector/share/opencv_armor_detector/cmake/ament_cmake_export_include_directories-extras.cmake
-- Symlinking: /home/purduerm/ros2-ws/auto-aiming/install/opencv_armor_detector/share/opencv_armor_detector/cmake/ament_cmake_export_dependencies-extras.cmake
-- Symlinking: /home/purduerm/ros2-ws/auto-aiming/install/opencv_armor_detector/share/opencv_armor_detector/cmake/opencv_armor_detectorConfig.cmake
-- Symlinking: /home/purduerm/ros2-ws/auto-aiming/install/opencv_armor_detector/share/opencv_armor_detector/cmake/opencv_armor_detectorConfig-version.cmake
-- Symlinking: /home/purduerm/ros2-ws/auto-aiming/install/opencv_armor_detector/share/opencv_armor_detector/package.xml
