[0.015s] Invoking command in '/home/purduerm/ros2-ws/auto-aiming/build/opencv_armor_detector': AMENT_PREFIX_PATH=/home/purduerm/ros2-ws/auto-aiming/install/vision_msgs:${AMENT_PREFIX_PATH} CMAKE_PREFIX_PATH=/home/purduerm/ros2-ws/auto-aiming/install/vision_msgs:/opt/ros/foxy LD_LIBRARY_PATH=/home/purduerm/ros2-ws/auto-aiming/install/vision_msgs/lib:${LD_LIBRARY_PATH} PYTHONPATH=/home/purduerm/ros2-ws/auto-aiming/install/vision_msgs/lib/python3.8/site-packages:${PYTHONPATH} /usr/bin/cmake --build /home/purduerm/ros2-ws/auto-aiming/build/opencv_armor_detector -- -j12 -l12
[0.054s] [ 20%] Built target gtest_main
[0.056s] [ 40%] Built target OpenCVArmorDetector
[0.056s] [ 60%] Built target gtest
[0.079s] [ 80%] Built target test_OpenCVArmorDetector
[0.089s] [100%] Built target OpenCVArmorDetectorNode
[0.098s] Invoked command in '/home/purduerm/ros2-ws/auto-aiming/build/opencv_armor_detector' returned '0': AMENT_PREFIX_PATH=/home/purduerm/ros2-ws/auto-aiming/install/vision_msgs:${AMENT_PREFIX_PATH} CMAKE_PREFIX_PATH=/home/purduerm/ros2-ws/auto-aiming/install/vision_msgs:/opt/ros/foxy LD_LIBRARY_PATH=/home/purduerm/ros2-ws/auto-aiming/install/vision_msgs/lib:${LD_LIBRARY_PATH} PYTHONPATH=/home/purduerm/ros2-ws/auto-aiming/install/vision_msgs/lib/python3.8/site-packages:${PYTHONPATH} /usr/bin/cmake --build /home/purduerm/ros2-ws/auto-aiming/build/opencv_armor_detector -- -j12 -l12
[0.099s] Invoking command in '/home/purduerm/ros2-ws/auto-aiming/build/opencv_armor_detector': AMENT_PREFIX_PATH=/home/purduerm/ros2-ws/auto-aiming/install/vision_msgs:${AMENT_PREFIX_PATH} CMAKE_PREFIX_PATH=/home/purduerm/ros2-ws/auto-aiming/install/vision_msgs:/opt/ros/foxy LD_LIBRARY_PATH=/home/purduerm/ros2-ws/auto-aiming/install/vision_msgs/lib:${LD_LIBRARY_PATH} PYTHONPATH=/home/purduerm/ros2-ws/auto-aiming/install/vision_msgs/lib/python3.8/site-packages:${PYTHONPATH} /usr/bin/cmake --install /home/purduerm/ros2-ws/auto-aiming/build/opencv_armor_detector
[0.108s] -- Install configuration: "Release"
[0.109s] -- Execute custom install script
[0.109s] -- Symlinking: /home/purduerm/ros2-ws/auto-aiming/install/opencv_armor_detector/lib/opencv_armor_detector/OpenCVArmorDetectorNode
[0.118s] -- Symlinking: /home/purduerm/ros2-ws/auto-aiming/install/opencv_armor_detector/share/opencv_armor_detector/resources/blue/0.png
[0.125s] -- Symlinking: /home/purduerm/ros2-ws/auto-aiming/install/opencv_armor_detector/share/opencv_armor_detector/resources/blue/1.png
[0.132s] -- Symlinking: /home/purduerm/ros2-ws/auto-aiming/install/opencv_armor_detector/share/opencv_armor_detector/resources/blue/10.png
[0.138s] -- Symlinking: /home/purduerm/ros2-ws/auto-aiming/install/opencv_armor_detector/share/opencv_armor_detector/resources/blue/11.png
[0.144s] -- Symlinking: /home/purduerm/ros2-ws/auto-aiming/install/opencv_armor_detector/share/opencv_armor_detector/resources/blue/12.png
[0.151s] -- Symlinking: /home/purduerm/ros2-ws/auto-aiming/install/opencv_armor_detector/share/opencv_armor_detector/resources/blue/13.png
[0.157s] -- Symlinking: /home/purduerm/ros2-ws/auto-aiming/install/opencv_armor_detector/share/opencv_armor_detector/resources/blue/14.png
[0.164s] -- Symlinking: /home/purduerm/ros2-ws/auto-aiming/install/opencv_armor_detector/share/opencv_armor_detector/resources/blue/15.png
[0.170s] -- Symlinking: /home/purduerm/ros2-ws/auto-aiming/install/opencv_armor_detector/share/opencv_armor_detector/resources/blue/16.png
[0.176s] -- Symlinking: /home/purduerm/ros2-ws/auto-aiming/install/opencv_armor_detector/share/opencv_armor_detector/resources/blue/17.png
[0.183s] -- Symlinking: /home/purduerm/ros2-ws/auto-aiming/install/opencv_armor_detector/share/opencv_armor_detector/resources/blue/18.png
[0.189s] -- Symlinking: /home/purduerm/ros2-ws/auto-aiming/install/opencv_armor_detector/share/opencv_armor_detector/resources/blue/19.png
[0.195s] -- Symlinking: /home/purduerm/ros2-ws/auto-aiming/install/opencv_armor_detector/share/opencv_armor_detector/resources/blue/2.png
[0.201s] -- Symlinking: /home/purduerm/ros2-ws/auto-aiming/install/opencv_armor_detector/share/opencv_armor_detector/resources/blue/20.png
[0.207s] -- Symlinking: /home/purduerm/ros2-ws/auto-aiming/install/opencv_armor_detector/share/opencv_armor_detector/resources/blue/21.png
[0.213s] -- Symlinking: /home/purduerm/ros2-ws/auto-aiming/install/opencv_armor_detector/share/opencv_armor_detector/resources/blue/22.png
[0.219s] -- Symlinking: /home/purduerm/ros2-ws/auto-aiming/install/opencv_armor_detector/share/opencv_armor_detector/resources/blue/23.png
[0.225s] -- Symlinking: /home/purduerm/ros2-ws/auto-aiming/install/opencv_armor_detector/share/opencv_armor_detector/resources/blue/24.png
[0.231s] -- Symlinking: /home/purduerm/ros2-ws/auto-aiming/install/opencv_armor_detector/share/opencv_armor_detector/resources/blue/2406.png
[0.236s] -- Symlinking: /home/purduerm/ros2-ws/auto-aiming/install/opencv_armor_detector/share/opencv_armor_detector/resources/blue/2407.png
[0.242s] -- Symlinking: /home/purduerm/ros2-ws/auto-aiming/install/opencv_armor_detector/share/opencv_armor_detector/resources/blue/2412.png
[0.249s] -- Symlinking: /home/purduerm/ros2-ws/auto-aiming/install/opencv_armor_detector/share/opencv_armor_detector/resources/blue/2414.png
[0.255s] -- Symlinking: /home/purduerm/ros2-ws/auto-aiming/install/opencv_armor_detector/share/opencv_armor_detector/resources/blue/2415.png
[0.261s] -- Symlinking: /home/purduerm/ros2-ws/auto-aiming/install/opencv_armor_detector/share/opencv_armor_detector/resources/blue/2416.png
[0.267s] -- Symlinking: /home/purduerm/ros2-ws/auto-aiming/install/opencv_armor_detector/share/opencv_armor_detector/resources/blue/2418.png
[0.273s] -- Symlinking: /home/purduerm/ros2-ws/auto-aiming/install/opencv_armor_detector/share/opencv_armor_detector/resources/blue/2419.png
[0.279s] -- Symlinking: /home/purduerm/ros2-ws/auto-aiming/install/opencv_armor_detector/share/opencv_armor_detector/resources/blue/2420.png
[0.285s] -- Symlinking: /home/purduerm/ros2-ws/auto-aiming/install/opencv_armor_detector/share/opencv_armor_detector/resources/blue/2423.png
[0.291s] -- Symlinking: /home/purduerm/ros2-ws/auto-aiming/install/opencv_armor_detector/share/opencv_armor_detector/resources/blue/2424.png
[0.298s] -- Symlinking: /home/purduerm/ros2-ws/auto-aiming/install/opencv_armor_detector/share/opencv_armor_detector/resources/blue/2425.png
[0.304s] -- Symlinking: /home/purduerm/ros2-ws/auto-aiming/install/opencv_armor_detector/share/opencv_armor_detector/resources/blue/2428.png
[0.310s] -- Symlinking: /home/purduerm/ros2-ws/auto-aiming/install/opencv_armor_detector/share/opencv_armor_detector/resources/blue/2429.png
[0.316s] -- Symlinking: /home/purduerm/ros2-ws/auto-aiming/install/opencv_armor_detector/share/opencv_armor_detector/resources/blue/2457.png
[0.323s] -- Symlinking: /home/purduerm/ros2-ws/auto-aiming/install/opencv_armor_detector/share/opencv_armor_detector/resources/blue/2458.png
[0.330s] -- Symlinking: /home/purduerm/ros2-ws/auto-aiming/install/opencv_armor_detector/share/opencv_armor_detector/resources/blue/2459.png
[0.336s] -- Symlinking: /home/purduerm/ros2-ws/auto-aiming/install/opencv_armor_detector/share/opencv_armor_detector/resources/blue/2462.png
[0.344s] -- Symlinking: /home/purduerm/ros2-ws/auto-aiming/install/opencv_armor_detector/share/opencv_armor_detector/resources/blue/2463.png
[0.351s] -- Symlinking: /home/purduerm/ros2-ws/auto-aiming/install/opencv_armor_detector/share/opencv_armor_detector/resources/blue/2471.png
[0.357s] -- Symlinking: /home/purduerm/ros2-ws/auto-aiming/install/opencv_armor_detector/share/opencv_armor_detector/resources/blue/2472.png
[0.363s] -- Symlinking: /home/purduerm/ros2-ws/auto-aiming/install/opencv_armor_detector/share/opencv_armor_detector/resources/blue/2474.png
[0.369s] -- Symlinking: /home/purduerm/ros2-ws/auto-aiming/install/opencv_armor_detector/share/opencv_armor_detector/resources/blue/2475.png
[0.376s] -- Symlinking: /home/purduerm/ros2-ws/auto-aiming/install/opencv_armor_detector/share/opencv_armor_detector/resources/blue/2476.png
[0.382s] -- Symlinking: /home/purduerm/ros2-ws/auto-aiming/install/opencv_armor_detector/share/opencv_armor_detector/resources/blue/2477.png
[0.388s] -- Symlinking: /home/purduerm/ros2-ws/auto-aiming/install/opencv_armor_detector/share/opencv_armor_detector/resources/blue/2478.png
[0.394s] -- Symlinking: /home/purduerm/ros2-ws/auto-aiming/install/opencv_armor_detector/share/opencv_armor_detector/resources/blue/2479.png
[0.400s] -- Symlinking: /home/purduerm/ros2-ws/auto-aiming/install/opencv_armor_detector/share/opencv_armor_detector/resources/blue/2480.png
[0.406s] -- Symlinking: /home/purduerm/ros2-ws/auto-aiming/install/opencv_armor_detector/share/opencv_armor_detector/resources/blue/2481.png
[0.413s] -- Symlinking: /home/purduerm/ros2-ws/auto-aiming/install/opencv_armor_detector/share/opencv_armor_detector/resources/blue/2482.png
[0.418s] -- Symlinking: /home/purduerm/ros2-ws/auto-aiming/install/opencv_armor_detector/share/opencv_armor_detector/resources/blue/2483.png
[0.424s] -- Symlinking: /home/purduerm/ros2-ws/auto-aiming/install/opencv_armor_detector/share/opencv_armor_detector/resources/blue/2486.png
[0.430s] -- Symlinking: /home/purduerm/ros2-ws/auto-aiming/install/opencv_armor_detector/share/opencv_armor_detector/resources/blue/2487.png
[0.436s] -- Symlinking: /home/purduerm/ros2-ws/auto-aiming/install/opencv_armor_detector/share/opencv_armor_detector/resources/blue/2489.png
[0.442s] -- Symlinking: /home/purduerm/ros2-ws/auto-aiming/install/opencv_armor_detector/share/opencv_armor_detector/resources/blue/2490.png
[0.448s] -- Symlinking: /home/purduerm/ros2-ws/auto-aiming/install/opencv_armor_detector/share/opencv_armor_detector/resources/blue/2493.png
[0.454s] -- Symlinking: /home/purduerm/ros2-ws/auto-aiming/install/opencv_armor_detector/share/opencv_armor_detector/resources/blue/2494.png
[0.461s] -- Symlinking: /home/purduerm/ros2-ws/auto-aiming/install/opencv_armor_detector/share/opencv_armor_detector/resources/blue/2498.png
[0.467s] -- Symlinking: /home/purduerm/ros2-ws/auto-aiming/install/opencv_armor_detector/share/opencv_armor_detector/resources/blue/2499.png
[0.473s] -- Symlinking: /home/purduerm/ros2-ws/auto-aiming/install/opencv_armor_detector/share/opencv_armor_detector/resources/blue/25.png
[0.479s] -- Symlinking: /home/purduerm/ros2-ws/auto-aiming/install/opencv_armor_detector/share/opencv_armor_detector/resources/blue/2501.png
[0.486s] -- Symlinking: /home/purduerm/ros2-ws/auto-aiming/install/opencv_armor_detector/share/opencv_armor_detector/resources/blue/2502.png
[0.492s] -- Symlinking: /home/purduerm/ros2-ws/auto-aiming/install/opencv_armor_detector/share/opencv_armor_detector/resources/blue/2503.png
[0.498s] -- Symlinking: /home/purduerm/ros2-ws/auto-aiming/install/opencv_armor_detector/share/opencv_armor_detector/resources/blue/2505.png
[0.504s] -- Symlinking: /home/purduerm/ros2-ws/auto-aiming/install/opencv_armor_detector/share/opencv_armor_detector/resources/blue/2506.png
[0.510s] -- Symlinking: /home/purduerm/ros2-ws/auto-aiming/install/opencv_armor_detector/share/opencv_armor_detector/resources/blue/2507.png
[0.516s] -- Symlinking: /home/purduerm/ros2-ws/auto-aiming/install/opencv_armor_detector/share/opencv_armor_detector/resources/blue/2517.png
[0.522s] -- Symlinking: /home/purduerm/ros2-ws/auto-aiming/install/opencv_armor_detector/share/opencv_armor_detector/resources/blue/2518.png
[0.528s] -- Symlinking: /home/purduerm/ros2-ws/auto-aiming/install/opencv_armor_detector/share/opencv_armor_detector/resources/blue/2537.png
[0.534s] -- Symlinking: /home/purduerm/ros2-ws/auto-aiming/install/opencv_armor_detector/share/opencv_armor_detector/resources/blue/2541.png
[0.539s] -- Symlinking: /home/purduerm/ros2-ws/auto-aiming/install/opencv_armor_detector/share/opencv_armor_detector/resources/blue/26.png
[0.545s] -- Symlinking: /home/purduerm/ros2-ws/auto-aiming/install/opencv_armor_detector/share/opencv_armor_detector/resources/blue/27.png
[0.552s] -- Symlinking: /home/purduerm/ros2-ws/auto-aiming/install/opencv_armor_detector/share/opencv_armor_detector/resources/blue/28.png
[0.558s] -- Symlinking: /home/purduerm/ros2-ws/auto-aiming/install/opencv_armor_detector/share/opencv_armor_detector/resources/blue/29.png
[0.564s] -- Symlinking: /home/purduerm/ros2-ws/auto-aiming/install/opencv_armor_detector/share/opencv_armor_detector/resources/blue/3.png
[0.569s] -- Symlinking: /home/purduerm/ros2-ws/auto-aiming/install/opencv_armor_detector/share/opencv_armor_detector/resources/blue/30.png
[0.575s] -- Symlinking: /home/purduerm/ros2-ws/auto-aiming/install/opencv_armor_detector/share/opencv_armor_detector/resources/blue/4.png
[0.581s] -- Symlinking: /home/purduerm/ros2-ws/auto-aiming/install/opencv_armor_detector/share/opencv_armor_detector/resources/blue/5.png
[0.587s] -- Symlinking: /home/purduerm/ros2-ws/auto-aiming/install/opencv_armor_detector/share/opencv_armor_detector/resources/blue/6.png
[0.593s] -- Symlinking: /home/purduerm/ros2-ws/auto-aiming/install/opencv_armor_detector/share/opencv_armor_detector/resources/blue/7.png
[0.599s] -- Symlinking: /home/purduerm/ros2-ws/auto-aiming/install/opencv_armor_detector/share/opencv_armor_detector/resources/blue/8.png
[0.605s] -- Symlinking: /home/purduerm/ros2-ws/auto-aiming/install/opencv_armor_detector/share/opencv_armor_detector/resources/blue/9.png
[0.610s] -- Symlinking: /home/purduerm/ros2-ws/auto-aiming/install/opencv_armor_detector/share/opencv_armor_detector/resources/blue/ground_truth.csv
[0.616s] -- Symlinking: /home/purduerm/ros2-ws/auto-aiming/install/opencv_armor_detector/share/opencv_armor_detector/resources/close_video/close.avi
[0.622s] -- Symlinking: /home/purduerm/ros2-ws/auto-aiming/install/opencv_armor_detector/share/opencv_armor_detector/resources/close_video/ground_truth.csv
[0.628s] -- Symlinking: /home/purduerm/ros2-ws/auto-aiming/install/opencv_armor_detector/share/opencv_armor_detector/resources/easy/ground_truth.csv
[0.634s] -- Symlinking: /home/purduerm/ros2-ws/auto-aiming/install/opencv_armor_detector/share/opencv_armor_detector/resources/easy/output_0001.png
[0.639s] -- Symlinking: /home/purduerm/ros2-ws/auto-aiming/install/opencv_armor_detector/share/opencv_armor_detector/resources/easy/output_0002.png
[0.645s] -- Symlinking: /home/purduerm/ros2-ws/auto-aiming/install/opencv_armor_detector/share/opencv_armor_detector/resources/easy/output_0003.png
[0.651s] -- Symlinking: /home/purduerm/ros2-ws/auto-aiming/install/opencv_armor_detector/share/opencv_armor_detector/resources/easy/output_0004.png
[0.657s] -- Symlinking: /home/purduerm/ros2-ws/auto-aiming/install/opencv_armor_detector/share/opencv_armor_detector/resources/easy/output_0005.png
[0.664s] -- Symlinking: /home/purduerm/ros2-ws/auto-aiming/install/opencv_armor_detector/share/opencv_armor_detector/resources/easy/output_0006.png
[0.670s] -- Symlinking: /home/purduerm/ros2-ws/auto-aiming/install/opencv_armor_detector/share/opencv_armor_detector/resources/easy/output_0007.png
[0.676s] -- Symlinking: /home/purduerm/ros2-ws/auto-aiming/install/opencv_armor_detector/share/opencv_armor_detector/resources/easy/output_0008.png
[0.682s] -- Symlinking: /home/purduerm/ros2-ws/auto-aiming/install/opencv_armor_detector/share/opencv_armor_detector/resources/easy/output_0009.png
[0.687s] -- Symlinking: /home/purduerm/ros2-ws/auto-aiming/install/opencv_armor_detector/share/opencv_armor_detector/resources/easy/output_0010.png
[0.693s] -- Symlinking: /home/purduerm/ros2-ws/auto-aiming/install/opencv_armor_detector/share/opencv_armor_detector/resources/easy/output_0011.png
[0.699s] -- Symlinking: /home/purduerm/ros2-ws/auto-aiming/install/opencv_armor_detector/share/opencv_armor_detector/resources/easy/output_0012.png
[0.705s] -- Symlinking: /home/purduerm/ros2-ws/auto-aiming/install/opencv_armor_detector/share/opencv_armor_detector/resources/easy/output_0013.png
[0.711s] -- Symlinking: /home/purduerm/ros2-ws/auto-aiming/install/opencv_armor_detector/share/opencv_armor_detector/resources/easy/output_0014.png
[0.717s] -- Symlinking: /home/purduerm/ros2-ws/auto-aiming/install/opencv_armor_detector/share/opencv_armor_detector/resources/easy/output_0015.png
[0.723s] -- Symlinking: /home/purduerm/ros2-ws/auto-aiming/install/opencv_armor_detector/share/opencv_armor_detector/resources/easy/output_0016.png
[0.728s] -- Symlinking: /home/purduerm/ros2-ws/auto-aiming/install/opencv_armor_detector/share/opencv_armor_detector/resources/easy/output_0017.png
[0.734s] -- Symlinking: /home/purduerm/ros2-ws/auto-aiming/install/opencv_armor_detector/share/opencv_armor_detector/resources/easy/output_0018.png
[0.740s] -- Symlinking: /home/purduerm/ros2-ws/auto-aiming/install/opencv_armor_detector/share/opencv_armor_detector/resources/easy/output_0019.png
[0.746s] -- Symlinking: /home/purduerm/ros2-ws/auto-aiming/install/opencv_armor_detector/share/opencv_armor_detector/resources/easy/output_0020.png
[0.752s] -- Symlinking: /home/purduerm/ros2-ws/auto-aiming/install/opencv_armor_detector/share/opencv_armor_detector/resources/easy/output_0021.png
[0.758s] -- Symlinking: /home/purduerm/ros2-ws/auto-aiming/install/opencv_armor_detector/share/opencv_armor_detector/resources/easy/output_0022.png
[0.765s] -- Symlinking: /home/purduerm/ros2-ws/auto-aiming/install/opencv_armor_detector/share/opencv_armor_detector/resources/easy/output_0023.png
[0.771s] -- Symlinking: /home/purduerm/ros2-ws/auto-aiming/install/opencv_armor_detector/share/opencv_armor_detector/resources/easy/output_0024.png
[0.777s] -- Symlinking: /home/purduerm/ros2-ws/auto-aiming/install/opencv_armor_detector/share/opencv_armor_detector/resources/easy/output_0025.png
[0.783s] -- Symlinking: /home/purduerm/ros2-ws/auto-aiming/install/opencv_armor_detector/share/opencv_armor_detector/resources/easy/output_0026.png
[0.789s] -- Symlinking: /home/purduerm/ros2-ws/auto-aiming/install/opencv_armor_detector/share/opencv_armor_detector/resources/easy/output_0027.png
[0.795s] -- Symlinking: /home/purduerm/ros2-ws/auto-aiming/install/opencv_armor_detector/share/opencv_armor_detector/resources/easy/output_0028.png
[0.800s] -- Symlinking: /home/purduerm/ros2-ws/auto-aiming/install/opencv_armor_detector/share/opencv_armor_detector/resources/easy/output_0029.png
[0.806s] -- Symlinking: /home/purduerm/ros2-ws/auto-aiming/install/opencv_armor_detector/share/opencv_armor_detector/resources/easy/output_0030.png
[0.812s] -- Symlinking: /home/purduerm/ros2-ws/auto-aiming/install/opencv_armor_detector/share/opencv_armor_detector/resources/easy/output_0031.png
[0.821s] -- Symlinking: /home/purduerm/ros2-ws/auto-aiming/install/opencv_armor_detector/share/opencv_armor_detector/resources/easy/output_0032.png
[0.827s] -- Symlinking: /home/purduerm/ros2-ws/auto-aiming/install/opencv_armor_detector/share/opencv_armor_detector/resources/easy/output_0033.png
[0.833s] -- Symlinking: /home/purduerm/ros2-ws/auto-aiming/install/opencv_armor_detector/share/opencv_armor_detector/resources/easy/output_0034.png
[0.840s] -- Symlinking: /home/purduerm/ros2-ws/auto-aiming/install/opencv_armor_detector/share/opencv_armor_detector/resources/easy/output_0035.png
[0.846s] -- Symlinking: /home/purduerm/ros2-ws/auto-aiming/install/opencv_armor_detector/share/opencv_armor_detector/resources/easy/output_0036.png
[0.853s] -- Symlinking: /home/purduerm/ros2-ws/auto-aiming/install/opencv_armor_detector/share/opencv_armor_detector/resources/easy/output_0037.png
[0.859s] -- Symlinking: /home/purduerm/ros2-ws/auto-aiming/install/opencv_armor_detector/share/opencv_armor_detector/resources/easy/output_0038.png
[0.865s] -- Symlinking: /home/purduerm/ros2-ws/auto-aiming/install/opencv_armor_detector/share/opencv_armor_detector/resources/easy/output_0039.png
[0.872s] -- Symlinking: /home/purduerm/ros2-ws/auto-aiming/install/opencv_armor_detector/share/opencv_armor_detector/resources/easy/output_0040.png
[0.878s] -- Symlinking: /home/purduerm/ros2-ws/auto-aiming/install/opencv_armor_detector/share/opencv_armor_detector/resources/easy/output_0041.png
[0.884s] -- Symlinking: /home/purduerm/ros2-ws/auto-aiming/install/opencv_armor_detector/share/opencv_armor_detector/resources/easy/output_0042.png
[0.891s] -- Symlinking: /home/purduerm/ros2-ws/auto-aiming/install/opencv_armor_detector/share/opencv_armor_detector/resources/easy/output_0043.png
[0.897s] -- Symlinking: /home/purduerm/ros2-ws/auto-aiming/install/opencv_armor_detector/share/opencv_armor_detector/resources/easy/output_0044.png
[0.904s] -- Symlinking: /home/purduerm/ros2-ws/auto-aiming/install/opencv_armor_detector/share/opencv_armor_detector/resources/easy/output_0045.png
[0.910s] -- Symlinking: /home/purduerm/ros2-ws/auto-aiming/install/opencv_armor_detector/share/opencv_armor_detector/resources/easy/output_0067.png
[0.917s] -- Symlinking: /home/purduerm/ros2-ws/auto-aiming/install/opencv_armor_detector/share/opencv_armor_detector/resources/easy/output_0068.png
[0.924s] -- Symlinking: /home/purduerm/ros2-ws/auto-aiming/install/opencv_armor_detector/share/opencv_armor_detector/resources/easy/output_0069.png
[0.930s] -- Symlinking: /home/purduerm/ros2-ws/auto-aiming/install/opencv_armor_detector/share/opencv_armor_detector/resources/easy/output_0070.png
[0.937s] -- Symlinking: /home/purduerm/ros2-ws/auto-aiming/install/opencv_armor_detector/share/opencv_armor_detector/resources/easy/output_0071.png
[0.944s] -- Symlinking: /home/purduerm/ros2-ws/auto-aiming/install/opencv_armor_detector/share/opencv_armor_detector/resources/easy/output_0072.png
[0.951s] -- Symlinking: /home/purduerm/ros2-ws/auto-aiming/install/opencv_armor_detector/share/opencv_armor_detector/resources/easy/output_0073.png
[0.957s] -- Symlinking: /home/purduerm/ros2-ws/auto-aiming/install/opencv_armor_detector/share/opencv_armor_detector/resources/easy/output_0074.png
[0.964s] -- Symlinking: /home/purduerm/ros2-ws/auto-aiming/install/opencv_armor_detector/share/opencv_armor_detector/resources/easy/output_0075.png
[0.970s] -- Symlinking: /home/purduerm/ros2-ws/auto-aiming/install/opencv_armor_detector/share/opencv_armor_detector/resources/easy/output_0076.png
[0.977s] -- Symlinking: /home/purduerm/ros2-ws/auto-aiming/install/opencv_armor_detector/share/opencv_armor_detector/resources/easy/output_0077.png
[0.984s] -- Symlinking: /home/purduerm/ros2-ws/auto-aiming/install/opencv_armor_detector/share/opencv_armor_detector/resources/easy/output_0078.png
[0.991s] -- Symlinking: /home/purduerm/ros2-ws/auto-aiming/install/opencv_armor_detector/share/opencv_armor_detector/resources/easy/output_0079.png
[0.997s] -- Symlinking: /home/purduerm/ros2-ws/auto-aiming/install/opencv_armor_detector/share/opencv_armor_detector/resources/easy/output_0080.png
[1.003s] -- Symlinking: /home/purduerm/ros2-ws/auto-aiming/install/opencv_armor_detector/share/opencv_armor_detector/resources/easy/output_0081.png
[1.010s] -- Symlinking: /home/purduerm/ros2-ws/auto-aiming/install/opencv_armor_detector/share/opencv_armor_detector/resources/easy/output_0082.png
[1.016s] -- Symlinking: /home/purduerm/ros2-ws/auto-aiming/install/opencv_armor_detector/share/opencv_armor_detector/resources/easy/output_0083.png
[1.022s] -- Symlinking: /home/purduerm/ros2-ws/auto-aiming/install/opencv_armor_detector/share/opencv_armor_detector/resources/easy/output_0084.png
[1.029s] -- Symlinking: /home/purduerm/ros2-ws/auto-aiming/install/opencv_armor_detector/share/opencv_armor_detector/resources/easy/output_0085.png
[1.035s] -- Symlinking: /home/purduerm/ros2-ws/auto-aiming/install/opencv_armor_detector/share/opencv_armor_detector/resources/easy/output_0086.png
[1.041s] -- Symlinking: /home/purduerm/ros2-ws/auto-aiming/install/opencv_armor_detector/share/opencv_armor_detector/resources/easy/output_0087.png
[1.047s] -- Symlinking: /home/purduerm/ros2-ws/auto-aiming/install/opencv_armor_detector/share/opencv_armor_detector/resources/easy/output_0088.png
[1.053s] -- Symlinking: /home/purduerm/ros2-ws/auto-aiming/install/opencv_armor_detector/share/opencv_armor_detector/resources/easy/output_0089.png
[1.060s] -- Symlinking: /home/purduerm/ros2-ws/auto-aiming/install/opencv_armor_detector/share/opencv_armor_detector/resources/easy/output_0095.png
[1.066s] -- Symlinking: /home/purduerm/ros2-ws/auto-aiming/install/opencv_armor_detector/share/opencv_armor_detector/resources/easy/output_0096.png
[1.072s] -- Symlinking: /home/purduerm/ros2-ws/auto-aiming/install/opencv_armor_detector/share/opencv_armor_detector/resources/easy/output_0097.png
[1.078s] -- Symlinking: /home/purduerm/ros2-ws/auto-aiming/install/opencv_armor_detector/share/opencv_armor_detector/resources/easy/output_0098.png
[1.085s] -- Symlinking: /home/purduerm/ros2-ws/auto-aiming/install/opencv_armor_detector/share/opencv_armor_detector/resources/easy/output_0099.png
[1.091s] -- Symlinking: /home/purduerm/ros2-ws/auto-aiming/install/opencv_armor_detector/share/opencv_armor_detector/resources/easy/output_0100.png
[1.098s] -- Symlinking: /home/purduerm/ros2-ws/auto-aiming/install/opencv_armor_detector/share/opencv_armor_detector/resources/easy/output_0101.png
[1.104s] -- Symlinking: /home/purduerm/ros2-ws/auto-aiming/install/opencv_armor_detector/share/opencv_armor_detector/resources/easy/output_0102.png
[1.110s] -- Symlinking: /home/purduerm/ros2-ws/auto-aiming/install/opencv_armor_detector/share/opencv_armor_detector/resources/easy/output_0103.png
[1.117s] -- Symlinking: /home/purduerm/ros2-ws/auto-aiming/install/opencv_armor_detector/share/opencv_armor_detector/resources/easy/output_0104.png
[1.123s] -- Symlinking: /home/purduerm/ros2-ws/auto-aiming/install/opencv_armor_detector/share/opencv_armor_detector/resources/easy/output_0105.png
[1.129s] -- Symlinking: /home/purduerm/ros2-ws/auto-aiming/install/opencv_armor_detector/share/opencv_armor_detector/resources/easy/output_0106.png
[1.135s] -- Symlinking: /home/purduerm/ros2-ws/auto-aiming/install/opencv_armor_detector/share/opencv_armor_detector/resources/easy/output_0107.png
[1.142s] -- Symlinking: /home/purduerm/ros2-ws/auto-aiming/install/opencv_armor_detector/share/opencv_armor_detector/resources/easy/output_0108.png
[1.148s] -- Symlinking: /home/purduerm/ros2-ws/auto-aiming/install/opencv_armor_detector/share/opencv_armor_detector/resources/easy/output_0109.png
[1.155s] -- Symlinking: /home/purduerm/ros2-ws/auto-aiming/install/opencv_armor_detector/share/opencv_armor_detector/resources/easy/output_0110.png
[1.162s] -- Symlinking: /home/purduerm/ros2-ws/auto-aiming/install/opencv_armor_detector/share/opencv_armor_detector/resources/easy/output_0111.png
[1.168s] -- Symlinking: /home/purduerm/ros2-ws/auto-aiming/install/opencv_armor_detector/share/opencv_armor_detector/resources/easy/output_0112.png
[1.175s] -- Symlinking: /home/purduerm/ros2-ws/auto-aiming/install/opencv_armor_detector/share/opencv_armor_detector/resources/easy/output_0113.png
[1.182s] -- Symlinking: /home/purduerm/ros2-ws/auto-aiming/install/opencv_armor_detector/share/opencv_armor_detector/resources/easy/output_0114.png
[1.190s] -- Symlinking: /home/purduerm/ros2-ws/auto-aiming/install/opencv_armor_detector/share/opencv_armor_detector/resources/easy/output_0115.png
[1.197s] -- Symlinking: /home/purduerm/ros2-ws/auto-aiming/install/opencv_armor_detector/share/opencv_armor_detector/resources/easy/output_0116.png
[1.203s] -- Symlinking: /home/purduerm/ros2-ws/auto-aiming/install/opencv_armor_detector/share/opencv_armor_detector/resources/easy/output_0117.png
[1.209s] -- Symlinking: /home/purduerm/ros2-ws/auto-aiming/install/opencv_armor_detector/share/opencv_armor_detector/resources/easy/output_0118.png
[1.216s] -- Symlinking: /home/purduerm/ros2-ws/auto-aiming/install/opencv_armor_detector/share/opencv_armor_detector/resources/easy/output_0119.png
[1.222s] -- Symlinking: /home/purduerm/ros2-ws/auto-aiming/install/opencv_armor_detector/share/opencv_armor_detector/resources/easy/output_0120.png
[1.229s] -- Symlinking: /home/purduerm/ros2-ws/auto-aiming/install/opencv_armor_detector/share/opencv_armor_detector/resources/easy/output_0121.png
[1.235s] -- Symlinking: /home/purduerm/ros2-ws/auto-aiming/install/opencv_armor_detector/share/opencv_armor_detector/resources/easy/output_0122.png
[1.242s] -- Symlinking: /home/purduerm/ros2-ws/auto-aiming/install/opencv_armor_detector/share/opencv_armor_detector/resources/easy/output_0123.png
[1.249s] -- Symlinking: /home/purduerm/ros2-ws/auto-aiming/install/opencv_armor_detector/share/opencv_armor_detector/resources/easy/output_0236.png
[1.256s] -- Symlinking: /home/purduerm/ros2-ws/auto-aiming/install/opencv_armor_detector/share/opencv_armor_detector/resources/easy/output_0237.png
[1.263s] -- Symlinking: /home/purduerm/ros2-ws/auto-aiming/install/opencv_armor_detector/share/opencv_armor_detector/resources/easy/output_0238.png
[1.269s] -- Symlinking: /home/purduerm/ros2-ws/auto-aiming/install/opencv_armor_detector/share/opencv_armor_detector/resources/easy/output_0239.png
[1.276s] -- Symlinking: /home/purduerm/ros2-ws/auto-aiming/install/opencv_armor_detector/share/opencv_armor_detector/resources/easy/output_0240.png
[1.282s] -- Symlinking: /home/purduerm/ros2-ws/auto-aiming/install/opencv_armor_detector/share/opencv_armor_detector/resources/easy/output_0241.png
[1.289s] -- Symlinking: /home/purduerm/ros2-ws/auto-aiming/install/opencv_armor_detector/share/opencv_armor_detector/resources/easy/output_0242.png
[1.295s] -- Symlinking: /home/purduerm/ros2-ws/auto-aiming/install/opencv_armor_detector/share/opencv_armor_detector/resources/easy/output_0243.png
[1.302s] -- Symlinking: /home/purduerm/ros2-ws/auto-aiming/install/opencv_armor_detector/share/opencv_armor_detector/resources/easy/output_0244.png
[1.308s] -- Symlinking: /home/purduerm/ros2-ws/auto-aiming/install/opencv_armor_detector/share/opencv_armor_detector/resources/easy/output_0245.png
[1.314s] -- Symlinking: /home/purduerm/ros2-ws/auto-aiming/install/opencv_armor_detector/share/opencv_armor_detector/resources/easy/output_0246.png
[1.321s] -- Symlinking: /home/purduerm/ros2-ws/auto-aiming/install/opencv_armor_detector/share/opencv_armor_detector/resources/easy/output_0247.png
[1.328s] -- Symlinking: /home/purduerm/ros2-ws/auto-aiming/install/opencv_armor_detector/share/opencv_armor_detector/resources/easy/output_0248.png
[1.334s] -- Symlinking: /home/purduerm/ros2-ws/auto-aiming/install/opencv_armor_detector/share/opencv_armor_detector/resources/easy/output_0249.png
[1.341s] -- Symlinking: /home/purduerm/ros2-ws/auto-aiming/install/opencv_armor_detector/share/opencv_armor_detector/resources/easy/output_0250.png
[1.347s] -- Symlinking: /home/purduerm/ros2-ws/auto-aiming/install/opencv_armor_detector/share/opencv_armor_detector/resources/easy/output_0251.png
[1.354s] -- Symlinking: /home/purduerm/ros2-ws/auto-aiming/install/opencv_armor_detector/share/opencv_armor_detector/resources/easy/output_0252.png
[1.361s] -- Symlinking: /home/purduerm/ros2-ws/auto-aiming/install/opencv_armor_detector/share/opencv_armor_detector/resources/easy/output_0253.png
[1.368s] -- Symlinking: /home/purduerm/ros2-ws/auto-aiming/install/opencv_armor_detector/share/opencv_armor_detector/resources/easy/output_0254.png
[1.374s] -- Symlinking: /home/purduerm/ros2-ws/auto-aiming/install/opencv_armor_detector/share/opencv_armor_detector/resources/easy/output_0255.png
[1.381s] -- Symlinking: /home/purduerm/ros2-ws/auto-aiming/install/opencv_armor_detector/share/opencv_armor_detector/resources/easy/output_0256.png
[1.387s] -- Symlinking: /home/purduerm/ros2-ws/auto-aiming/install/opencv_armor_detector/share/opencv_armor_detector/resources/easy/output_0257.png
[1.394s] -- Symlinking: /home/purduerm/ros2-ws/auto-aiming/install/opencv_armor_detector/share/opencv_armor_detector/resources/easy/output_0258.png
[1.400s] -- Symlinking: /home/purduerm/ros2-ws/auto-aiming/install/opencv_armor_detector/share/opencv_armor_detector/resources/easy/output_0259.png
[1.407s] -- Symlinking: /home/purduerm/ros2-ws/auto-aiming/install/opencv_armor_detector/share/opencv_armor_detector/resources/easy/output_0260.png
[1.413s] -- Symlinking: /home/purduerm/ros2-ws/auto-aiming/install/opencv_armor_detector/share/opencv_armor_detector/resources/easy/output_0261.png
[1.420s] -- Symlinking: /home/purduerm/ros2-ws/auto-aiming/install/opencv_armor_detector/share/opencv_armor_detector/resources/easy/output_0262.png
[1.427s] -- Symlinking: /home/purduerm/ros2-ws/auto-aiming/install/opencv_armor_detector/share/opencv_armor_detector/resources/easy/output_0263.png
[1.432s] -- Symlinking: /home/purduerm/ros2-ws/auto-aiming/install/opencv_armor_detector/share/opencv_armor_detector/resources/easy/output_0264.png
[1.438s] -- Symlinking: /home/purduerm/ros2-ws/auto-aiming/install/opencv_armor_detector/share/opencv_armor_detector/resources/easy/output_0265.png
[1.444s] -- Symlinking: /home/purduerm/ros2-ws/auto-aiming/install/opencv_armor_detector/share/opencv_armor_detector/resources/easy/output_0266.png
[1.450s] -- Symlinking: /home/purduerm/ros2-ws/auto-aiming/install/opencv_armor_detector/share/opencv_armor_detector/resources/easy/output_0267.png
[1.457s] -- Symlinking: /home/purduerm/ros2-ws/auto-aiming/install/opencv_armor_detector/share/opencv_armor_detector/resources/easy/output_0268.png
[1.463s] -- Symlinking: /home/purduerm/ros2-ws/auto-aiming/install/opencv_armor_detector/share/opencv_armor_detector/resources/easy/output_0269.png
[1.470s] -- Symlinking: /home/purduerm/ros2-ws/auto-aiming/install/opencv_armor_detector/share/opencv_armor_detector/resources/easy/output_0270.png
[1.476s] -- Symlinking: /home/purduerm/ros2-ws/auto-aiming/install/opencv_armor_detector/share/opencv_armor_detector/resources/easy/output_0271.png
[1.482s] -- Symlinking: /home/purduerm/ros2-ws/auto-aiming/install/opencv_armor_detector/share/opencv_armor_detector/resources/easy/output_0272.png
[1.488s] -- Symlinking: /home/purduerm/ros2-ws/auto-aiming/install/opencv_armor_detector/share/opencv_armor_detector/resources/easy/output_0273.png
[1.494s] -- Symlinking: /home/purduerm/ros2-ws/auto-aiming/install/opencv_armor_detector/share/opencv_armor_detector/resources/easy/output_0274.png
[1.500s] -- Symlinking: /home/purduerm/ros2-ws/auto-aiming/install/opencv_armor_detector/share/opencv_armor_detector/resources/easy/output_0275.png
[1.506s] -- Symlinking: /home/purduerm/ros2-ws/auto-aiming/install/opencv_armor_detector/share/opencv_armor_detector/resources/easy/output_0276.png
[1.512s] -- Symlinking: /home/purduerm/ros2-ws/auto-aiming/install/opencv_armor_detector/share/opencv_armor_detector/resources/easy/output_0277.png
[1.518s] -- Symlinking: /home/purduerm/ros2-ws/auto-aiming/install/opencv_armor_detector/share/opencv_armor_detector/resources/easy/output_0278.png
[1.524s] -- Symlinking: /home/purduerm/ros2-ws/auto-aiming/install/opencv_armor_detector/share/opencv_armor_detector/resources/easy/output_0279.png
[1.530s] -- Symlinking: /home/purduerm/ros2-ws/auto-aiming/install/opencv_armor_detector/share/opencv_armor_detector/resources/easy/output_0280.png
[1.536s] -- Symlinking: /home/purduerm/ros2-ws/auto-aiming/install/opencv_armor_detector/share/opencv_armor_detector/resources/easy/output_0281.png
[1.542s] -- Symlinking: /home/purduerm/ros2-ws/auto-aiming/install/opencv_armor_detector/share/opencv_armor_detector/resources/easy/output_0282.png
[1.548s] -- Symlinking: /home/purduerm/ros2-ws/auto-aiming/install/opencv_armor_detector/share/opencv_armor_detector/resources/easy/output_0283.png
[1.555s] -- Symlinking: /home/purduerm/ros2-ws/auto-aiming/install/opencv_armor_detector/share/opencv_armor_detector/resources/easy/output_0284.png
[1.561s] -- Symlinking: /home/purduerm/ros2-ws/auto-aiming/install/opencv_armor_detector/share/opencv_armor_detector/resources/easy/output_0285.png
[1.568s] -- Symlinking: /home/purduerm/ros2-ws/auto-aiming/install/opencv_armor_detector/share/opencv_armor_detector/resources/easy/output_0286.png
[1.574s] -- Symlinking: /home/purduerm/ros2-ws/auto-aiming/install/opencv_armor_detector/share/opencv_armor_detector/resources/easy/output_0287.png
[1.580s] -- Symlinking: /home/purduerm/ros2-ws/auto-aiming/install/opencv_armor_detector/share/opencv_armor_detector/resources/easy/output_0288.png
[1.587s] -- Symlinking: /home/purduerm/ros2-ws/auto-aiming/install/opencv_armor_detector/share/opencv_armor_detector/resources/easy/output_0289.png
[1.593s] -- Symlinking: /home/purduerm/ros2-ws/auto-aiming/install/opencv_armor_detector/share/opencv_armor_detector/resources/easy/output_0290.png
[1.599s] -- Symlinking: /home/purduerm/ros2-ws/auto-aiming/install/opencv_armor_detector/share/opencv_armor_detector/resources/easy/output_0291.png
[1.605s] -- Symlinking: /home/purduerm/ros2-ws/auto-aiming/install/opencv_armor_detector/share/opencv_armor_detector/resources/easy/output_0292.png
[1.611s] -- Symlinking: /home/purduerm/ros2-ws/auto-aiming/install/opencv_armor_detector/share/opencv_armor_detector/resources/easy/output_0293.png
[1.617s] -- Symlinking: /home/purduerm/ros2-ws/auto-aiming/install/opencv_armor_detector/share/opencv_armor_detector/resources/easy/output_0294.png
[1.623s] -- Symlinking: /home/purduerm/ros2-ws/auto-aiming/install/opencv_armor_detector/share/opencv_armor_detector/resources/easy/output_0295.png
[1.629s] -- Symlinking: /home/purduerm/ros2-ws/auto-aiming/install/opencv_armor_detector/share/opencv_armor_detector/resources/easy/output_0296.png
[1.635s] -- Symlinking: /home/purduerm/ros2-ws/auto-aiming/install/opencv_armor_detector/share/opencv_armor_detector/resources/easy/output_0297.png
[1.641s] -- Symlinking: /home/purduerm/ros2-ws/auto-aiming/install/opencv_armor_detector/share/opencv_armor_detector/resources/far_back/613.png
[1.647s] -- Symlinking: /home/purduerm/ros2-ws/auto-aiming/install/opencv_armor_detector/share/opencv_armor_detector/resources/far_back/614.png
[1.654s] -- Symlinking: /home/purduerm/ros2-ws/auto-aiming/install/opencv_armor_detector/share/opencv_armor_detector/resources/far_back/615.png
[1.660s] -- Symlinking: /home/purduerm/ros2-ws/auto-aiming/install/opencv_armor_detector/share/opencv_armor_detector/resources/far_back/616.png
[1.666s] -- Symlinking: /home/purduerm/ros2-ws/auto-aiming/install/opencv_armor_detector/share/opencv_armor_detector/resources/far_back/617.png
[1.672s] -- Symlinking: /home/purduerm/ros2-ws/auto-aiming/install/opencv_armor_detector/share/opencv_armor_detector/resources/far_back/618.png
[1.679s] -- Symlinking: /home/purduerm/ros2-ws/auto-aiming/install/opencv_armor_detector/share/opencv_armor_detector/resources/far_back/619.png
[1.685s] -- Symlinking: /home/purduerm/ros2-ws/auto-aiming/install/opencv_armor_detector/share/opencv_armor_detector/resources/far_back/620.png
[1.691s] -- Symlinking: /home/purduerm/ros2-ws/auto-aiming/install/opencv_armor_detector/share/opencv_armor_detector/resources/far_back/621.png
[1.697s] -- Symlinking: /home/purduerm/ros2-ws/auto-aiming/install/opencv_armor_detector/share/opencv_armor_detector/resources/far_back/622.png
[1.703s] -- Symlinking: /home/purduerm/ros2-ws/auto-aiming/install/opencv_armor_detector/share/opencv_armor_detector/resources/far_back/623.png
[1.709s] -- Symlinking: /home/purduerm/ros2-ws/auto-aiming/install/opencv_armor_detector/share/opencv_armor_detector/resources/far_back/624.png
[1.715s] -- Symlinking: /home/purduerm/ros2-ws/auto-aiming/install/opencv_armor_detector/share/opencv_armor_detector/resources/far_back/625.png
[1.721s] -- Symlinking: /home/purduerm/ros2-ws/auto-aiming/install/opencv_armor_detector/share/opencv_armor_detector/resources/far_back/626.png
[1.727s] -- Symlinking: /home/purduerm/ros2-ws/auto-aiming/install/opencv_armor_detector/share/opencv_armor_detector/resources/far_back/627.png
[1.734s] -- Symlinking: /home/purduerm/ros2-ws/auto-aiming/install/opencv_armor_detector/share/opencv_armor_detector/resources/far_back/628.png
[1.740s] -- Symlinking: /home/purduerm/ros2-ws/auto-aiming/install/opencv_armor_detector/share/opencv_armor_detector/resources/far_back/629.png
[1.746s] -- Symlinking: /home/purduerm/ros2-ws/auto-aiming/install/opencv_armor_detector/share/opencv_armor_detector/resources/far_back/630.png
[1.752s] -- Symlinking: /home/purduerm/ros2-ws/auto-aiming/install/opencv_armor_detector/share/opencv_armor_detector/resources/far_back/631.png
[1.758s] -- Symlinking: /home/purduerm/ros2-ws/auto-aiming/install/opencv_armor_detector/share/opencv_armor_detector/resources/far_back/632.png
[1.765s] -- Symlinking: /home/purduerm/ros2-ws/auto-aiming/install/opencv_armor_detector/share/opencv_armor_detector/resources/far_back/633.png
[1.771s] -- Symlinking: /home/purduerm/ros2-ws/auto-aiming/install/opencv_armor_detector/share/opencv_armor_detector/resources/far_back/634.png
[1.777s] -- Symlinking: /home/purduerm/ros2-ws/auto-aiming/install/opencv_armor_detector/share/opencv_armor_detector/resources/far_back/635.png
[1.783s] -- Symlinking: /home/purduerm/ros2-ws/auto-aiming/install/opencv_armor_detector/share/opencv_armor_detector/resources/far_back/636.png
[1.789s] -- Symlinking: /home/purduerm/ros2-ws/auto-aiming/install/opencv_armor_detector/share/opencv_armor_detector/resources/far_back/637.png
[1.795s] -- Symlinking: /home/purduerm/ros2-ws/auto-aiming/install/opencv_armor_detector/share/opencv_armor_detector/resources/far_back/638.png
[1.801s] -- Symlinking: /home/purduerm/ros2-ws/auto-aiming/install/opencv_armor_detector/share/opencv_armor_detector/resources/far_back/639.png
[1.807s] -- Symlinking: /home/purduerm/ros2-ws/auto-aiming/install/opencv_armor_detector/share/opencv_armor_detector/resources/far_back/640.png
[1.813s] -- Symlinking: /home/purduerm/ros2-ws/auto-aiming/install/opencv_armor_detector/share/opencv_armor_detector/resources/far_back/651.png
[1.819s] -- Symlinking: /home/purduerm/ros2-ws/auto-aiming/install/opencv_armor_detector/share/opencv_armor_detector/resources/far_back/652.png
[1.826s] -- Symlinking: /home/purduerm/ros2-ws/auto-aiming/install/opencv_armor_detector/share/opencv_armor_detector/resources/far_back/653.png
[1.832s] -- Symlinking: /home/purduerm/ros2-ws/auto-aiming/install/opencv_armor_detector/share/opencv_armor_detector/resources/far_back/654.png
[1.838s] -- Symlinking: /home/purduerm/ros2-ws/auto-aiming/install/opencv_armor_detector/share/opencv_armor_detector/resources/far_back/655.png
[1.844s] -- Symlinking: /home/purduerm/ros2-ws/auto-aiming/install/opencv_armor_detector/share/opencv_armor_detector/resources/far_back/656.png
[1.850s] -- Symlinking: /home/purduerm/ros2-ws/auto-aiming/install/opencv_armor_detector/share/opencv_armor_detector/resources/far_back/657.png
[1.857s] -- Symlinking: /home/purduerm/ros2-ws/auto-aiming/install/opencv_armor_detector/share/opencv_armor_detector/resources/far_back/658.png
[1.863s] -- Symlinking: /home/purduerm/ros2-ws/auto-aiming/install/opencv_armor_detector/share/opencv_armor_detector/resources/far_back/659.png
[1.870s] -- Symlinking: /home/purduerm/ros2-ws/auto-aiming/install/opencv_armor_detector/share/opencv_armor_detector/resources/far_back/660.png
[1.876s] -- Symlinking: /home/purduerm/ros2-ws/auto-aiming/install/opencv_armor_detector/share/opencv_armor_detector/resources/far_back/665.png
[1.882s] -- Symlinking: /home/purduerm/ros2-ws/auto-aiming/install/opencv_armor_detector/share/opencv_armor_detector/resources/far_back/666.png
[1.888s] -- Symlinking: /home/purduerm/ros2-ws/auto-aiming/install/opencv_armor_detector/share/opencv_armor_detector/resources/far_back/667.png
[1.894s] -- Symlinking: /home/purduerm/ros2-ws/auto-aiming/install/opencv_armor_detector/share/opencv_armor_detector/resources/far_back/668.png
[1.901s] -- Symlinking: /home/purduerm/ros2-ws/auto-aiming/install/opencv_armor_detector/share/opencv_armor_detector/resources/far_back/669.png
[1.907s] -- Symlinking: /home/purduerm/ros2-ws/auto-aiming/install/opencv_armor_detector/share/opencv_armor_detector/resources/far_back/670.png
[1.913s] -- Symlinking: /home/purduerm/ros2-ws/auto-aiming/install/opencv_armor_detector/share/opencv_armor_detector/resources/far_back/671.png
[1.919s] -- Symlinking: /home/purduerm/ros2-ws/auto-aiming/install/opencv_armor_detector/share/opencv_armor_detector/resources/far_back/672.png
[1.925s] -- Symlinking: /home/purduerm/ros2-ws/auto-aiming/install/opencv_armor_detector/share/opencv_armor_detector/resources/far_back/673.png
[1.931s] -- Symlinking: /home/purduerm/ros2-ws/auto-aiming/install/opencv_armor_detector/share/opencv_armor_detector/resources/far_back/674.png
[1.937s] -- Symlinking: /home/purduerm/ros2-ws/auto-aiming/install/opencv_armor_detector/share/opencv_armor_detector/resources/far_back/675.png
[1.943s] -- Symlinking: /home/purduerm/ros2-ws/auto-aiming/install/opencv_armor_detector/share/opencv_armor_detector/resources/far_back/676.png
[1.950s] -- Symlinking: /home/purduerm/ros2-ws/auto-aiming/install/opencv_armor_detector/share/opencv_armor_detector/resources/far_back/677.png
[1.956s] -- Symlinking: /home/purduerm/ros2-ws/auto-aiming/install/opencv_armor_detector/share/opencv_armor_detector/resources/far_back/678.png
[1.963s] -- Symlinking: /home/purduerm/ros2-ws/auto-aiming/install/opencv_armor_detector/share/opencv_armor_detector/resources/far_back/679.png
[1.969s] -- Symlinking: /home/purduerm/ros2-ws/auto-aiming/install/opencv_armor_detector/share/opencv_armor_detector/resources/far_back/680.png
[1.975s] -- Symlinking: /home/purduerm/ros2-ws/auto-aiming/install/opencv_armor_detector/share/opencv_armor_detector/resources/far_back/ground_truth.csv
[1.982s] -- Symlinking: /home/purduerm/ros2-ws/auto-aiming/install/opencv_armor_detector/share/opencv_armor_detector/resources/far_back_spin_and_move/far.avi
[1.988s] -- Symlinking: /home/purduerm/ros2-ws/auto-aiming/install/opencv_armor_detector/share/opencv_armor_detector/resources/far_back_spin_and_move/ground_truth.csv
[1.994s] -- Symlinking: /home/purduerm/ros2-ws/auto-aiming/install/opencv_armor_detector/share/ament_index/resource_index/package_run_dependencies/opencv_armor_detector
[2.000s] -- Symlinking: /home/purduerm/ros2-ws/auto-aiming/install/opencv_armor_detector/share/ament_index/resource_index/parent_prefix_path/opencv_armor_detector
[2.006s] -- Symlinking: /home/purduerm/ros2-ws/auto-aiming/install/opencv_armor_detector/share/opencv_armor_detector/environment/ament_prefix_path.sh
[2.012s] -- Symlinking: /home/purduerm/ros2-ws/auto-aiming/install/opencv_armor_detector/share/opencv_armor_detector/environment/ament_prefix_path.dsv
[2.019s] -- Symlinking: /home/purduerm/ros2-ws/auto-aiming/install/opencv_armor_detector/share/opencv_armor_detector/environment/path.sh
[2.025s] -- Symlinking: /home/purduerm/ros2-ws/auto-aiming/install/opencv_armor_detector/share/opencv_armor_detector/environment/path.dsv
[2.031s] -- Symlinking: /home/purduerm/ros2-ws/auto-aiming/install/opencv_armor_detector/share/opencv_armor_detector/local_setup.bash
[2.037s] -- Symlinking: /home/purduerm/ros2-ws/auto-aiming/install/opencv_armor_detector/share/opencv_armor_detector/local_setup.sh
[2.043s] -- Symlinking: /home/purduerm/ros2-ws/auto-aiming/install/opencv_armor_detector/share/opencv_armor_detector/local_setup.zsh
[2.049s] -- Symlinking: /home/purduerm/ros2-ws/auto-aiming/install/opencv_armor_detector/share/opencv_armor_detector/local_setup.dsv
[2.056s] -- Symlinking: /home/purduerm/ros2-ws/auto-aiming/install/opencv_armor_detector/share/opencv_armor_detector/package.dsv
[2.062s] -- Symlinking: /home/purduerm/ros2-ws/auto-aiming/install/opencv_armor_detector/share/ament_index/resource_index/packages/opencv_armor_detector
[2.068s] -- Symlinking: /home/purduerm/ros2-ws/auto-aiming/install/opencv_armor_detector/share/opencv_armor_detector/cmake/ament_cmake_export_include_directories-extras.cmake
[2.075s] -- Symlinking: /home/purduerm/ros2-ws/auto-aiming/install/opencv_armor_detector/share/opencv_armor_detector/cmake/ament_cmake_export_dependencies-extras.cmake
[2.081s] -- Symlinking: /home/purduerm/ros2-ws/auto-aiming/install/opencv_armor_detector/share/opencv_armor_detector/cmake/opencv_armor_detectorConfig.cmake
[2.088s] -- Symlinking: /home/purduerm/ros2-ws/auto-aiming/install/opencv_armor_detector/share/opencv_armor_detector/cmake/opencv_armor_detectorConfig-version.cmake
[2.094s] -- Symlinking: /home/purduerm/ros2-ws/auto-aiming/install/opencv_armor_detector/share/opencv_armor_detector/package.xml
[2.101s] Invoked command in '/home/purduerm/ros2-ws/auto-aiming/build/opencv_armor_detector' returned '0': AMENT_PREFIX_PATH=/home/purduerm/ros2-ws/auto-aiming/install/vision_msgs:${AMENT_PREFIX_PATH} CMAKE_PREFIX_PATH=/home/purduerm/ros2-ws/auto-aiming/install/vision_msgs:/opt/ros/foxy LD_LIBRARY_PATH=/home/purduerm/ros2-ws/auto-aiming/install/vision_msgs/lib:${LD_LIBRARY_PATH} PYTHONPATH=/home/purduerm/ros2-ws/auto-aiming/install/vision_msgs/lib/python3.8/site-packages:${PYTHONPATH} /usr/bin/cmake --install /home/purduerm/ros2-ws/auto-aiming/build/opencv_armor_detector
