[0.031s] Invoking command in '/home/user-accounts/lee4649/auto-aiming/build/opencv_armor_detector': AMENT_PREFIX_PATH=/home/user-accounts/lee4649/auto-aiming/install/vision_msgs:${AMENT_PREFIX_PATH} CMAKE_PREFIX_PATH=/home/user-accounts/lee4649/auto-aiming/install/vision_msgs:/opt/ros/foxy LD_LIBRARY_PATH=/home/user-accounts/lee4649/auto-aiming/install/vision_msgs/lib:${LD_LIBRARY_PATH} PYTHONPATH=/home/user-accounts/lee4649/auto-aiming/install/vision_msgs/lib/python3.8/site-packages:${PYTHONPATH} /usr/bin/cmake --build /home/user-accounts/lee4649/auto-aiming/build/opencv_armor_detector -- -j8 -l8
[0.119s] [ 60%] Built target OpenCVArmorDetector
[0.119s] [ 60%] Built target gtest
[0.119s] [ 60%] Built target gtest_main
[0.139s] [35m[1mScanning dependencies of target test_OpenCVArmorDetector[0m
[0.170s] [ 70%] [32mBuilding CXX object CMakeFiles/test_OpenCVArmorDetector.dir/test/test_OpenCVArmorDetector.cpp.o[0m
[0.178s] [ 90%] Built target OpenCVArmorDetectorNode
[8.476s] [100%] [32m[1mLinking CXX executable test_OpenCVArmorDetector[0m
[8.949s] [100%] Built target test_OpenCVArmorDetector
[8.973s] Invoked command in '/home/user-accounts/lee4649/auto-aiming/build/opencv_armor_detector' returned '0': AMENT_PREFIX_PATH=/home/user-accounts/lee4649/auto-aiming/install/vision_msgs:${AMENT_PREFIX_PATH} CMAKE_PREFIX_PATH=/home/user-accounts/lee4649/auto-aiming/install/vision_msgs:/opt/ros/foxy LD_LIBRARY_PATH=/home/user-accounts/lee4649/auto-aiming/install/vision_msgs/lib:${LD_LIBRARY_PATH} PYTHONPATH=/home/user-accounts/lee4649/auto-aiming/install/vision_msgs/lib/python3.8/site-packages:${PYTHONPATH} /usr/bin/cmake --build /home/user-accounts/lee4649/auto-aiming/build/opencv_armor_detector -- -j8 -l8
[9.038s] Invoking command in '/home/user-accounts/lee4649/auto-aiming/build/opencv_armor_detector': AMENT_PREFIX_PATH=/home/user-accounts/lee4649/auto-aiming/install/vision_msgs:${AMENT_PREFIX_PATH} CMAKE_PREFIX_PATH=/home/user-accounts/lee4649/auto-aiming/install/vision_msgs:/opt/ros/foxy LD_LIBRARY_PATH=/home/user-accounts/lee4649/auto-aiming/install/vision_msgs/lib:${LD_LIBRARY_PATH} PYTHONPATH=/home/user-accounts/lee4649/auto-aiming/install/vision_msgs/lib/python3.8/site-packages:${PYTHONPATH} /usr/bin/cmake --install /home/user-accounts/lee4649/auto-aiming/build/opencv_armor_detector
[9.054s] -- Install configuration: "Release"
[9.054s] -- Execute custom install script
[9.055s] -- Up-to-date symlink: /home/user-accounts/lee4649/auto-aiming/install/opencv_armor_detector/lib/opencv_armor_detector/OpenCVArmorDetectorNode
[9.059s] -- Up-to-date symlink: /home/user-accounts/lee4649/auto-aiming/install/opencv_armor_detector/share/opencv_armor_detector/resources/blue/0.png
[9.059s] -- Up-to-date symlink: /home/user-accounts/lee4649/auto-aiming/install/opencv_armor_detector/share/opencv_armor_detector/resources/blue/1.png
[9.060s] -- Up-to-date symlink: /home/user-accounts/lee4649/auto-aiming/install/opencv_armor_detector/share/opencv_armor_detector/resources/blue/10.png
[9.060s] -- Up-to-date symlink: /home/user-accounts/lee4649/auto-aiming/install/opencv_armor_detector/share/opencv_armor_detector/resources/blue/11.png
[9.060s] -- Up-to-date symlink: /home/user-accounts/lee4649/auto-aiming/install/opencv_armor_detector/share/opencv_armor_detector/resources/blue/12.png
[9.061s] -- Up-to-date symlink: /home/user-accounts/lee4649/auto-aiming/install/opencv_armor_detector/share/opencv_armor_detector/resources/blue/13.png
[9.061s] -- Up-to-date symlink: /home/user-accounts/lee4649/auto-aiming/install/opencv_armor_detector/share/opencv_armor_detector/resources/blue/14.png
[9.061s] -- Up-to-date symlink: /home/user-accounts/lee4649/auto-aiming/install/opencv_armor_detector/share/opencv_armor_detector/resources/blue/15.png
[9.061s] -- Up-to-date symlink: /home/user-accounts/lee4649/auto-aiming/install/opencv_armor_detector/share/opencv_armor_detector/resources/blue/16.png
[9.061s] -- Up-to-date symlink: /home/user-accounts/lee4649/auto-aiming/install/opencv_armor_detector/share/opencv_armor_detector/resources/blue/17.png
[9.062s] -- Up-to-date symlink: /home/user-accounts/lee4649/auto-aiming/install/opencv_armor_detector/share/opencv_armor_detector/resources/blue/18.png
[9.062s] -- Up-to-date symlink: /home/user-accounts/lee4649/auto-aiming/install/opencv_armor_detector/share/opencv_armor_detector/resources/blue/19.png
[9.062s] -- Up-to-date symlink: /home/user-accounts/lee4649/auto-aiming/install/opencv_armor_detector/share/opencv_armor_detector/resources/blue/2.png
[9.063s] -- Up-to-date symlink: /home/user-accounts/lee4649/auto-aiming/install/opencv_armor_detector/share/opencv_armor_detector/resources/blue/20.png
[9.063s] -- Up-to-date symlink: /home/user-accounts/lee4649/auto-aiming/install/opencv_armor_detector/share/opencv_armor_detector/resources/blue/21.png
[9.063s] -- Up-to-date symlink: /home/user-accounts/lee4649/auto-aiming/install/opencv_armor_detector/share/opencv_armor_detector/resources/blue/22.png
[9.063s] -- Up-to-date symlink: /home/user-accounts/lee4649/auto-aiming/install/opencv_armor_detector/share/opencv_armor_detector/resources/blue/23.png
[9.064s] -- Up-to-date symlink: /home/user-accounts/lee4649/auto-aiming/install/opencv_armor_detector/share/opencv_armor_detector/resources/blue/24.png
[9.064s] -- Up-to-date symlink: /home/user-accounts/lee4649/auto-aiming/install/opencv_armor_detector/share/opencv_armor_detector/resources/blue/2406.png
[9.064s] -- Up-to-date symlink: /home/user-accounts/lee4649/auto-aiming/install/opencv_armor_detector/share/opencv_armor_detector/resources/blue/2407.png
[9.064s] -- Up-to-date symlink: /home/user-accounts/lee4649/auto-aiming/install/opencv_armor_detector/share/opencv_armor_detector/resources/blue/2412.png
[9.065s] -- Up-to-date symlink: /home/user-accounts/lee4649/auto-aiming/install/opencv_armor_detector/share/opencv_armor_detector/resources/blue/2414.png
[9.065s] -- Up-to-date symlink: /home/user-accounts/lee4649/auto-aiming/install/opencv_armor_detector/share/opencv_armor_detector/resources/blue/2415.png
[9.065s] -- Up-to-date symlink: /home/user-accounts/lee4649/auto-aiming/install/opencv_armor_detector/share/opencv_armor_detector/resources/blue/2416.png
[9.065s] -- Up-to-date symlink: /home/user-accounts/lee4649/auto-aiming/install/opencv_armor_detector/share/opencv_armor_detector/resources/blue/2418.png
[9.065s] -- Up-to-date symlink: /home/user-accounts/lee4649/auto-aiming/install/opencv_armor_detector/share/opencv_armor_detector/resources/blue/2419.png
[9.066s] -- Up-to-date symlink: /home/user-accounts/lee4649/auto-aiming/install/opencv_armor_detector/share/opencv_armor_detector/resources/blue/2420.png
[9.066s] -- Up-to-date symlink: /home/user-accounts/lee4649/auto-aiming/install/opencv_armor_detector/share/opencv_armor_detector/resources/blue/2423.png
[9.066s] -- Up-to-date symlink: /home/user-accounts/lee4649/auto-aiming/install/opencv_armor_detector/share/opencv_armor_detector/resources/blue/2424.png
[9.066s] -- Up-to-date symlink: /home/user-accounts/lee4649/auto-aiming/install/opencv_armor_detector/share/opencv_armor_detector/resources/blue/2425.png
[9.067s] -- Up-to-date symlink: /home/user-accounts/lee4649/auto-aiming/install/opencv_armor_detector/share/opencv_armor_detector/resources/blue/2428.png
[9.067s] -- Up-to-date symlink: /home/user-accounts/lee4649/auto-aiming/install/opencv_armor_detector/share/opencv_armor_detector/resources/blue/2429.png
[9.067s] -- Up-to-date symlink: /home/user-accounts/lee4649/auto-aiming/install/opencv_armor_detector/share/opencv_armor_detector/resources/blue/2457.png
[9.068s] -- Up-to-date symlink: /home/user-accounts/lee4649/auto-aiming/install/opencv_armor_detector/share/opencv_armor_detector/resources/blue/2458.png
[9.068s] -- Up-to-date symlink: /home/user-accounts/lee4649/auto-aiming/install/opencv_armor_detector/share/opencv_armor_detector/resources/blue/2459.png
[9.068s] -- Up-to-date symlink: /home/user-accounts/lee4649/auto-aiming/install/opencv_armor_detector/share/opencv_armor_detector/resources/blue/2462.png
[9.068s] -- Up-to-date symlink: /home/user-accounts/lee4649/auto-aiming/install/opencv_armor_detector/share/opencv_armor_detector/resources/blue/2463.png
[9.069s] -- Up-to-date symlink: /home/user-accounts/lee4649/auto-aiming/install/opencv_armor_detector/share/opencv_armor_detector/resources/blue/2471.png
[9.069s] -- Up-to-date symlink: /home/user-accounts/lee4649/auto-aiming/install/opencv_armor_detector/share/opencv_armor_detector/resources/blue/2472.png
[9.069s] -- Up-to-date symlink: /home/user-accounts/lee4649/auto-aiming/install/opencv_armor_detector/share/opencv_armor_detector/resources/blue/2474.png
[9.069s] -- Up-to-date symlink: /home/user-accounts/lee4649/auto-aiming/install/opencv_armor_detector/share/opencv_armor_detector/resources/blue/2475.png
[9.070s] -- Up-to-date symlink: /home/user-accounts/lee4649/auto-aiming/install/opencv_armor_detector/share/opencv_armor_detector/resources/blue/2476.png
[9.070s] -- Up-to-date symlink: /home/user-accounts/lee4649/auto-aiming/install/opencv_armor_detector/share/opencv_armor_detector/resources/blue/2477.png
[9.070s] -- Up-to-date symlink: /home/user-accounts/lee4649/auto-aiming/install/opencv_armor_detector/share/opencv_armor_detector/resources/blue/2478.png
[9.070s] -- Up-to-date symlink: /home/user-accounts/lee4649/auto-aiming/install/opencv_armor_detector/share/opencv_armor_detector/resources/blue/2479.png
[9.071s] -- Up-to-date symlink: /home/user-accounts/lee4649/auto-aiming/install/opencv_armor_detector/share/opencv_armor_detector/resources/blue/2480.png
[9.071s] -- Up-to-date symlink: /home/user-accounts/lee4649/auto-aiming/install/opencv_armor_detector/share/opencv_armor_detector/resources/blue/2481.png
[9.071s] -- Up-to-date symlink: /home/user-accounts/lee4649/auto-aiming/install/opencv_armor_detector/share/opencv_armor_detector/resources/blue/2482.png
[9.071s] -- Up-to-date symlink: /home/user-accounts/lee4649/auto-aiming/install/opencv_armor_detector/share/opencv_armor_detector/resources/blue/2483.png
[9.072s] -- Up-to-date symlink: /home/user-accounts/lee4649/auto-aiming/install/opencv_armor_detector/share/opencv_armor_detector/resources/blue/2486.png
[9.072s] -- Up-to-date symlink: /home/user-accounts/lee4649/auto-aiming/install/opencv_armor_detector/share/opencv_armor_detector/resources/blue/2487.png
[9.072s] -- Up-to-date symlink: /home/user-accounts/lee4649/auto-aiming/install/opencv_armor_detector/share/opencv_armor_detector/resources/blue/2489.png
[9.072s] -- Up-to-date symlink: /home/user-accounts/lee4649/auto-aiming/install/opencv_armor_detector/share/opencv_armor_detector/resources/blue/2490.png
[9.073s] -- Up-to-date symlink: /home/user-accounts/lee4649/auto-aiming/install/opencv_armor_detector/share/opencv_armor_detector/resources/blue/2493.png
[9.073s] -- Up-to-date symlink: /home/user-accounts/lee4649/auto-aiming/install/opencv_armor_detector/share/opencv_armor_detector/resources/blue/2494.png
[9.073s] -- Up-to-date symlink: /home/user-accounts/lee4649/auto-aiming/install/opencv_armor_detector/share/opencv_armor_detector/resources/blue/2498.png
[9.073s] -- Up-to-date symlink: /home/user-accounts/lee4649/auto-aiming/install/opencv_armor_detector/share/opencv_armor_detector/resources/blue/2499.png
[9.074s] -- Up-to-date symlink: /home/user-accounts/lee4649/auto-aiming/install/opencv_armor_detector/share/opencv_armor_detector/resources/blue/25.png
[9.074s] -- Up-to-date symlink: /home/user-accounts/lee4649/auto-aiming/install/opencv_armor_detector/share/opencv_armor_detector/resources/blue/2501.png
[9.074s] -- Up-to-date symlink: /home/user-accounts/lee4649/auto-aiming/install/opencv_armor_detector/share/opencv_armor_detector/resources/blue/2502.png
[9.074s] -- Up-to-date symlink: /home/user-accounts/lee4649/auto-aiming/install/opencv_armor_detector/share/opencv_armor_detector/resources/blue/2503.png
[9.075s] -- Up-to-date symlink: /home/user-accounts/lee4649/auto-aiming/install/opencv_armor_detector/share/opencv_armor_detector/resources/blue/2505.png
[9.075s] -- Up-to-date symlink: /home/user-accounts/lee4649/auto-aiming/install/opencv_armor_detector/share/opencv_armor_detector/resources/blue/2506.png
[9.075s] -- Up-to-date symlink: /home/user-accounts/lee4649/auto-aiming/install/opencv_armor_detector/share/opencv_armor_detector/resources/blue/2507.png
[9.075s] -- Up-to-date symlink: /home/user-accounts/lee4649/auto-aiming/install/opencv_armor_detector/share/opencv_armor_detector/resources/blue/2517.png
[9.076s] -- Up-to-date symlink: /home/user-accounts/lee4649/auto-aiming/install/opencv_armor_detector/share/opencv_armor_detector/resources/blue/2518.png
[9.076s] -- Up-to-date symlink: /home/user-accounts/lee4649/auto-aiming/install/opencv_armor_detector/share/opencv_armor_detector/resources/blue/2537.png
[9.076s] -- Up-to-date symlink: /home/user-accounts/lee4649/auto-aiming/install/opencv_armor_detector/share/opencv_armor_detector/resources/blue/2541.png
[9.076s] -- Up-to-date symlink: /home/user-accounts/lee4649/auto-aiming/install/opencv_armor_detector/share/opencv_armor_detector/resources/blue/26.png
[9.077s] -- Up-to-date symlink: /home/user-accounts/lee4649/auto-aiming/install/opencv_armor_detector/share/opencv_armor_detector/resources/blue/27.png
[9.077s] -- Up-to-date symlink: /home/user-accounts/lee4649/auto-aiming/install/opencv_armor_detector/share/opencv_armor_detector/resources/blue/28.png
[9.077s] -- Up-to-date symlink: /home/user-accounts/lee4649/auto-aiming/install/opencv_armor_detector/share/opencv_armor_detector/resources/blue/29.png
[9.077s] -- Up-to-date symlink: /home/user-accounts/lee4649/auto-aiming/install/opencv_armor_detector/share/opencv_armor_detector/resources/blue/3.png
[9.078s] -- Up-to-date symlink: /home/user-accounts/lee4649/auto-aiming/install/opencv_armor_detector/share/opencv_armor_detector/resources/blue/30.png
[9.078s] -- Up-to-date symlink: /home/user-accounts/lee4649/auto-aiming/install/opencv_armor_detector/share/opencv_armor_detector/resources/blue/4.png
[9.078s] -- Up-to-date symlink: /home/user-accounts/lee4649/auto-aiming/install/opencv_armor_detector/share/opencv_armor_detector/resources/blue/5.png
[9.078s] -- Up-to-date symlink: /home/user-accounts/lee4649/auto-aiming/install/opencv_armor_detector/share/opencv_armor_detector/resources/blue/6.png
[9.079s] -- Up-to-date symlink: /home/user-accounts/lee4649/auto-aiming/install/opencv_armor_detector/share/opencv_armor_detector/resources/blue/7.png
[9.079s] -- Up-to-date symlink: /home/user-accounts/lee4649/auto-aiming/install/opencv_armor_detector/share/opencv_armor_detector/resources/blue/8.png
[9.079s] -- Up-to-date symlink: /home/user-accounts/lee4649/auto-aiming/install/opencv_armor_detector/share/opencv_armor_detector/resources/blue/9.png
[9.079s] -- Up-to-date symlink: /home/user-accounts/lee4649/auto-aiming/install/opencv_armor_detector/share/opencv_armor_detector/resources/blue/ground_truth.csv
[9.080s] -- Up-to-date symlink: /home/user-accounts/lee4649/auto-aiming/install/opencv_armor_detector/share/opencv_armor_detector/resources/close_video/close.avi
[9.080s] -- Up-to-date symlink: /home/user-accounts/lee4649/auto-aiming/install/opencv_armor_detector/share/opencv_armor_detector/resources/close_video/ground_truth.csv
[9.080s] -- Up-to-date symlink: /home/user-accounts/lee4649/auto-aiming/install/opencv_armor_detector/share/opencv_armor_detector/resources/easy/ground_truth.csv
[9.080s] -- Up-to-date symlink: /home/user-accounts/lee4649/auto-aiming/install/opencv_armor_detector/share/opencv_armor_detector/resources/easy/output_0001.png
[9.081s] -- Up-to-date symlink: /home/user-accounts/lee4649/auto-aiming/install/opencv_armor_detector/share/opencv_armor_detector/resources/easy/output_0002.png
[9.081s] -- Up-to-date symlink: /home/user-accounts/lee4649/auto-aiming/install/opencv_armor_detector/share/opencv_armor_detector/resources/easy/output_0003.png
[9.081s] -- Up-to-date symlink: /home/user-accounts/lee4649/auto-aiming/install/opencv_armor_detector/share/opencv_armor_detector/resources/easy/output_0004.png
[9.081s] -- Up-to-date symlink: /home/user-accounts/lee4649/auto-aiming/install/opencv_armor_detector/share/opencv_armor_detector/resources/easy/output_0005.png
[9.082s] -- Up-to-date symlink: /home/user-accounts/lee4649/auto-aiming/install/opencv_armor_detector/share/opencv_armor_detector/resources/easy/output_0006.png
[9.082s] -- Up-to-date symlink: /home/user-accounts/lee4649/auto-aiming/install/opencv_armor_detector/share/opencv_armor_detector/resources/easy/output_0007.png
[9.082s] -- Up-to-date symlink: /home/user-accounts/lee4649/auto-aiming/install/opencv_armor_detector/share/opencv_armor_detector/resources/easy/output_0008.png
[9.082s] -- Up-to-date symlink: /home/user-accounts/lee4649/auto-aiming/install/opencv_armor_detector/share/opencv_armor_detector/resources/easy/output_0009.png
[9.083s] -- Up-to-date symlink: /home/user-accounts/lee4649/auto-aiming/install/opencv_armor_detector/share/opencv_armor_detector/resources/easy/output_0010.png
[9.083s] -- Up-to-date symlink: /home/user-accounts/lee4649/auto-aiming/install/opencv_armor_detector/share/opencv_armor_detector/resources/easy/output_0011.png
[9.083s] -- Up-to-date symlink: /home/user-accounts/lee4649/auto-aiming/install/opencv_armor_detector/share/opencv_armor_detector/resources/easy/output_0012.png
[9.083s] -- Up-to-date symlink: /home/user-accounts/lee4649/auto-aiming/install/opencv_armor_detector/share/opencv_armor_detector/resources/easy/output_0013.png
[9.084s] -- Up-to-date symlink: /home/user-accounts/lee4649/auto-aiming/install/opencv_armor_detector/share/opencv_armor_detector/resources/easy/output_0014.png
[9.084s] -- Up-to-date symlink: /home/user-accounts/lee4649/auto-aiming/install/opencv_armor_detector/share/opencv_armor_detector/resources/easy/output_0015.png
[9.084s] -- Up-to-date symlink: /home/user-accounts/lee4649/auto-aiming/install/opencv_armor_detector/share/opencv_armor_detector/resources/easy/output_0016.png
[9.084s] -- Up-to-date symlink: /home/user-accounts/lee4649/auto-aiming/install/opencv_armor_detector/share/opencv_armor_detector/resources/easy/output_0017.png
[9.085s] -- Up-to-date symlink: /home/user-accounts/lee4649/auto-aiming/install/opencv_armor_detector/share/opencv_armor_detector/resources/easy/output_0018.png
[9.085s] -- Up-to-date symlink: /home/user-accounts/lee4649/auto-aiming/install/opencv_armor_detector/share/opencv_armor_detector/resources/easy/output_0019.png
[9.085s] -- Up-to-date symlink: /home/user-accounts/lee4649/auto-aiming/install/opencv_armor_detector/share/opencv_armor_detector/resources/easy/output_0020.png
[9.085s] -- Up-to-date symlink: /home/user-accounts/lee4649/auto-aiming/install/opencv_armor_detector/share/opencv_armor_detector/resources/easy/output_0021.png
[9.086s] -- Up-to-date symlink: /home/user-accounts/lee4649/auto-aiming/install/opencv_armor_detector/share/opencv_armor_detector/resources/easy/output_0022.png
[9.086s] -- Up-to-date symlink: /home/user-accounts/lee4649/auto-aiming/install/opencv_armor_detector/share/opencv_armor_detector/resources/easy/output_0023.png
[9.086s] -- Up-to-date symlink: /home/user-accounts/lee4649/auto-aiming/install/opencv_armor_detector/share/opencv_armor_detector/resources/easy/output_0024.png
[9.086s] -- Up-to-date symlink: /home/user-accounts/lee4649/auto-aiming/install/opencv_armor_detector/share/opencv_armor_detector/resources/easy/output_0025.png
[9.087s] -- Up-to-date symlink: /home/user-accounts/lee4649/auto-aiming/install/opencv_armor_detector/share/opencv_armor_detector/resources/easy/output_0026.png
[9.087s] -- Up-to-date symlink: /home/user-accounts/lee4649/auto-aiming/install/opencv_armor_detector/share/opencv_armor_detector/resources/easy/output_0027.png
[9.087s] -- Up-to-date symlink: /home/user-accounts/lee4649/auto-aiming/install/opencv_armor_detector/share/opencv_armor_detector/resources/easy/output_0028.png
[9.087s] -- Up-to-date symlink: /home/user-accounts/lee4649/auto-aiming/install/opencv_armor_detector/share/opencv_armor_detector/resources/easy/output_0029.png
[9.088s] -- Up-to-date symlink: /home/user-accounts/lee4649/auto-aiming/install/opencv_armor_detector/share/opencv_armor_detector/resources/easy/output_0030.png
[9.088s] -- Up-to-date symlink: /home/user-accounts/lee4649/auto-aiming/install/opencv_armor_detector/share/opencv_armor_detector/resources/easy/output_0031.png
[9.088s] -- Up-to-date symlink: /home/user-accounts/lee4649/auto-aiming/install/opencv_armor_detector/share/opencv_armor_detector/resources/easy/output_0032.png
[9.088s] -- Up-to-date symlink: /home/user-accounts/lee4649/auto-aiming/install/opencv_armor_detector/share/opencv_armor_detector/resources/easy/output_0033.png
[9.089s] -- Up-to-date symlink: /home/user-accounts/lee4649/auto-aiming/install/opencv_armor_detector/share/opencv_armor_detector/resources/easy/output_0034.png
[9.089s] -- Up-to-date symlink: /home/user-accounts/lee4649/auto-aiming/install/opencv_armor_detector/share/opencv_armor_detector/resources/easy/output_0035.png
[9.089s] -- Up-to-date symlink: /home/user-accounts/lee4649/auto-aiming/install/opencv_armor_detector/share/opencv_armor_detector/resources/easy/output_0036.png
[9.089s] -- Up-to-date symlink: /home/user-accounts/lee4649/auto-aiming/install/opencv_armor_detector/share/opencv_armor_detector/resources/easy/output_0037.png
[9.089s] -- Up-to-date symlink: /home/user-accounts/lee4649/auto-aiming/install/opencv_armor_detector/share/opencv_armor_detector/resources/easy/output_0038.png
[9.090s] -- Up-to-date symlink: /home/user-accounts/lee4649/auto-aiming/install/opencv_armor_detector/share/opencv_armor_detector/resources/easy/output_0039.png
[9.090s] -- Up-to-date symlink: /home/user-accounts/lee4649/auto-aiming/install/opencv_armor_detector/share/opencv_armor_detector/resources/easy/output_0040.png
[9.090s] -- Up-to-date symlink: /home/user-accounts/lee4649/auto-aiming/install/opencv_armor_detector/share/opencv_armor_detector/resources/easy/output_0041.png
[9.090s] -- Up-to-date symlink: /home/user-accounts/lee4649/auto-aiming/install/opencv_armor_detector/share/opencv_armor_detector/resources/easy/output_0042.png
[9.091s] -- Up-to-date symlink: /home/user-accounts/lee4649/auto-aiming/install/opencv_armor_detector/share/opencv_armor_detector/resources/easy/output_0043.png
[9.091s] -- Up-to-date symlink: /home/user-accounts/lee4649/auto-aiming/install/opencv_armor_detector/share/opencv_armor_detector/resources/easy/output_0044.png
[9.091s] -- Up-to-date symlink: /home/user-accounts/lee4649/auto-aiming/install/opencv_armor_detector/share/opencv_armor_detector/resources/easy/output_0045.png
[9.092s] -- Up-to-date symlink: /home/user-accounts/lee4649/auto-aiming/install/opencv_armor_detector/share/opencv_armor_detector/resources/easy/output_0067.png
[9.092s] -- Up-to-date symlink: /home/user-accounts/lee4649/auto-aiming/install/opencv_armor_detector/share/opencv_armor_detector/resources/easy/output_0068.png
[9.092s] -- Up-to-date symlink: /home/user-accounts/lee4649/auto-aiming/install/opencv_armor_detector/share/opencv_armor_detector/resources/easy/output_0069.png
[9.092s] -- Up-to-date symlink: /home/user-accounts/lee4649/auto-aiming/install/opencv_armor_detector/share/opencv_armor_detector/resources/easy/output_0070.png
[9.092s] -- Up-to-date symlink: /home/user-accounts/lee4649/auto-aiming/install/opencv_armor_detector/share/opencv_armor_detector/resources/easy/output_0071.png
[9.093s] -- Up-to-date symlink: /home/user-accounts/lee4649/auto-aiming/install/opencv_armor_detector/share/opencv_armor_detector/resources/easy/output_0072.png
[9.093s] -- Up-to-date symlink: /home/user-accounts/lee4649/auto-aiming/install/opencv_armor_detector/share/opencv_armor_detector/resources/easy/output_0073.png
[9.093s] -- Up-to-date symlink: /home/user-accounts/lee4649/auto-aiming/install/opencv_armor_detector/share/opencv_armor_detector/resources/easy/output_0074.png
[9.093s] -- Up-to-date symlink: /home/user-accounts/lee4649/auto-aiming/install/opencv_armor_detector/share/opencv_armor_detector/resources/easy/output_0075.png
[9.094s] -- Up-to-date symlink: /home/user-accounts/lee4649/auto-aiming/install/opencv_armor_detector/share/opencv_armor_detector/resources/easy/output_0076.png
[9.094s] -- Up-to-date symlink: /home/user-accounts/lee4649/auto-aiming/install/opencv_armor_detector/share/opencv_armor_detector/resources/easy/output_0077.png
[9.094s] -- Up-to-date symlink: /home/user-accounts/lee4649/auto-aiming/install/opencv_armor_detector/share/opencv_armor_detector/resources/easy/output_0078.png
[9.094s] -- Up-to-date symlink: /home/user-accounts/lee4649/auto-aiming/install/opencv_armor_detector/share/opencv_armor_detector/resources/easy/output_0079.png
[9.095s] -- Up-to-date symlink: /home/user-accounts/lee4649/auto-aiming/install/opencv_armor_detector/share/opencv_armor_detector/resources/easy/output_0080.png
[9.095s] -- Up-to-date symlink: /home/user-accounts/lee4649/auto-aiming/install/opencv_armor_detector/share/opencv_armor_detector/resources/easy/output_0081.png
[9.095s] -- Up-to-date symlink: /home/user-accounts/lee4649/auto-aiming/install/opencv_armor_detector/share/opencv_armor_detector/resources/easy/output_0082.png
[9.095s] -- Up-to-date symlink: /home/user-accounts/lee4649/auto-aiming/install/opencv_armor_detector/share/opencv_armor_detector/resources/easy/output_0083.png
[9.096s] -- Up-to-date symlink: /home/user-accounts/lee4649/auto-aiming/install/opencv_armor_detector/share/opencv_armor_detector/resources/easy/output_0084.png
[9.096s] -- Up-to-date symlink: /home/user-accounts/lee4649/auto-aiming/install/opencv_armor_detector/share/opencv_armor_detector/resources/easy/output_0085.png
[9.096s] -- Up-to-date symlink: /home/user-accounts/lee4649/auto-aiming/install/opencv_armor_detector/share/opencv_armor_detector/resources/easy/output_0086.png
[9.096s] -- Up-to-date symlink: /home/user-accounts/lee4649/auto-aiming/install/opencv_armor_detector/share/opencv_armor_detector/resources/easy/output_0087.png
[9.097s] -- Up-to-date symlink: /home/user-accounts/lee4649/auto-aiming/install/opencv_armor_detector/share/opencv_armor_detector/resources/easy/output_0088.png
[9.097s] -- Up-to-date symlink: /home/user-accounts/lee4649/auto-aiming/install/opencv_armor_detector/share/opencv_armor_detector/resources/easy/output_0089.png
[9.097s] -- Up-to-date symlink: /home/user-accounts/lee4649/auto-aiming/install/opencv_armor_detector/share/opencv_armor_detector/resources/easy/output_0095.png
[9.097s] -- Up-to-date symlink: /home/user-accounts/lee4649/auto-aiming/install/opencv_armor_detector/share/opencv_armor_detector/resources/easy/output_0096.png
[9.098s] -- Up-to-date symlink: /home/user-accounts/lee4649/auto-aiming/install/opencv_armor_detector/share/opencv_armor_detector/resources/easy/output_0097.png
[9.098s] -- Up-to-date symlink: /home/user-accounts/lee4649/auto-aiming/install/opencv_armor_detector/share/opencv_armor_detector/resources/easy/output_0098.png
[9.098s] -- Up-to-date symlink: /home/user-accounts/lee4649/auto-aiming/install/opencv_armor_detector/share/opencv_armor_detector/resources/easy/output_0099.png
[9.098s] -- Up-to-date symlink: /home/user-accounts/lee4649/auto-aiming/install/opencv_armor_detector/share/opencv_armor_detector/resources/easy/output_0100.png
[9.099s] -- Up-to-date symlink: /home/user-accounts/lee4649/auto-aiming/install/opencv_armor_detector/share/opencv_armor_detector/resources/easy/output_0101.png
[9.099s] -- Up-to-date symlink: /home/user-accounts/lee4649/auto-aiming/install/opencv_armor_detector/share/opencv_armor_detector/resources/easy/output_0102.png
[9.099s] -- Up-to-date symlink: /home/user-accounts/lee4649/auto-aiming/install/opencv_armor_detector/share/opencv_armor_detector/resources/easy/output_0103.png
[9.099s] -- Up-to-date symlink: /home/user-accounts/lee4649/auto-aiming/install/opencv_armor_detector/share/opencv_armor_detector/resources/easy/output_0104.png
[9.100s] -- Up-to-date symlink: /home/user-accounts/lee4649/auto-aiming/install/opencv_armor_detector/share/opencv_armor_detector/resources/easy/output_0105.png
[9.100s] -- Up-to-date symlink: /home/user-accounts/lee4649/auto-aiming/install/opencv_armor_detector/share/opencv_armor_detector/resources/easy/output_0106.png
[9.100s] -- Up-to-date symlink: /home/user-accounts/lee4649/auto-aiming/install/opencv_armor_detector/share/opencv_armor_detector/resources/easy/output_0107.png
[9.100s] -- Up-to-date symlink: /home/user-accounts/lee4649/auto-aiming/install/opencv_armor_detector/share/opencv_armor_detector/resources/easy/output_0108.png
[9.101s] -- Up-to-date symlink: /home/user-accounts/lee4649/auto-aiming/install/opencv_armor_detector/share/opencv_armor_detector/resources/easy/output_0109.png
[9.101s] -- Up-to-date symlink: /home/user-accounts/lee4649/auto-aiming/install/opencv_armor_detector/share/opencv_armor_detector/resources/easy/output_0110.png
[9.101s] -- Up-to-date symlink: /home/user-accounts/lee4649/auto-aiming/install/opencv_armor_detector/share/opencv_armor_detector/resources/easy/output_0111.png
[9.101s] -- Up-to-date symlink: /home/user-accounts/lee4649/auto-aiming/install/opencv_armor_detector/share/opencv_armor_detector/resources/easy/output_0112.png
[9.102s] -- Up-to-date symlink: /home/user-accounts/lee4649/auto-aiming/install/opencv_armor_detector/share/opencv_armor_detector/resources/easy/output_0113.png
[9.102s] -- Up-to-date symlink: /home/user-accounts/lee4649/auto-aiming/install/opencv_armor_detector/share/opencv_armor_detector/resources/easy/output_0114.png
[9.102s] -- Up-to-date symlink: /home/user-accounts/lee4649/auto-aiming/install/opencv_armor_detector/share/opencv_armor_detector/resources/easy/output_0115.png
[9.102s] -- Up-to-date symlink: /home/user-accounts/lee4649/auto-aiming/install/opencv_armor_detector/share/opencv_armor_detector/resources/easy/output_0116.png
[9.102s] -- Up-to-date symlink: /home/user-accounts/lee4649/auto-aiming/install/opencv_armor_detector/share/opencv_armor_detector/resources/easy/output_0117.png
[9.103s] -- Up-to-date symlink: /home/user-accounts/lee4649/auto-aiming/install/opencv_armor_detector/share/opencv_armor_detector/resources/easy/output_0118.png
[9.103s] -- Up-to-date symlink: /home/user-accounts/lee4649/auto-aiming/install/opencv_armor_detector/share/opencv_armor_detector/resources/easy/output_0119.png
[9.103s] -- Up-to-date symlink: /home/user-accounts/lee4649/auto-aiming/install/opencv_armor_detector/share/opencv_armor_detector/resources/easy/output_0120.png
[9.103s] -- Up-to-date symlink: /home/user-accounts/lee4649/auto-aiming/install/opencv_armor_detector/share/opencv_armor_detector/resources/easy/output_0121.png
[9.104s] -- Up-to-date symlink: /home/user-accounts/lee4649/auto-aiming/install/opencv_armor_detector/share/opencv_armor_detector/resources/easy/output_0122.png
[9.104s] -- Up-to-date symlink: /home/user-accounts/lee4649/auto-aiming/install/opencv_armor_detector/share/opencv_armor_detector/resources/easy/output_0123.png
[9.104s] -- Up-to-date symlink: /home/user-accounts/lee4649/auto-aiming/install/opencv_armor_detector/share/opencv_armor_detector/resources/easy/output_0236.png
[9.104s] -- Up-to-date symlink: /home/user-accounts/lee4649/auto-aiming/install/opencv_armor_detector/share/opencv_armor_detector/resources/easy/output_0237.png
[9.105s] -- Up-to-date symlink: /home/user-accounts/lee4649/auto-aiming/install/opencv_armor_detector/share/opencv_armor_detector/resources/easy/output_0238.png
[9.105s] -- Up-to-date symlink: /home/user-accounts/lee4649/auto-aiming/install/opencv_armor_detector/share/opencv_armor_detector/resources/easy/output_0239.png
[9.105s] -- Up-to-date symlink: /home/user-accounts/lee4649/auto-aiming/install/opencv_armor_detector/share/opencv_armor_detector/resources/easy/output_0240.png
[9.105s] -- Up-to-date symlink: /home/user-accounts/lee4649/auto-aiming/install/opencv_armor_detector/share/opencv_armor_detector/resources/easy/output_0241.png
[9.106s] -- Up-to-date symlink: /home/user-accounts/lee4649/auto-aiming/install/opencv_armor_detector/share/opencv_armor_detector/resources/easy/output_0242.png
[9.106s] -- Up-to-date symlink: /home/user-accounts/lee4649/auto-aiming/install/opencv_armor_detector/share/opencv_armor_detector/resources/easy/output_0243.png
[9.106s] -- Up-to-date symlink: /home/user-accounts/lee4649/auto-aiming/install/opencv_armor_detector/share/opencv_armor_detector/resources/easy/output_0244.png
[9.106s] -- Up-to-date symlink: /home/user-accounts/lee4649/auto-aiming/install/opencv_armor_detector/share/opencv_armor_detector/resources/easy/output_0245.png
[9.107s] -- Up-to-date symlink: /home/user-accounts/lee4649/auto-aiming/install/opencv_armor_detector/share/opencv_armor_detector/resources/easy/output_0246.png
[9.107s] -- Up-to-date symlink: /home/user-accounts/lee4649/auto-aiming/install/opencv_armor_detector/share/opencv_armor_detector/resources/easy/output_0247.png
[9.107s] -- Up-to-date symlink: /home/user-accounts/lee4649/auto-aiming/install/opencv_armor_detector/share/opencv_armor_detector/resources/easy/output_0248.png
[9.107s] -- Up-to-date symlink: /home/user-accounts/lee4649/auto-aiming/install/opencv_armor_detector/share/opencv_armor_detector/resources/easy/output_0249.png
[9.108s] -- Up-to-date symlink: /home/user-accounts/lee4649/auto-aiming/install/opencv_armor_detector/share/opencv_armor_detector/resources/easy/output_0250.png
[9.108s] -- Up-to-date symlink: /home/user-accounts/lee4649/auto-aiming/install/opencv_armor_detector/share/opencv_armor_detector/resources/easy/output_0251.png
[9.108s] -- Up-to-date symlink: /home/user-accounts/lee4649/auto-aiming/install/opencv_armor_detector/share/opencv_armor_detector/resources/easy/output_0252.png
[9.108s] -- Up-to-date symlink: /home/user-accounts/lee4649/auto-aiming/install/opencv_armor_detector/share/opencv_armor_detector/resources/easy/output_0253.png
[9.109s] -- Up-to-date symlink: /home/user-accounts/lee4649/auto-aiming/install/opencv_armor_detector/share/opencv_armor_detector/resources/easy/output_0254.png
[9.109s] -- Up-to-date symlink: /home/user-accounts/lee4649/auto-aiming/install/opencv_armor_detector/share/opencv_armor_detector/resources/easy/output_0255.png
[9.109s] -- Up-to-date symlink: /home/user-accounts/lee4649/auto-aiming/install/opencv_armor_detector/share/opencv_armor_detector/resources/easy/output_0256.png
[9.109s] -- Up-to-date symlink: /home/user-accounts/lee4649/auto-aiming/install/opencv_armor_detector/share/opencv_armor_detector/resources/easy/output_0257.png
[9.110s] -- Up-to-date symlink: /home/user-accounts/lee4649/auto-aiming/install/opencv_armor_detector/share/opencv_armor_detector/resources/easy/output_0258.png
[9.110s] -- Up-to-date symlink: /home/user-accounts/lee4649/auto-aiming/install/opencv_armor_detector/share/opencv_armor_detector/resources/easy/output_0259.png
[9.110s] -- Up-to-date symlink: /home/user-accounts/lee4649/auto-aiming/install/opencv_armor_detector/share/opencv_armor_detector/resources/easy/output_0260.png
[9.110s] -- Up-to-date symlink: /home/user-accounts/lee4649/auto-aiming/install/opencv_armor_detector/share/opencv_armor_detector/resources/easy/output_0261.png
[9.111s] -- Up-to-date symlink: /home/user-accounts/lee4649/auto-aiming/install/opencv_armor_detector/share/opencv_armor_detector/resources/easy/output_0262.png
[9.111s] -- Up-to-date symlink: /home/user-accounts/lee4649/auto-aiming/install/opencv_armor_detector/share/opencv_armor_detector/resources/easy/output_0263.png
[9.111s] -- Up-to-date symlink: /home/user-accounts/lee4649/auto-aiming/install/opencv_armor_detector/share/opencv_armor_detector/resources/easy/output_0264.png
[9.111s] -- Up-to-date symlink: /home/user-accounts/lee4649/auto-aiming/install/opencv_armor_detector/share/opencv_armor_detector/resources/easy/output_0265.png
[9.112s] -- Up-to-date symlink: /home/user-accounts/lee4649/auto-aiming/install/opencv_armor_detector/share/opencv_armor_detector/resources/easy/output_0266.png
[9.112s] -- Up-to-date symlink: /home/user-accounts/lee4649/auto-aiming/install/opencv_armor_detector/share/opencv_armor_detector/resources/easy/output_0267.png
[9.112s] -- Up-to-date symlink: /home/user-accounts/lee4649/auto-aiming/install/opencv_armor_detector/share/opencv_armor_detector/resources/easy/output_0268.png
[9.112s] -- Up-to-date symlink: /home/user-accounts/lee4649/auto-aiming/install/opencv_armor_detector/share/opencv_armor_detector/resources/easy/output_0269.png
[9.113s] -- Up-to-date symlink: /home/user-accounts/lee4649/auto-aiming/install/opencv_armor_detector/share/opencv_armor_detector/resources/easy/output_0270.png
[9.113s] -- Up-to-date symlink: /home/user-accounts/lee4649/auto-aiming/install/opencv_armor_detector/share/opencv_armor_detector/resources/easy/output_0271.png
[9.113s] -- Up-to-date symlink: /home/user-accounts/lee4649/auto-aiming/install/opencv_armor_detector/share/opencv_armor_detector/resources/easy/output_0272.png
[9.113s] -- Up-to-date symlink: /home/user-accounts/lee4649/auto-aiming/install/opencv_armor_detector/share/opencv_armor_detector/resources/easy/output_0273.png
[9.114s] -- Up-to-date symlink: /home/user-accounts/lee4649/auto-aiming/install/opencv_armor_detector/share/opencv_armor_detector/resources/easy/output_0274.png
[9.114s] -- Up-to-date symlink: /home/user-accounts/lee4649/auto-aiming/install/opencv_armor_detector/share/opencv_armor_detector/resources/easy/output_0275.png
[9.114s] -- Up-to-date symlink: /home/user-accounts/lee4649/auto-aiming/install/opencv_armor_detector/share/opencv_armor_detector/resources/easy/output_0276.png
[9.114s] -- Up-to-date symlink: /home/user-accounts/lee4649/auto-aiming/install/opencv_armor_detector/share/opencv_armor_detector/resources/easy/output_0277.png
[9.114s] -- Up-to-date symlink: /home/user-accounts/lee4649/auto-aiming/install/opencv_armor_detector/share/opencv_armor_detector/resources/easy/output_0278.png
[9.115s] -- Up-to-date symlink: /home/user-accounts/lee4649/auto-aiming/install/opencv_armor_detector/share/opencv_armor_detector/resources/easy/output_0279.png
[9.115s] -- Up-to-date symlink: /home/user-accounts/lee4649/auto-aiming/install/opencv_armor_detector/share/opencv_armor_detector/resources/easy/output_0280.png
[9.115s] -- Up-to-date symlink: /home/user-accounts/lee4649/auto-aiming/install/opencv_armor_detector/share/opencv_armor_detector/resources/easy/output_0281.png
[9.116s] -- Up-to-date symlink: /home/user-accounts/lee4649/auto-aiming/install/opencv_armor_detector/share/opencv_armor_detector/resources/easy/output_0282.png
[9.116s] -- Up-to-date symlink: /home/user-accounts/lee4649/auto-aiming/install/opencv_armor_detector/share/opencv_armor_detector/resources/easy/output_0283.png
[9.116s] -- Up-to-date symlink: /home/user-accounts/lee4649/auto-aiming/install/opencv_armor_detector/share/opencv_armor_detector/resources/easy/output_0284.png
[9.116s] -- Up-to-date symlink: /home/user-accounts/lee4649/auto-aiming/install/opencv_armor_detector/share/opencv_armor_detector/resources/easy/output_0285.png
[9.116s] -- Up-to-date symlink: /home/user-accounts/lee4649/auto-aiming/install/opencv_armor_detector/share/opencv_armor_detector/resources/easy/output_0286.png
[9.117s] -- Up-to-date symlink: /home/user-accounts/lee4649/auto-aiming/install/opencv_armor_detector/share/opencv_armor_detector/resources/easy/output_0287.png
[9.117s] -- Up-to-date symlink: /home/user-accounts/lee4649/auto-aiming/install/opencv_armor_detector/share/opencv_armor_detector/resources/easy/output_0288.png
[9.117s] -- Up-to-date symlink: /home/user-accounts/lee4649/auto-aiming/install/opencv_armor_detector/share/opencv_armor_detector/resources/easy/output_0289.png
[9.117s] -- Up-to-date symlink: /home/user-accounts/lee4649/auto-aiming/install/opencv_armor_detector/share/opencv_armor_detector/resources/easy/output_0290.png
[9.118s] -- Up-to-date symlink: /home/user-accounts/lee4649/auto-aiming/install/opencv_armor_detector/share/opencv_armor_detector/resources/easy/output_0291.png
[9.118s] -- Up-to-date symlink: /home/user-accounts/lee4649/auto-aiming/install/opencv_armor_detector/share/opencv_armor_detector/resources/easy/output_0292.png
[9.118s] -- Up-to-date symlink: /home/user-accounts/lee4649/auto-aiming/install/opencv_armor_detector/share/opencv_armor_detector/resources/easy/output_0293.png
[9.118s] -- Up-to-date symlink: /home/user-accounts/lee4649/auto-aiming/install/opencv_armor_detector/share/opencv_armor_detector/resources/easy/output_0294.png
[9.119s] -- Up-to-date symlink: /home/user-accounts/lee4649/auto-aiming/install/opencv_armor_detector/share/opencv_armor_detector/resources/easy/output_0295.png
[9.119s] -- Up-to-date symlink: /home/user-accounts/lee4649/auto-aiming/install/opencv_armor_detector/share/opencv_armor_detector/resources/easy/output_0296.png
[9.119s] -- Up-to-date symlink: /home/user-accounts/lee4649/auto-aiming/install/opencv_armor_detector/share/opencv_armor_detector/resources/easy/output_0297.png
[9.119s] -- Up-to-date symlink: /home/user-accounts/lee4649/auto-aiming/install/opencv_armor_detector/share/opencv_armor_detector/resources/far_back/613.png
[9.120s] -- Up-to-date symlink: /home/user-accounts/lee4649/auto-aiming/install/opencv_armor_detector/share/opencv_armor_detector/resources/far_back/614.png
[9.120s] -- Up-to-date symlink: /home/user-accounts/lee4649/auto-aiming/install/opencv_armor_detector/share/opencv_armor_detector/resources/far_back/615.png
[9.120s] -- Up-to-date symlink: /home/user-accounts/lee4649/auto-aiming/install/opencv_armor_detector/share/opencv_armor_detector/resources/far_back/616.png
[9.120s] -- Up-to-date symlink: /home/user-accounts/lee4649/auto-aiming/install/opencv_armor_detector/share/opencv_armor_detector/resources/far_back/617.png
[9.121s] -- Up-to-date symlink: /home/user-accounts/lee4649/auto-aiming/install/opencv_armor_detector/share/opencv_armor_detector/resources/far_back/618.png
[9.121s] -- Up-to-date symlink: /home/user-accounts/lee4649/auto-aiming/install/opencv_armor_detector/share/opencv_armor_detector/resources/far_back/619.png
[9.121s] -- Up-to-date symlink: /home/user-accounts/lee4649/auto-aiming/install/opencv_armor_detector/share/opencv_armor_detector/resources/far_back/620.png
[9.121s] -- Up-to-date symlink: /home/user-accounts/lee4649/auto-aiming/install/opencv_armor_detector/share/opencv_armor_detector/resources/far_back/621.png
[9.122s] -- Up-to-date symlink: /home/user-accounts/lee4649/auto-aiming/install/opencv_armor_detector/share/opencv_armor_detector/resources/far_back/622.png
[9.122s] -- Up-to-date symlink: /home/user-accounts/lee4649/auto-aiming/install/opencv_armor_detector/share/opencv_armor_detector/resources/far_back/623.png
[9.122s] -- Up-to-date symlink: /home/user-accounts/lee4649/auto-aiming/install/opencv_armor_detector/share/opencv_armor_detector/resources/far_back/624.png
[9.122s] -- Up-to-date symlink: /home/user-accounts/lee4649/auto-aiming/install/opencv_armor_detector/share/opencv_armor_detector/resources/far_back/625.png
[9.123s] -- Up-to-date symlink: /home/user-accounts/lee4649/auto-aiming/install/opencv_armor_detector/share/opencv_armor_detector/resources/far_back/626.png
[9.123s] -- Up-to-date symlink: /home/user-accounts/lee4649/auto-aiming/install/opencv_armor_detector/share/opencv_armor_detector/resources/far_back/627.png
[9.123s] -- Up-to-date symlink: /home/user-accounts/lee4649/auto-aiming/install/opencv_armor_detector/share/opencv_armor_detector/resources/far_back/628.png
[9.123s] -- Up-to-date symlink: /home/user-accounts/lee4649/auto-aiming/install/opencv_armor_detector/share/opencv_armor_detector/resources/far_back/629.png
[9.124s] -- Up-to-date symlink: /home/user-accounts/lee4649/auto-aiming/install/opencv_armor_detector/share/opencv_armor_detector/resources/far_back/630.png
[9.124s] -- Up-to-date symlink: /home/user-accounts/lee4649/auto-aiming/install/opencv_armor_detector/share/opencv_armor_detector/resources/far_back/631.png
[9.124s] -- Up-to-date symlink: /home/user-accounts/lee4649/auto-aiming/install/opencv_armor_detector/share/opencv_armor_detector/resources/far_back/632.png
[9.124s] -- Up-to-date symlink: /home/user-accounts/lee4649/auto-aiming/install/opencv_armor_detector/share/opencv_armor_detector/resources/far_back/633.png
[9.125s] -- Up-to-date symlink: /home/user-accounts/lee4649/auto-aiming/install/opencv_armor_detector/share/opencv_armor_detector/resources/far_back/634.png
[9.125s] -- Up-to-date symlink: /home/user-accounts/lee4649/auto-aiming/install/opencv_armor_detector/share/opencv_armor_detector/resources/far_back/635.png
[9.125s] -- Up-to-date symlink: /home/user-accounts/lee4649/auto-aiming/install/opencv_armor_detector/share/opencv_armor_detector/resources/far_back/636.png
[9.125s] -- Up-to-date symlink: /home/user-accounts/lee4649/auto-aiming/install/opencv_armor_detector/share/opencv_armor_detector/resources/far_back/637.png
[9.126s] -- Up-to-date symlink: /home/user-accounts/lee4649/auto-aiming/install/opencv_armor_detector/share/opencv_armor_detector/resources/far_back/638.png
[9.126s] -- Up-to-date symlink: /home/user-accounts/lee4649/auto-aiming/install/opencv_armor_detector/share/opencv_armor_detector/resources/far_back/639.png
[9.126s] -- Up-to-date symlink: /home/user-accounts/lee4649/auto-aiming/install/opencv_armor_detector/share/opencv_armor_detector/resources/far_back/640.png
[9.126s] -- Up-to-date symlink: /home/user-accounts/lee4649/auto-aiming/install/opencv_armor_detector/share/opencv_armor_detector/resources/far_back/651.png
[9.126s] -- Up-to-date symlink: /home/user-accounts/lee4649/auto-aiming/install/opencv_armor_detector/share/opencv_armor_detector/resources/far_back/652.png
[9.127s] -- Up-to-date symlink: /home/user-accounts/lee4649/auto-aiming/install/opencv_armor_detector/share/opencv_armor_detector/resources/far_back/653.png
[9.127s] -- Up-to-date symlink: /home/user-accounts/lee4649/auto-aiming/install/opencv_armor_detector/share/opencv_armor_detector/resources/far_back/654.png
[9.127s] -- Up-to-date symlink: /home/user-accounts/lee4649/auto-aiming/install/opencv_armor_detector/share/opencv_armor_detector/resources/far_back/655.png
[9.127s] -- Up-to-date symlink: /home/user-accounts/lee4649/auto-aiming/install/opencv_armor_detector/share/opencv_armor_detector/resources/far_back/656.png
[9.128s] -- Up-to-date symlink: /home/user-accounts/lee4649/auto-aiming/install/opencv_armor_detector/share/opencv_armor_detector/resources/far_back/657.png
[9.128s] -- Up-to-date symlink: /home/user-accounts/lee4649/auto-aiming/install/opencv_armor_detector/share/opencv_armor_detector/resources/far_back/658.png
[9.128s] -- Up-to-date symlink: /home/user-accounts/lee4649/auto-aiming/install/opencv_armor_detector/share/opencv_armor_detector/resources/far_back/659.png
[9.128s] -- Up-to-date symlink: /home/user-accounts/lee4649/auto-aiming/install/opencv_armor_detector/share/opencv_armor_detector/resources/far_back/660.png
[9.129s] -- Up-to-date symlink: /home/user-accounts/lee4649/auto-aiming/install/opencv_armor_detector/share/opencv_armor_detector/resources/far_back/665.png
[9.129s] -- Up-to-date symlink: /home/user-accounts/lee4649/auto-aiming/install/opencv_armor_detector/share/opencv_armor_detector/resources/far_back/666.png
[9.129s] -- Up-to-date symlink: /home/user-accounts/lee4649/auto-aiming/install/opencv_armor_detector/share/opencv_armor_detector/resources/far_back/667.png
[9.129s] -- Up-to-date symlink: /home/user-accounts/lee4649/auto-aiming/install/opencv_armor_detector/share/opencv_armor_detector/resources/far_back/668.png
[9.130s] -- Up-to-date symlink: /home/user-accounts/lee4649/auto-aiming/install/opencv_armor_detector/share/opencv_armor_detector/resources/far_back/669.png
[9.130s] -- Up-to-date symlink: /home/user-accounts/lee4649/auto-aiming/install/opencv_armor_detector/share/opencv_armor_detector/resources/far_back/670.png
[9.130s] -- Up-to-date symlink: /home/user-accounts/lee4649/auto-aiming/install/opencv_armor_detector/share/opencv_armor_detector/resources/far_back/671.png
[9.130s] -- Up-to-date symlink: /home/user-accounts/lee4649/auto-aiming/install/opencv_armor_detector/share/opencv_armor_detector/resources/far_back/672.png
[9.131s] -- Up-to-date symlink: /home/user-accounts/lee4649/auto-aiming/install/opencv_armor_detector/share/opencv_armor_detector/resources/far_back/673.png
[9.131s] -- Up-to-date symlink: /home/user-accounts/lee4649/auto-aiming/install/opencv_armor_detector/share/opencv_armor_detector/resources/far_back/674.png
[9.131s] -- Up-to-date symlink: /home/user-accounts/lee4649/auto-aiming/install/opencv_armor_detector/share/opencv_armor_detector/resources/far_back/675.png
[9.131s] -- Up-to-date symlink: /home/user-accounts/lee4649/auto-aiming/install/opencv_armor_detector/share/opencv_armor_detector/resources/far_back/676.png
[9.132s] -- Up-to-date symlink: /home/user-accounts/lee4649/auto-aiming/install/opencv_armor_detector/share/opencv_armor_detector/resources/far_back/677.png
[9.132s] -- Up-to-date symlink: /home/user-accounts/lee4649/auto-aiming/install/opencv_armor_detector/share/opencv_armor_detector/resources/far_back/678.png
[9.132s] -- Up-to-date symlink: /home/user-accounts/lee4649/auto-aiming/install/opencv_armor_detector/share/opencv_armor_detector/resources/far_back/679.png
[9.132s] -- Up-to-date symlink: /home/user-accounts/lee4649/auto-aiming/install/opencv_armor_detector/share/opencv_armor_detector/resources/far_back/680.png
[9.133s] -- Up-to-date symlink: /home/user-accounts/lee4649/auto-aiming/install/opencv_armor_detector/share/opencv_armor_detector/resources/far_back/ground_truth.csv
[9.133s] -- Up-to-date symlink: /home/user-accounts/lee4649/auto-aiming/install/opencv_armor_detector/share/opencv_armor_detector/resources/far_back_spin_and_move/far.avi
[9.133s] -- Up-to-date symlink: /home/user-accounts/lee4649/auto-aiming/install/opencv_armor_detector/share/opencv_armor_detector/resources/far_back_spin_and_move/ground_truth.csv
[9.134s] -- Up-to-date symlink: /home/user-accounts/lee4649/auto-aiming/install/opencv_armor_detector/share/ament_index/resource_index/package_run_dependencies/opencv_armor_detector
[9.134s] -- Up-to-date symlink: /home/user-accounts/lee4649/auto-aiming/install/opencv_armor_detector/share/ament_index/resource_index/parent_prefix_path/opencv_armor_detector
[9.134s] -- Up-to-date symlink: /home/user-accounts/lee4649/auto-aiming/install/opencv_armor_detector/share/opencv_armor_detector/environment/ament_prefix_path.sh
[9.135s] -- Up-to-date symlink: /home/user-accounts/lee4649/auto-aiming/install/opencv_armor_detector/share/opencv_armor_detector/environment/ament_prefix_path.dsv
[9.135s] -- Up-to-date symlink: /home/user-accounts/lee4649/auto-aiming/install/opencv_armor_detector/share/opencv_armor_detector/environment/path.sh
[9.136s] -- Up-to-date symlink: /home/user-accounts/lee4649/auto-aiming/install/opencv_armor_detector/share/opencv_armor_detector/environment/path.dsv
[9.136s] -- Up-to-date symlink: /home/user-accounts/lee4649/auto-aiming/install/opencv_armor_detector/share/opencv_armor_detector/local_setup.bash
[9.136s] -- Up-to-date symlink: /home/user-accounts/lee4649/auto-aiming/install/opencv_armor_detector/share/opencv_armor_detector/local_setup.sh
[9.137s] -- Up-to-date symlink: /home/user-accounts/lee4649/auto-aiming/install/opencv_armor_detector/share/opencv_armor_detector/local_setup.zsh
[9.137s] -- Up-to-date symlink: /home/user-accounts/lee4649/auto-aiming/install/opencv_armor_detector/share/opencv_armor_detector/local_setup.dsv
[9.137s] -- Symlinking: /home/user-accounts/lee4649/auto-aiming/install/opencv_armor_detector/share/opencv_armor_detector/package.dsv
[9.153s] -- Up-to-date symlink: /home/user-accounts/lee4649/auto-aiming/install/opencv_armor_detector/share/ament_index/resource_index/packages/opencv_armor_detector
[9.154s] -- Up-to-date symlink: /home/user-accounts/lee4649/auto-aiming/install/opencv_armor_detector/share/opencv_armor_detector/cmake/ament_cmake_export_include_directories-extras.cmake
[9.154s] -- Up-to-date symlink: /home/user-accounts/lee4649/auto-aiming/install/opencv_armor_detector/share/opencv_armor_detector/cmake/ament_cmake_export_dependencies-extras.cmake
[9.154s] -- Up-to-date symlink: /home/user-accounts/lee4649/auto-aiming/install/opencv_armor_detector/share/opencv_armor_detector/cmake/opencv_armor_detectorConfig.cmake
[9.155s] -- Up-to-date symlink: /home/user-accounts/lee4649/auto-aiming/install/opencv_armor_detector/share/opencv_armor_detector/cmake/opencv_armor_detectorConfig-version.cmake
[9.155s] -- Up-to-date symlink: /home/user-accounts/lee4649/auto-aiming/install/opencv_armor_detector/share/opencv_armor_detector/package.xml
[9.161s] Invoked command in '/home/user-accounts/lee4649/auto-aiming/build/opencv_armor_detector' returned '0': AMENT_PREFIX_PATH=/home/user-accounts/lee4649/auto-aiming/install/vision_msgs:${AMENT_PREFIX_PATH} CMAKE_PREFIX_PATH=/home/user-accounts/lee4649/auto-aiming/install/vision_msgs:/opt/ros/foxy LD_LIBRARY_PATH=/home/user-accounts/lee4649/auto-aiming/install/vision_msgs/lib:${LD_LIBRARY_PATH} PYTHONPATH=/home/user-accounts/lee4649/auto-aiming/install/vision_msgs/lib/python3.8/site-packages:${PYTHONPATH} /usr/bin/cmake --install /home/user-accounts/lee4649/auto-aiming/build/opencv_armor_detector
