[0.047s] Invoking command in '/home/user-accounts/lee4649/auto-aiming/build/mv_publisher': CMAKE_PREFIX_PATH=/opt/ros/foxy /usr/bin/cmake /home/user-accounts/lee4649/auto-aiming/src/prm_camera/mv_publisher -DCMAKE_BUILD_TYPE=Release -DCMAKE_CXX_FLAGS_RELEASE=-O3 -DPYTHON_EXECUTABLE=/usr/bin/python3.8 -DAMENT_CMAKE_SYMLINK_INSTALL=1 -DCMAKE_INSTALL_PREFIX=/home/user-accounts/lee4649/auto-aiming/install/mv_publisher
[0.132s] -- The C compiler identification is GNU 9.4.0
[0.214s] -- The CXX compiler identification is GNU 9.4.0
[0.222s] -- Check for working C compiler: /usr/bin/cc
[0.333s] -- Check for working C compiler: /usr/bin/cc -- works
[0.334s] -- Detecting C compiler ABI info
[0.446s] -- Detecting C compiler ABI info - done
[0.462s] -- Detecting C compile features
[0.462s] -- Detecting C compile features - done
[0.466s] -- Check for working CXX compiler: /usr/bin/c++
[0.592s] -- Check for working CXX compiler: /usr/bin/c++ -- works
[0.594s] -- Detecting CXX compiler ABI info
[0.721s] -- Detecting CXX compiler ABI info - done
[0.736s] -- Detecting CXX compile features
[0.737s] -- Detecting CXX compile features - done
[0.740s] -- Found ament_cmake_auto: 0.9.12 (/opt/ros/foxy/share/ament_cmake_auto/cmake)
[0.784s] -- Found PythonInterp: /usr/bin/python3.8 (found suitable version "3.8.10", minimum required is "3") 
[0.784s] -- Using PYTHON_EXECUTABLE: /usr/bin/python3.8
[1.107s] -- Override CMake install command with custom implementation using symlinks instead of copying resources
[1.285s] -- Using all available rosidl_typesupport_c: rosidl_typesupport_fastrtps_c;rosidl_typesupport_introspection_c
[1.295s] -- Found rosidl_adapter: 1.3.1 (/opt/ros/foxy/share/rosidl_adapter/cmake)
[1.437s] -- Found OpenSSL: /usr/lib/aarch64-linux-gnu/libcrypto.so (found version "1.1.1f")  
[1.487s] -- Found FastRTPS: /opt/ros/foxy/include  
[1.608s] -- Using all available rosidl_typesupport_cpp: rosidl_typesupport_fastrtps_cpp;rosidl_typesupport_introspection_cpp
[1.935s] -- Found rmw_implementation_cmake: 1.0.4 (/opt/ros/foxy/share/rmw_implementation_cmake/cmake)
[1.938s] -- Using RMW implementation 'rmw_fastrtps_cpp' as default
[1.940s] -- Looking for pthread.h
[2.069s] -- Looking for pthread.h - found
[2.070s] -- Performing Test CMAKE_HAVE_LIBC_PTHREAD
[2.192s] -- Performing Test CMAKE_HAVE_LIBC_PTHREAD - Failed
[2.192s] -- Looking for pthread_create in pthreads
[2.298s] -- Looking for pthread_create in pthreads - not found
[2.298s] -- Looking for pthread_create in pthread
[2.409s] -- Looking for pthread_create in pthread - found
[2.411s] -- Found Threads: TRUE  
[2.714s] -- Found CUDA: /usr/local/cuda (found suitable exact version "11.4") 
[2.799s] -- Setting yaml-cpp_DIR to: '/opt/ros/foxy/share/yaml_cpp_vendor/cmake/../../../opt/yaml_cpp_vendor/lib/cmake/yaml-cpp'
[2.996s] -- Configuring done
[3.022s] -- Generating done
[3.024s] -- Build files have been written to: /home/user-accounts/lee4649/auto-aiming/build/mv_publisher
[3.051s] Invoked command in '/home/user-accounts/lee4649/auto-aiming/build/mv_publisher' returned '0': CMAKE_PREFIX_PATH=/opt/ros/foxy /usr/bin/cmake /home/user-accounts/lee4649/auto-aiming/src/prm_camera/mv_publisher -DCMAKE_BUILD_TYPE=Release -DCMAKE_CXX_FLAGS_RELEASE=-O3 -DPYTHON_EXECUTABLE=/usr/bin/python3.8 -DAMENT_CMAKE_SYMLINK_INSTALL=1 -DCMAKE_INSTALL_PREFIX=/home/user-accounts/lee4649/auto-aiming/install/mv_publisher
[3.052s] Invoking command in '/home/user-accounts/lee4649/auto-aiming/build/mv_publisher': CMAKE_PREFIX_PATH=/opt/ros/foxy /usr/bin/cmake --build /home/user-accounts/lee4649/auto-aiming/build/mv_publisher -- -j8 -l8
[3.122s] [35m[1mScanning dependencies of target MVCameraNode[0m
[3.187s] [ 50%] [32mBuilding CXX object CMakeFiles/MVCameraNode.dir/src/MVCameraNode.cpp.o[0m
[9.878s] [100%] [32m[1mLinking CXX executable MVCameraNode[0m
[10.144s] [100%] Built target MVCameraNode
[10.165s] Invoked command in '/home/user-accounts/lee4649/auto-aiming/build/mv_publisher' returned '0': CMAKE_PREFIX_PATH=/opt/ros/foxy /usr/bin/cmake --build /home/user-accounts/lee4649/auto-aiming/build/mv_publisher -- -j8 -l8
[10.227s] Invoking command in '/home/user-accounts/lee4649/auto-aiming/build/mv_publisher': CMAKE_PREFIX_PATH=/opt/ros/foxy /usr/bin/cmake --install /home/user-accounts/lee4649/auto-aiming/build/mv_publisher
[10.243s] -- Install configuration: "Release"
[10.243s] -- Execute custom install script
[10.244s] -- Symlinking: /home/user-accounts/lee4649/auto-aiming/install/mv_publisher/lib/mv_publisher/MVCameraNode
[10.261s] -- Symlinking: /home/user-accounts/lee4649/auto-aiming/install/mv_publisher/share/mv_publisher/launch/temp.py
[10.277s] -- Symlinking: /home/user-accounts/lee4649/auto-aiming/install/mv_publisher/share/mv_publisher/config/mv_133_4_info.yaml
[10.295s] -- Symlinking: /home/user-accounts/lee4649/auto-aiming/install/mv_publisher/share/ament_index/resource_index/package_run_dependencies/mv_publisher
[10.312s] -- Symlinking: /home/user-accounts/lee4649/auto-aiming/install/mv_publisher/share/ament_index/resource_index/parent_prefix_path/mv_publisher
[10.329s] -- Symlinking: /home/user-accounts/lee4649/auto-aiming/install/mv_publisher/share/mv_publisher/environment/ament_prefix_path.sh
[10.345s] -- Symlinking: /home/user-accounts/lee4649/auto-aiming/install/mv_publisher/share/mv_publisher/environment/ament_prefix_path.dsv
[10.361s] -- Symlinking: /home/user-accounts/lee4649/auto-aiming/install/mv_publisher/share/mv_publisher/environment/path.sh
[10.377s] -- Symlinking: /home/user-accounts/lee4649/auto-aiming/install/mv_publisher/share/mv_publisher/environment/path.dsv
[10.393s] -- Symlinking: /home/user-accounts/lee4649/auto-aiming/install/mv_publisher/share/mv_publisher/local_setup.bash
[10.409s] -- Symlinking: /home/user-accounts/lee4649/auto-aiming/install/mv_publisher/share/mv_publisher/local_setup.sh
[10.425s] -- Symlinking: /home/user-accounts/lee4649/auto-aiming/install/mv_publisher/share/mv_publisher/local_setup.zsh
[10.440s] -- Symlinking: /home/user-accounts/lee4649/auto-aiming/install/mv_publisher/share/mv_publisher/local_setup.dsv
[10.456s] -- Symlinking: /home/user-accounts/lee4649/auto-aiming/install/mv_publisher/share/mv_publisher/package.dsv
[10.473s] -- Symlinking: /home/user-accounts/lee4649/auto-aiming/install/mv_publisher/share/ament_index/resource_index/packages/mv_publisher
[10.487s] -- Symlinking: /home/user-accounts/lee4649/auto-aiming/install/mv_publisher/share/mv_publisher/cmake/ament_cmake_export_include_directories-extras.cmake
[10.502s] -- Symlinking: /home/user-accounts/lee4649/auto-aiming/install/mv_publisher/share/mv_publisher/cmake/ament_cmake_export_dependencies-extras.cmake
[10.520s] -- Symlinking: /home/user-accounts/lee4649/auto-aiming/install/mv_publisher/share/mv_publisher/cmake/mv_publisherConfig.cmake
[10.537s] -- Symlinking: /home/user-accounts/lee4649/auto-aiming/install/mv_publisher/share/mv_publisher/cmake/mv_publisherConfig-version.cmake
[10.555s] -- Symlinking: /home/user-accounts/lee4649/auto-aiming/install/mv_publisher/share/mv_publisher/package.xml
[10.581s] Invoked command in '/home/user-accounts/lee4649/auto-aiming/build/mv_publisher' returned '0': CMAKE_PREFIX_PATH=/opt/ros/foxy /usr/bin/cmake --install /home/user-accounts/lee4649/auto-aiming/build/mv_publisher
