[0.021s] Invoking command in '/home/user-accounts/lee4649/auto-aiming/build/prm_launch': AMENT_PREFIX_PATH=/home/user-accounts/lee4649/auto-aiming/install/opencv_armor_detector:/home/user-accounts/lee4649/auto-aiming/install/vision_msgs:${AMENT_PREFIX_PATH} CMAKE_PREFIX_PATH=/home/user-accounts/lee4649/auto-aiming/install/opencv_armor_detector:/home/user-accounts/lee4649/auto-aiming/install/vision_msgs:/opt/ros/foxy LD_LIBRARY_PATH=/home/user-accounts/lee4649/auto-aiming/install/vision_msgs/lib:${LD_LIBRARY_PATH} PYTHONPATH=/home/user-accounts/lee4649/auto-aiming/install/vision_msgs/lib/python3.8/site-packages:${PYTHONPATH} /usr/bin/cmake --build /home/user-accounts/lee4649/auto-aiming/build/prm_launch -- -j8 -l8
[0.089s] Invoked command in '/home/user-accounts/lee4649/auto-aiming/build/prm_launch' returned '0': AMENT_PREFIX_PATH=/home/user-accounts/lee4649/auto-aiming/install/opencv_armor_detector:/home/user-accounts/lee4649/auto-aiming/install/vision_msgs:${AMENT_PREFIX_PATH} CMAKE_PREFIX_PATH=/home/user-accounts/lee4649/auto-aiming/install/opencv_armor_detector:/home/user-accounts/lee4649/auto-aiming/install/vision_msgs:/opt/ros/foxy LD_LIBRARY_PATH=/home/user-accounts/lee4649/auto-aiming/install/vision_msgs/lib:${LD_LIBRARY_PATH} PYTHONPATH=/home/user-accounts/lee4649/auto-aiming/install/vision_msgs/lib/python3.8/site-packages:${PYTHONPATH} /usr/bin/cmake --build /home/user-accounts/lee4649/auto-aiming/build/prm_launch -- -j8 -l8
[0.141s] Invoking command in '/home/user-accounts/lee4649/auto-aiming/build/prm_launch': AMENT_PREFIX_PATH=/home/user-accounts/lee4649/auto-aiming/install/opencv_armor_detector:/home/user-accounts/lee4649/auto-aiming/install/vision_msgs:${AMENT_PREFIX_PATH} CMAKE_PREFIX_PATH=/home/user-accounts/lee4649/auto-aiming/install/opencv_armor_detector:/home/user-accounts/lee4649/auto-aiming/install/vision_msgs:/opt/ros/foxy LD_LIBRARY_PATH=/home/user-accounts/lee4649/auto-aiming/install/vision_msgs/lib:${LD_LIBRARY_PATH} PYTHONPATH=/home/user-accounts/lee4649/auto-aiming/install/vision_msgs/lib/python3.8/site-packages:${PYTHONPATH} /usr/bin/cmake --install /home/user-accounts/lee4649/auto-aiming/build/prm_launch
[0.157s] -- Install configuration: "Release"
[0.158s] -- Execute custom install script
[0.158s] -- Up-to-date symlink: /home/user-accounts/lee4649/auto-aiming/install/prm_launch/share/prm_launch/launch/video2detector.py
[0.159s] -- Up-to-date symlink: /home/user-accounts/lee4649/auto-aiming/install/prm_launch/share/prm_launch/config/mv_red_bidc.yaml
[0.159s] -- Up-to-date symlink: /home/user-accounts/lee4649/auto-aiming/install/prm_launch/share/prm_launch/config/opencv_armor_detector_red_bidc.yaml
[0.160s] -- Up-to-date symlink: /home/user-accounts/lee4649/auto-aiming/install/prm_launch/share/ament_index/resource_index/package_run_dependencies/prm_launch
[0.160s] -- Up-to-date symlink: /home/user-accounts/lee4649/auto-aiming/install/prm_launch/share/ament_index/resource_index/parent_prefix_path/prm_launch
[0.160s] -- Up-to-date symlink: /home/user-accounts/lee4649/auto-aiming/install/prm_launch/share/prm_launch/environment/ament_prefix_path.sh
[0.161s] -- Up-to-date symlink: /home/user-accounts/lee4649/auto-aiming/install/prm_launch/share/prm_launch/environment/ament_prefix_path.dsv
[0.161s] -- Up-to-date symlink: /home/user-accounts/lee4649/auto-aiming/install/prm_launch/share/prm_launch/environment/path.sh
[0.161s] -- Up-to-date symlink: /home/user-accounts/lee4649/auto-aiming/install/prm_launch/share/prm_launch/environment/path.dsv
[0.162s] -- Up-to-date symlink: /home/user-accounts/lee4649/auto-aiming/install/prm_launch/share/prm_launch/local_setup.bash
[0.162s] -- Up-to-date symlink: /home/user-accounts/lee4649/auto-aiming/install/prm_launch/share/prm_launch/local_setup.sh
[0.162s] -- Up-to-date symlink: /home/user-accounts/lee4649/auto-aiming/install/prm_launch/share/prm_launch/local_setup.zsh
[0.163s] -- Up-to-date symlink: /home/user-accounts/lee4649/auto-aiming/install/prm_launch/share/prm_launch/local_setup.dsv
[0.163s] -- Symlinking: /home/user-accounts/lee4649/auto-aiming/install/prm_launch/share/prm_launch/package.dsv
[0.179s] -- Up-to-date symlink: /home/user-accounts/lee4649/auto-aiming/install/prm_launch/share/ament_index/resource_index/packages/prm_launch
[0.179s] -- Up-to-date symlink: /home/user-accounts/lee4649/auto-aiming/install/prm_launch/share/prm_launch/cmake/prm_launchConfig.cmake
[0.179s] -- Up-to-date symlink: /home/user-accounts/lee4649/auto-aiming/install/prm_launch/share/prm_launch/cmake/prm_launchConfig-version.cmake
[0.179s] -- Up-to-date symlink: /home/user-accounts/lee4649/auto-aiming/install/prm_launch/share/prm_launch/package.xml
[0.184s] Invoked command in '/home/user-accounts/lee4649/auto-aiming/build/prm_launch' returned '0': AMENT_PREFIX_PATH=/home/user-accounts/lee4649/auto-aiming/install/opencv_armor_detector:/home/user-accounts/lee4649/auto-aiming/install/vision_msgs:${AMENT_PREFIX_PATH} CMAKE_PREFIX_PATH=/home/user-accounts/lee4649/auto-aiming/install/opencv_armor_detector:/home/user-accounts/lee4649/auto-aiming/install/vision_msgs:/opt/ros/foxy LD_LIBRARY_PATH=/home/user-accounts/lee4649/auto-aiming/install/vision_msgs/lib:${LD_LIBRARY_PATH} PYTHONPATH=/home/user-accounts/lee4649/auto-aiming/install/vision_msgs/lib/python3.8/site-packages:${PYTHONPATH} /usr/bin/cmake --install /home/user-accounts/lee4649/auto-aiming/build/prm_launch
