[0.020s] Invoking command in '/home/purduerm/ros2-ws/auto-aiming/build/mv_publisher': CMAKE_PREFIX_PATH=/opt/ros/foxy /usr/bin/cmake --build /home/purduerm/ros2-ws/auto-aiming/build/mv_publisher -- -j12 -l12
[0.070s] [100%] Built target MVCameraNode
[0.079s] Invoked command in '/home/purduerm/ros2-ws/auto-aiming/build/mv_publisher' returned '0': CMAKE_PREFIX_PATH=/opt/ros/foxy /usr/bin/cmake --build /home/purduerm/ros2-ws/auto-aiming/build/mv_publisher -- -j12 -l12
[0.089s] Invoking command in '/home/purduerm/ros2-ws/auto-aiming/build/mv_publisher': CMAKE_PREFIX_PATH=/opt/ros/foxy /usr/bin/cmake --install /home/purduerm/ros2-ws/auto-aiming/build/mv_publisher
[0.097s] -- Install configuration: "Release"
[0.097s] -- Execute custom install script
[0.098s] -- Up-to-date symlink: /home/purduerm/ros2-ws/auto-aiming/install/mv_publisher/lib/mv_publisher/MVCameraNode
[0.098s] -- Up-to-date symlink: /home/purduerm/ros2-ws/auto-aiming/install/mv_publisher/share/mv_publisher/launch/temp.py
[0.098s] -- Up-to-date symlink: /home/purduerm/ros2-ws/auto-aiming/install/mv_publisher/share/mv_publisher/config/mv_133_4_info.yaml
[0.098s] -- Up-to-date symlink: /home/purduerm/ros2-ws/auto-aiming/install/mv_publisher/share/ament_index/resource_index/package_run_dependencies/mv_publisher
[0.098s] -- Up-to-date symlink: /home/purduerm/ros2-ws/auto-aiming/install/mv_publisher/share/ament_index/resource_index/parent_prefix_path/mv_publisher
[0.098s] -- Up-to-date symlink: /home/purduerm/ros2-ws/auto-aiming/install/mv_publisher/share/mv_publisher/environment/ament_prefix_path.sh
[0.098s] -- Up-to-date symlink: /home/purduerm/ros2-ws/auto-aiming/install/mv_publisher/share/mv_publisher/environment/ament_prefix_path.dsv
[0.098s] -- Up-to-date symlink: /home/purduerm/ros2-ws/auto-aiming/install/mv_publisher/share/mv_publisher/environment/path.sh
[0.098s] -- Up-to-date symlink: /home/purduerm/ros2-ws/auto-aiming/install/mv_publisher/share/mv_publisher/environment/path.dsv
[0.098s] -- Up-to-date symlink: /home/purduerm/ros2-ws/auto-aiming/install/mv_publisher/share/mv_publisher/local_setup.bash
[0.098s] -- Up-to-date symlink: /home/purduerm/ros2-ws/auto-aiming/install/mv_publisher/share/mv_publisher/local_setup.sh
[0.098s] -- Up-to-date symlink: /home/purduerm/ros2-ws/auto-aiming/install/mv_publisher/share/mv_publisher/local_setup.zsh
[0.099s] -- Up-to-date symlink: /home/purduerm/ros2-ws/auto-aiming/install/mv_publisher/share/mv_publisher/local_setup.dsv
[0.099s] -- Symlinking: /home/purduerm/ros2-ws/auto-aiming/install/mv_publisher/share/mv_publisher/package.dsv
[0.106s] -- Up-to-date symlink: /home/purduerm/ros2-ws/auto-aiming/install/mv_publisher/share/ament_index/resource_index/packages/mv_publisher
[0.106s] -- Up-to-date symlink: /home/purduerm/ros2-ws/auto-aiming/install/mv_publisher/share/mv_publisher/cmake/ament_cmake_export_include_directories-extras.cmake
[0.107s] -- Up-to-date symlink: /home/purduerm/ros2-ws/auto-aiming/install/mv_publisher/share/mv_publisher/cmake/ament_cmake_export_dependencies-extras.cmake
[0.107s] -- Up-to-date symlink: /home/purduerm/ros2-ws/auto-aiming/install/mv_publisher/share/mv_publisher/cmake/mv_publisherConfig.cmake
[0.107s] -- Up-to-date symlink: /home/purduerm/ros2-ws/auto-aiming/install/mv_publisher/share/mv_publisher/cmake/mv_publisherConfig-version.cmake
[0.107s] -- Up-to-date symlink: /home/purduerm/ros2-ws/auto-aiming/install/mv_publisher/share/mv_publisher/package.xml
[0.109s] Invoked command in '/home/purduerm/ros2-ws/auto-aiming/build/mv_publisher' returned '0': CMAKE_PREFIX_PATH=/opt/ros/foxy /usr/bin/cmake --install /home/purduerm/ros2-ws/auto-aiming/build/mv_publisher
