[0.010s] Invoking command in '/home/purduerm/ros2-ws/auto-aiming/build/prm_launch': AMENT_PREFIX_PATH=/home/purduerm/ros2-ws/auto-aiming/install/opencv_armor_detector:/home/purduerm/ros2-ws/auto-aiming/install/vision_msgs:${AMENT_PREFIX_PATH} CMAKE_PREFIX_PATH=/home/purduerm/ros2-ws/auto-aiming/install/opencv_armor_detector:/home/purduerm/ros2-ws/auto-aiming/install/vision_msgs:/opt/ros/foxy LD_LIBRARY_PATH=/home/purduerm/ros2-ws/auto-aiming/install/vision_msgs/lib:${LD_LIBRARY_PATH} PYTHONPATH=/home/purduerm/ros2-ws/auto-aiming/install/vision_msgs/lib/python3.8/site-packages:${PYTHONPATH} /usr/bin/cmake /home/purduerm/ros2-ws/auto-aiming/src/prm_launch -DCMAKE_BUILD_TYPE=Release -DCMAKE_CXX_FLAGS_RELEASE=-O3 -DAMENT_CMAKE_SYMLINK_INSTALL=1 -DCMAKE_INSTALL_PREFIX=/home/purduerm/ros2-ws/auto-aiming/install/prm_launch
[0.069s] -- The C compiler identification is GNU 9.4.0
[0.112s] -- The CXX compiler identification is GNU 9.4.0
[0.117s] -- Check for working C compiler: /usr/bin/cc
[0.167s] -- Check for working C compiler: /usr/bin/cc -- works
[0.169s] -- Detecting C compiler ABI info
[0.216s] -- Detecting C compiler ABI info - done
[0.225s] -- Detecting C compile features
[0.225s] -- Detecting C compile features - done
[0.227s] -- Check for working CXX compiler: /usr/bin/c++
[0.281s] -- Check for working CXX compiler: /usr/bin/c++ -- works
[0.282s] -- Detecting CXX compiler ABI info
[0.338s] -- Detecting CXX compiler ABI info - done
[0.354s] -- Detecting CXX compile features
[0.354s] -- Detecting CXX compile features - done
[0.357s] -- Found ament_cmake: 0.9.12 (/opt/ros/foxy/share/ament_cmake/cmake)
[0.379s] -- Found PythonInterp: /usr/bin/python3 (found suitable version "3.8.10", minimum required is "3") 
[0.379s] -- Using PYTHON_EXECUTABLE: /usr/bin/python3
[0.562s] -- Override CMake install command with custom implementation using symlinks instead of copying resources
[0.649s] -- Configuring done
[0.651s] -- Generating done
[0.652s] -- Build files have been written to: /home/purduerm/ros2-ws/auto-aiming/build/prm_launch
[0.656s] Invoked command in '/home/purduerm/ros2-ws/auto-aiming/build/prm_launch' returned '0': AMENT_PREFIX_PATH=/home/purduerm/ros2-ws/auto-aiming/install/opencv_armor_detector:/home/purduerm/ros2-ws/auto-aiming/install/vision_msgs:${AMENT_PREFIX_PATH} CMAKE_PREFIX_PATH=/home/purduerm/ros2-ws/auto-aiming/install/opencv_armor_detector:/home/purduerm/ros2-ws/auto-aiming/install/vision_msgs:/opt/ros/foxy LD_LIBRARY_PATH=/home/purduerm/ros2-ws/auto-aiming/install/vision_msgs/lib:${LD_LIBRARY_PATH} PYTHONPATH=/home/purduerm/ros2-ws/auto-aiming/install/vision_msgs/lib/python3.8/site-packages:${PYTHONPATH} /usr/bin/cmake /home/purduerm/ros2-ws/auto-aiming/src/prm_launch -DCMAKE_BUILD_TYPE=Release -DCMAKE_CXX_FLAGS_RELEASE=-O3 -DAMENT_CMAKE_SYMLINK_INSTALL=1 -DCMAKE_INSTALL_PREFIX=/home/purduerm/ros2-ws/auto-aiming/install/prm_launch
[0.657s] Invoking command in '/home/purduerm/ros2-ws/auto-aiming/build/prm_launch': AMENT_PREFIX_PATH=/home/purduerm/ros2-ws/auto-aiming/install/opencv_armor_detector:/home/purduerm/ros2-ws/auto-aiming/install/vision_msgs:${AMENT_PREFIX_PATH} CMAKE_PREFIX_PATH=/home/purduerm/ros2-ws/auto-aiming/install/opencv_armor_detector:/home/purduerm/ros2-ws/auto-aiming/install/vision_msgs:/opt/ros/foxy LD_LIBRARY_PATH=/home/purduerm/ros2-ws/auto-aiming/install/vision_msgs/lib:${LD_LIBRARY_PATH} PYTHONPATH=/home/purduerm/ros2-ws/auto-aiming/install/vision_msgs/lib/python3.8/site-packages:${PYTHONPATH} /usr/bin/cmake --build /home/purduerm/ros2-ws/auto-aiming/build/prm_launch -- -j12 -l12
[0.686s] Invoked command in '/home/purduerm/ros2-ws/auto-aiming/build/prm_launch' returned '0': AMENT_PREFIX_PATH=/home/purduerm/ros2-ws/auto-aiming/install/opencv_armor_detector:/home/purduerm/ros2-ws/auto-aiming/install/vision_msgs:${AMENT_PREFIX_PATH} CMAKE_PREFIX_PATH=/home/purduerm/ros2-ws/auto-aiming/install/opencv_armor_detector:/home/purduerm/ros2-ws/auto-aiming/install/vision_msgs:/opt/ros/foxy LD_LIBRARY_PATH=/home/purduerm/ros2-ws/auto-aiming/install/vision_msgs/lib:${LD_LIBRARY_PATH} PYTHONPATH=/home/purduerm/ros2-ws/auto-aiming/install/vision_msgs/lib/python3.8/site-packages:${PYTHONPATH} /usr/bin/cmake --build /home/purduerm/ros2-ws/auto-aiming/build/prm_launch -- -j12 -l12
[0.688s] Invoking command in '/home/purduerm/ros2-ws/auto-aiming/build/prm_launch': AMENT_PREFIX_PATH=/home/purduerm/ros2-ws/auto-aiming/install/opencv_armor_detector:/home/purduerm/ros2-ws/auto-aiming/install/vision_msgs:${AMENT_PREFIX_PATH} CMAKE_PREFIX_PATH=/home/purduerm/ros2-ws/auto-aiming/install/opencv_armor_detector:/home/purduerm/ros2-ws/auto-aiming/install/vision_msgs:/opt/ros/foxy LD_LIBRARY_PATH=/home/purduerm/ros2-ws/auto-aiming/install/vision_msgs/lib:${LD_LIBRARY_PATH} PYTHONPATH=/home/purduerm/ros2-ws/auto-aiming/install/vision_msgs/lib/python3.8/site-packages:${PYTHONPATH} /usr/bin/cmake --install /home/purduerm/ros2-ws/auto-aiming/build/prm_launch
[0.695s] -- Install configuration: "Release"
[0.696s] -- Execute custom install script
[0.696s] -- Symlinking: /home/purduerm/ros2-ws/auto-aiming/install/prm_launch/share/prm_launch/launch/mv2control.py
[0.702s] -- Symlinking: /home/purduerm/ros2-ws/auto-aiming/install/prm_launch/share/prm_launch/launch/mv2detector.py
[0.708s] -- Symlinking: /home/purduerm/ros2-ws/auto-aiming/install/prm_launch/share/prm_launch/launch/video2detector.py
[0.715s] -- Symlinking: /home/purduerm/ros2-ws/auto-aiming/install/prm_launch/share/prm_launch/config/mv_red_bidc.yaml
[0.721s] -- Symlinking: /home/purduerm/ros2-ws/auto-aiming/install/prm_launch/share/prm_launch/config/opencv_armor_detector_red_bidc.yaml
[0.727s] -- Symlinking: /home/purduerm/ros2-ws/auto-aiming/install/prm_launch/share/ament_index/resource_index/package_run_dependencies/prm_launch
[0.733s] -- Symlinking: /home/purduerm/ros2-ws/auto-aiming/install/prm_launch/share/ament_index/resource_index/parent_prefix_path/prm_launch
[0.740s] -- Symlinking: /home/purduerm/ros2-ws/auto-aiming/install/prm_launch/share/prm_launch/environment/ament_prefix_path.sh
[0.747s] -- Symlinking: /home/purduerm/ros2-ws/auto-aiming/install/prm_launch/share/prm_launch/environment/ament_prefix_path.dsv
[0.753s] -- Symlinking: /home/purduerm/ros2-ws/auto-aiming/install/prm_launch/share/prm_launch/environment/path.sh
[0.760s] -- Symlinking: /home/purduerm/ros2-ws/auto-aiming/install/prm_launch/share/prm_launch/environment/path.dsv
[0.767s] -- Symlinking: /home/purduerm/ros2-ws/auto-aiming/install/prm_launch/share/prm_launch/local_setup.bash
[0.773s] -- Symlinking: /home/purduerm/ros2-ws/auto-aiming/install/prm_launch/share/prm_launch/local_setup.sh
[0.780s] -- Symlinking: /home/purduerm/ros2-ws/auto-aiming/install/prm_launch/share/prm_launch/local_setup.zsh
[0.786s] -- Symlinking: /home/purduerm/ros2-ws/auto-aiming/install/prm_launch/share/prm_launch/local_setup.dsv
[0.793s] -- Symlinking: /home/purduerm/ros2-ws/auto-aiming/install/prm_launch/share/prm_launch/package.dsv
[0.799s] -- Symlinking: /home/purduerm/ros2-ws/auto-aiming/install/prm_launch/share/ament_index/resource_index/packages/prm_launch
[0.805s] -- Symlinking: /home/purduerm/ros2-ws/auto-aiming/install/prm_launch/share/prm_launch/cmake/prm_launchConfig.cmake
[0.812s] -- Symlinking: /home/purduerm/ros2-ws/auto-aiming/install/prm_launch/share/prm_launch/cmake/prm_launchConfig-version.cmake
[0.818s] -- Symlinking: /home/purduerm/ros2-ws/auto-aiming/install/prm_launch/share/prm_launch/package.xml
[0.827s] Invoked command in '/home/purduerm/ros2-ws/auto-aiming/build/prm_launch' returned '0': AMENT_PREFIX_PATH=/home/purduerm/ros2-ws/auto-aiming/install/opencv_armor_detector:/home/purduerm/ros2-ws/auto-aiming/install/vision_msgs:${AMENT_PREFIX_PATH} CMAKE_PREFIX_PATH=/home/purduerm/ros2-ws/auto-aiming/install/opencv_armor_detector:/home/purduerm/ros2-ws/auto-aiming/install/vision_msgs:/opt/ros/foxy LD_LIBRARY_PATH=/home/purduerm/ros2-ws/auto-aiming/install/vision_msgs/lib:${LD_LIBRARY_PATH} PYTHONPATH=/home/purduerm/ros2-ws/auto-aiming/install/vision_msgs/lib/python3.8/site-packages:${PYTHONPATH} /usr/bin/cmake --install /home/purduerm/ros2-ws/auto-aiming/build/prm_launch
