[0.323s] DEBUG:colcon:Command line arguments: ['/usr/bin/colcon', 'build', '--symlink-install', '--cmake-args', '-DCMAKE_BUILD_TYPE=Release', '-DCMAKE_CXX_FLAGS_RELEASE=-O3', '-DPYTHON_EXECUTABLE=/usr/bin/python3.8', '--allow-overriding', 'opencv_armor_detector']
[0.323s] DEBUG:colcon:Parsed command line arguments: Namespace(allow_overriding=['opencv_armor_detector'], ament_cmake_args=None, base_paths=['.'], build_base='build', catkin_cmake_args=None, catkin_skip_building_tests=False, cmake_args=['-DCMAKE_BUILD_TYPE=Release', '-DCMAKE_CXX_FLAGS_RELEASE=-O3', '-DPYTHON_EXECUTABLE=/usr/bin/python3.8'], cmake_clean_cache=False, cmake_clean_first=False, cmake_force_configure=False, cmake_target=None, cmake_target_skip_unavailable=False, continue_on_error=False, event_handlers=None, executor='parallel', ignore_user_meta=False, install_base='install', log_base=None, log_level=None, main=<bound method BuildVerb.main of <colcon_core.verb.build.BuildVerb object at 0xffffb4b65400>>, merge_install=False, metas=['./colcon.meta'], mixin=None, mixin_files=None, mixin_verb=('build',), packages_above=None, packages_above_and_dependencies=None, packages_above_depth=None, packages_end=None, packages_ignore=None, packages_ignore_regex=None, packages_select=None, packages_select_build_failed=False, packages_select_by_dep=None, packages_select_regex=None, packages_select_test_failures=False, packages_skip=None, packages_skip_build_finished=False, packages_skip_by_dep=None, packages_skip_regex=None, packages_skip_test_passed=False, packages_skip_up_to=None, packages_start=None, packages_up_to=None, packages_up_to_regex=None, parallel_workers=8, paths=None, symlink_install=True, test_result_base=None, verb_extension=<colcon_core.verb.build.BuildVerb object at 0xffffb4b65400>, verb_name='build', verb_parser=<colcon_mixin.mixin.mixin_argument.MixinArgumentDecorator object at 0xffffb4b65dc0>)
[0.571s] Level 1:colcon.colcon_core.package_discovery:discover_packages(colcon_meta) check parameters
[0.572s] Level 1:colcon.colcon_core.package_discovery:discover_packages(recursive) check parameters
[0.572s] Level 1:colcon.colcon_core.package_discovery:discover_packages(ignore) check parameters
[0.572s] Level 1:colcon.colcon_core.package_discovery:discover_packages(path) check parameters
[0.572s] Level 1:colcon.colcon_core.package_discovery:discover_packages(colcon_meta) discover
[0.572s] Level 1:colcon.colcon_core.package_discovery:discover_packages(recursive) discover
[0.572s] INFO:colcon.colcon_core.package_discovery:Crawling recursively for packages in '/home/user-accounts/lee4649/auto-aiming'
[0.572s] Level 1:colcon.colcon_core.package_identification:_identify(.) by extensions ['ignore', 'ignore_ament_install']
[0.572s] Level 1:colcon.colcon_core.package_identification:_identify(.) by extension 'ignore'
[0.573s] Level 1:colcon.colcon_core.package_identification:_identify(.) by extension 'ignore_ament_install'
[0.573s] Level 1:colcon.colcon_core.package_identification:_identify(.) by extensions ['colcon_pkg']
[0.573s] Level 1:colcon.colcon_core.package_identification:_identify(.) by extension 'colcon_pkg'
[0.573s] Level 1:colcon.colcon_core.package_identification:_identify(.) by extensions ['colcon_meta']
[0.573s] Level 1:colcon.colcon_core.package_identification:_identify(.) by extension 'colcon_meta'
[0.573s] Level 1:colcon.colcon_core.package_identification:_identify(.) by extensions ['ros']
[0.573s] Level 1:colcon.colcon_core.package_identification:_identify(.) by extension 'ros'
[0.589s] Level 1:colcon.colcon_core.package_identification:_identify(.) by extensions ['cmake', 'python']
[0.590s] Level 1:colcon.colcon_core.package_identification:_identify(.) by extension 'cmake'
[0.590s] Level 1:colcon.colcon_core.package_identification:_identify(.) by extension 'python'
[0.590s] Level 1:colcon.colcon_core.package_identification:_identify(.) by extensions ['python_setup_py']
[0.590s] Level 1:colcon.colcon_core.package_identification:_identify(.) by extension 'python_setup_py'
[0.590s] Level 1:colcon.colcon_core.package_identification:_identify(build) by extensions ['ignore', 'ignore_ament_install']
[0.590s] Level 1:colcon.colcon_core.package_identification:_identify(build) by extension 'ignore'
[0.591s] Level 1:colcon.colcon_core.package_identification:_identify(build) ignored
[0.591s] Level 1:colcon.colcon_core.package_identification:_identify(install) by extensions ['ignore', 'ignore_ament_install']
[0.591s] Level 1:colcon.colcon_core.package_identification:_identify(install) by extension 'ignore'
[0.591s] Level 1:colcon.colcon_core.package_identification:_identify(install) ignored
[0.591s] Level 1:colcon.colcon_core.package_identification:_identify(log) by extensions ['ignore', 'ignore_ament_install']
[0.591s] Level 1:colcon.colcon_core.package_identification:_identify(log) by extension 'ignore'
[0.591s] Level 1:colcon.colcon_core.package_identification:_identify(log) ignored
[0.592s] Level 1:colcon.colcon_core.package_identification:_identify(src) by extensions ['ignore', 'ignore_ament_install']
[0.592s] Level 1:colcon.colcon_core.package_identification:_identify(src) by extension 'ignore'
[0.592s] Level 1:colcon.colcon_core.package_identification:_identify(src) by extension 'ignore_ament_install'
[0.592s] Level 1:colcon.colcon_core.package_identification:_identify(src) by extensions ['colcon_pkg']
[0.592s] Level 1:colcon.colcon_core.package_identification:_identify(src) by extension 'colcon_pkg'
[0.592s] Level 1:colcon.colcon_core.package_identification:_identify(src) by extensions ['colcon_meta']
[0.592s] Level 1:colcon.colcon_core.package_identification:_identify(src) by extension 'colcon_meta'
[0.592s] Level 1:colcon.colcon_core.package_identification:_identify(src) by extensions ['ros']
[0.592s] Level 1:colcon.colcon_core.package_identification:_identify(src) by extension 'ros'
[0.592s] Level 1:colcon.colcon_core.package_identification:_identify(src) by extensions ['cmake', 'python']
[0.592s] Level 1:colcon.colcon_core.package_identification:_identify(src) by extension 'cmake'
[0.593s] Level 1:colcon.colcon_core.package_identification:_identify(src) by extension 'python'
[0.593s] Level 1:colcon.colcon_core.package_identification:_identify(src) by extensions ['python_setup_py']
[0.593s] Level 1:colcon.colcon_core.package_identification:_identify(src) by extension 'python_setup_py'
[0.593s] Level 1:colcon.colcon_core.package_identification:_identify(src/prm_camera) by extensions ['ignore', 'ignore_ament_install']
[0.593s] Level 1:colcon.colcon_core.package_identification:_identify(src/prm_camera) by extension 'ignore'
[0.593s] Level 1:colcon.colcon_core.package_identification:_identify(src/prm_camera) by extension 'ignore_ament_install'
[0.593s] Level 1:colcon.colcon_core.package_identification:_identify(src/prm_camera) by extensions ['colcon_pkg']
[0.593s] Level 1:colcon.colcon_core.package_identification:_identify(src/prm_camera) by extension 'colcon_pkg'
[0.593s] Level 1:colcon.colcon_core.package_identification:_identify(src/prm_camera) by extensions ['colcon_meta']
[0.593s] Level 1:colcon.colcon_core.package_identification:_identify(src/prm_camera) by extension 'colcon_meta'
[0.593s] Level 1:colcon.colcon_core.package_identification:_identify(src/prm_camera) by extensions ['ros']
[0.594s] Level 1:colcon.colcon_core.package_identification:_identify(src/prm_camera) by extension 'ros'
[0.594s] Level 1:colcon.colcon_core.package_identification:_identify(src/prm_camera) by extensions ['cmake', 'python']
[0.594s] Level 1:colcon.colcon_core.package_identification:_identify(src/prm_camera) by extension 'cmake'
[0.594s] Level 1:colcon.colcon_core.package_identification:_identify(src/prm_camera) by extension 'python'
[0.594s] Level 1:colcon.colcon_core.package_identification:_identify(src/prm_camera) by extensions ['python_setup_py']
[0.594s] Level 1:colcon.colcon_core.package_identification:_identify(src/prm_camera) by extension 'python_setup_py'
[0.594s] Level 1:colcon.colcon_core.package_identification:_identify(src/prm_camera/mv_publisher) by extensions ['ignore', 'ignore_ament_install']
[0.594s] Level 1:colcon.colcon_core.package_identification:_identify(src/prm_camera/mv_publisher) by extension 'ignore'
[0.594s] Level 1:colcon.colcon_core.package_identification:_identify(src/prm_camera/mv_publisher) by extension 'ignore_ament_install'
[0.594s] Level 1:colcon.colcon_core.package_identification:_identify(src/prm_camera/mv_publisher) by extensions ['colcon_pkg']
[0.595s] Level 1:colcon.colcon_core.package_identification:_identify(src/prm_camera/mv_publisher) by extension 'colcon_pkg'
[0.595s] Level 1:colcon.colcon_core.package_identification:_identify(src/prm_camera/mv_publisher) by extensions ['colcon_meta']
[0.595s] Level 1:colcon.colcon_core.package_identification:_identify(src/prm_camera/mv_publisher) by extension 'colcon_meta'
[0.595s] Level 1:colcon.colcon_core.package_identification:_identify(src/prm_camera/mv_publisher) by extensions ['ros']
[0.595s] Level 1:colcon.colcon_core.package_identification:_identify(src/prm_camera/mv_publisher) by extension 'ros'
[0.599s] DEBUG:colcon.colcon_core.package_identification:Package 'src/prm_camera/mv_publisher' with type 'ros.ament_cmake' and name 'mv_publisher'
[0.600s] Level 1:colcon.colcon_core.package_identification:_identify(src/prm_camera/recorder_cv) by extensions ['ignore', 'ignore_ament_install']
[0.600s] Level 1:colcon.colcon_core.package_identification:_identify(src/prm_camera/recorder_cv) by extension 'ignore'
[0.600s] Level 1:colcon.colcon_core.package_identification:_identify(src/prm_camera/recorder_cv) by extension 'ignore_ament_install'
[0.600s] Level 1:colcon.colcon_core.package_identification:_identify(src/prm_camera/recorder_cv) by extensions ['colcon_pkg']
[0.600s] Level 1:colcon.colcon_core.package_identification:_identify(src/prm_camera/recorder_cv) by extension 'colcon_pkg'
[0.600s] Level 1:colcon.colcon_core.package_identification:_identify(src/prm_camera/recorder_cv) by extensions ['colcon_meta']
[0.600s] Level 1:colcon.colcon_core.package_identification:_identify(src/prm_camera/recorder_cv) by extension 'colcon_meta'
[0.600s] Level 1:colcon.colcon_core.package_identification:_identify(src/prm_camera/recorder_cv) by extensions ['ros']
[0.600s] Level 1:colcon.colcon_core.package_identification:_identify(src/prm_camera/recorder_cv) by extension 'ros'
[0.601s] DEBUG:colcon.colcon_core.package_identification:Package 'src/prm_camera/recorder_cv' with type 'ros.ament_cmake' and name 'recorder'
[0.601s] Level 1:colcon.colcon_core.package_identification:_identify(src/prm_camera/webcam_publisher) by extensions ['ignore', 'ignore_ament_install']
[0.602s] Level 1:colcon.colcon_core.package_identification:_identify(src/prm_camera/webcam_publisher) by extension 'ignore'
[0.602s] Level 1:colcon.colcon_core.package_identification:_identify(src/prm_camera/webcam_publisher) by extension 'ignore_ament_install'
[0.602s] Level 1:colcon.colcon_core.package_identification:_identify(src/prm_camera/webcam_publisher) by extensions ['colcon_pkg']
[0.602s] Level 1:colcon.colcon_core.package_identification:_identify(src/prm_camera/webcam_publisher) by extension 'colcon_pkg'
[0.602s] Level 1:colcon.colcon_core.package_identification:_identify(src/prm_camera/webcam_publisher) by extensions ['colcon_meta']
[0.602s] Level 1:colcon.colcon_core.package_identification:_identify(src/prm_camera/webcam_publisher) by extension 'colcon_meta'
[0.602s] Level 1:colcon.colcon_core.package_identification:_identify(src/prm_camera/webcam_publisher) by extensions ['ros']
[0.602s] Level 1:colcon.colcon_core.package_identification:_identify(src/prm_camera/webcam_publisher) by extension 'ros'
[0.604s] DEBUG:colcon.colcon_core.package_identification:Package 'src/prm_camera/webcam_publisher' with type 'ros.ament_cmake' and name 'webcam_publisher'
[0.604s] Level 1:colcon.colcon_core.package_identification:_identify(src/prm_launch) by extensions ['ignore', 'ignore_ament_install']
[0.604s] Level 1:colcon.colcon_core.package_identification:_identify(src/prm_launch) by extension 'ignore'
[0.604s] Level 1:colcon.colcon_core.package_identification:_identify(src/prm_launch) by extension 'ignore_ament_install'
[0.604s] Level 1:colcon.colcon_core.package_identification:_identify(src/prm_launch) by extensions ['colcon_pkg']
[0.604s] Level 1:colcon.colcon_core.package_identification:_identify(src/prm_launch) by extension 'colcon_pkg'
[0.604s] Level 1:colcon.colcon_core.package_identification:_identify(src/prm_launch) by extensions ['colcon_meta']
[0.604s] Level 1:colcon.colcon_core.package_identification:_identify(src/prm_launch) by extension 'colcon_meta'
[0.604s] Level 1:colcon.colcon_core.package_identification:_identify(src/prm_launch) by extensions ['ros']
[0.605s] Level 1:colcon.colcon_core.package_identification:_identify(src/prm_launch) by extension 'ros'
[0.605s] DEBUG:colcon.colcon_core.package_identification:Package 'src/prm_launch' with type 'ros.ament_cmake' and name 'prm_launch'
[0.606s] Level 1:colcon.colcon_core.package_identification:_identify(src/prm_vision) by extensions ['ignore', 'ignore_ament_install']
[0.606s] Level 1:colcon.colcon_core.package_identification:_identify(src/prm_vision) by extension 'ignore'
[0.606s] Level 1:colcon.colcon_core.package_identification:_identify(src/prm_vision) by extension 'ignore_ament_install'
[0.606s] Level 1:colcon.colcon_core.package_identification:_identify(src/prm_vision) by extensions ['colcon_pkg']
[0.606s] Level 1:colcon.colcon_core.package_identification:_identify(src/prm_vision) by extension 'colcon_pkg'
[0.606s] Level 1:colcon.colcon_core.package_identification:_identify(src/prm_vision) by extensions ['colcon_meta']
[0.606s] Level 1:colcon.colcon_core.package_identification:_identify(src/prm_vision) by extension 'colcon_meta'
[0.606s] Level 1:colcon.colcon_core.package_identification:_identify(src/prm_vision) by extensions ['ros']
[0.606s] Level 1:colcon.colcon_core.package_identification:_identify(src/prm_vision) by extension 'ros'
[0.607s] Level 1:colcon.colcon_core.package_identification:_identify(src/prm_vision) by extensions ['cmake', 'python']
[0.607s] Level 1:colcon.colcon_core.package_identification:_identify(src/prm_vision) by extension 'cmake'
[0.607s] Level 1:colcon.colcon_core.package_identification:_identify(src/prm_vision) by extension 'python'
[0.607s] Level 1:colcon.colcon_core.package_identification:_identify(src/prm_vision) by extensions ['python_setup_py']
[0.607s] Level 1:colcon.colcon_core.package_identification:_identify(src/prm_vision) by extension 'python_setup_py'
[0.607s] Level 1:colcon.colcon_core.package_identification:_identify(src/prm_vision/opencv_armor_detector) by extensions ['ignore', 'ignore_ament_install']
[0.607s] Level 1:colcon.colcon_core.package_identification:_identify(src/prm_vision/opencv_armor_detector) by extension 'ignore'
[0.607s] Level 1:colcon.colcon_core.package_identification:_identify(src/prm_vision/opencv_armor_detector) by extension 'ignore_ament_install'
[0.607s] Level 1:colcon.colcon_core.package_identification:_identify(src/prm_vision/opencv_armor_detector) by extensions ['colcon_pkg']
[0.607s] Level 1:colcon.colcon_core.package_identification:_identify(src/prm_vision/opencv_armor_detector) by extension 'colcon_pkg'
[0.607s] Level 1:colcon.colcon_core.package_identification:_identify(src/prm_vision/opencv_armor_detector) by extensions ['colcon_meta']
[0.607s] Level 1:colcon.colcon_core.package_identification:_identify(src/prm_vision/opencv_armor_detector) by extension 'colcon_meta'
[0.608s] Level 1:colcon.colcon_core.package_identification:_identify(src/prm_vision/opencv_armor_detector) by extensions ['ros']
[0.608s] Level 1:colcon.colcon_core.package_identification:_identify(src/prm_vision/opencv_armor_detector) by extension 'ros'
[0.609s] DEBUG:colcon.colcon_core.package_identification:Package 'src/prm_vision/opencv_armor_detector' with type 'ros.ament_cmake' and name 'opencv_armor_detector'
[0.609s] Level 1:colcon.colcon_core.package_identification:_identify(src/prm_vision/pose_estimator) by extensions ['ignore', 'ignore_ament_install']
[0.609s] Level 1:colcon.colcon_core.package_identification:_identify(src/prm_vision/pose_estimator) by extension 'ignore'
[0.609s] Level 1:colcon.colcon_core.package_identification:_identify(src/prm_vision/pose_estimator) by extension 'ignore_ament_install'
[0.609s] Level 1:colcon.colcon_core.package_identification:_identify(src/prm_vision/pose_estimator) by extensions ['colcon_pkg']
[0.609s] Level 1:colcon.colcon_core.package_identification:_identify(src/prm_vision/pose_estimator) by extension 'colcon_pkg'
[0.609s] Level 1:colcon.colcon_core.package_identification:_identify(src/prm_vision/pose_estimator) by extensions ['colcon_meta']
[0.610s] Level 1:colcon.colcon_core.package_identification:_identify(src/prm_vision/pose_estimator) by extension 'colcon_meta'
[0.610s] Level 1:colcon.colcon_core.package_identification:_identify(src/prm_vision/pose_estimator) by extensions ['ros']
[0.610s] Level 1:colcon.colcon_core.package_identification:_identify(src/prm_vision/pose_estimator) by extension 'ros'
[0.613s] DEBUG:colcon.colcon_core.package_identification:Package 'src/prm_vision/pose_estimator' with type 'ros.ament_cmake' and name 'pose_estimator'
[0.613s] Level 1:colcon.colcon_core.package_identification:_identify(src/prm_vision/vision_msgs) by extensions ['ignore', 'ignore_ament_install']
[0.613s] Level 1:colcon.colcon_core.package_identification:_identify(src/prm_vision/vision_msgs) by extension 'ignore'
[0.614s] Level 1:colcon.colcon_core.package_identification:_identify(src/prm_vision/vision_msgs) by extension 'ignore_ament_install'
[0.614s] Level 1:colcon.colcon_core.package_identification:_identify(src/prm_vision/vision_msgs) by extensions ['colcon_pkg']
[0.614s] Level 1:colcon.colcon_core.package_identification:_identify(src/prm_vision/vision_msgs) by extension 'colcon_pkg'
[0.614s] Level 1:colcon.colcon_core.package_identification:_identify(src/prm_vision/vision_msgs) by extensions ['colcon_meta']
[0.614s] Level 1:colcon.colcon_core.package_identification:_identify(src/prm_vision/vision_msgs) by extension 'colcon_meta'
[0.614s] Level 1:colcon.colcon_core.package_identification:_identify(src/prm_vision/vision_msgs) by extensions ['ros']
[0.614s] Level 1:colcon.colcon_core.package_identification:_identify(src/prm_vision/vision_msgs) by extension 'ros'
[0.615s] DEBUG:colcon.colcon_core.package_identification:Package 'src/prm_vision/vision_msgs' with type 'ros.ament_cmake' and name 'vision_msgs'
[0.615s] Level 1:colcon.colcon_core.package_discovery:discover_packages(recursive) using defaults
[0.615s] Level 1:colcon.colcon_core.package_discovery:discover_packages(ignore) discover
[0.615s] Level 1:colcon.colcon_core.package_discovery:discover_packages(ignore) using defaults
[0.615s] Level 1:colcon.colcon_core.package_discovery:discover_packages(path) discover
[0.615s] Level 1:colcon.colcon_core.package_discovery:discover_packages(path) using defaults
[0.641s] Level 1:colcon.colcon_core.package_discovery:discover_packages(prefix_path) check parameters
[0.641s] Level 1:colcon.colcon_core.package_discovery:discover_packages(prefix_path) discover
[0.645s] DEBUG:colcon.colcon_installed_package_information.package_discovery:Found 327 installed packages in /opt/ros/foxy
[0.647s] Level 1:colcon.colcon_core.package_discovery:discover_packages(prefix_path) using defaults
[0.773s] Level 5:colcon.colcon_core.verb:set package 'mv_publisher' build argument 'cmake_args' from command line to '['-DCMAKE_BUILD_TYPE=Release', '-DCMAKE_CXX_FLAGS_RELEASE=-O3', '-DPYTHON_EXECUTABLE=/usr/bin/python3.8']'
[0.773s] Level 5:colcon.colcon_core.verb:set package 'mv_publisher' build argument 'cmake_target' from command line to 'None'
[0.773s] Level 5:colcon.colcon_core.verb:set package 'mv_publisher' build argument 'cmake_target_skip_unavailable' from command line to 'False'
[0.773s] Level 5:colcon.colcon_core.verb:set package 'mv_publisher' build argument 'cmake_clean_cache' from command line to 'False'
[0.773s] Level 5:colcon.colcon_core.verb:set package 'mv_publisher' build argument 'cmake_clean_first' from command line to 'False'
[0.773s] Level 5:colcon.colcon_core.verb:set package 'mv_publisher' build argument 'cmake_force_configure' from command line to 'False'
[0.774s] Level 5:colcon.colcon_core.verb:set package 'mv_publisher' build argument 'ament_cmake_args' from command line to 'None'
[0.774s] Level 5:colcon.colcon_core.verb:set package 'mv_publisher' build argument 'catkin_cmake_args' from command line to 'None'
[0.774s] Level 5:colcon.colcon_core.verb:set package 'mv_publisher' build argument 'catkin_skip_building_tests' from command line to 'False'
[0.774s] DEBUG:colcon.colcon_core.verb:Building package 'mv_publisher' with the following arguments: {'ament_cmake_args': None, 'build_base': '/home/user-accounts/lee4649/auto-aiming/build/mv_publisher', 'catkin_cmake_args': None, 'catkin_skip_building_tests': False, 'cmake_args': ['-DCMAKE_BUILD_TYPE=Release', '-DCMAKE_CXX_FLAGS_RELEASE=-O3', '-DPYTHON_EXECUTABLE=/usr/bin/python3.8'], 'cmake_clean_cache': False, 'cmake_clean_first': False, 'cmake_force_configure': False, 'cmake_target': None, 'cmake_target_skip_unavailable': False, 'install_base': '/home/user-accounts/lee4649/auto-aiming/install/mv_publisher', 'merge_install': False, 'path': '/home/user-accounts/lee4649/auto-aiming/src/prm_camera/mv_publisher', 'symlink_install': True, 'test_result_base': None}
[0.774s] Level 5:colcon.colcon_core.verb:set package 'recorder' build argument 'cmake_args' from command line to '['-DCMAKE_BUILD_TYPE=Release', '-DCMAKE_CXX_FLAGS_RELEASE=-O3', '-DPYTHON_EXECUTABLE=/usr/bin/python3.8']'
[0.774s] Level 5:colcon.colcon_core.verb:set package 'recorder' build argument 'cmake_target' from command line to 'None'
[0.775s] Level 5:colcon.colcon_core.verb:set package 'recorder' build argument 'cmake_target_skip_unavailable' from command line to 'False'
[0.775s] Level 5:colcon.colcon_core.verb:set package 'recorder' build argument 'cmake_clean_cache' from command line to 'False'
[0.775s] Level 5:colcon.colcon_core.verb:set package 'recorder' build argument 'cmake_clean_first' from command line to 'False'
[0.775s] Level 5:colcon.colcon_core.verb:set package 'recorder' build argument 'cmake_force_configure' from command line to 'False'
[0.775s] Level 5:colcon.colcon_core.verb:set package 'recorder' build argument 'ament_cmake_args' from command line to 'None'
[0.775s] Level 5:colcon.colcon_core.verb:set package 'recorder' build argument 'catkin_cmake_args' from command line to 'None'
[0.775s] Level 5:colcon.colcon_core.verb:set package 'recorder' build argument 'catkin_skip_building_tests' from command line to 'False'
[0.775s] DEBUG:colcon.colcon_core.verb:Building package 'recorder' with the following arguments: {'ament_cmake_args': None, 'build_base': '/home/user-accounts/lee4649/auto-aiming/build/recorder', 'catkin_cmake_args': None, 'catkin_skip_building_tests': False, 'cmake_args': ['-DCMAKE_BUILD_TYPE=Release', '-DCMAKE_CXX_FLAGS_RELEASE=-O3', '-DPYTHON_EXECUTABLE=/usr/bin/python3.8'], 'cmake_clean_cache': False, 'cmake_clean_first': False, 'cmake_force_configure': False, 'cmake_target': None, 'cmake_target_skip_unavailable': False, 'install_base': '/home/user-accounts/lee4649/auto-aiming/install/recorder', 'merge_install': False, 'path': '/home/user-accounts/lee4649/auto-aiming/src/prm_camera/recorder_cv', 'symlink_install': True, 'test_result_base': None}
[0.775s] Level 5:colcon.colcon_core.verb:set package 'vision_msgs' build argument 'cmake_args' from command line to '['-DCMAKE_BUILD_TYPE=Release', '-DCMAKE_CXX_FLAGS_RELEASE=-O3', '-DPYTHON_EXECUTABLE=/usr/bin/python3.8']'
[0.775s] Level 5:colcon.colcon_core.verb:set package 'vision_msgs' build argument 'cmake_target' from command line to 'None'
[0.775s] Level 5:colcon.colcon_core.verb:set package 'vision_msgs' build argument 'cmake_target_skip_unavailable' from command line to 'False'
[0.776s] Level 5:colcon.colcon_core.verb:set package 'vision_msgs' build argument 'cmake_clean_cache' from command line to 'False'
[0.776s] Level 5:colcon.colcon_core.verb:set package 'vision_msgs' build argument 'cmake_clean_first' from command line to 'False'
[0.776s] Level 5:colcon.colcon_core.verb:set package 'vision_msgs' build argument 'cmake_force_configure' from command line to 'False'
[0.776s] Level 5:colcon.colcon_core.verb:set package 'vision_msgs' build argument 'ament_cmake_args' from command line to 'None'
[0.776s] Level 5:colcon.colcon_core.verb:set package 'vision_msgs' build argument 'catkin_cmake_args' from command line to 'None'
[0.776s] Level 5:colcon.colcon_core.verb:set package 'vision_msgs' build argument 'catkin_skip_building_tests' from command line to 'False'
[0.776s] DEBUG:colcon.colcon_core.verb:Building package 'vision_msgs' with the following arguments: {'ament_cmake_args': None, 'build_base': '/home/user-accounts/lee4649/auto-aiming/build/vision_msgs', 'catkin_cmake_args': None, 'catkin_skip_building_tests': False, 'cmake_args': ['-DCMAKE_BUILD_TYPE=Release', '-DCMAKE_CXX_FLAGS_RELEASE=-O3', '-DPYTHON_EXECUTABLE=/usr/bin/python3.8'], 'cmake_clean_cache': False, 'cmake_clean_first': False, 'cmake_force_configure': False, 'cmake_target': None, 'cmake_target_skip_unavailable': False, 'install_base': '/home/user-accounts/lee4649/auto-aiming/install/vision_msgs', 'merge_install': False, 'path': '/home/user-accounts/lee4649/auto-aiming/src/prm_vision/vision_msgs', 'symlink_install': True, 'test_result_base': None}
[0.776s] Level 5:colcon.colcon_core.verb:set package 'webcam_publisher' build argument 'cmake_args' from command line to '['-DCMAKE_BUILD_TYPE=Release', '-DCMAKE_CXX_FLAGS_RELEASE=-O3', '-DPYTHON_EXECUTABLE=/usr/bin/python3.8']'
[0.776s] Level 5:colcon.colcon_core.verb:set package 'webcam_publisher' build argument 'cmake_target' from command line to 'None'
[0.776s] Level 5:colcon.colcon_core.verb:set package 'webcam_publisher' build argument 'cmake_target_skip_unavailable' from command line to 'False'
[0.777s] Level 5:colcon.colcon_core.verb:set package 'webcam_publisher' build argument 'cmake_clean_cache' from command line to 'False'
[0.777s] Level 5:colcon.colcon_core.verb:set package 'webcam_publisher' build argument 'cmake_clean_first' from command line to 'False'
[0.777s] Level 5:colcon.colcon_core.verb:set package 'webcam_publisher' build argument 'cmake_force_configure' from command line to 'False'
[0.777s] Level 5:colcon.colcon_core.verb:set package 'webcam_publisher' build argument 'ament_cmake_args' from command line to 'None'
[0.777s] Level 5:colcon.colcon_core.verb:set package 'webcam_publisher' build argument 'catkin_cmake_args' from command line to 'None'
[0.777s] Level 5:colcon.colcon_core.verb:set package 'webcam_publisher' build argument 'catkin_skip_building_tests' from command line to 'False'
[0.777s] DEBUG:colcon.colcon_core.verb:Building package 'webcam_publisher' with the following arguments: {'ament_cmake_args': None, 'build_base': '/home/user-accounts/lee4649/auto-aiming/build/webcam_publisher', 'catkin_cmake_args': None, 'catkin_skip_building_tests': False, 'cmake_args': ['-DCMAKE_BUILD_TYPE=Release', '-DCMAKE_CXX_FLAGS_RELEASE=-O3', '-DPYTHON_EXECUTABLE=/usr/bin/python3.8'], 'cmake_clean_cache': False, 'cmake_clean_first': False, 'cmake_force_configure': False, 'cmake_target': None, 'cmake_target_skip_unavailable': False, 'install_base': '/home/user-accounts/lee4649/auto-aiming/install/webcam_publisher', 'merge_install': False, 'path': '/home/user-accounts/lee4649/auto-aiming/src/prm_camera/webcam_publisher', 'symlink_install': True, 'test_result_base': None}
[0.777s] Level 5:colcon.colcon_core.verb:set package 'opencv_armor_detector' build argument 'cmake_args' from command line to '['-DCMAKE_BUILD_TYPE=Release', '-DCMAKE_CXX_FLAGS_RELEASE=-O3', '-DPYTHON_EXECUTABLE=/usr/bin/python3.8']'
[0.777s] Level 5:colcon.colcon_core.verb:set package 'opencv_armor_detector' build argument 'cmake_target' from command line to 'None'
[0.777s] Level 5:colcon.colcon_core.verb:set package 'opencv_armor_detector' build argument 'cmake_target_skip_unavailable' from command line to 'False'
[0.777s] Level 5:colcon.colcon_core.verb:set package 'opencv_armor_detector' build argument 'cmake_clean_cache' from command line to 'False'
[0.778s] Level 5:colcon.colcon_core.verb:set package 'opencv_armor_detector' build argument 'cmake_clean_first' from command line to 'False'
[0.778s] Level 5:colcon.colcon_core.verb:set package 'opencv_armor_detector' build argument 'cmake_force_configure' from command line to 'False'
[0.778s] Level 5:colcon.colcon_core.verb:set package 'opencv_armor_detector' build argument 'ament_cmake_args' from command line to 'None'
[0.778s] Level 5:colcon.colcon_core.verb:set package 'opencv_armor_detector' build argument 'catkin_cmake_args' from command line to 'None'
[0.778s] Level 5:colcon.colcon_core.verb:set package 'opencv_armor_detector' build argument 'catkin_skip_building_tests' from command line to 'False'
[0.778s] DEBUG:colcon.colcon_core.verb:Building package 'opencv_armor_detector' with the following arguments: {'ament_cmake_args': None, 'build_base': '/home/user-accounts/lee4649/auto-aiming/build/opencv_armor_detector', 'catkin_cmake_args': None, 'catkin_skip_building_tests': False, 'cmake_args': ['-DCMAKE_BUILD_TYPE=Release', '-DCMAKE_CXX_FLAGS_RELEASE=-O3', '-DPYTHON_EXECUTABLE=/usr/bin/python3.8'], 'cmake_clean_cache': False, 'cmake_clean_first': False, 'cmake_force_configure': False, 'cmake_target': None, 'cmake_target_skip_unavailable': False, 'install_base': '/home/user-accounts/lee4649/auto-aiming/install/opencv_armor_detector', 'merge_install': False, 'path': '/home/user-accounts/lee4649/auto-aiming/src/prm_vision/opencv_armor_detector', 'symlink_install': True, 'test_result_base': None}
[0.778s] Level 5:colcon.colcon_core.verb:set package 'pose_estimator' build argument 'cmake_args' from command line to '['-DCMAKE_BUILD_TYPE=Release', '-DCMAKE_CXX_FLAGS_RELEASE=-O3', '-DPYTHON_EXECUTABLE=/usr/bin/python3.8']'
[0.778s] Level 5:colcon.colcon_core.verb:set package 'pose_estimator' build argument 'cmake_target' from command line to 'None'
[0.778s] Level 5:colcon.colcon_core.verb:set package 'pose_estimator' build argument 'cmake_target_skip_unavailable' from command line to 'False'
[0.779s] Level 5:colcon.colcon_core.verb:set package 'pose_estimator' build argument 'cmake_clean_cache' from command line to 'False'
[0.779s] Level 5:colcon.colcon_core.verb:set package 'pose_estimator' build argument 'cmake_clean_first' from command line to 'False'
[0.779s] Level 5:colcon.colcon_core.verb:set package 'pose_estimator' build argument 'cmake_force_configure' from command line to 'False'
[0.779s] Level 5:colcon.colcon_core.verb:set package 'pose_estimator' build argument 'ament_cmake_args' from command line to 'None'
[0.779s] Level 5:colcon.colcon_core.verb:set package 'pose_estimator' build argument 'catkin_cmake_args' from command line to 'None'
[0.779s] Level 5:colcon.colcon_core.verb:set package 'pose_estimator' build argument 'catkin_skip_building_tests' from command line to 'False'
[0.779s] DEBUG:colcon.colcon_core.verb:Building package 'pose_estimator' with the following arguments: {'ament_cmake_args': None, 'build_base': '/home/user-accounts/lee4649/auto-aiming/build/pose_estimator', 'catkin_cmake_args': None, 'catkin_skip_building_tests': False, 'cmake_args': ['-DCMAKE_BUILD_TYPE=Release', '-DCMAKE_CXX_FLAGS_RELEASE=-O3', '-DPYTHON_EXECUTABLE=/usr/bin/python3.8'], 'cmake_clean_cache': False, 'cmake_clean_first': False, 'cmake_force_configure': False, 'cmake_target': None, 'cmake_target_skip_unavailable': False, 'install_base': '/home/user-accounts/lee4649/auto-aiming/install/pose_estimator', 'merge_install': False, 'path': '/home/user-accounts/lee4649/auto-aiming/src/prm_vision/pose_estimator', 'symlink_install': True, 'test_result_base': None}
[0.779s] Level 5:colcon.colcon_core.verb:set package 'prm_launch' build argument 'cmake_args' from command line to '['-DCMAKE_BUILD_TYPE=Release', '-DCMAKE_CXX_FLAGS_RELEASE=-O3', '-DPYTHON_EXECUTABLE=/usr/bin/python3.8']'
[0.779s] Level 5:colcon.colcon_core.verb:set package 'prm_launch' build argument 'cmake_target' from command line to 'None'
[0.779s] Level 5:colcon.colcon_core.verb:set package 'prm_launch' build argument 'cmake_target_skip_unavailable' from command line to 'False'
[0.779s] Level 5:colcon.colcon_core.verb:set package 'prm_launch' build argument 'cmake_clean_cache' from command line to 'False'
[0.779s] Level 5:colcon.colcon_core.verb:set package 'prm_launch' build argument 'cmake_clean_first' from command line to 'False'
[0.780s] Level 5:colcon.colcon_core.verb:set package 'prm_launch' build argument 'cmake_force_configure' from command line to 'False'
[0.780s] Level 5:colcon.colcon_core.verb:set package 'prm_launch' build argument 'ament_cmake_args' from command line to 'None'
[0.780s] Level 5:colcon.colcon_core.verb:set package 'prm_launch' build argument 'catkin_cmake_args' from command line to 'None'
[0.780s] Level 5:colcon.colcon_core.verb:set package 'prm_launch' build argument 'catkin_skip_building_tests' from command line to 'False'
[0.780s] DEBUG:colcon.colcon_core.verb:Building package 'prm_launch' with the following arguments: {'ament_cmake_args': None, 'build_base': '/home/user-accounts/lee4649/auto-aiming/build/prm_launch', 'catkin_cmake_args': None, 'catkin_skip_building_tests': False, 'cmake_args': ['-DCMAKE_BUILD_TYPE=Release', '-DCMAKE_CXX_FLAGS_RELEASE=-O3', '-DPYTHON_EXECUTABLE=/usr/bin/python3.8'], 'cmake_clean_cache': False, 'cmake_clean_first': False, 'cmake_force_configure': False, 'cmake_target': None, 'cmake_target_skip_unavailable': False, 'install_base': '/home/user-accounts/lee4649/auto-aiming/install/prm_launch', 'merge_install': False, 'path': '/home/user-accounts/lee4649/auto-aiming/src/prm_launch', 'symlink_install': True, 'test_result_base': None}
[0.780s] INFO:colcon.colcon_core.executor:Executing jobs using 'parallel' executor
[0.782s] DEBUG:colcon.colcon_parallel_executor.executor.parallel:run_until_complete
[0.782s] INFO:colcon.colcon_ros.task.ament_cmake.build:Building ROS package in '/home/user-accounts/lee4649/auto-aiming/src/prm_vision/vision_msgs' with build type 'ament_cmake'
[0.783s] INFO:colcon.colcon_cmake.task.cmake.build:Building CMake package in '/home/user-accounts/lee4649/auto-aiming/src/prm_vision/vision_msgs'
[0.786s] INFO:colcon.colcon_core.plugin_system:Skipping extension 'colcon_core.shell.bat': Not used on non-Windows systems
[0.786s] INFO:colcon.colcon_core.shell:Skip shell extension 'powershell' for command environment: Not usable outside of PowerShell
[0.786s] DEBUG:colcon.colcon_core.shell:Skip shell extension 'dsv' for command environment
[0.795s] INFO:colcon.colcon_ros.task.ament_cmake.build:Building ROS package in '/home/user-accounts/lee4649/auto-aiming/src/prm_camera/mv_publisher' with build type 'ament_cmake'
[0.796s] INFO:colcon.colcon_cmake.task.cmake.build:Building CMake package in '/home/user-accounts/lee4649/auto-aiming/src/prm_camera/mv_publisher'
[0.797s] INFO:colcon.colcon_core.shell:Skip shell extension 'powershell' for command environment: Not usable outside of PowerShell
[0.797s] DEBUG:colcon.colcon_core.shell:Skip shell extension 'dsv' for command environment
[0.805s] INFO:colcon.colcon_ros.task.ament_cmake.build:Building ROS package in '/home/user-accounts/lee4649/auto-aiming/src/prm_camera/recorder_cv' with build type 'ament_cmake'
[0.805s] INFO:colcon.colcon_cmake.task.cmake.build:Building CMake package in '/home/user-accounts/lee4649/auto-aiming/src/prm_camera/recorder_cv'
[0.806s] INFO:colcon.colcon_core.shell:Skip shell extension 'powershell' for command environment: Not usable outside of PowerShell
[0.806s] DEBUG:colcon.colcon_core.shell:Skip shell extension 'dsv' for command environment
[0.813s] INFO:colcon.colcon_ros.task.ament_cmake.build:Building ROS package in '/home/user-accounts/lee4649/auto-aiming/src/prm_camera/webcam_publisher' with build type 'ament_cmake'
[0.813s] INFO:colcon.colcon_cmake.task.cmake.build:Building CMake package in '/home/user-accounts/lee4649/auto-aiming/src/prm_camera/webcam_publisher'
[0.814s] INFO:colcon.colcon_core.shell:Skip shell extension 'powershell' for command environment: Not usable outside of PowerShell
[0.814s] DEBUG:colcon.colcon_core.shell:Skip shell extension 'dsv' for command environment
[0.829s] DEBUG:colcon.colcon_core.event_handler.log_command:Invoking command in '/home/user-accounts/lee4649/auto-aiming/build/vision_msgs': CMAKE_PREFIX_PATH=/opt/ros/foxy /usr/bin/cmake --build /home/user-accounts/lee4649/auto-aiming/build/vision_msgs -- -j8 -l8
[0.841s] DEBUG:colcon.colcon_core.event_handler.log_command:Invoking command in '/home/user-accounts/lee4649/auto-aiming/build/mv_publisher': CMAKE_PREFIX_PATH=/opt/ros/foxy /usr/bin/cmake --build /home/user-accounts/lee4649/auto-aiming/build/mv_publisher -- -j8 -l8
[0.849s] DEBUG:colcon.colcon_core.event_handler.log_command:Invoking command in '/home/user-accounts/lee4649/auto-aiming/build/recorder': CMAKE_PREFIX_PATH=/opt/ros/foxy /usr/bin/cmake --build /home/user-accounts/lee4649/auto-aiming/build/recorder -- -j8 -l8
[0.862s] DEBUG:colcon.colcon_core.event_handler.log_command:Invoking command in '/home/user-accounts/lee4649/auto-aiming/build/webcam_publisher': CMAKE_PREFIX_PATH=/opt/ros/foxy /usr/bin/cmake --build /home/user-accounts/lee4649/auto-aiming/build/webcam_publisher -- -j8 -l8
[0.968s] DEBUG:colcon.colcon_core.event_handler.log_command:Invoked command in '/home/user-accounts/lee4649/auto-aiming/build/mv_publisher' returned '0': CMAKE_PREFIX_PATH=/opt/ros/foxy /usr/bin/cmake --build /home/user-accounts/lee4649/auto-aiming/build/mv_publisher -- -j8 -l8
[0.984s] DEBUG:colcon.colcon_core.event_handler.log_command:Invoked command in '/home/user-accounts/lee4649/auto-aiming/build/recorder' returned '0': CMAKE_PREFIX_PATH=/opt/ros/foxy /usr/bin/cmake --build /home/user-accounts/lee4649/auto-aiming/build/recorder -- -j8 -l8
[0.999s] DEBUG:colcon.colcon_core.event_handler.log_command:Invoked command in '/home/user-accounts/lee4649/auto-aiming/build/webcam_publisher' returned '0': CMAKE_PREFIX_PATH=/opt/ros/foxy /usr/bin/cmake --build /home/user-accounts/lee4649/auto-aiming/build/webcam_publisher -- -j8 -l8
[1.041s] DEBUG:colcon.colcon_core.event_handler.log_command:Invoking command in '/home/user-accounts/lee4649/auto-aiming/build/mv_publisher': CMAKE_PREFIX_PATH=/opt/ros/foxy /usr/bin/cmake --install /home/user-accounts/lee4649/auto-aiming/build/mv_publisher
[1.051s] DEBUG:colcon.colcon_core.event_handler.log_command:Invoking command in '/home/user-accounts/lee4649/auto-aiming/build/recorder': CMAKE_PREFIX_PATH=/opt/ros/foxy /usr/bin/cmake --install /home/user-accounts/lee4649/auto-aiming/build/recorder
[1.057s] DEBUG:colcon.colcon_core.event_handler.log_command:Invoking command in '/home/user-accounts/lee4649/auto-aiming/build/webcam_publisher': CMAKE_PREFIX_PATH=/opt/ros/foxy /usr/bin/cmake --install /home/user-accounts/lee4649/auto-aiming/build/webcam_publisher
[1.084s] Level 1:colcon.colcon_core.environment:create_environment_scripts_only(mv_publisher)
[1.085s] DEBUG:colcon.colcon_core.event_handler.log_command:Invoked command in '/home/user-accounts/lee4649/auto-aiming/build/mv_publisher' returned '0': CMAKE_PREFIX_PATH=/opt/ros/foxy /usr/bin/cmake --install /home/user-accounts/lee4649/auto-aiming/build/mv_publisher
[1.091s] Level 1:colcon.colcon_core.environment:checking '/home/user-accounts/lee4649/auto-aiming/install/mv_publisher' for CMake module files
[1.092s] Level 1:colcon.colcon_core.environment:checking '/home/user-accounts/lee4649/auto-aiming/install/mv_publisher' for CMake config files
[1.095s] Level 1:colcon.colcon_core.shell:create_environment_hook('mv_publisher', 'cmake_prefix_path')
[1.095s] INFO:colcon.colcon_core.shell:Creating environment hook '/home/user-accounts/lee4649/auto-aiming/install/mv_publisher/share/mv_publisher/hook/cmake_prefix_path.ps1'
[1.097s] INFO:colcon.colcon_core.shell:Creating environment descriptor '/home/user-accounts/lee4649/auto-aiming/install/mv_publisher/share/mv_publisher/hook/cmake_prefix_path.dsv'
[1.097s] INFO:colcon.colcon_core.shell:Creating environment hook '/home/user-accounts/lee4649/auto-aiming/install/mv_publisher/share/mv_publisher/hook/cmake_prefix_path.sh'
[1.099s] Level 1:colcon.colcon_core.environment:checking '/home/user-accounts/lee4649/auto-aiming/install/mv_publisher/lib'
[1.099s] Level 1:colcon.colcon_core.environment:checking '/home/user-accounts/lee4649/auto-aiming/install/mv_publisher/bin'
[1.099s] Level 1:colcon.colcon_core.environment:checking '/home/user-accounts/lee4649/auto-aiming/install/mv_publisher/lib/pkgconfig/mv_publisher.pc'
[1.100s] Level 1:colcon.colcon_core.environment:checking '/home/user-accounts/lee4649/auto-aiming/install/mv_publisher/lib/python3.8/site-packages'
[1.100s] Level 1:colcon.colcon_core.environment:checking '/home/user-accounts/lee4649/auto-aiming/install/mv_publisher/bin'
[1.100s] INFO:colcon.colcon_core.shell:Creating package script '/home/user-accounts/lee4649/auto-aiming/install/mv_publisher/share/mv_publisher/package.ps1'
[1.102s] INFO:colcon.colcon_core.shell:Creating package descriptor '/home/user-accounts/lee4649/auto-aiming/install/mv_publisher/share/mv_publisher/package.dsv'
[1.103s] INFO:colcon.colcon_core.shell:Creating package script '/home/user-accounts/lee4649/auto-aiming/install/mv_publisher/share/mv_publisher/package.sh'
[1.104s] INFO:colcon.colcon_core.shell:Creating package script '/home/user-accounts/lee4649/auto-aiming/install/mv_publisher/share/mv_publisher/package.bash'
[1.105s] INFO:colcon.colcon_core.shell:Creating package script '/home/user-accounts/lee4649/auto-aiming/install/mv_publisher/share/mv_publisher/package.zsh'
[1.106s] Level 1:colcon.colcon_core.environment:create_file_with_runtime_dependencies(/home/user-accounts/lee4649/auto-aiming/install/mv_publisher/share/colcon-core/packages/mv_publisher)
[1.114s] Level 1:colcon.colcon_core.environment:create_environment_scripts_only(recorder)
[1.115s] Level 1:colcon.colcon_core.environment:checking '/home/user-accounts/lee4649/auto-aiming/install/recorder' for CMake module files
[1.116s] DEBUG:colcon.colcon_core.event_handler.log_command:Invoked command in '/home/user-accounts/lee4649/auto-aiming/build/recorder' returned '0': CMAKE_PREFIX_PATH=/opt/ros/foxy /usr/bin/cmake --install /home/user-accounts/lee4649/auto-aiming/build/recorder
[1.116s] Level 1:colcon.colcon_core.environment:checking '/home/user-accounts/lee4649/auto-aiming/install/recorder' for CMake config files
[1.117s] Level 1:colcon.colcon_core.shell:create_environment_hook('recorder', 'cmake_prefix_path')
[1.117s] INFO:colcon.colcon_core.shell:Creating environment hook '/home/user-accounts/lee4649/auto-aiming/install/recorder/share/recorder/hook/cmake_prefix_path.ps1'
[1.118s] INFO:colcon.colcon_core.shell:Creating environment descriptor '/home/user-accounts/lee4649/auto-aiming/install/recorder/share/recorder/hook/cmake_prefix_path.dsv'
[1.119s] INFO:colcon.colcon_core.shell:Creating environment hook '/home/user-accounts/lee4649/auto-aiming/install/recorder/share/recorder/hook/cmake_prefix_path.sh'
[1.120s] Level 1:colcon.colcon_core.environment:checking '/home/user-accounts/lee4649/auto-aiming/install/recorder/lib'
[1.120s] Level 1:colcon.colcon_core.environment:checking '/home/user-accounts/lee4649/auto-aiming/install/recorder/bin'
[1.120s] Level 1:colcon.colcon_core.environment:checking '/home/user-accounts/lee4649/auto-aiming/install/recorder/lib/pkgconfig/recorder.pc'
[1.121s] Level 1:colcon.colcon_core.environment:checking '/home/user-accounts/lee4649/auto-aiming/install/recorder/lib/python3.8/site-packages'
[1.121s] Level 1:colcon.colcon_core.environment:checking '/home/user-accounts/lee4649/auto-aiming/install/recorder/bin'
[1.121s] INFO:colcon.colcon_core.shell:Creating package script '/home/user-accounts/lee4649/auto-aiming/install/recorder/share/recorder/package.ps1'
[1.122s] INFO:colcon.colcon_core.shell:Creating package descriptor '/home/user-accounts/lee4649/auto-aiming/install/recorder/share/recorder/package.dsv'
[1.123s] INFO:colcon.colcon_core.shell:Creating package script '/home/user-accounts/lee4649/auto-aiming/install/recorder/share/recorder/package.sh'
[1.124s] INFO:colcon.colcon_core.shell:Creating package script '/home/user-accounts/lee4649/auto-aiming/install/recorder/share/recorder/package.bash'
[1.124s] INFO:colcon.colcon_core.shell:Creating package script '/home/user-accounts/lee4649/auto-aiming/install/recorder/share/recorder/package.zsh'
[1.125s] Level 1:colcon.colcon_core.environment:create_file_with_runtime_dependencies(/home/user-accounts/lee4649/auto-aiming/install/recorder/share/colcon-core/packages/recorder)
[1.132s] Level 1:colcon.colcon_core.environment:create_environment_scripts_only(webcam_publisher)
[1.133s] Level 1:colcon.colcon_core.environment:checking '/home/user-accounts/lee4649/auto-aiming/install/webcam_publisher' for CMake module files
[1.134s] DEBUG:colcon.colcon_core.event_handler.log_command:Invoked command in '/home/user-accounts/lee4649/auto-aiming/build/webcam_publisher' returned '0': CMAKE_PREFIX_PATH=/opt/ros/foxy /usr/bin/cmake --install /home/user-accounts/lee4649/auto-aiming/build/webcam_publisher
[1.136s] Level 1:colcon.colcon_core.environment:checking '/home/user-accounts/lee4649/auto-aiming/install/webcam_publisher' for CMake config files
[1.137s] Level 1:colcon.colcon_core.shell:create_environment_hook('webcam_publisher', 'cmake_prefix_path')
[1.138s] INFO:colcon.colcon_core.shell:Creating environment hook '/home/user-accounts/lee4649/auto-aiming/install/webcam_publisher/share/webcam_publisher/hook/cmake_prefix_path.ps1'
[1.139s] INFO:colcon.colcon_core.shell:Creating environment descriptor '/home/user-accounts/lee4649/auto-aiming/install/webcam_publisher/share/webcam_publisher/hook/cmake_prefix_path.dsv'
[1.140s] INFO:colcon.colcon_core.shell:Creating environment hook '/home/user-accounts/lee4649/auto-aiming/install/webcam_publisher/share/webcam_publisher/hook/cmake_prefix_path.sh'
[1.141s] Level 1:colcon.colcon_core.environment:checking '/home/user-accounts/lee4649/auto-aiming/install/webcam_publisher/lib'
[1.141s] Level 1:colcon.colcon_core.environment:checking '/home/user-accounts/lee4649/auto-aiming/install/webcam_publisher/bin'
[1.141s] Level 1:colcon.colcon_core.environment:checking '/home/user-accounts/lee4649/auto-aiming/install/webcam_publisher/lib/pkgconfig/webcam_publisher.pc'
[1.141s] Level 1:colcon.colcon_core.environment:checking '/home/user-accounts/lee4649/auto-aiming/install/webcam_publisher/lib/python3.8/site-packages'
[1.142s] Level 1:colcon.colcon_core.environment:checking '/home/user-accounts/lee4649/auto-aiming/install/webcam_publisher/bin'
[1.142s] INFO:colcon.colcon_core.shell:Creating package script '/home/user-accounts/lee4649/auto-aiming/install/webcam_publisher/share/webcam_publisher/package.ps1'
[1.143s] INFO:colcon.colcon_core.shell:Creating package descriptor '/home/user-accounts/lee4649/auto-aiming/install/webcam_publisher/share/webcam_publisher/package.dsv'
[1.144s] INFO:colcon.colcon_core.shell:Creating package script '/home/user-accounts/lee4649/auto-aiming/install/webcam_publisher/share/webcam_publisher/package.sh'
[1.145s] INFO:colcon.colcon_core.shell:Creating package script '/home/user-accounts/lee4649/auto-aiming/install/webcam_publisher/share/webcam_publisher/package.bash'
[1.145s] INFO:colcon.colcon_core.shell:Creating package script '/home/user-accounts/lee4649/auto-aiming/install/webcam_publisher/share/webcam_publisher/package.zsh'
[1.146s] Level 1:colcon.colcon_core.environment:create_file_with_runtime_dependencies(/home/user-accounts/lee4649/auto-aiming/install/webcam_publisher/share/colcon-core/packages/webcam_publisher)
[1.156s] Level 1:colcon.colcon_core.environment:create_environment_scripts_only(mv_publisher)
[1.156s] Level 1:colcon.colcon_core.environment:checking '/home/user-accounts/lee4649/auto-aiming/install/mv_publisher' for CMake module files
[1.157s] Level 1:colcon.colcon_core.environment:checking '/home/user-accounts/lee4649/auto-aiming/install/mv_publisher' for CMake config files
[1.158s] Level 1:colcon.colcon_core.shell:create_environment_hook('mv_publisher', 'cmake_prefix_path')
[1.158s] INFO:colcon.colcon_core.shell:Creating environment hook '/home/user-accounts/lee4649/auto-aiming/install/mv_publisher/share/mv_publisher/hook/cmake_prefix_path.ps1'
[1.160s] INFO:colcon.colcon_core.shell:Creating environment descriptor '/home/user-accounts/lee4649/auto-aiming/install/mv_publisher/share/mv_publisher/hook/cmake_prefix_path.dsv'
[1.160s] INFO:colcon.colcon_core.shell:Creating environment hook '/home/user-accounts/lee4649/auto-aiming/install/mv_publisher/share/mv_publisher/hook/cmake_prefix_path.sh'
[1.161s] Level 1:colcon.colcon_core.environment:checking '/home/user-accounts/lee4649/auto-aiming/install/mv_publisher/lib'
[1.161s] Level 1:colcon.colcon_core.environment:checking '/home/user-accounts/lee4649/auto-aiming/install/mv_publisher/bin'
[1.162s] Level 1:colcon.colcon_core.environment:checking '/home/user-accounts/lee4649/auto-aiming/install/mv_publisher/lib/pkgconfig/mv_publisher.pc'
[1.162s] Level 1:colcon.colcon_core.environment:checking '/home/user-accounts/lee4649/auto-aiming/install/mv_publisher/lib/python3.8/site-packages'
[1.162s] Level 1:colcon.colcon_core.environment:checking '/home/user-accounts/lee4649/auto-aiming/install/mv_publisher/bin'
[1.163s] INFO:colcon.colcon_core.shell:Creating package script '/home/user-accounts/lee4649/auto-aiming/install/mv_publisher/share/mv_publisher/package.ps1'
[1.164s] INFO:colcon.colcon_core.shell:Creating package descriptor '/home/user-accounts/lee4649/auto-aiming/install/mv_publisher/share/mv_publisher/package.dsv'
[1.165s] INFO:colcon.colcon_core.shell:Creating package script '/home/user-accounts/lee4649/auto-aiming/install/mv_publisher/share/mv_publisher/package.sh'
[1.166s] INFO:colcon.colcon_core.shell:Creating package script '/home/user-accounts/lee4649/auto-aiming/install/mv_publisher/share/mv_publisher/package.bash'
[1.166s] INFO:colcon.colcon_core.shell:Creating package script '/home/user-accounts/lee4649/auto-aiming/install/mv_publisher/share/mv_publisher/package.zsh'
[1.167s] Level 1:colcon.colcon_core.environment:create_file_with_runtime_dependencies(/home/user-accounts/lee4649/auto-aiming/install/mv_publisher/share/colcon-core/packages/mv_publisher)
[1.169s] Level 1:colcon.colcon_core.environment:create_environment_scripts_only(recorder)
[1.170s] Level 1:colcon.colcon_core.environment:checking '/home/user-accounts/lee4649/auto-aiming/install/recorder' for CMake module files
[1.171s] Level 1:colcon.colcon_core.environment:checking '/home/user-accounts/lee4649/auto-aiming/install/recorder' for CMake config files
[1.172s] Level 1:colcon.colcon_core.shell:create_environment_hook('recorder', 'cmake_prefix_path')
[1.172s] INFO:colcon.colcon_core.shell:Creating environment hook '/home/user-accounts/lee4649/auto-aiming/install/recorder/share/recorder/hook/cmake_prefix_path.ps1'
[1.173s] INFO:colcon.colcon_core.shell:Creating environment descriptor '/home/user-accounts/lee4649/auto-aiming/install/recorder/share/recorder/hook/cmake_prefix_path.dsv'
[1.173s] INFO:colcon.colcon_core.shell:Creating environment hook '/home/user-accounts/lee4649/auto-aiming/install/recorder/share/recorder/hook/cmake_prefix_path.sh'
[1.174s] Level 1:colcon.colcon_core.environment:checking '/home/user-accounts/lee4649/auto-aiming/install/recorder/lib'
[1.175s] Level 1:colcon.colcon_core.environment:checking '/home/user-accounts/lee4649/auto-aiming/install/recorder/bin'
[1.175s] Level 1:colcon.colcon_core.environment:checking '/home/user-accounts/lee4649/auto-aiming/install/recorder/lib/pkgconfig/recorder.pc'
[1.175s] Level 1:colcon.colcon_core.environment:checking '/home/user-accounts/lee4649/auto-aiming/install/recorder/lib/python3.8/site-packages'
[1.175s] Level 1:colcon.colcon_core.environment:checking '/home/user-accounts/lee4649/auto-aiming/install/recorder/bin'
[1.176s] INFO:colcon.colcon_core.shell:Creating package script '/home/user-accounts/lee4649/auto-aiming/install/recorder/share/recorder/package.ps1'
[1.177s] INFO:colcon.colcon_core.shell:Creating package descriptor '/home/user-accounts/lee4649/auto-aiming/install/recorder/share/recorder/package.dsv'
[1.179s] INFO:colcon.colcon_core.shell:Creating package script '/home/user-accounts/lee4649/auto-aiming/install/recorder/share/recorder/package.sh'
[1.180s] INFO:colcon.colcon_core.shell:Creating package script '/home/user-accounts/lee4649/auto-aiming/install/recorder/share/recorder/package.bash'
[1.180s] INFO:colcon.colcon_core.shell:Creating package script '/home/user-accounts/lee4649/auto-aiming/install/recorder/share/recorder/package.zsh'
[1.181s] Level 1:colcon.colcon_core.environment:create_file_with_runtime_dependencies(/home/user-accounts/lee4649/auto-aiming/install/recorder/share/colcon-core/packages/recorder)
[1.188s] Level 1:colcon.colcon_core.environment:create_environment_scripts_only(webcam_publisher)
[1.188s] Level 1:colcon.colcon_core.environment:checking '/home/user-accounts/lee4649/auto-aiming/install/webcam_publisher' for CMake module files
[1.189s] Level 1:colcon.colcon_core.environment:checking '/home/user-accounts/lee4649/auto-aiming/install/webcam_publisher' for CMake config files
[1.189s] Level 1:colcon.colcon_core.shell:create_environment_hook('webcam_publisher', 'cmake_prefix_path')
[1.190s] INFO:colcon.colcon_core.shell:Creating environment hook '/home/user-accounts/lee4649/auto-aiming/install/webcam_publisher/share/webcam_publisher/hook/cmake_prefix_path.ps1'
[1.190s] INFO:colcon.colcon_core.shell:Creating environment descriptor '/home/user-accounts/lee4649/auto-aiming/install/webcam_publisher/share/webcam_publisher/hook/cmake_prefix_path.dsv'
[1.191s] INFO:colcon.colcon_core.shell:Creating environment hook '/home/user-accounts/lee4649/auto-aiming/install/webcam_publisher/share/webcam_publisher/hook/cmake_prefix_path.sh'
[1.192s] Level 1:colcon.colcon_core.environment:checking '/home/user-accounts/lee4649/auto-aiming/install/webcam_publisher/lib'
[1.192s] Level 1:colcon.colcon_core.environment:checking '/home/user-accounts/lee4649/auto-aiming/install/webcam_publisher/bin'
[1.192s] Level 1:colcon.colcon_core.environment:checking '/home/user-accounts/lee4649/auto-aiming/install/webcam_publisher/lib/pkgconfig/webcam_publisher.pc'
[1.192s] Level 1:colcon.colcon_core.environment:checking '/home/user-accounts/lee4649/auto-aiming/install/webcam_publisher/lib/python3.8/site-packages'
[1.193s] Level 1:colcon.colcon_core.environment:checking '/home/user-accounts/lee4649/auto-aiming/install/webcam_publisher/bin'
[1.193s] INFO:colcon.colcon_core.shell:Creating package script '/home/user-accounts/lee4649/auto-aiming/install/webcam_publisher/share/webcam_publisher/package.ps1'
[1.194s] INFO:colcon.colcon_core.shell:Creating package descriptor '/home/user-accounts/lee4649/auto-aiming/install/webcam_publisher/share/webcam_publisher/package.dsv'
[1.194s] INFO:colcon.colcon_core.shell:Creating package script '/home/user-accounts/lee4649/auto-aiming/install/webcam_publisher/share/webcam_publisher/package.sh'
[1.195s] INFO:colcon.colcon_core.shell:Creating package script '/home/user-accounts/lee4649/auto-aiming/install/webcam_publisher/share/webcam_publisher/package.bash'
[1.196s] INFO:colcon.colcon_core.shell:Creating package script '/home/user-accounts/lee4649/auto-aiming/install/webcam_publisher/share/webcam_publisher/package.zsh'
[1.196s] Level 1:colcon.colcon_core.environment:create_file_with_runtime_dependencies(/home/user-accounts/lee4649/auto-aiming/install/webcam_publisher/share/colcon-core/packages/webcam_publisher)
[1.199s] DEBUG:colcon.colcon_core.event_handler.log_command:Invoked command in '/home/user-accounts/lee4649/auto-aiming/build/vision_msgs' returned '0': CMAKE_PREFIX_PATH=/opt/ros/foxy /usr/bin/cmake --build /home/user-accounts/lee4649/auto-aiming/build/vision_msgs -- -j8 -l8
[1.347s] DEBUG:colcon.colcon_core.event_handler.log_command:Invoking command in '/home/user-accounts/lee4649/auto-aiming/build/vision_msgs': CMAKE_PREFIX_PATH=/opt/ros/foxy /usr/bin/cmake --install /home/user-accounts/lee4649/auto-aiming/build/vision_msgs
[1.482s] Level 1:colcon.colcon_core.environment:create_environment_scripts_only(vision_msgs)
[1.484s] Level 1:colcon.colcon_core.environment:checking '/home/user-accounts/lee4649/auto-aiming/install/vision_msgs' for CMake module files
[1.485s] DEBUG:colcon.colcon_core.event_handler.log_command:Invoked command in '/home/user-accounts/lee4649/auto-aiming/build/vision_msgs' returned '0': CMAKE_PREFIX_PATH=/opt/ros/foxy /usr/bin/cmake --install /home/user-accounts/lee4649/auto-aiming/build/vision_msgs
[1.487s] Level 1:colcon.colcon_core.environment:checking '/home/user-accounts/lee4649/auto-aiming/install/vision_msgs' for CMake config files
[1.490s] Level 1:colcon.colcon_core.shell:create_environment_hook('vision_msgs', 'cmake_prefix_path')
[1.490s] INFO:colcon.colcon_core.shell:Creating environment hook '/home/user-accounts/lee4649/auto-aiming/install/vision_msgs/share/vision_msgs/hook/cmake_prefix_path.ps1'
[1.492s] INFO:colcon.colcon_core.shell:Creating environment descriptor '/home/user-accounts/lee4649/auto-aiming/install/vision_msgs/share/vision_msgs/hook/cmake_prefix_path.dsv'
[1.494s] INFO:colcon.colcon_core.shell:Creating environment hook '/home/user-accounts/lee4649/auto-aiming/install/vision_msgs/share/vision_msgs/hook/cmake_prefix_path.sh'
[1.496s] Level 1:colcon.colcon_core.environment:checking '/home/user-accounts/lee4649/auto-aiming/install/vision_msgs/lib'
[1.496s] Level 1:colcon.colcon_core.shell:create_environment_hook('vision_msgs', 'ld_library_path_lib')
[1.497s] INFO:colcon.colcon_core.shell:Creating environment hook '/home/user-accounts/lee4649/auto-aiming/install/vision_msgs/share/vision_msgs/hook/ld_library_path_lib.ps1'
[1.498s] INFO:colcon.colcon_core.shell:Creating environment descriptor '/home/user-accounts/lee4649/auto-aiming/install/vision_msgs/share/vision_msgs/hook/ld_library_path_lib.dsv'
[1.499s] INFO:colcon.colcon_core.shell:Creating environment hook '/home/user-accounts/lee4649/auto-aiming/install/vision_msgs/share/vision_msgs/hook/ld_library_path_lib.sh'
[1.500s] Level 1:colcon.colcon_core.environment:checking '/home/user-accounts/lee4649/auto-aiming/install/vision_msgs/bin'
[1.500s] Level 1:colcon.colcon_core.environment:checking '/home/user-accounts/lee4649/auto-aiming/install/vision_msgs/lib/pkgconfig/vision_msgs.pc'
[1.501s] Level 1:colcon.colcon_core.environment:checking '/home/user-accounts/lee4649/auto-aiming/install/vision_msgs/lib/python3.8/site-packages'
[1.501s] Level 1:colcon.colcon_core.shell:create_environment_hook('vision_msgs', 'pythonpath')
[1.502s] INFO:colcon.colcon_core.shell:Creating environment hook '/home/user-accounts/lee4649/auto-aiming/install/vision_msgs/share/vision_msgs/hook/pythonpath.ps1'
[1.503s] INFO:colcon.colcon_core.shell:Creating environment descriptor '/home/user-accounts/lee4649/auto-aiming/install/vision_msgs/share/vision_msgs/hook/pythonpath.dsv'
[1.504s] INFO:colcon.colcon_core.shell:Creating environment hook '/home/user-accounts/lee4649/auto-aiming/install/vision_msgs/share/vision_msgs/hook/pythonpath.sh'
[1.505s] Level 1:colcon.colcon_core.environment:checking '/home/user-accounts/lee4649/auto-aiming/install/vision_msgs/bin'
[1.506s] INFO:colcon.colcon_core.shell:Creating package script '/home/user-accounts/lee4649/auto-aiming/install/vision_msgs/share/vision_msgs/package.ps1'
[1.508s] INFO:colcon.colcon_core.shell:Creating package descriptor '/home/user-accounts/lee4649/auto-aiming/install/vision_msgs/share/vision_msgs/package.dsv'
[1.510s] INFO:colcon.colcon_core.shell:Creating package script '/home/user-accounts/lee4649/auto-aiming/install/vision_msgs/share/vision_msgs/package.sh'
[1.514s] INFO:colcon.colcon_core.shell:Creating package script '/home/user-accounts/lee4649/auto-aiming/install/vision_msgs/share/vision_msgs/package.bash'
[1.515s] INFO:colcon.colcon_core.shell:Creating package script '/home/user-accounts/lee4649/auto-aiming/install/vision_msgs/share/vision_msgs/package.zsh'
[1.516s] Level 1:colcon.colcon_core.environment:create_file_with_runtime_dependencies(/home/user-accounts/lee4649/auto-aiming/install/vision_msgs/share/colcon-core/packages/vision_msgs)
[1.656s] Level 1:colcon.colcon_core.environment:create_environment_scripts_only(vision_msgs)
[1.657s] Level 1:colcon.colcon_core.environment:checking '/home/user-accounts/lee4649/auto-aiming/install/vision_msgs' for CMake module files
[1.659s] Level 1:colcon.colcon_core.environment:checking '/home/user-accounts/lee4649/auto-aiming/install/vision_msgs' for CMake config files
[1.662s] Level 1:colcon.colcon_core.shell:create_environment_hook('vision_msgs', 'cmake_prefix_path')
[1.663s] INFO:colcon.colcon_core.shell:Creating environment hook '/home/user-accounts/lee4649/auto-aiming/install/vision_msgs/share/vision_msgs/hook/cmake_prefix_path.ps1'
[1.664s] INFO:colcon.colcon_core.shell:Creating environment descriptor '/home/user-accounts/lee4649/auto-aiming/install/vision_msgs/share/vision_msgs/hook/cmake_prefix_path.dsv'
[1.665s] INFO:colcon.colcon_core.shell:Creating environment hook '/home/user-accounts/lee4649/auto-aiming/install/vision_msgs/share/vision_msgs/hook/cmake_prefix_path.sh'
[1.667s] Level 1:colcon.colcon_core.environment:checking '/home/user-accounts/lee4649/auto-aiming/install/vision_msgs/lib'
[1.667s] Level 1:colcon.colcon_core.shell:create_environment_hook('vision_msgs', 'ld_library_path_lib')
[1.668s] INFO:colcon.colcon_core.shell:Creating environment hook '/home/user-accounts/lee4649/auto-aiming/install/vision_msgs/share/vision_msgs/hook/ld_library_path_lib.ps1'
[1.669s] INFO:colcon.colcon_core.shell:Creating environment descriptor '/home/user-accounts/lee4649/auto-aiming/install/vision_msgs/share/vision_msgs/hook/ld_library_path_lib.dsv'
[1.670s] INFO:colcon.colcon_core.shell:Creating environment hook '/home/user-accounts/lee4649/auto-aiming/install/vision_msgs/share/vision_msgs/hook/ld_library_path_lib.sh'
[1.671s] Level 1:colcon.colcon_core.environment:checking '/home/user-accounts/lee4649/auto-aiming/install/vision_msgs/bin'
[1.671s] Level 1:colcon.colcon_core.environment:checking '/home/user-accounts/lee4649/auto-aiming/install/vision_msgs/lib/pkgconfig/vision_msgs.pc'
[1.672s] Level 1:colcon.colcon_core.environment:checking '/home/user-accounts/lee4649/auto-aiming/install/vision_msgs/lib/python3.8/site-packages'
[1.672s] Level 1:colcon.colcon_core.shell:create_environment_hook('vision_msgs', 'pythonpath')
[1.672s] INFO:colcon.colcon_core.shell:Creating environment hook '/home/user-accounts/lee4649/auto-aiming/install/vision_msgs/share/vision_msgs/hook/pythonpath.ps1'
[1.673s] INFO:colcon.colcon_core.shell:Creating environment descriptor '/home/user-accounts/lee4649/auto-aiming/install/vision_msgs/share/vision_msgs/hook/pythonpath.dsv'
[1.674s] INFO:colcon.colcon_core.shell:Creating environment hook '/home/user-accounts/lee4649/auto-aiming/install/vision_msgs/share/vision_msgs/hook/pythonpath.sh'
[1.675s] Level 1:colcon.colcon_core.environment:checking '/home/user-accounts/lee4649/auto-aiming/install/vision_msgs/bin'
[1.676s] INFO:colcon.colcon_core.shell:Creating package script '/home/user-accounts/lee4649/auto-aiming/install/vision_msgs/share/vision_msgs/package.ps1'
[1.678s] INFO:colcon.colcon_core.shell:Creating package descriptor '/home/user-accounts/lee4649/auto-aiming/install/vision_msgs/share/vision_msgs/package.dsv'
[1.679s] INFO:colcon.colcon_core.shell:Creating package script '/home/user-accounts/lee4649/auto-aiming/install/vision_msgs/share/vision_msgs/package.sh'
[1.680s] INFO:colcon.colcon_core.shell:Creating package script '/home/user-accounts/lee4649/auto-aiming/install/vision_msgs/share/vision_msgs/package.bash'
[1.681s] INFO:colcon.colcon_core.shell:Creating package script '/home/user-accounts/lee4649/auto-aiming/install/vision_msgs/share/vision_msgs/package.zsh'
[1.682s] Level 1:colcon.colcon_core.environment:create_file_with_runtime_dependencies(/home/user-accounts/lee4649/auto-aiming/install/vision_msgs/share/colcon-core/packages/vision_msgs)
[1.684s] INFO:colcon.colcon_ros.task.ament_cmake.build:Building ROS package in '/home/user-accounts/lee4649/auto-aiming/src/prm_vision/opencv_armor_detector' with build type 'ament_cmake'
[1.684s] INFO:colcon.colcon_cmake.task.cmake.build:Building CMake package in '/home/user-accounts/lee4649/auto-aiming/src/prm_vision/opencv_armor_detector'
[1.685s] INFO:colcon.colcon_core.shell:Skip shell extension 'powershell' for command environment: Not usable outside of PowerShell
[1.685s] DEBUG:colcon.colcon_core.shell:Skip shell extension 'dsv' for command environment
[1.701s] INFO:colcon.colcon_ros.task.ament_cmake.build:Building ROS package in '/home/user-accounts/lee4649/auto-aiming/src/prm_vision/pose_estimator' with build type 'ament_cmake'
[1.701s] INFO:colcon.colcon_cmake.task.cmake.build:Building CMake package in '/home/user-accounts/lee4649/auto-aiming/src/prm_vision/pose_estimator'
[1.702s] INFO:colcon.colcon_core.shell:Skip shell extension 'powershell' for command environment: Not usable outside of PowerShell
[1.703s] DEBUG:colcon.colcon_core.shell:Skip shell extension 'dsv' for command environment
[1.720s] DEBUG:colcon.colcon_core.event_handler.log_command:Invoking command in '/home/user-accounts/lee4649/auto-aiming/build/opencv_armor_detector': AMENT_PREFIX_PATH=/home/user-accounts/lee4649/auto-aiming/install/vision_msgs:${AMENT_PREFIX_PATH} CMAKE_PREFIX_PATH=/home/user-accounts/lee4649/auto-aiming/install/vision_msgs:/opt/ros/foxy LD_LIBRARY_PATH=/home/user-accounts/lee4649/auto-aiming/install/vision_msgs/lib:${LD_LIBRARY_PATH} PYTHONPATH=/home/user-accounts/lee4649/auto-aiming/install/vision_msgs/lib/python3.8/site-packages:${PYTHONPATH} /usr/bin/cmake --build /home/user-accounts/lee4649/auto-aiming/build/opencv_armor_detector -- -j8 -l8
[1.729s] DEBUG:colcon.colcon_core.event_handler.log_command:Invoking command in '/home/user-accounts/lee4649/auto-aiming/build/pose_estimator': AMENT_PREFIX_PATH=/home/user-accounts/lee4649/auto-aiming/install/vision_msgs:${AMENT_PREFIX_PATH} CMAKE_PREFIX_PATH=/home/user-accounts/lee4649/auto-aiming/install/vision_msgs:/opt/ros/foxy LD_LIBRARY_PATH=/home/user-accounts/lee4649/auto-aiming/install/vision_msgs/lib:${LD_LIBRARY_PATH} PYTHONPATH=/home/user-accounts/lee4649/auto-aiming/install/vision_msgs/lib/python3.8/site-packages:${PYTHONPATH} /usr/bin/cmake --build /home/user-accounts/lee4649/auto-aiming/build/pose_estimator -- -j8 -l8
[1.926s] DEBUG:colcon.colcon_core.event_handler.log_command:Invoked command in '/home/user-accounts/lee4649/auto-aiming/build/pose_estimator' returned '0': AMENT_PREFIX_PATH=/home/user-accounts/lee4649/auto-aiming/install/vision_msgs:${AMENT_PREFIX_PATH} CMAKE_PREFIX_PATH=/home/user-accounts/lee4649/auto-aiming/install/vision_msgs:/opt/ros/foxy LD_LIBRARY_PATH=/home/user-accounts/lee4649/auto-aiming/install/vision_msgs/lib:${LD_LIBRARY_PATH} PYTHONPATH=/home/user-accounts/lee4649/auto-aiming/install/vision_msgs/lib/python3.8/site-packages:${PYTHONPATH} /usr/bin/cmake --build /home/user-accounts/lee4649/auto-aiming/build/pose_estimator -- -j8 -l8
[1.984s] DEBUG:colcon.colcon_core.event_handler.log_command:Invoking command in '/home/user-accounts/lee4649/auto-aiming/build/pose_estimator': AMENT_PREFIX_PATH=/home/user-accounts/lee4649/auto-aiming/install/vision_msgs:${AMENT_PREFIX_PATH} CMAKE_PREFIX_PATH=/home/user-accounts/lee4649/auto-aiming/install/vision_msgs:/opt/ros/foxy LD_LIBRARY_PATH=/home/user-accounts/lee4649/auto-aiming/install/vision_msgs/lib:${LD_LIBRARY_PATH} PYTHONPATH=/home/user-accounts/lee4649/auto-aiming/install/vision_msgs/lib/python3.8/site-packages:${PYTHONPATH} /usr/bin/cmake --install /home/user-accounts/lee4649/auto-aiming/build/pose_estimator
[2.027s] Level 1:colcon.colcon_core.environment:create_environment_scripts_only(pose_estimator)
[2.028s] Level 1:colcon.colcon_core.environment:checking '/home/user-accounts/lee4649/auto-aiming/install/pose_estimator' for CMake module files
[2.029s] DEBUG:colcon.colcon_core.event_handler.log_command:Invoked command in '/home/user-accounts/lee4649/auto-aiming/build/pose_estimator' returned '0': AMENT_PREFIX_PATH=/home/user-accounts/lee4649/auto-aiming/install/vision_msgs:${AMENT_PREFIX_PATH} CMAKE_PREFIX_PATH=/home/user-accounts/lee4649/auto-aiming/install/vision_msgs:/opt/ros/foxy LD_LIBRARY_PATH=/home/user-accounts/lee4649/auto-aiming/install/vision_msgs/lib:${LD_LIBRARY_PATH} PYTHONPATH=/home/user-accounts/lee4649/auto-aiming/install/vision_msgs/lib/python3.8/site-packages:${PYTHONPATH} /usr/bin/cmake --install /home/user-accounts/lee4649/auto-aiming/build/pose_estimator
[2.030s] Level 1:colcon.colcon_core.environment:checking '/home/user-accounts/lee4649/auto-aiming/install/pose_estimator' for CMake config files
[2.031s] Level 1:colcon.colcon_core.shell:create_environment_hook('pose_estimator', 'cmake_prefix_path')
[2.032s] INFO:colcon.colcon_core.shell:Creating environment hook '/home/user-accounts/lee4649/auto-aiming/install/pose_estimator/share/pose_estimator/hook/cmake_prefix_path.ps1'
[2.033s] INFO:colcon.colcon_core.shell:Creating environment descriptor '/home/user-accounts/lee4649/auto-aiming/install/pose_estimator/share/pose_estimator/hook/cmake_prefix_path.dsv'
[2.034s] INFO:colcon.colcon_core.shell:Creating environment hook '/home/user-accounts/lee4649/auto-aiming/install/pose_estimator/share/pose_estimator/hook/cmake_prefix_path.sh'
[2.035s] Level 1:colcon.colcon_core.environment:checking '/home/user-accounts/lee4649/auto-aiming/install/pose_estimator/lib'
[2.036s] Level 1:colcon.colcon_core.environment:checking '/home/user-accounts/lee4649/auto-aiming/install/pose_estimator/bin'
[2.036s] Level 1:colcon.colcon_core.environment:checking '/home/user-accounts/lee4649/auto-aiming/install/pose_estimator/lib/pkgconfig/pose_estimator.pc'
[2.036s] Level 1:colcon.colcon_core.environment:checking '/home/user-accounts/lee4649/auto-aiming/install/pose_estimator/lib/python3.8/site-packages'
[2.037s] Level 1:colcon.colcon_core.environment:checking '/home/user-accounts/lee4649/auto-aiming/install/pose_estimator/bin'
[2.038s] INFO:colcon.colcon_core.shell:Creating package script '/home/user-accounts/lee4649/auto-aiming/install/pose_estimator/share/pose_estimator/package.ps1'
[2.039s] INFO:colcon.colcon_core.shell:Creating package descriptor '/home/user-accounts/lee4649/auto-aiming/install/pose_estimator/share/pose_estimator/package.dsv'
[2.040s] INFO:colcon.colcon_core.shell:Creating package script '/home/user-accounts/lee4649/auto-aiming/install/pose_estimator/share/pose_estimator/package.sh'
[2.041s] INFO:colcon.colcon_core.shell:Creating package script '/home/user-accounts/lee4649/auto-aiming/install/pose_estimator/share/pose_estimator/package.bash'
[2.041s] INFO:colcon.colcon_core.shell:Creating package script '/home/user-accounts/lee4649/auto-aiming/install/pose_estimator/share/pose_estimator/package.zsh'
[2.043s] Level 1:colcon.colcon_core.environment:create_file_with_runtime_dependencies(/home/user-accounts/lee4649/auto-aiming/install/pose_estimator/share/colcon-core/packages/pose_estimator)
[2.095s] Level 1:colcon.colcon_core.environment:create_environment_scripts_only(pose_estimator)
[2.096s] Level 1:colcon.colcon_core.environment:checking '/home/user-accounts/lee4649/auto-aiming/install/pose_estimator' for CMake module files
[2.097s] Level 1:colcon.colcon_core.environment:checking '/home/user-accounts/lee4649/auto-aiming/install/pose_estimator' for CMake config files
[2.098s] Level 1:colcon.colcon_core.shell:create_environment_hook('pose_estimator', 'cmake_prefix_path')
[2.098s] INFO:colcon.colcon_core.shell:Creating environment hook '/home/user-accounts/lee4649/auto-aiming/install/pose_estimator/share/pose_estimator/hook/cmake_prefix_path.ps1'
[2.099s] INFO:colcon.colcon_core.shell:Creating environment descriptor '/home/user-accounts/lee4649/auto-aiming/install/pose_estimator/share/pose_estimator/hook/cmake_prefix_path.dsv'
[2.100s] INFO:colcon.colcon_core.shell:Creating environment hook '/home/user-accounts/lee4649/auto-aiming/install/pose_estimator/share/pose_estimator/hook/cmake_prefix_path.sh'
[2.102s] Level 1:colcon.colcon_core.environment:checking '/home/user-accounts/lee4649/auto-aiming/install/pose_estimator/lib'
[2.102s] Level 1:colcon.colcon_core.environment:checking '/home/user-accounts/lee4649/auto-aiming/install/pose_estimator/bin'
[2.102s] Level 1:colcon.colcon_core.environment:checking '/home/user-accounts/lee4649/auto-aiming/install/pose_estimator/lib/pkgconfig/pose_estimator.pc'
[2.103s] Level 1:colcon.colcon_core.environment:checking '/home/user-accounts/lee4649/auto-aiming/install/pose_estimator/lib/python3.8/site-packages'
[2.103s] Level 1:colcon.colcon_core.environment:checking '/home/user-accounts/lee4649/auto-aiming/install/pose_estimator/bin'
[2.104s] INFO:colcon.colcon_core.shell:Creating package script '/home/user-accounts/lee4649/auto-aiming/install/pose_estimator/share/pose_estimator/package.ps1'
[2.106s] INFO:colcon.colcon_core.shell:Creating package descriptor '/home/user-accounts/lee4649/auto-aiming/install/pose_estimator/share/pose_estimator/package.dsv'
[2.107s] INFO:colcon.colcon_core.shell:Creating package script '/home/user-accounts/lee4649/auto-aiming/install/pose_estimator/share/pose_estimator/package.sh'
[2.108s] INFO:colcon.colcon_core.shell:Creating package script '/home/user-accounts/lee4649/auto-aiming/install/pose_estimator/share/pose_estimator/package.bash'
[2.109s] INFO:colcon.colcon_core.shell:Creating package script '/home/user-accounts/lee4649/auto-aiming/install/pose_estimator/share/pose_estimator/package.zsh'
[2.110s] Level 1:colcon.colcon_core.environment:create_file_with_runtime_dependencies(/home/user-accounts/lee4649/auto-aiming/install/pose_estimator/share/colcon-core/packages/pose_estimator)
[13.750s] DEBUG:colcon.colcon_core.event_handler.log_command:Invoked command in '/home/user-accounts/lee4649/auto-aiming/build/opencv_armor_detector' returned '0': AMENT_PREFIX_PATH=/home/user-accounts/lee4649/auto-aiming/install/vision_msgs:${AMENT_PREFIX_PATH} CMAKE_PREFIX_PATH=/home/user-accounts/lee4649/auto-aiming/install/vision_msgs:/opt/ros/foxy LD_LIBRARY_PATH=/home/user-accounts/lee4649/auto-aiming/install/vision_msgs/lib:${LD_LIBRARY_PATH} PYTHONPATH=/home/user-accounts/lee4649/auto-aiming/install/vision_msgs/lib/python3.8/site-packages:${PYTHONPATH} /usr/bin/cmake --build /home/user-accounts/lee4649/auto-aiming/build/opencv_armor_detector -- -j8 -l8
[13.812s] DEBUG:colcon.colcon_core.event_handler.log_command:Invoking command in '/home/user-accounts/lee4649/auto-aiming/build/opencv_armor_detector': AMENT_PREFIX_PATH=/home/user-accounts/lee4649/auto-aiming/install/vision_msgs:${AMENT_PREFIX_PATH} CMAKE_PREFIX_PATH=/home/user-accounts/lee4649/auto-aiming/install/vision_msgs:/opt/ros/foxy LD_LIBRARY_PATH=/home/user-accounts/lee4649/auto-aiming/install/vision_msgs/lib:${LD_LIBRARY_PATH} PYTHONPATH=/home/user-accounts/lee4649/auto-aiming/install/vision_msgs/lib/python3.8/site-packages:${PYTHONPATH} /usr/bin/cmake --install /home/user-accounts/lee4649/auto-aiming/build/opencv_armor_detector
[19.326s] Level 1:colcon.colcon_core.environment:create_environment_scripts_only(opencv_armor_detector)
[19.327s] Level 1:colcon.colcon_core.environment:checking '/home/user-accounts/lee4649/auto-aiming/install/opencv_armor_detector' for CMake module files
[19.330s] DEBUG:colcon.colcon_core.event_handler.log_command:Invoked command in '/home/user-accounts/lee4649/auto-aiming/build/opencv_armor_detector' returned '0': AMENT_PREFIX_PATH=/home/user-accounts/lee4649/auto-aiming/install/vision_msgs:${AMENT_PREFIX_PATH} CMAKE_PREFIX_PATH=/home/user-accounts/lee4649/auto-aiming/install/vision_msgs:/opt/ros/foxy LD_LIBRARY_PATH=/home/user-accounts/lee4649/auto-aiming/install/vision_msgs/lib:${LD_LIBRARY_PATH} PYTHONPATH=/home/user-accounts/lee4649/auto-aiming/install/vision_msgs/lib/python3.8/site-packages:${PYTHONPATH} /usr/bin/cmake --install /home/user-accounts/lee4649/auto-aiming/build/opencv_armor_detector
[19.332s] Level 1:colcon.colcon_core.environment:checking '/home/user-accounts/lee4649/auto-aiming/install/opencv_armor_detector' for CMake config files
[19.334s] Level 1:colcon.colcon_core.shell:create_environment_hook('opencv_armor_detector', 'cmake_prefix_path')
[19.336s] INFO:colcon.colcon_core.shell:Creating environment hook '/home/user-accounts/lee4649/auto-aiming/install/opencv_armor_detector/share/opencv_armor_detector/hook/cmake_prefix_path.ps1'
[19.339s] INFO:colcon.colcon_core.shell:Creating environment descriptor '/home/user-accounts/lee4649/auto-aiming/install/opencv_armor_detector/share/opencv_armor_detector/hook/cmake_prefix_path.dsv'
[19.340s] INFO:colcon.colcon_core.shell:Creating environment hook '/home/user-accounts/lee4649/auto-aiming/install/opencv_armor_detector/share/opencv_armor_detector/hook/cmake_prefix_path.sh'
[19.343s] Level 1:colcon.colcon_core.environment:checking '/home/user-accounts/lee4649/auto-aiming/install/opencv_armor_detector/lib'
[19.343s] Level 1:colcon.colcon_core.environment:checking '/home/user-accounts/lee4649/auto-aiming/install/opencv_armor_detector/bin'
[19.344s] Level 1:colcon.colcon_core.environment:checking '/home/user-accounts/lee4649/auto-aiming/install/opencv_armor_detector/lib/pkgconfig/opencv_armor_detector.pc'
[19.345s] Level 1:colcon.colcon_core.environment:checking '/home/user-accounts/lee4649/auto-aiming/install/opencv_armor_detector/lib/python3.8/site-packages'
[19.345s] Level 1:colcon.colcon_core.environment:checking '/home/user-accounts/lee4649/auto-aiming/install/opencv_armor_detector/bin'
[19.347s] INFO:colcon.colcon_core.shell:Creating package script '/home/user-accounts/lee4649/auto-aiming/install/opencv_armor_detector/share/opencv_armor_detector/package.ps1'
[19.349s] INFO:colcon.colcon_core.shell:Creating package descriptor '/home/user-accounts/lee4649/auto-aiming/install/opencv_armor_detector/share/opencv_armor_detector/package.dsv'
[19.351s] INFO:colcon.colcon_core.shell:Creating package script '/home/user-accounts/lee4649/auto-aiming/install/opencv_armor_detector/share/opencv_armor_detector/package.sh'
[19.352s] INFO:colcon.colcon_core.shell:Creating package script '/home/user-accounts/lee4649/auto-aiming/install/opencv_armor_detector/share/opencv_armor_detector/package.bash'
[19.353s] INFO:colcon.colcon_core.shell:Creating package script '/home/user-accounts/lee4649/auto-aiming/install/opencv_armor_detector/share/opencv_armor_detector/package.zsh'
[19.354s] Level 1:colcon.colcon_core.environment:create_file_with_runtime_dependencies(/home/user-accounts/lee4649/auto-aiming/install/opencv_armor_detector/share/colcon-core/packages/opencv_armor_detector)
[19.415s] Level 1:colcon.colcon_core.environment:create_environment_scripts_only(opencv_armor_detector)
[19.415s] Level 1:colcon.colcon_core.environment:checking '/home/user-accounts/lee4649/auto-aiming/install/opencv_armor_detector' for CMake module files
[19.417s] Level 1:colcon.colcon_core.environment:checking '/home/user-accounts/lee4649/auto-aiming/install/opencv_armor_detector' for CMake config files
[19.417s] Level 1:colcon.colcon_core.shell:create_environment_hook('opencv_armor_detector', 'cmake_prefix_path')
[19.418s] INFO:colcon.colcon_core.shell:Creating environment hook '/home/user-accounts/lee4649/auto-aiming/install/opencv_armor_detector/share/opencv_armor_detector/hook/cmake_prefix_path.ps1'
[19.419s] INFO:colcon.colcon_core.shell:Creating environment descriptor '/home/user-accounts/lee4649/auto-aiming/install/opencv_armor_detector/share/opencv_armor_detector/hook/cmake_prefix_path.dsv'
[19.420s] INFO:colcon.colcon_core.shell:Creating environment hook '/home/user-accounts/lee4649/auto-aiming/install/opencv_armor_detector/share/opencv_armor_detector/hook/cmake_prefix_path.sh'
[19.422s] Level 1:colcon.colcon_core.environment:checking '/home/user-accounts/lee4649/auto-aiming/install/opencv_armor_detector/lib'
[19.422s] Level 1:colcon.colcon_core.environment:checking '/home/user-accounts/lee4649/auto-aiming/install/opencv_armor_detector/bin'
[19.422s] Level 1:colcon.colcon_core.environment:checking '/home/user-accounts/lee4649/auto-aiming/install/opencv_armor_detector/lib/pkgconfig/opencv_armor_detector.pc'
[19.423s] Level 1:colcon.colcon_core.environment:checking '/home/user-accounts/lee4649/auto-aiming/install/opencv_armor_detector/lib/python3.8/site-packages'
[19.423s] Level 1:colcon.colcon_core.environment:checking '/home/user-accounts/lee4649/auto-aiming/install/opencv_armor_detector/bin'
[19.424s] INFO:colcon.colcon_core.shell:Creating package script '/home/user-accounts/lee4649/auto-aiming/install/opencv_armor_detector/share/opencv_armor_detector/package.ps1'
[19.427s] INFO:colcon.colcon_core.shell:Creating package descriptor '/home/user-accounts/lee4649/auto-aiming/install/opencv_armor_detector/share/opencv_armor_detector/package.dsv'
[19.428s] INFO:colcon.colcon_core.shell:Creating package script '/home/user-accounts/lee4649/auto-aiming/install/opencv_armor_detector/share/opencv_armor_detector/package.sh'
[19.429s] INFO:colcon.colcon_core.shell:Creating package script '/home/user-accounts/lee4649/auto-aiming/install/opencv_armor_detector/share/opencv_armor_detector/package.bash'
[19.430s] INFO:colcon.colcon_core.shell:Creating package script '/home/user-accounts/lee4649/auto-aiming/install/opencv_armor_detector/share/opencv_armor_detector/package.zsh'
[19.431s] Level 1:colcon.colcon_core.environment:create_file_with_runtime_dependencies(/home/user-accounts/lee4649/auto-aiming/install/opencv_armor_detector/share/colcon-core/packages/opencv_armor_detector)
[19.433s] INFO:colcon.colcon_ros.task.ament_cmake.build:Building ROS package in '/home/user-accounts/lee4649/auto-aiming/src/prm_launch' with build type 'ament_cmake'
[19.434s] INFO:colcon.colcon_cmake.task.cmake.build:Building CMake package in '/home/user-accounts/lee4649/auto-aiming/src/prm_launch'
[19.435s] INFO:colcon.colcon_core.shell:Skip shell extension 'powershell' for command environment: Not usable outside of PowerShell
[19.435s] DEBUG:colcon.colcon_core.shell:Skip shell extension 'dsv' for command environment
[19.465s] DEBUG:colcon.colcon_core.event_handler.log_command:Invoking command in '/home/user-accounts/lee4649/auto-aiming/build/prm_launch': AMENT_PREFIX_PATH=/home/user-accounts/lee4649/auto-aiming/install/opencv_armor_detector:/home/user-accounts/lee4649/auto-aiming/install/vision_msgs:${AMENT_PREFIX_PATH} CMAKE_PREFIX_PATH=/home/user-accounts/lee4649/auto-aiming/install/opencv_armor_detector:/home/user-accounts/lee4649/auto-aiming/install/vision_msgs:/opt/ros/foxy LD_LIBRARY_PATH=/home/user-accounts/lee4649/auto-aiming/install/vision_msgs/lib:${LD_LIBRARY_PATH} PYTHONPATH=/home/user-accounts/lee4649/auto-aiming/install/vision_msgs/lib/python3.8/site-packages:${PYTHONPATH} /usr/bin/cmake /home/user-accounts/lee4649/auto-aiming/src/prm_launch -DCMAKE_BUILD_TYPE=Release -DCMAKE_CXX_FLAGS_RELEASE=-O3 -DPYTHON_EXECUTABLE=/usr/bin/python3.8 -DAMENT_CMAKE_SYMLINK_INSTALL=1 -DCMAKE_INSTALL_PREFIX=/home/user-accounts/lee4649/auto-aiming/install/prm_launch
[20.788s] DEBUG:colcon.colcon_core.event_handler.log_command:Invoked command in '/home/user-accounts/lee4649/auto-aiming/build/prm_launch' returned '0': AMENT_PREFIX_PATH=/home/user-accounts/lee4649/auto-aiming/install/opencv_armor_detector:/home/user-accounts/lee4649/auto-aiming/install/vision_msgs:${AMENT_PREFIX_PATH} CMAKE_PREFIX_PATH=/home/user-accounts/lee4649/auto-aiming/install/opencv_armor_detector:/home/user-accounts/lee4649/auto-aiming/install/vision_msgs:/opt/ros/foxy LD_LIBRARY_PATH=/home/user-accounts/lee4649/auto-aiming/install/vision_msgs/lib:${LD_LIBRARY_PATH} PYTHONPATH=/home/user-accounts/lee4649/auto-aiming/install/vision_msgs/lib/python3.8/site-packages:${PYTHONPATH} /usr/bin/cmake /home/user-accounts/lee4649/auto-aiming/src/prm_launch -DCMAKE_BUILD_TYPE=Release -DCMAKE_CXX_FLAGS_RELEASE=-O3 -DPYTHON_EXECUTABLE=/usr/bin/python3.8 -DAMENT_CMAKE_SYMLINK_INSTALL=1 -DCMAKE_INSTALL_PREFIX=/home/user-accounts/lee4649/auto-aiming/install/prm_launch
[20.796s] DEBUG:colcon.colcon_core.event_handler.log_command:Invoking command in '/home/user-accounts/lee4649/auto-aiming/build/prm_launch': AMENT_PREFIX_PATH=/home/user-accounts/lee4649/auto-aiming/install/opencv_armor_detector:/home/user-accounts/lee4649/auto-aiming/install/vision_msgs:${AMENT_PREFIX_PATH} CMAKE_PREFIX_PATH=/home/user-accounts/lee4649/auto-aiming/install/opencv_armor_detector:/home/user-accounts/lee4649/auto-aiming/install/vision_msgs:/opt/ros/foxy LD_LIBRARY_PATH=/home/user-accounts/lee4649/auto-aiming/install/vision_msgs/lib:${LD_LIBRARY_PATH} PYTHONPATH=/home/user-accounts/lee4649/auto-aiming/install/vision_msgs/lib/python3.8/site-packages:${PYTHONPATH} /usr/bin/cmake --build /home/user-accounts/lee4649/auto-aiming/build/prm_launch -- -j8 -l8
[20.865s] DEBUG:colcon.colcon_core.event_handler.log_command:Invoked command in '/home/user-accounts/lee4649/auto-aiming/build/prm_launch' returned '0': AMENT_PREFIX_PATH=/home/user-accounts/lee4649/auto-aiming/install/opencv_armor_detector:/home/user-accounts/lee4649/auto-aiming/install/vision_msgs:${AMENT_PREFIX_PATH} CMAKE_PREFIX_PATH=/home/user-accounts/lee4649/auto-aiming/install/opencv_armor_detector:/home/user-accounts/lee4649/auto-aiming/install/vision_msgs:/opt/ros/foxy LD_LIBRARY_PATH=/home/user-accounts/lee4649/auto-aiming/install/vision_msgs/lib:${LD_LIBRARY_PATH} PYTHONPATH=/home/user-accounts/lee4649/auto-aiming/install/vision_msgs/lib/python3.8/site-packages:${PYTHONPATH} /usr/bin/cmake --build /home/user-accounts/lee4649/auto-aiming/build/prm_launch -- -j8 -l8
[20.913s] DEBUG:colcon.colcon_core.event_handler.log_command:Invoking command in '/home/user-accounts/lee4649/auto-aiming/build/prm_launch': AMENT_PREFIX_PATH=/home/user-accounts/lee4649/auto-aiming/install/opencv_armor_detector:/home/user-accounts/lee4649/auto-aiming/install/vision_msgs:${AMENT_PREFIX_PATH} CMAKE_PREFIX_PATH=/home/user-accounts/lee4649/auto-aiming/install/opencv_armor_detector:/home/user-accounts/lee4649/auto-aiming/install/vision_msgs:/opt/ros/foxy LD_LIBRARY_PATH=/home/user-accounts/lee4649/auto-aiming/install/vision_msgs/lib:${LD_LIBRARY_PATH} PYTHONPATH=/home/user-accounts/lee4649/auto-aiming/install/vision_msgs/lib/python3.8/site-packages:${PYTHONPATH} /usr/bin/cmake --install /home/user-accounts/lee4649/auto-aiming/build/prm_launch
[21.298s] Level 1:colcon.colcon_core.environment:create_environment_scripts_only(prm_launch)
[21.300s] Level 1:colcon.colcon_core.environment:checking '/home/user-accounts/lee4649/auto-aiming/install/prm_launch' for CMake module files
[21.303s] DEBUG:colcon.colcon_core.event_handler.log_command:Invoked command in '/home/user-accounts/lee4649/auto-aiming/build/prm_launch' returned '0': AMENT_PREFIX_PATH=/home/user-accounts/lee4649/auto-aiming/install/opencv_armor_detector:/home/user-accounts/lee4649/auto-aiming/install/vision_msgs:${AMENT_PREFIX_PATH} CMAKE_PREFIX_PATH=/home/user-accounts/lee4649/auto-aiming/install/opencv_armor_detector:/home/user-accounts/lee4649/auto-aiming/install/vision_msgs:/opt/ros/foxy LD_LIBRARY_PATH=/home/user-accounts/lee4649/auto-aiming/install/vision_msgs/lib:${LD_LIBRARY_PATH} PYTHONPATH=/home/user-accounts/lee4649/auto-aiming/install/vision_msgs/lib/python3.8/site-packages:${PYTHONPATH} /usr/bin/cmake --install /home/user-accounts/lee4649/auto-aiming/build/prm_launch
[21.305s] Level 1:colcon.colcon_core.environment:checking '/home/user-accounts/lee4649/auto-aiming/install/prm_launch' for CMake config files
[21.306s] Level 1:colcon.colcon_core.shell:create_environment_hook('prm_launch', 'cmake_prefix_path')
[21.307s] INFO:colcon.colcon_core.shell:Creating environment hook '/home/user-accounts/lee4649/auto-aiming/install/prm_launch/share/prm_launch/hook/cmake_prefix_path.ps1'
[21.310s] INFO:colcon.colcon_core.shell:Creating environment descriptor '/home/user-accounts/lee4649/auto-aiming/install/prm_launch/share/prm_launch/hook/cmake_prefix_path.dsv'
[21.312s] INFO:colcon.colcon_core.shell:Creating environment hook '/home/user-accounts/lee4649/auto-aiming/install/prm_launch/share/prm_launch/hook/cmake_prefix_path.sh'
[21.314s] Level 1:colcon.colcon_core.environment:checking '/home/user-accounts/lee4649/auto-aiming/install/prm_launch/bin'
[21.314s] Level 1:colcon.colcon_core.environment:checking '/home/user-accounts/lee4649/auto-aiming/install/prm_launch/lib/pkgconfig/prm_launch.pc'
[21.316s] Level 1:colcon.colcon_core.environment:checking '/home/user-accounts/lee4649/auto-aiming/install/prm_launch/lib/python3.8/site-packages'
[21.316s] Level 1:colcon.colcon_core.environment:checking '/home/user-accounts/lee4649/auto-aiming/install/prm_launch/bin'
[21.317s] INFO:colcon.colcon_core.shell:Creating package script '/home/user-accounts/lee4649/auto-aiming/install/prm_launch/share/prm_launch/package.ps1'
[21.319s] INFO:colcon.colcon_core.shell:Creating package descriptor '/home/user-accounts/lee4649/auto-aiming/install/prm_launch/share/prm_launch/package.dsv'
[21.321s] INFO:colcon.colcon_core.shell:Creating package script '/home/user-accounts/lee4649/auto-aiming/install/prm_launch/share/prm_launch/package.sh'
[21.322s] INFO:colcon.colcon_core.shell:Creating package script '/home/user-accounts/lee4649/auto-aiming/install/prm_launch/share/prm_launch/package.bash'
[21.323s] INFO:colcon.colcon_core.shell:Creating package script '/home/user-accounts/lee4649/auto-aiming/install/prm_launch/share/prm_launch/package.zsh'
[21.324s] Level 1:colcon.colcon_core.environment:create_file_with_runtime_dependencies(/home/user-accounts/lee4649/auto-aiming/install/prm_launch/share/colcon-core/packages/prm_launch)
[21.374s] Level 1:colcon.colcon_core.environment:create_environment_scripts_only(prm_launch)
[21.375s] Level 1:colcon.colcon_core.environment:checking '/home/user-accounts/lee4649/auto-aiming/install/prm_launch' for CMake module files
[21.376s] Level 1:colcon.colcon_core.environment:checking '/home/user-accounts/lee4649/auto-aiming/install/prm_launch' for CMake config files
[21.377s] Level 1:colcon.colcon_core.shell:create_environment_hook('prm_launch', 'cmake_prefix_path')
[21.378s] INFO:colcon.colcon_core.shell:Creating environment hook '/home/user-accounts/lee4649/auto-aiming/install/prm_launch/share/prm_launch/hook/cmake_prefix_path.ps1'
[21.379s] INFO:colcon.colcon_core.shell:Creating environment descriptor '/home/user-accounts/lee4649/auto-aiming/install/prm_launch/share/prm_launch/hook/cmake_prefix_path.dsv'
[21.380s] INFO:colcon.colcon_core.shell:Creating environment hook '/home/user-accounts/lee4649/auto-aiming/install/prm_launch/share/prm_launch/hook/cmake_prefix_path.sh'
[21.382s] Level 1:colcon.colcon_core.environment:checking '/home/user-accounts/lee4649/auto-aiming/install/prm_launch/bin'
[21.382s] Level 1:colcon.colcon_core.environment:checking '/home/user-accounts/lee4649/auto-aiming/install/prm_launch/lib/pkgconfig/prm_launch.pc'
[21.383s] Level 1:colcon.colcon_core.environment:checking '/home/user-accounts/lee4649/auto-aiming/install/prm_launch/lib/python3.8/site-packages'
[21.384s] Level 1:colcon.colcon_core.environment:checking '/home/user-accounts/lee4649/auto-aiming/install/prm_launch/bin'
[21.385s] INFO:colcon.colcon_core.shell:Creating package script '/home/user-accounts/lee4649/auto-aiming/install/prm_launch/share/prm_launch/package.ps1'
[21.386s] INFO:colcon.colcon_core.shell:Creating package descriptor '/home/user-accounts/lee4649/auto-aiming/install/prm_launch/share/prm_launch/package.dsv'
[21.388s] INFO:colcon.colcon_core.shell:Creating package script '/home/user-accounts/lee4649/auto-aiming/install/prm_launch/share/prm_launch/package.sh'
[21.389s] INFO:colcon.colcon_core.shell:Creating package script '/home/user-accounts/lee4649/auto-aiming/install/prm_launch/share/prm_launch/package.bash'
[21.391s] INFO:colcon.colcon_core.shell:Creating package script '/home/user-accounts/lee4649/auto-aiming/install/prm_launch/share/prm_launch/package.zsh'
[21.392s] Level 1:colcon.colcon_core.environment:create_file_with_runtime_dependencies(/home/user-accounts/lee4649/auto-aiming/install/prm_launch/share/colcon-core/packages/prm_launch)
[21.394s] DEBUG:colcon.colcon_parallel_executor.executor.parallel:closing loop
[21.395s] DEBUG:colcon.colcon_parallel_executor.executor.parallel:loop closed
[21.396s] DEBUG:colcon.colcon_parallel_executor.executor.parallel:run_until_complete finished with '0'
[21.396s] DEBUG:colcon.colcon_core.event_reactor:joining thread
[21.420s] INFO:colcon.colcon_core.plugin_system:Skipping extension 'colcon_notification.desktop_notification.terminal_notifier': Not used on non-Darwin systems
[21.420s] INFO:colcon.colcon_core.plugin_system:Skipping extension 'colcon_notification.desktop_notification.win32': Not used on non-Windows systems
[21.421s] INFO:colcon.colcon_notification.desktop_notification:Sending desktop notification using 'notify2'
[21.447s] DEBUG:colcon.colcon_notification.desktop_notification.notify2:Failed to initialize notify2: org.freedesktop.DBus.Error.Spawn.ChildExited: Process org.freedesktop.Notifications exited with status 1
[21.448s] DEBUG:colcon.colcon_core.event_reactor:joined thread
[21.449s] INFO:colcon.colcon_core.shell:Creating prefix script '/home/user-accounts/lee4649/auto-aiming/install/local_setup.ps1'
[21.451s] INFO:colcon.colcon_core.shell:Creating prefix util module '/home/user-accounts/lee4649/auto-aiming/install/_local_setup_util_ps1.py'
[21.456s] INFO:colcon.colcon_core.shell:Creating prefix chain script '/home/user-accounts/lee4649/auto-aiming/install/setup.ps1'
[21.459s] INFO:colcon.colcon_core.shell:Creating prefix script '/home/user-accounts/lee4649/auto-aiming/install/local_setup.sh'
[21.460s] INFO:colcon.colcon_core.shell:Creating prefix util module '/home/user-accounts/lee4649/auto-aiming/install/_local_setup_util_sh.py'
[21.462s] INFO:colcon.colcon_core.shell:Creating prefix chain script '/home/user-accounts/lee4649/auto-aiming/install/setup.sh'
[21.464s] INFO:colcon.colcon_core.shell:Creating prefix script '/home/user-accounts/lee4649/auto-aiming/install/local_setup.bash'
[21.465s] INFO:colcon.colcon_core.shell:Creating prefix chain script '/home/user-accounts/lee4649/auto-aiming/install/setup.bash'
[21.467s] INFO:colcon.colcon_core.shell:Creating prefix script '/home/user-accounts/lee4649/auto-aiming/install/local_setup.zsh'
[21.468s] INFO:colcon.colcon_core.shell:Creating prefix chain script '/home/user-accounts/lee4649/auto-aiming/install/setup.zsh'
