[0.023s] Invoking command in '/home/purduerm/ros2-ws/auto-aiming/build/webcam_publisher': CMAKE_PREFIX_PATH=/opt/ros/foxy /usr/bin/cmake --build /home/purduerm/ros2-ws/auto-aiming/build/webcam_publisher -- -j12 -l12
[0.079s] [100%] Built target VideoCaptureNode
[0.085s] Invoked command in '/home/purduerm/ros2-ws/auto-aiming/build/webcam_publisher' returned '0': CMAKE_PREFIX_PATH=/opt/ros/foxy /usr/bin/cmake --build /home/purduerm/ros2-ws/auto-aiming/build/webcam_publisher -- -j12 -l12
[0.089s] Invoking command in '/home/purduerm/ros2-ws/auto-aiming/build/webcam_publisher': CMAKE_PREFIX_PATH=/opt/ros/foxy /usr/bin/cmake --install /home/purduerm/ros2-ws/auto-aiming/build/webcam_publisher
[0.095s] -- Install configuration: "Release"
[0.095s] -- Execute custom install script
[0.096s] -- Up-to-date symlink: /home/purduerm/ros2-ws/auto-aiming/install/webcam_publisher/lib/webcam_publisher/VideoCaptureNode
[0.096s] -- Up-to-date symlink: /home/purduerm/ros2-ws/auto-aiming/install/webcam_publisher/share/webcam_publisher/launch/video.py
[0.096s] -- Up-to-date symlink: /home/purduerm/ros2-ws/auto-aiming/install/webcam_publisher/share/webcam_publisher/launch/webcam.py
[0.097s] -- Up-to-date symlink: /home/purduerm/ros2-ws/auto-aiming/install/webcam_publisher/share/webcam_publisher/resources/1.mp4
[0.097s] -- Up-to-date symlink: /home/purduerm/ros2-ws/auto-aiming/install/webcam_publisher/share/webcam_publisher/config/webcam_info.yaml
[0.097s] -- Up-to-date symlink: /home/purduerm/ros2-ws/auto-aiming/install/webcam_publisher/share/ament_index/resource_index/package_run_dependencies/webcam_publisher
[0.097s] -- Up-to-date symlink: /home/purduerm/ros2-ws/auto-aiming/install/webcam_publisher/share/ament_index/resource_index/parent_prefix_path/webcam_publisher
[0.098s] -- Up-to-date symlink: /home/purduerm/ros2-ws/auto-aiming/install/webcam_publisher/share/webcam_publisher/environment/ament_prefix_path.sh
[0.098s] -- Up-to-date symlink: /home/purduerm/ros2-ws/auto-aiming/install/webcam_publisher/share/webcam_publisher/environment/ament_prefix_path.dsv
[0.099s] -- Up-to-date symlink: /home/purduerm/ros2-ws/auto-aiming/install/webcam_publisher/share/webcam_publisher/environment/path.sh
[0.100s] -- Up-to-date symlink: /home/purduerm/ros2-ws/auto-aiming/install/webcam_publisher/share/webcam_publisher/environment/path.dsv
[0.100s] -- Up-to-date symlink: /home/purduerm/ros2-ws/auto-aiming/install/webcam_publisher/share/webcam_publisher/local_setup.bash
[0.100s] -- Up-to-date symlink: /home/purduerm/ros2-ws/auto-aiming/install/webcam_publisher/share/webcam_publisher/local_setup.sh
[0.100s] -- Up-to-date symlink: /home/purduerm/ros2-ws/auto-aiming/install/webcam_publisher/share/webcam_publisher/local_setup.zsh
[0.100s] -- Up-to-date symlink: /home/purduerm/ros2-ws/auto-aiming/install/webcam_publisher/share/webcam_publisher/local_setup.dsv
[0.101s] -- Symlinking: /home/purduerm/ros2-ws/auto-aiming/install/webcam_publisher/share/webcam_publisher/package.dsv
[0.107s] -- Up-to-date symlink: /home/purduerm/ros2-ws/auto-aiming/install/webcam_publisher/share/ament_index/resource_index/packages/webcam_publisher
[0.107s] -- Up-to-date symlink: /home/purduerm/ros2-ws/auto-aiming/install/webcam_publisher/share/webcam_publisher/cmake/ament_cmake_export_include_directories-extras.cmake
[0.107s] -- Up-to-date symlink: /home/purduerm/ros2-ws/auto-aiming/install/webcam_publisher/share/webcam_publisher/cmake/ament_cmake_export_dependencies-extras.cmake
[0.108s] -- Up-to-date symlink: /home/purduerm/ros2-ws/auto-aiming/install/webcam_publisher/share/webcam_publisher/cmake/webcam_publisherConfig.cmake
[0.108s] -- Up-to-date symlink: /home/purduerm/ros2-ws/auto-aiming/install/webcam_publisher/share/webcam_publisher/cmake/webcam_publisherConfig-version.cmake
[0.108s] -- Up-to-date symlink: /home/purduerm/ros2-ws/auto-aiming/install/webcam_publisher/share/webcam_publisher/package.xml
[0.125s] Invoked command in '/home/purduerm/ros2-ws/auto-aiming/build/webcam_publisher' returned '0': CMAKE_PREFIX_PATH=/opt/ros/foxy /usr/bin/cmake --install /home/purduerm/ros2-ws/auto-aiming/build/webcam_publisher
