[35m[1mScanning dependencies of target ControlCommunicatorNode[0m
[ 33%] [32mBuilding CXX object CMakeFiles/ControlCommunicatorNode.dir/src/ControlCommunicatorNode.cpp.o[0m
[01m[K/home/purduerm/ros2-ws/auto-aiming/src/prm_control/control_communicator/src/ControlCommunicatorNode.cpp:12:[m[K [01;35m[Kwarning: [m[K"PI" redefined
   12 | #define PI 3.141592653589793238462643383 // It was 4 AM when I wrote this.
      | 
In file included from [01m[K/home/purduerm/ros2-ws/auto-aiming/src/prm_control/control_communicator/include/ControlCommunicatorNode.hpp:30[m[K,
                 from [01m[K/home/purduerm/ros2-ws/auto-aiming/src/prm_control/control_communicator/src/ControlCommunicatorNode.cpp:1[m[K:
[01m[K/home/purduerm/ros2-ws/auto-aiming/src/prm_control/control_communicator/include/projectile_angle_convel.h:9:[m[K [01;36m[Knote: [m[Kthis is the location of the previous definition
    9 | #define PI 3.14159
      | 
[01m[K/home/purduerm/ros2-ws/auto-aiming/src/prm_control/control_communicator/src/ControlCommunicatorNode.cpp:[m[K In constructor ‘[01m[KControlCommunicatorNode::ControlCommunicatorNode(const char*)[m[K’:
[01m[K/home/purduerm/ros2-ws/auto-aiming/src/prm_control/control_communicator/src/ControlCommunicatorNode.cpp:59:83:[m[K [01;31m[Kerror: [m[K‘[01m[Kclass ControlCommunicatorNode[m[K’ has no member named ‘[01m[KPitchLookupModel[m[K’; did you mean ‘[01m[Kpitch_lookup_model[m[K’?
   59 |  this->read_lookup_table_time = this->create_wall_timer(5000ms, std::bind(&(this->[01;31m[KPitchLookupModel[m[K)::load_file, this->pitch_lookup_model, this->lookup_table_path));
      |                                                                                   [01;31m[K^~~~~~~~~~~~~~~~[m[K
      |                                                                                   [32m[Kpitch_lookup_model[m[K
[01m[K/home/purduerm/ros2-ws/auto-aiming/src/prm_control/control_communicator/src/ControlCommunicatorNode.cpp:[m[K In member function ‘[01m[Kvoid ControlCommunicatorNode::auto_aim_handler(std::shared_ptr<vision_msgs::msg::PredictedArmor_<std::allocator<void> > >)[m[K’:
[01m[K/home/purduerm/ros2-ws/auto-aiming/src/prm_control/control_communicator/src/ControlCommunicatorNode.cpp:168:9:[m[K [01;35m[Kwarning: [m[Kunused variable ‘[01m[Kp[m[K’ [[01;35m[K-Wunused-variable[m[K]
  168 |  double [01;35m[Kp[m[K = 0, y = 0;
      |         [01;35m[K^[m[K
[01m[K/home/purduerm/ros2-ws/auto-aiming/src/prm_control/control_communicator/src/ControlCommunicatorNode.cpp:168:16:[m[K [01;35m[Kwarning: [m[Kunused variable ‘[01m[Ky[m[K’ [[01;35m[K-Wunused-variable[m[K]
  168 |  double p = 0, [01;35m[Ky[m[K = 0;
      |                [01;35m[K^[m[K
[01m[K/home/purduerm/ros2-ws/auto-aiming/src/prm_control/control_communicator/src/ControlCommunicatorNode.cpp:169:7:[m[K [01;35m[Kwarning: [m[Kunused variable ‘[01m[Kim[m[K’ [[01;35m[K-Wunused-variable[m[K]
  169 |  bool [01;35m[Kim[m[K = 0;
      |       [01;35m[K^~[m[K
[01m[K/home/purduerm/ros2-ws/auto-aiming/src/prm_control/control_communicator/src/ControlCommunicatorNode.cpp:207:7:[m[K [01;35m[Kwarning: [m[Kignoring return value of ‘[01m[Kssize_t write(int, const void*, size_t)[m[K’, declared with attribute warn_unused_result [[01;35m[K-Wunused-result[m[K]
  207 |  [01;35m[Kwrite(this->port_fd, &package, sizeof(PackageOut))[m[K;
      |  [01;35m[K~~~~~^~~~~~~~~~~~~~~~~~~~~~~~~~~~~~~~~~~~~~~~~~~~~[m[K
[01m[K/home/purduerm/ros2-ws/auto-aiming/src/prm_control/control_communicator/src/ControlCommunicatorNode.cpp:[m[K In member function ‘[01m[Kvoid ControlCommunicatorNode::nav_handler(std::shared_ptr<geometry_msgs::msg::Twist_<std::allocator<void> > >)[m[K’:
[01m[K/home/purduerm/ros2-ws/auto-aiming/src/prm_control/control_communicator/src/ControlCommunicatorNode.cpp:231:7:[m[K [01;35m[Kwarning: [m[Kignoring return value of ‘[01m[Kssize_t write(int, const void*, size_t)[m[K’, declared with attribute warn_unused_result [[01;35m[K-Wunused-result[m[K]
  231 |  [01;35m[Kwrite(this->port_fd, &package, sizeof(PackageOut))[m[K;
      |  [01;35m[K~~~~~^~~~~~~~~~~~~~~~~~~~~~~~~~~~~~~~~~~~~~~~~~~~~[m[K
make[2]: *** [CMakeFiles/ControlCommunicatorNode.dir/build.make:63: CMakeFiles/ControlCommunicatorNode.dir/src/ControlCommunicatorNode.cpp.o] Error 1
make[1]: *** [CMakeFiles/Makefile2:78: CMakeFiles/ControlCommunicatorNode.dir/all] Error 2
make: *** [Makefile:141: all] Error 2
