[01m[K/home/purduerm/ros2-ws/auto-aiming/src/prm_control/control_communicator/src/ControlCommunicatorNode.cpp:12:[m[K [01;35m[Kwarning: [m[K"PI" redefined
   12 | #define PI 3.141592653589793238462643383 // It was 4 AM when I wrote this.
      | 
In file included from [01m[K/home/purduerm/ros2-ws/auto-aiming/src/prm_control/control_communicator/include/ControlCommunicatorNode.hpp:30[m[K,
                 from [01m[K/home/purduerm/ros2-ws/auto-aiming/src/prm_control/control_communicator/src/ControlCommunicatorNode.cpp:1[m[K:
[01m[K/home/purduerm/ros2-ws/auto-aiming/src/prm_control/control_communicator/include/projectile_angle_convel.h:9:[m[K [01;36m[Knote: [m[Kthis is the location of the previous definition
    9 | #define PI 3.14159
      | 
In file included from [01m[K/home/purduerm/ros2-ws/auto-aiming/src/prm_control/control_communicator/src/ControlCommunicatorNode.cpp:1[m[K:
[01m[K/home/purduerm/ros2-ws/auto-aiming/src/prm_control/control_communicator/include/ControlCommunicatorNode.hpp:75:5:[m[K [01;31m[Kerror: [m[K‘[01m[KPitchLookupModel[m[K’ does not name a type
   75 |     [01;31m[KPitchLookupModel[m[K pitch_lookup_model;
      |     [01;31m[K^~~~~~~~~~~~~~~~[m[K
[01m[K/home/purduerm/ros2-ws/auto-aiming/src/prm_control/control_communicator/src/ControlCommunicatorNode.cpp:[m[K In constructor ‘[01m[KControlCommunicatorNode::ControlCommunicatorNode(const char*)[m[K’:
[01m[K/home/purduerm/ros2-ws/auto-aiming/src/prm_control/control_communicator/src/ControlCommunicatorNode.cpp:22:11:[m[K [01;31m[Kerror: [m[K‘[01m[Kclass ControlCommunicatorNode[m[K’ has no member named ‘[01m[Kpitch_lookup_model[m[K’
   22 |     this->[01;31m[Kpitch_lookup_model[m[K = PitchLookupModel(this->lookup_table_path);
      |           [01;31m[K^~~~~~~~~~~~~~~~~~[m[K
[01m[K/home/purduerm/ros2-ws/auto-aiming/src/prm_control/control_communicator/src/ControlCommunicatorNode.cpp:22:32:[m[K [01;31m[Kerror: [m[K‘[01m[KPitchLookupModel[m[K’ was not declared in this scope
   22 |     this->pitch_lookup_model = [01;31m[KPitchLookupModel[m[K(this->lookup_table_path);
      |                                [01;31m[K^~~~~~~~~~~~~~~~[m[K
[01m[K/home/purduerm/ros2-ws/auto-aiming/src/prm_control/control_communicator/src/ControlCommunicatorNode.cpp:23:1:[m[K [01;31m[Kerror: [m[K‘[01m[Kz[m[K’ was not declared in this scope
   23 | [01;31m[Kz[m[K
      | [01;31m[K^[m[K
[01m[K/home/purduerm/ros2-ws/auto-aiming/src/prm_control/control_communicator/src/ControlCommunicatorNode.cpp:57:8:[m[K [01;31m[Kerror: [m[K‘[01m[Kclass ControlCommunicatorNode[m[K’ has no member named ‘[01m[Kpitch_lookup_table[m[K’
   57 |  this->[01;31m[Kpitch_lookup_table[m[K = read_lookup_table()
      |        [01;31m[K^~~~~~~~~~~~~~~~~~[m[K
[01m[K/home/purduerm/ros2-ws/auto-aiming/src/prm_control/control_communicator/src/ControlCommunicatorNode.cpp:57:29:[m[K [01;31m[Kerror: [m[K‘[01m[Kread_lookup_table[m[K’ was not declared in this scope
   57 |  this->pitch_lookup_table = [01;31m[Kread_lookup_table[m[K()
      |                             [01;31m[K^~~~~~~~~~~~~~~~~[m[K
[01m[K/home/purduerm/ros2-ws/auto-aiming/src/prm_control/control_communicator/src/ControlCommunicatorNode.cpp:60:8:[m[K [01;31m[Kerror: [m[K‘[01m[Kclass ControlCommunicatorNode[m[K’ has no member named ‘[01m[Kread_lookup_table_time[m[K’
   60 |  this->[01;31m[Kread_lookup_table_time[m[K = this->create_wall_timer(5000ms, std::bind(&PitchLookupModel::load_file(this->lookup_table_path), this->pitch_lookup_model));
      |        [01;31m[K^~~~~~~~~~~~~~~~~~~~~~[m[K
[01m[K/home/purduerm/ros2-ws/auto-aiming/src/prm_control/control_communicator/src/ControlCommunicatorNode.cpp:60:76:[m[K [01;31m[Kerror: [m[K‘[01m[KPitchLookupModel[m[K’ is not a class, namespace, or enumeration
   60 |  this->read_lookup_table_time = this->create_wall_timer(5000ms, std::bind(&[01;31m[KPitchLookupModel[m[K::load_file(this->lookup_table_path), this->pitch_lookup_model));
      |                                                                            [01;31m[K^~~~~~~~~~~~~~~~[m[K
[01m[K/home/purduerm/ros2-ws/auto-aiming/src/prm_control/control_communicator/src/ControlCommunicatorNode.cpp:60:136:[m[K [01;31m[Kerror: [m[K‘[01m[Kclass ControlCommunicatorNode[m[K’ has no member named ‘[01m[Kpitch_lookup_model[m[K’
   60 |  this->read_lookup_table_time = this->create_wall_timer(5000ms, std::bind(&PitchLookupModel::load_file(this->lookup_table_path), this->[01;31m[Kpitch_lookup_model[m[K));
      |                                                                                                                                        [01;31m[K^~~~~~~~~~~~~~~~~~[m[K
[01m[K/home/purduerm/ros2-ws/auto-aiming/src/prm_control/control_communicator/src/ControlCommunicatorNode.cpp:[m[K In member function ‘[01m[Kvoid ControlCommunicatorNode::auto_aim_handler(std::shared_ptr<vision_msgs::msg::PredictedArmor_<std::allocator<void> > >)[m[K’:
[01m[K/home/purduerm/ros2-ws/auto-aiming/src/prm_control/control_communicator/src/ControlCommunicatorNode.cpp:199:16:[m[K [01;31m[Kerror: [m[K‘[01m[Kclass ControlCommunicatorNode[m[K’ has no member named ‘[01m[Kpitch_lookup_model[m[K’
  199 |  pitch = this->[01;31m[Kpitch_lookup_model[m[K.get_pitch(dst, msg->y);
      |                [01;31m[K^~~~~~~~~~~~~~~~~~[m[K
[01m[K/home/purduerm/ros2-ws/auto-aiming/src/prm_control/control_communicator/src/ControlCommunicatorNode.cpp:169:9:[m[K [01;35m[Kwarning: [m[Kunused variable ‘[01m[Kp[m[K’ [[01;35m[K-Wunused-variable[m[K]
  169 |  double [01;35m[Kp[m[K = 0, y = 0;
      |         [01;35m[K^[m[K
[01m[K/home/purduerm/ros2-ws/auto-aiming/src/prm_control/control_communicator/src/ControlCommunicatorNode.cpp:169:16:[m[K [01;35m[Kwarning: [m[Kunused variable ‘[01m[Ky[m[K’ [[01;35m[K-Wunused-variable[m[K]
  169 |  double p = 0, [01;35m[Ky[m[K = 0;
      |                [01;35m[K^[m[K
[01m[K/home/purduerm/ros2-ws/auto-aiming/src/prm_control/control_communicator/src/ControlCommunicatorNode.cpp:170:7:[m[K [01;35m[Kwarning: [m[Kunused variable ‘[01m[Kim[m[K’ [[01;35m[K-Wunused-variable[m[K]
  170 |  bool [01;35m[Kim[m[K = 0;
      |       [01;35m[K^~[m[K
[01m[K/home/purduerm/ros2-ws/auto-aiming/src/prm_control/control_communicator/src/ControlCommunicatorNode.cpp:208:7:[m[K [01;35m[Kwarning: [m[Kignoring return value of ‘[01m[Kssize_t write(int, const void*, size_t)[m[K’, declared with attribute warn_unused_result [[01;35m[K-Wunused-result[m[K]
  208 |  [01;35m[Kwrite(this->port_fd, &package, sizeof(PackageOut))[m[K;
      |  [01;35m[K~~~~~^~~~~~~~~~~~~~~~~~~~~~~~~~~~~~~~~~~~~~~~~~~~~[m[K
[01m[K/home/purduerm/ros2-ws/auto-aiming/src/prm_control/control_communicator/src/ControlCommunicatorNode.cpp:[m[K In member function ‘[01m[Kvoid ControlCommunicatorNode::nav_handler(std::shared_ptr<geometry_msgs::msg::Twist_<std::allocator<void> > >)[m[K’:
[01m[K/home/purduerm/ros2-ws/auto-aiming/src/prm_control/control_communicator/src/ControlCommunicatorNode.cpp:232:7:[m[K [01;35m[Kwarning: [m[Kignoring return value of ‘[01m[Kssize_t write(int, const void*, size_t)[m[K’, declared with attribute warn_unused_result [[01;35m[K-Wunused-result[m[K]
  232 |  [01;35m[Kwrite(this->port_fd, &package, sizeof(PackageOut))[m[K;
      |  [01;35m[K~~~~~^~~~~~~~~~~~~~~~~~~~~~~~~~~~~~~~~~~~~~~~~~~~~[m[K
make[2]: *** [CMakeFiles/ControlCommunicatorNode.dir/build.make:63: CMakeFiles/ControlCommunicatorNode.dir/src/ControlCommunicatorNode.cpp.o] Error 1
make[1]: *** [CMakeFiles/Makefile2:78: CMakeFiles/ControlCommunicatorNode.dir/all] Error 2
make: *** [Makefile:141: all] Error 2
