[0.020s] Invoking command in '/home/purduerm/ros2-ws/auto-aiming/build/webcam_publisher': CMAKE_PREFIX_PATH=/opt/ros/foxy /usr/bin/cmake /home/purduerm/ros2-ws/auto-aiming/src/prm_camera/webcam_publisher -DCMAKE_BUILD_TYPE=Release -DCMAKE_CXX_FLAGS_RELEASE=-O3 -DAMENT_CMAKE_SYMLINK_INSTALL=1 -DCMAKE_INSTALL_PREFIX=/home/purduerm/ros2-ws/auto-aiming/install/webcam_publisher
[0.358s] -- The C compiler identification is GNU 9.4.0
[0.420s] -- The CXX compiler identification is GNU 9.4.0
[0.425s] -- Check for working C compiler: /usr/bin/cc
[0.478s] -- Check for working C compiler: /usr/bin/cc -- works
[0.478s] -- Detecting C compiler ABI info
[0.527s] -- Detecting C compiler ABI info - done
[0.536s] -- Detecting C compile features
[0.548s] -- Detecting C compile features - done
[0.549s] -- Check for working CXX compiler: /usr/bin/c++
[0.606s] -- Check for working CXX compiler: /usr/bin/c++ -- works
[0.606s] -- Detecting CXX compiler ABI info
[0.662s] -- Detecting CXX compiler ABI info - done
[0.671s] -- Detecting CXX compile features
[0.672s] -- Detecting CXX compile features - done
[0.693s] -- Found ament_cmake_auto: 0.9.12 (/opt/ros/foxy/share/ament_cmake_auto/cmake)
[0.747s] -- Found PythonInterp: /usr/bin/python3 (found suitable version "3.8.10", minimum required is "3") 
[0.747s] -- Using PYTHON_EXECUTABLE: /usr/bin/python3
[0.959s] -- Override CMake install command with custom implementation using symlinks instead of copying resources
[1.172s] -- Looking for pthread.h
[1.222s] -- Looking for pthread.h - found
[1.222s] -- Performing Test CMAKE_HAVE_LIBC_PTHREAD
[1.271s] -- Performing Test CMAKE_HAVE_LIBC_PTHREAD - Failed
[1.271s] -- Looking for pthread_create in pthreads
[1.342s] -- Looking for pthread_create in pthreads - not found
[1.342s] -- Looking for pthread_create in pthread
[1.395s] -- Looking for pthread_create in pthread - found
[1.396s] -- Found Threads: TRUE  
[1.435s] -- Found CUDA: /usr/local/cuda (found suitable exact version "11.4") 
[1.473s] -- Found OpenCV: /usr/local (found suitable version "4.6.0", minimum required is "4.6.0") 
[1.549s] -- Using all available rosidl_typesupport_c: rosidl_typesupport_fastrtps_c;rosidl_typesupport_introspection_c
[1.553s] -- Found rosidl_adapter: 1.3.1 (/opt/ros/foxy/share/rosidl_adapter/cmake)
[1.618s] -- Found OpenSSL: /usr/lib/x86_64-linux-gnu/libcrypto.so (found version "1.1.1f")  
[1.641s] -- Found FastRTPS: /opt/ros/foxy/include  
[1.704s] -- Using all available rosidl_typesupport_cpp: rosidl_typesupport_fastrtps_cpp;rosidl_typesupport_introspection_cpp
[1.881s] -- Found rmw_implementation_cmake: 1.0.4 (/opt/ros/foxy/share/rmw_implementation_cmake/cmake)
[1.882s] -- Using RMW implementation 'rmw_fastrtps_cpp' as default
[2.131s] -- Setting yaml-cpp_DIR to: '/opt/ros/foxy/share/yaml_cpp_vendor/cmake/../../../opt/yaml_cpp_vendor/lib/cmake/yaml-cpp'
[2.302s] -- Configuring done
[2.413s] -- Generating done
[2.425s] -- Build files have been written to: /home/purduerm/ros2-ws/auto-aiming/build/webcam_publisher
[2.432s] Invoked command in '/home/purduerm/ros2-ws/auto-aiming/build/webcam_publisher' returned '0': CMAKE_PREFIX_PATH=/opt/ros/foxy /usr/bin/cmake /home/purduerm/ros2-ws/auto-aiming/src/prm_camera/webcam_publisher -DCMAKE_BUILD_TYPE=Release -DCMAKE_CXX_FLAGS_RELEASE=-O3 -DAMENT_CMAKE_SYMLINK_INSTALL=1 -DCMAKE_INSTALL_PREFIX=/home/purduerm/ros2-ws/auto-aiming/install/webcam_publisher
[2.434s] Invoking command in '/home/purduerm/ros2-ws/auto-aiming/build/webcam_publisher': CMAKE_PREFIX_PATH=/opt/ros/foxy /usr/bin/cmake --build /home/purduerm/ros2-ws/auto-aiming/build/webcam_publisher -- -j12 -l12
[2.462s] [35m[1mScanning dependencies of target VideoCaptureNode[0m
[2.745s] [ 50%] [32mBuilding CXX object CMakeFiles/VideoCaptureNode.dir/src/VideoCaptureNode.cpp.o[0m
[7.004s] [100%] [32m[1mLinking CXX executable VideoCaptureNode[0m
[12.041s] /usr/bin/ld: warning: libopencv_core.so.4.2, needed by /opt/ros/foxy/lib/libcv_bridge.so, may conflict with libopencv_core.so.406
[12.049s] [100%] Built target VideoCaptureNode
[12.059s] Invoked command in '/home/purduerm/ros2-ws/auto-aiming/build/webcam_publisher' returned '0': CMAKE_PREFIX_PATH=/opt/ros/foxy /usr/bin/cmake --build /home/purduerm/ros2-ws/auto-aiming/build/webcam_publisher -- -j12 -l12
[12.062s] Invoking command in '/home/purduerm/ros2-ws/auto-aiming/build/webcam_publisher': CMAKE_PREFIX_PATH=/opt/ros/foxy /usr/bin/cmake --install /home/purduerm/ros2-ws/auto-aiming/build/webcam_publisher
[12.069s] -- Install configuration: "Release"
[12.069s] -- Execute custom install script
[12.069s] -- Symlinking: /home/purduerm/ros2-ws/auto-aiming/install/webcam_publisher/lib/webcam_publisher/VideoCaptureNode
[12.077s] -- Symlinking: /home/purduerm/ros2-ws/auto-aiming/install/webcam_publisher/share/webcam_publisher/launch/video.py
[12.083s] -- Symlinking: /home/purduerm/ros2-ws/auto-aiming/install/webcam_publisher/share/webcam_publisher/launch/webcam.py
[12.090s] -- Symlinking: /home/purduerm/ros2-ws/auto-aiming/install/webcam_publisher/share/webcam_publisher/resources/1.mp4
[12.096s] -- Symlinking: /home/purduerm/ros2-ws/auto-aiming/install/webcam_publisher/share/webcam_publisher/config/webcam_info.yaml
[12.102s] -- Symlinking: /home/purduerm/ros2-ws/auto-aiming/install/webcam_publisher/share/ament_index/resource_index/package_run_dependencies/webcam_publisher
[12.109s] -- Symlinking: /home/purduerm/ros2-ws/auto-aiming/install/webcam_publisher/share/ament_index/resource_index/parent_prefix_path/webcam_publisher
[12.115s] -- Symlinking: /home/purduerm/ros2-ws/auto-aiming/install/webcam_publisher/share/webcam_publisher/environment/ament_prefix_path.sh
[12.121s] -- Symlinking: /home/purduerm/ros2-ws/auto-aiming/install/webcam_publisher/share/webcam_publisher/environment/ament_prefix_path.dsv
[12.128s] -- Symlinking: /home/purduerm/ros2-ws/auto-aiming/install/webcam_publisher/share/webcam_publisher/environment/path.sh
[12.134s] -- Symlinking: /home/purduerm/ros2-ws/auto-aiming/install/webcam_publisher/share/webcam_publisher/environment/path.dsv
[12.140s] -- Symlinking: /home/purduerm/ros2-ws/auto-aiming/install/webcam_publisher/share/webcam_publisher/local_setup.bash
[12.146s] -- Symlinking: /home/purduerm/ros2-ws/auto-aiming/install/webcam_publisher/share/webcam_publisher/local_setup.sh
[12.152s] -- Symlinking: /home/purduerm/ros2-ws/auto-aiming/install/webcam_publisher/share/webcam_publisher/local_setup.zsh
[12.158s] -- Symlinking: /home/purduerm/ros2-ws/auto-aiming/install/webcam_publisher/share/webcam_publisher/local_setup.dsv
[12.164s] -- Symlinking: /home/purduerm/ros2-ws/auto-aiming/install/webcam_publisher/share/webcam_publisher/package.dsv
[12.170s] -- Symlinking: /home/purduerm/ros2-ws/auto-aiming/install/webcam_publisher/share/ament_index/resource_index/packages/webcam_publisher
[12.176s] -- Symlinking: /home/purduerm/ros2-ws/auto-aiming/install/webcam_publisher/share/webcam_publisher/cmake/ament_cmake_export_include_directories-extras.cmake
[12.183s] -- Symlinking: /home/purduerm/ros2-ws/auto-aiming/install/webcam_publisher/share/webcam_publisher/cmake/ament_cmake_export_dependencies-extras.cmake
[12.189s] -- Symlinking: /home/purduerm/ros2-ws/auto-aiming/install/webcam_publisher/share/webcam_publisher/cmake/webcam_publisherConfig.cmake
[12.195s] -- Symlinking: /home/purduerm/ros2-ws/auto-aiming/install/webcam_publisher/share/webcam_publisher/cmake/webcam_publisherConfig-version.cmake
[12.201s] -- Symlinking: /home/purduerm/ros2-ws/auto-aiming/install/webcam_publisher/share/webcam_publisher/package.xml
[12.218s] Invoked command in '/home/purduerm/ros2-ws/auto-aiming/build/webcam_publisher' returned '0': CMAKE_PREFIX_PATH=/opt/ros/foxy /usr/bin/cmake --install /home/purduerm/ros2-ws/auto-aiming/build/webcam_publisher
