[0.219s] [34mcolcon[0m [1;30mDEBUG[0m [32mCommand line arguments: ['/usr/bin/colcon', 'build', '--symlink-install', '--cmake-args', '-DCMAKE_BUILD_TYPE=Release', '-DCMAKE_CXX_FLAGS_RELEASE=-O3', '--allow-overriding', 'opencv_armor_detector'][0m
[0.219s] [34mcolcon[0m [1;30mDEBUG[0m [32mParsed command line arguments: Namespace(allow_overriding=['opencv_armor_detector'], ament_cmake_args=None, base_paths=['.'], build_base='build', catkin_cmake_args=None, catkin_skip_building_tests=False, cmake_args=['-DCMAKE_BUILD_TYPE=Release', '-DCMAKE_CXX_FLAGS_RELEASE=-O3'], cmake_clean_cache=False, cmake_clean_first=False, cmake_force_configure=False, cmake_target=None, cmake_target_skip_unavailable=False, continue_on_error=False, event_handlers=None, executor='parallel', ignore_user_meta=False, install_base='install', log_base=None, log_level=None, main=<bound method BuildVerb.main of <colcon_core.verb.build.BuildVerb object at 0x7f67b03ac250>>, merge_install=False, metas=['./colcon.meta'], mixin=None, mixin_files=None, mixin_verb=('build',), packages_above=None, packages_above_and_dependencies=None, packages_above_depth=None, packages_end=None, packages_ignore=None, packages_ignore_regex=None, packages_select=None, packages_select_build_failed=False, packages_select_by_dep=None, packages_select_regex=None, packages_select_test_failures=False, packages_skip=None, packages_skip_build_finished=False, packages_skip_by_dep=None, packages_skip_regex=None, packages_skip_test_passed=False, packages_skip_up_to=None, packages_start=None, packages_up_to=None, packages_up_to_regex=None, parallel_workers=12, paths=None, symlink_install=True, test_result_base=None, verb_extension=<colcon_core.verb.build.BuildVerb object at 0x7f67b03ac250>, verb_name='build', verb_parser=<colcon_mixin.mixin.mixin_argument.MixinArgumentDecorator object at 0x7f67b0279ca0>)[0m
[0.388s] [34mcolcon.colcon_core.package_discovery[0m [1;30mLevel 1[0m discover_packages(colcon_meta) check parameters
[0.388s] [34mcolcon.colcon_core.package_discovery[0m [1;30mLevel 1[0m discover_packages(recursive) check parameters
[0.388s] [34mcolcon.colcon_core.package_discovery[0m [1;30mLevel 1[0m discover_packages(ignore) check parameters
[0.388s] [34mcolcon.colcon_core.package_discovery[0m [1;30mLevel 1[0m discover_packages(path) check parameters
[0.388s] [34mcolcon.colcon_core.package_discovery[0m [1;30mLevel 1[0m discover_packages(colcon_meta) discover
[0.388s] [34mcolcon.colcon_core.package_discovery[0m [1;30mLevel 1[0m discover_packages(recursive) discover
[0.388s] [34mcolcon.colcon_core.package_discovery[0m [1;30mINFO[0m Crawling recursively for packages in '/home/purduerm/ros2-ws/auto-aiming'
[0.388s] [34mcolcon.colcon_core.package_identification[0m [1;30mLevel 1[0m _identify(.) by extensions ['ignore', 'ignore_ament_install']
[0.388s] [34mcolcon.colcon_core.package_identification[0m [1;30mLevel 1[0m _identify(.) by extension 'ignore'
[0.388s] [34mcolcon.colcon_core.package_identification[0m [1;30mLevel 1[0m _identify(.) by extension 'ignore_ament_install'
[0.388s] [34mcolcon.colcon_core.package_identification[0m [1;30mLevel 1[0m _identify(.) by extensions ['colcon_pkg']
[0.388s] [34mcolcon.colcon_core.package_identification[0m [1;30mLevel 1[0m _identify(.) by extension 'colcon_pkg'
[0.388s] [34mcolcon.colcon_core.package_identification[0m [1;30mLevel 1[0m _identify(.) by extensions ['colcon_meta']
[0.388s] [34mcolcon.colcon_core.package_identification[0m [1;30mLevel 1[0m _identify(.) by extension 'colcon_meta'
[0.388s] [34mcolcon.colcon_core.package_identification[0m [1;30mLevel 1[0m _identify(.) by extensions ['ros']
[0.388s] [34mcolcon.colcon_core.package_identification[0m [1;30mLevel 1[0m _identify(.) by extension 'ros'
[0.409s] [34mcolcon.colcon_core.package_identification[0m [1;30mLevel 1[0m _identify(.) by extensions ['cmake', 'python']
[0.409s] [34mcolcon.colcon_core.package_identification[0m [1;30mLevel 1[0m _identify(.) by extension 'cmake'
[0.409s] [34mcolcon.colcon_core.package_identification[0m [1;30mLevel 1[0m _identify(.) by extension 'python'
[0.409s] [34mcolcon.colcon_core.package_identification[0m [1;30mLevel 1[0m _identify(.) by extensions ['python_setup_py']
[0.409s] [34mcolcon.colcon_core.package_identification[0m [1;30mLevel 1[0m _identify(.) by extension 'python_setup_py'
[0.409s] [34mcolcon.colcon_core.package_identification[0m [1;30mLevel 1[0m _identify(build) by extensions ['ignore', 'ignore_ament_install']
[0.409s] [34mcolcon.colcon_core.package_identification[0m [1;30mLevel 1[0m _identify(build) by extension 'ignore'
[0.409s] [34mcolcon.colcon_core.package_identification[0m [1;30mLevel 1[0m _identify(build) ignored
[0.409s] [34mcolcon.colcon_core.package_identification[0m [1;30mLevel 1[0m _identify(install) by extensions ['ignore', 'ignore_ament_install']
[0.409s] [34mcolcon.colcon_core.package_identification[0m [1;30mLevel 1[0m _identify(install) by extension 'ignore'
[0.409s] [34mcolcon.colcon_core.package_identification[0m [1;30mLevel 1[0m _identify(install) ignored
[0.409s] [34mcolcon.colcon_core.package_identification[0m [1;30mLevel 1[0m _identify(log) by extensions ['ignore', 'ignore_ament_install']
[0.409s] [34mcolcon.colcon_core.package_identification[0m [1;30mLevel 1[0m _identify(log) by extension 'ignore'
[0.410s] [34mcolcon.colcon_core.package_identification[0m [1;30mLevel 1[0m _identify(log) ignored
[0.410s] [34mcolcon.colcon_core.package_identification[0m [1;30mLevel 1[0m _identify(src) by extensions ['ignore', 'ignore_ament_install']
[0.410s] [34mcolcon.colcon_core.package_identification[0m [1;30mLevel 1[0m _identify(src) by extension 'ignore'
[0.410s] [34mcolcon.colcon_core.package_identification[0m [1;30mLevel 1[0m _identify(src) by extension 'ignore_ament_install'
[0.410s] [34mcolcon.colcon_core.package_identification[0m [1;30mLevel 1[0m _identify(src) by extensions ['colcon_pkg']
[0.410s] [34mcolcon.colcon_core.package_identification[0m [1;30mLevel 1[0m _identify(src) by extension 'colcon_pkg'
[0.410s] [34mcolcon.colcon_core.package_identification[0m [1;30mLevel 1[0m _identify(src) by extensions ['colcon_meta']
[0.410s] [34mcolcon.colcon_core.package_identification[0m [1;30mLevel 1[0m _identify(src) by extension 'colcon_meta'
[0.410s] [34mcolcon.colcon_core.package_identification[0m [1;30mLevel 1[0m _identify(src) by extensions ['ros']
[0.410s] [34mcolcon.colcon_core.package_identification[0m [1;30mLevel 1[0m _identify(src) by extension 'ros'
[0.410s] [34mcolcon.colcon_core.package_identification[0m [1;30mLevel 1[0m _identify(src) by extensions ['cmake', 'python']
[0.410s] [34mcolcon.colcon_core.package_identification[0m [1;30mLevel 1[0m _identify(src) by extension 'cmake'
[0.410s] [34mcolcon.colcon_core.package_identification[0m [1;30mLevel 1[0m _identify(src) by extension 'python'
[0.410s] [34mcolcon.colcon_core.package_identification[0m [1;30mLevel 1[0m _identify(src) by extensions ['python_setup_py']
[0.410s] [34mcolcon.colcon_core.package_identification[0m [1;30mLevel 1[0m _identify(src) by extension 'python_setup_py'
[0.410s] [34mcolcon.colcon_core.package_identification[0m [1;30mLevel 1[0m _identify(src/prm_camera) by extensions ['ignore', 'ignore_ament_install']
[0.410s] [34mcolcon.colcon_core.package_identification[0m [1;30mLevel 1[0m _identify(src/prm_camera) by extension 'ignore'
[0.410s] [34mcolcon.colcon_core.package_identification[0m [1;30mLevel 1[0m _identify(src/prm_camera) by extension 'ignore_ament_install'
[0.410s] [34mcolcon.colcon_core.package_identification[0m [1;30mLevel 1[0m _identify(src/prm_camera) by extensions ['colcon_pkg']
[0.410s] [34mcolcon.colcon_core.package_identification[0m [1;30mLevel 1[0m _identify(src/prm_camera) by extension 'colcon_pkg'
[0.410s] [34mcolcon.colcon_core.package_identification[0m [1;30mLevel 1[0m _identify(src/prm_camera) by extensions ['colcon_meta']
[0.410s] [34mcolcon.colcon_core.package_identification[0m [1;30mLevel 1[0m _identify(src/prm_camera) by extension 'colcon_meta'
[0.410s] [34mcolcon.colcon_core.package_identification[0m [1;30mLevel 1[0m _identify(src/prm_camera) by extensions ['ros']
[0.410s] [34mcolcon.colcon_core.package_identification[0m [1;30mLevel 1[0m _identify(src/prm_camera) by extension 'ros'
[0.411s] [34mcolcon.colcon_core.package_identification[0m [1;30mLevel 1[0m _identify(src/prm_camera) by extensions ['cmake', 'python']
[0.411s] [34mcolcon.colcon_core.package_identification[0m [1;30mLevel 1[0m _identify(src/prm_camera) by extension 'cmake'
[0.411s] [34mcolcon.colcon_core.package_identification[0m [1;30mLevel 1[0m _identify(src/prm_camera) by extension 'python'
[0.411s] [34mcolcon.colcon_core.package_identification[0m [1;30mLevel 1[0m _identify(src/prm_camera) by extensions ['python_setup_py']
[0.411s] [34mcolcon.colcon_core.package_identification[0m [1;30mLevel 1[0m _identify(src/prm_camera) by extension 'python_setup_py'
[0.411s] [34mcolcon.colcon_core.package_identification[0m [1;30mLevel 1[0m _identify(src/prm_camera/mv_publisher) by extensions ['ignore', 'ignore_ament_install']
[0.411s] [34mcolcon.colcon_core.package_identification[0m [1;30mLevel 1[0m _identify(src/prm_camera/mv_publisher) by extension 'ignore'
[0.411s] [34mcolcon.colcon_core.package_identification[0m [1;30mLevel 1[0m _identify(src/prm_camera/mv_publisher) by extension 'ignore_ament_install'
[0.411s] [34mcolcon.colcon_core.package_identification[0m [1;30mLevel 1[0m _identify(src/prm_camera/mv_publisher) by extensions ['colcon_pkg']
[0.411s] [34mcolcon.colcon_core.package_identification[0m [1;30mLevel 1[0m _identify(src/prm_camera/mv_publisher) by extension 'colcon_pkg'
[0.411s] [34mcolcon.colcon_core.package_identification[0m [1;30mLevel 1[0m _identify(src/prm_camera/mv_publisher) by extensions ['colcon_meta']
[0.411s] [34mcolcon.colcon_core.package_identification[0m [1;30mLevel 1[0m _identify(src/prm_camera/mv_publisher) by extension 'colcon_meta'
[0.411s] [34mcolcon.colcon_core.package_identification[0m [1;30mLevel 1[0m _identify(src/prm_camera/mv_publisher) by extensions ['ros']
[0.411s] [34mcolcon.colcon_core.package_identification[0m [1;30mLevel 1[0m _identify(src/prm_camera/mv_publisher) by extension 'ros'
[0.413s] [34mcolcon.colcon_core.package_identification[0m [1;30mDEBUG[0m [32mPackage 'src/prm_camera/mv_publisher' with type 'ros.ament_cmake' and name 'mv_publisher'[0m
[0.413s] [34mcolcon.colcon_core.package_identification[0m [1;30mLevel 1[0m _identify(src/prm_camera/recorder_cv) by extensions ['ignore', 'ignore_ament_install']
[0.413s] [34mcolcon.colcon_core.package_identification[0m [1;30mLevel 1[0m _identify(src/prm_camera/recorder_cv) by extension 'ignore'
[0.413s] [34mcolcon.colcon_core.package_identification[0m [1;30mLevel 1[0m _identify(src/prm_camera/recorder_cv) by extension 'ignore_ament_install'
[0.413s] [34mcolcon.colcon_core.package_identification[0m [1;30mLevel 1[0m _identify(src/prm_camera/recorder_cv) by extensions ['colcon_pkg']
[0.414s] [34mcolcon.colcon_core.package_identification[0m [1;30mLevel 1[0m _identify(src/prm_camera/recorder_cv) by extension 'colcon_pkg'
[0.414s] [34mcolcon.colcon_core.package_identification[0m [1;30mLevel 1[0m _identify(src/prm_camera/recorder_cv) by extensions ['colcon_meta']
[0.414s] [34mcolcon.colcon_core.package_identification[0m [1;30mLevel 1[0m _identify(src/prm_camera/recorder_cv) by extension 'colcon_meta'
[0.414s] [34mcolcon.colcon_core.package_identification[0m [1;30mLevel 1[0m _identify(src/prm_camera/recorder_cv) by extensions ['ros']
[0.414s] [34mcolcon.colcon_core.package_identification[0m [1;30mLevel 1[0m _identify(src/prm_camera/recorder_cv) by extension 'ros'
[0.414s] [34mcolcon.colcon_core.package_identification[0m [1;30mDEBUG[0m [32mPackage 'src/prm_camera/recorder_cv' with type 'ros.ament_cmake' and name 'recorder'[0m
[0.414s] [34mcolcon.colcon_core.package_identification[0m [1;30mLevel 1[0m _identify(src/prm_camera/webcam_publisher) by extensions ['ignore', 'ignore_ament_install']
[0.414s] [34mcolcon.colcon_core.package_identification[0m [1;30mLevel 1[0m _identify(src/prm_camera/webcam_publisher) by extension 'ignore'
[0.414s] [34mcolcon.colcon_core.package_identification[0m [1;30mLevel 1[0m _identify(src/prm_camera/webcam_publisher) by extension 'ignore_ament_install'
[0.414s] [34mcolcon.colcon_core.package_identification[0m [1;30mLevel 1[0m _identify(src/prm_camera/webcam_publisher) by extensions ['colcon_pkg']
[0.414s] [34mcolcon.colcon_core.package_identification[0m [1;30mLevel 1[0m _identify(src/prm_camera/webcam_publisher) by extension 'colcon_pkg'
[0.414s] [34mcolcon.colcon_core.package_identification[0m [1;30mLevel 1[0m _identify(src/prm_camera/webcam_publisher) by extensions ['colcon_meta']
[0.414s] [34mcolcon.colcon_core.package_identification[0m [1;30mLevel 1[0m _identify(src/prm_camera/webcam_publisher) by extension 'colcon_meta'
[0.414s] [34mcolcon.colcon_core.package_identification[0m [1;30mLevel 1[0m _identify(src/prm_camera/webcam_publisher) by extensions ['ros']
[0.414s] [34mcolcon.colcon_core.package_identification[0m [1;30mLevel 1[0m _identify(src/prm_camera/webcam_publisher) by extension 'ros'
[0.415s] [34mcolcon.colcon_core.package_identification[0m [1;30mDEBUG[0m [32mPackage 'src/prm_camera/webcam_publisher' with type 'ros.ament_cmake' and name 'webcam_publisher'[0m
[0.415s] [34mcolcon.colcon_core.package_identification[0m [1;30mLevel 1[0m _identify(src/prm_control) by extensions ['ignore', 'ignore_ament_install']
[0.415s] [34mcolcon.colcon_core.package_identification[0m [1;30mLevel 1[0m _identify(src/prm_control) by extension 'ignore'
[0.415s] [34mcolcon.colcon_core.package_identification[0m [1;30mLevel 1[0m _identify(src/prm_control) by extension 'ignore_ament_install'
[0.415s] [34mcolcon.colcon_core.package_identification[0m [1;30mLevel 1[0m _identify(src/prm_control) by extensions ['colcon_pkg']
[0.415s] [34mcolcon.colcon_core.package_identification[0m [1;30mLevel 1[0m _identify(src/prm_control) by extension 'colcon_pkg'
[0.416s] [34mcolcon.colcon_core.package_identification[0m [1;30mLevel 1[0m _identify(src/prm_control) by extensions ['colcon_meta']
[0.416s] [34mcolcon.colcon_core.package_identification[0m [1;30mLevel 1[0m _identify(src/prm_control) by extension 'colcon_meta'
[0.416s] [34mcolcon.colcon_core.package_identification[0m [1;30mLevel 1[0m _identify(src/prm_control) by extensions ['ros']
[0.416s] [34mcolcon.colcon_core.package_identification[0m [1;30mLevel 1[0m _identify(src/prm_control) by extension 'ros'
[0.416s] [34mcolcon.colcon_core.package_identification[0m [1;30mLevel 1[0m _identify(src/prm_control) by extensions ['cmake', 'python']
[0.416s] [34mcolcon.colcon_core.package_identification[0m [1;30mLevel 1[0m _identify(src/prm_control) by extension 'cmake'
[0.416s] [34mcolcon.colcon_core.package_identification[0m [1;30mLevel 1[0m _identify(src/prm_control) by extension 'python'
[0.416s] [34mcolcon.colcon_core.package_identification[0m [1;30mLevel 1[0m _identify(src/prm_control) by extensions ['python_setup_py']
[0.416s] [34mcolcon.colcon_core.package_identification[0m [1;30mLevel 1[0m _identify(src/prm_control) by extension 'python_setup_py'
[0.416s] [34mcolcon.colcon_core.package_identification[0m [1;30mLevel 1[0m _identify(src/prm_control/control_communicator) by extensions ['ignore', 'ignore_ament_install']
[0.416s] [34mcolcon.colcon_core.package_identification[0m [1;30mLevel 1[0m _identify(src/prm_control/control_communicator) by extension 'ignore'
[0.416s] [34mcolcon.colcon_core.package_identification[0m [1;30mLevel 1[0m _identify(src/prm_control/control_communicator) by extension 'ignore_ament_install'
[0.416s] [34mcolcon.colcon_core.package_identification[0m [1;30mLevel 1[0m _identify(src/prm_control/control_communicator) by extensions ['colcon_pkg']
[0.416s] [34mcolcon.colcon_core.package_identification[0m [1;30mLevel 1[0m _identify(src/prm_control/control_communicator) by extension 'colcon_pkg'
[0.416s] [34mcolcon.colcon_core.package_identification[0m [1;30mLevel 1[0m _identify(src/prm_control/control_communicator) by extensions ['colcon_meta']
[0.416s] [34mcolcon.colcon_core.package_identification[0m [1;30mLevel 1[0m _identify(src/prm_control/control_communicator) by extension 'colcon_meta'
[0.416s] [34mcolcon.colcon_core.package_identification[0m [1;30mLevel 1[0m _identify(src/prm_control/control_communicator) by extensions ['ros']
[0.416s] [34mcolcon.colcon_core.package_identification[0m [1;30mLevel 1[0m _identify(src/prm_control/control_communicator) by extension 'ros'
[0.417s] [34mcolcon.colcon_core.package_identification[0m [1;30mDEBUG[0m [32mPackage 'src/prm_control/control_communicator' with type 'ros.ament_cmake' and name 'control_communicator'[0m
[0.417s] [34mcolcon.colcon_core.package_identification[0m [1;30mLevel 1[0m _identify(src/prm_launch) by extensions ['ignore', 'ignore_ament_install']
[0.417s] [34mcolcon.colcon_core.package_identification[0m [1;30mLevel 1[0m _identify(src/prm_launch) by extension 'ignore'
[0.417s] [34mcolcon.colcon_core.package_identification[0m [1;30mLevel 1[0m _identify(src/prm_launch) by extension 'ignore_ament_install'
[0.417s] [34mcolcon.colcon_core.package_identification[0m [1;30mLevel 1[0m _identify(src/prm_launch) by extensions ['colcon_pkg']
[0.417s] [34mcolcon.colcon_core.package_identification[0m [1;30mLevel 1[0m _identify(src/prm_launch) by extension 'colcon_pkg'
[0.417s] [34mcolcon.colcon_core.package_identification[0m [1;30mLevel 1[0m _identify(src/prm_launch) by extensions ['colcon_meta']
[0.417s] [34mcolcon.colcon_core.package_identification[0m [1;30mLevel 1[0m _identify(src/prm_launch) by extension 'colcon_meta'
[0.417s] [34mcolcon.colcon_core.package_identification[0m [1;30mLevel 1[0m _identify(src/prm_launch) by extensions ['ros']
[0.417s] [34mcolcon.colcon_core.package_identification[0m [1;30mLevel 1[0m _identify(src/prm_launch) by extension 'ros'
[0.418s] [34mcolcon.colcon_core.package_identification[0m [1;30mDEBUG[0m [32mPackage 'src/prm_launch' with type 'ros.ament_cmake' and name 'prm_launch'[0m
[0.418s] [34mcolcon.colcon_core.package_identification[0m [1;30mLevel 1[0m _identify(src/prm_vision) by extensions ['ignore', 'ignore_ament_install']
[0.418s] [34mcolcon.colcon_core.package_identification[0m [1;30mLevel 1[0m _identify(src/prm_vision) by extension 'ignore'
[0.418s] [34mcolcon.colcon_core.package_identification[0m [1;30mLevel 1[0m _identify(src/prm_vision) by extension 'ignore_ament_install'
[0.418s] [34mcolcon.colcon_core.package_identification[0m [1;30mLevel 1[0m _identify(src/prm_vision) by extensions ['colcon_pkg']
[0.418s] [34mcolcon.colcon_core.package_identification[0m [1;30mLevel 1[0m _identify(src/prm_vision) by extension 'colcon_pkg'
[0.418s] [34mcolcon.colcon_core.package_identification[0m [1;30mLevel 1[0m _identify(src/prm_vision) by extensions ['colcon_meta']
[0.418s] [34mcolcon.colcon_core.package_identification[0m [1;30mLevel 1[0m _identify(src/prm_vision) by extension 'colcon_meta'
[0.418s] [34mcolcon.colcon_core.package_identification[0m [1;30mLevel 1[0m _identify(src/prm_vision) by extensions ['ros']
[0.418s] [34mcolcon.colcon_core.package_identification[0m [1;30mLevel 1[0m _identify(src/prm_vision) by extension 'ros'
[0.418s] [34mcolcon.colcon_core.package_identification[0m [1;30mLevel 1[0m _identify(src/prm_vision) by extensions ['cmake', 'python']
[0.418s] [34mcolcon.colcon_core.package_identification[0m [1;30mLevel 1[0m _identify(src/prm_vision) by extension 'cmake'
[0.418s] [34mcolcon.colcon_core.package_identification[0m [1;30mLevel 1[0m _identify(src/prm_vision) by extension 'python'
[0.418s] [34mcolcon.colcon_core.package_identification[0m [1;30mLevel 1[0m _identify(src/prm_vision) by extensions ['python_setup_py']
[0.418s] [34mcolcon.colcon_core.package_identification[0m [1;30mLevel 1[0m _identify(src/prm_vision) by extension 'python_setup_py'
[0.418s] [34mcolcon.colcon_core.package_identification[0m [1;30mLevel 1[0m _identify(src/prm_vision/opencv_armor_detector) by extensions ['ignore', 'ignore_ament_install']
[0.419s] [34mcolcon.colcon_core.package_identification[0m [1;30mLevel 1[0m _identify(src/prm_vision/opencv_armor_detector) by extension 'ignore'
[0.419s] [34mcolcon.colcon_core.package_identification[0m [1;30mLevel 1[0m _identify(src/prm_vision/opencv_armor_detector) by extension 'ignore_ament_install'
[0.419s] [34mcolcon.colcon_core.package_identification[0m [1;30mLevel 1[0m _identify(src/prm_vision/opencv_armor_detector) by extensions ['colcon_pkg']
[0.419s] [34mcolcon.colcon_core.package_identification[0m [1;30mLevel 1[0m _identify(src/prm_vision/opencv_armor_detector) by extension 'colcon_pkg'
[0.419s] [34mcolcon.colcon_core.package_identification[0m [1;30mLevel 1[0m _identify(src/prm_vision/opencv_armor_detector) by extensions ['colcon_meta']
[0.419s] [34mcolcon.colcon_core.package_identification[0m [1;30mLevel 1[0m _identify(src/prm_vision/opencv_armor_detector) by extension 'colcon_meta'
[0.419s] [34mcolcon.colcon_core.package_identification[0m [1;30mLevel 1[0m _identify(src/prm_vision/opencv_armor_detector) by extensions ['ros']
[0.419s] [34mcolcon.colcon_core.package_identification[0m [1;30mLevel 1[0m _identify(src/prm_vision/opencv_armor_detector) by extension 'ros'
[0.419s] [34mcolcon.colcon_core.package_identification[0m [1;30mDEBUG[0m [32mPackage 'src/prm_vision/opencv_armor_detector' with type 'ros.ament_cmake' and name 'opencv_armor_detector'[0m
[0.420s] [34mcolcon.colcon_core.package_identification[0m [1;30mLevel 1[0m _identify(src/prm_vision/pose_estimator) by extensions ['ignore', 'ignore_ament_install']
[0.420s] [34mcolcon.colcon_core.package_identification[0m [1;30mLevel 1[0m _identify(src/prm_vision/pose_estimator) by extension 'ignore'
[0.420s] [34mcolcon.colcon_core.package_identification[0m [1;30mLevel 1[0m _identify(src/prm_vision/pose_estimator) by extension 'ignore_ament_install'
[0.420s] [34mcolcon.colcon_core.package_identification[0m [1;30mLevel 1[0m _identify(src/prm_vision/pose_estimator) by extensions ['colcon_pkg']
[0.420s] [34mcolcon.colcon_core.package_identification[0m [1;30mLevel 1[0m _identify(src/prm_vision/pose_estimator) by extension 'colcon_pkg'
[0.420s] [34mcolcon.colcon_core.package_identification[0m [1;30mLevel 1[0m _identify(src/prm_vision/pose_estimator) by extensions ['colcon_meta']
[0.420s] [34mcolcon.colcon_core.package_identification[0m [1;30mLevel 1[0m _identify(src/prm_vision/pose_estimator) by extension 'colcon_meta'
[0.420s] [34mcolcon.colcon_core.package_identification[0m [1;30mLevel 1[0m _identify(src/prm_vision/pose_estimator) by extensions ['ros']
[0.420s] [34mcolcon.colcon_core.package_identification[0m [1;30mLevel 1[0m _identify(src/prm_vision/pose_estimator) by extension 'ros'
[0.420s] [34mcolcon.colcon_core.package_identification[0m [1;30mDEBUG[0m [32mPackage 'src/prm_vision/pose_estimator' with type 'ros.ament_cmake' and name 'pose_estimator'[0m
[0.421s] [34mcolcon.colcon_core.package_identification[0m [1;30mLevel 1[0m _identify(src/prm_vision/vision_msgs) by extensions ['ignore', 'ignore_ament_install']
[0.421s] [34mcolcon.colcon_core.package_identification[0m [1;30mLevel 1[0m _identify(src/prm_vision/vision_msgs) by extension 'ignore'
[0.421s] [34mcolcon.colcon_core.package_identification[0m [1;30mLevel 1[0m _identify(src/prm_vision/vision_msgs) by extension 'ignore_ament_install'
[0.421s] [34mcolcon.colcon_core.package_identification[0m [1;30mLevel 1[0m _identify(src/prm_vision/vision_msgs) by extensions ['colcon_pkg']
[0.421s] [34mcolcon.colcon_core.package_identification[0m [1;30mLevel 1[0m _identify(src/prm_vision/vision_msgs) by extension 'colcon_pkg'
[0.421s] [34mcolcon.colcon_core.package_identification[0m [1;30mLevel 1[0m _identify(src/prm_vision/vision_msgs) by extensions ['colcon_meta']
[0.421s] [34mcolcon.colcon_core.package_identification[0m [1;30mLevel 1[0m _identify(src/prm_vision/vision_msgs) by extension 'colcon_meta'
[0.421s] [34mcolcon.colcon_core.package_identification[0m [1;30mLevel 1[0m _identify(src/prm_vision/vision_msgs) by extensions ['ros']
[0.421s] [34mcolcon.colcon_core.package_identification[0m [1;30mLevel 1[0m _identify(src/prm_vision/vision_msgs) by extension 'ros'
[0.421s] [34mcolcon.colcon_core.package_identification[0m [1;30mDEBUG[0m [32mPackage 'src/prm_vision/vision_msgs' with type 'ros.ament_cmake' and name 'vision_msgs'[0m
[0.421s] [34mcolcon.colcon_core.package_discovery[0m [1;30mLevel 1[0m discover_packages(recursive) using defaults
[0.421s] [34mcolcon.colcon_core.package_discovery[0m [1;30mLevel 1[0m discover_packages(ignore) discover
[0.421s] [34mcolcon.colcon_core.package_discovery[0m [1;30mLevel 1[0m discover_packages(ignore) using defaults
[0.421s] [34mcolcon.colcon_core.package_discovery[0m [1;30mLevel 1[0m discover_packages(path) discover
[0.421s] [34mcolcon.colcon_core.package_discovery[0m [1;30mLevel 1[0m discover_packages(path) using defaults
[0.433s] [34mcolcon.colcon_core.package_discovery[0m [1;30mLevel 1[0m discover_packages(prefix_path) check parameters
[0.433s] [34mcolcon.colcon_core.package_discovery[0m [1;30mLevel 1[0m discover_packages(prefix_path) discover
[0.435s] [34mcolcon.colcon_installed_package_information.package_discovery[0m [1;30mDEBUG[0m [32mFound 313 installed packages in /opt/ros/foxy[0m
[0.437s] [34mcolcon.colcon_core.package_discovery[0m [1;30mLevel 1[0m discover_packages(prefix_path) using defaults
[0.497s] [34mcolcon.colcon_core.verb[0m [1;30mLevel 5[0m set package 'mv_publisher' build argument 'cmake_args' from command line to '['-DCMAKE_BUILD_TYPE=Release', '-DCMAKE_CXX_FLAGS_RELEASE=-O3']'
[0.497s] [34mcolcon.colcon_core.verb[0m [1;30mLevel 5[0m set package 'mv_publisher' build argument 'cmake_target' from command line to 'None'
[0.497s] [34mcolcon.colcon_core.verb[0m [1;30mLevel 5[0m set package 'mv_publisher' build argument 'cmake_target_skip_unavailable' from command line to 'False'
[0.497s] [34mcolcon.colcon_core.verb[0m [1;30mLevel 5[0m set package 'mv_publisher' build argument 'cmake_clean_cache' from command line to 'False'
[0.497s] [34mcolcon.colcon_core.verb[0m [1;30mLevel 5[0m set package 'mv_publisher' build argument 'cmake_clean_first' from command line to 'False'
[0.497s] [34mcolcon.colcon_core.verb[0m [1;30mLevel 5[0m set package 'mv_publisher' build argument 'cmake_force_configure' from command line to 'False'
[0.497s] [34mcolcon.colcon_core.verb[0m [1;30mLevel 5[0m set package 'mv_publisher' build argument 'ament_cmake_args' from command line to 'None'
[0.497s] [34mcolcon.colcon_core.verb[0m [1;30mLevel 5[0m set package 'mv_publisher' build argument 'catkin_cmake_args' from command line to 'None'
[0.497s] [34mcolcon.colcon_core.verb[0m [1;30mLevel 5[0m set package 'mv_publisher' build argument 'catkin_skip_building_tests' from command line to 'False'
[0.497s] [34mcolcon.colcon_core.verb[0m [1;30mDEBUG[0m [32mBuilding package 'mv_publisher' with the following arguments: {'ament_cmake_args': None, 'build_base': '/home/purduerm/ros2-ws/auto-aiming/build/mv_publisher', 'catkin_cmake_args': None, 'catkin_skip_building_tests': False, 'cmake_args': ['-DCMAKE_BUILD_TYPE=Release', '-DCMAKE_CXX_FLAGS_RELEASE=-O3'], 'cmake_clean_cache': False, 'cmake_clean_first': False, 'cmake_force_configure': False, 'cmake_target': None, 'cmake_target_skip_unavailable': False, 'install_base': '/home/purduerm/ros2-ws/auto-aiming/install/mv_publisher', 'merge_install': False, 'path': '/home/purduerm/ros2-ws/auto-aiming/src/prm_camera/mv_publisher', 'symlink_install': True, 'test_result_base': None}[0m
[0.498s] [34mcolcon.colcon_core.verb[0m [1;30mLevel 5[0m set package 'recorder' build argument 'cmake_args' from command line to '['-DCMAKE_BUILD_TYPE=Release', '-DCMAKE_CXX_FLAGS_RELEASE=-O3']'
[0.498s] [34mcolcon.colcon_core.verb[0m [1;30mLevel 5[0m set package 'recorder' build argument 'cmake_target' from command line to 'None'
[0.498s] [34mcolcon.colcon_core.verb[0m [1;30mLevel 5[0m set package 'recorder' build argument 'cmake_target_skip_unavailable' from command line to 'False'
[0.498s] [34mcolcon.colcon_core.verb[0m [1;30mLevel 5[0m set package 'recorder' build argument 'cmake_clean_cache' from command line to 'False'
[0.498s] [34mcolcon.colcon_core.verb[0m [1;30mLevel 5[0m set package 'recorder' build argument 'cmake_clean_first' from command line to 'False'
[0.498s] [34mcolcon.colcon_core.verb[0m [1;30mLevel 5[0m set package 'recorder' build argument 'cmake_force_configure' from command line to 'False'
[0.498s] [34mcolcon.colcon_core.verb[0m [1;30mLevel 5[0m set package 'recorder' build argument 'ament_cmake_args' from command line to 'None'
[0.498s] [34mcolcon.colcon_core.verb[0m [1;30mLevel 5[0m set package 'recorder' build argument 'catkin_cmake_args' from command line to 'None'
[0.498s] [34mcolcon.colcon_core.verb[0m [1;30mLevel 5[0m set package 'recorder' build argument 'catkin_skip_building_tests' from command line to 'False'
[0.498s] [34mcolcon.colcon_core.verb[0m [1;30mDEBUG[0m [32mBuilding package 'recorder' with the following arguments: {'ament_cmake_args': None, 'build_base': '/home/purduerm/ros2-ws/auto-aiming/build/recorder', 'catkin_cmake_args': None, 'catkin_skip_building_tests': False, 'cmake_args': ['-DCMAKE_BUILD_TYPE=Release', '-DCMAKE_CXX_FLAGS_RELEASE=-O3'], 'cmake_clean_cache': False, 'cmake_clean_first': False, 'cmake_force_configure': False, 'cmake_target': None, 'cmake_target_skip_unavailable': False, 'install_base': '/home/purduerm/ros2-ws/auto-aiming/install/recorder', 'merge_install': False, 'path': '/home/purduerm/ros2-ws/auto-aiming/src/prm_camera/recorder_cv', 'symlink_install': True, 'test_result_base': None}[0m
[0.498s] [34mcolcon.colcon_core.verb[0m [1;30mLevel 5[0m set package 'vision_msgs' build argument 'cmake_args' from command line to '['-DCMAKE_BUILD_TYPE=Release', '-DCMAKE_CXX_FLAGS_RELEASE=-O3']'
[0.498s] [34mcolcon.colcon_core.verb[0m [1;30mLevel 5[0m set package 'vision_msgs' build argument 'cmake_target' from command line to 'None'
[0.498s] [34mcolcon.colcon_core.verb[0m [1;30mLevel 5[0m set package 'vision_msgs' build argument 'cmake_target_skip_unavailable' from command line to 'False'
[0.498s] [34mcolcon.colcon_core.verb[0m [1;30mLevel 5[0m set package 'vision_msgs' build argument 'cmake_clean_cache' from command line to 'False'
[0.498s] [34mcolcon.colcon_core.verb[0m [1;30mLevel 5[0m set package 'vision_msgs' build argument 'cmake_clean_first' from command line to 'False'
[0.498s] [34mcolcon.colcon_core.verb[0m [1;30mLevel 5[0m set package 'vision_msgs' build argument 'cmake_force_configure' from command line to 'False'
[0.498s] [34mcolcon.colcon_core.verb[0m [1;30mLevel 5[0m set package 'vision_msgs' build argument 'ament_cmake_args' from command line to 'None'
[0.498s] [34mcolcon.colcon_core.verb[0m [1;30mLevel 5[0m set package 'vision_msgs' build argument 'catkin_cmake_args' from command line to 'None'
[0.498s] [34mcolcon.colcon_core.verb[0m [1;30mLevel 5[0m set package 'vision_msgs' build argument 'catkin_skip_building_tests' from command line to 'False'
[0.498s] [34mcolcon.colcon_core.verb[0m [1;30mDEBUG[0m [32mBuilding package 'vision_msgs' with the following arguments: {'ament_cmake_args': None, 'build_base': '/home/purduerm/ros2-ws/auto-aiming/build/vision_msgs', 'catkin_cmake_args': None, 'catkin_skip_building_tests': False, 'cmake_args': ['-DCMAKE_BUILD_TYPE=Release', '-DCMAKE_CXX_FLAGS_RELEASE=-O3'], 'cmake_clean_cache': False, 'cmake_clean_first': False, 'cmake_force_configure': False, 'cmake_target': None, 'cmake_target_skip_unavailable': False, 'install_base': '/home/purduerm/ros2-ws/auto-aiming/install/vision_msgs', 'merge_install': False, 'path': '/home/purduerm/ros2-ws/auto-aiming/src/prm_vision/vision_msgs', 'symlink_install': True, 'test_result_base': None}[0m
[0.499s] [34mcolcon.colcon_core.verb[0m [1;30mLevel 5[0m set package 'webcam_publisher' build argument 'cmake_args' from command line to '['-DCMAKE_BUILD_TYPE=Release', '-DCMAKE_CXX_FLAGS_RELEASE=-O3']'
[0.499s] [34mcolcon.colcon_core.verb[0m [1;30mLevel 5[0m set package 'webcam_publisher' build argument 'cmake_target' from command line to 'None'
[0.499s] [34mcolcon.colcon_core.verb[0m [1;30mLevel 5[0m set package 'webcam_publisher' build argument 'cmake_target_skip_unavailable' from command line to 'False'
[0.499s] [34mcolcon.colcon_core.verb[0m [1;30mLevel 5[0m set package 'webcam_publisher' build argument 'cmake_clean_cache' from command line to 'False'
[0.499s] [34mcolcon.colcon_core.verb[0m [1;30mLevel 5[0m set package 'webcam_publisher' build argument 'cmake_clean_first' from command line to 'False'
[0.499s] [34mcolcon.colcon_core.verb[0m [1;30mLevel 5[0m set package 'webcam_publisher' build argument 'cmake_force_configure' from command line to 'False'
[0.499s] [34mcolcon.colcon_core.verb[0m [1;30mLevel 5[0m set package 'webcam_publisher' build argument 'ament_cmake_args' from command line to 'None'
[0.499s] [34mcolcon.colcon_core.verb[0m [1;30mLevel 5[0m set package 'webcam_publisher' build argument 'catkin_cmake_args' from command line to 'None'
[0.499s] [34mcolcon.colcon_core.verb[0m [1;30mLevel 5[0m set package 'webcam_publisher' build argument 'catkin_skip_building_tests' from command line to 'False'
[0.499s] [34mcolcon.colcon_core.verb[0m [1;30mDEBUG[0m [32mBuilding package 'webcam_publisher' with the following arguments: {'ament_cmake_args': None, 'build_base': '/home/purduerm/ros2-ws/auto-aiming/build/webcam_publisher', 'catkin_cmake_args': None, 'catkin_skip_building_tests': False, 'cmake_args': ['-DCMAKE_BUILD_TYPE=Release', '-DCMAKE_CXX_FLAGS_RELEASE=-O3'], 'cmake_clean_cache': False, 'cmake_clean_first': False, 'cmake_force_configure': False, 'cmake_target': None, 'cmake_target_skip_unavailable': False, 'install_base': '/home/purduerm/ros2-ws/auto-aiming/install/webcam_publisher', 'merge_install': False, 'path': '/home/purduerm/ros2-ws/auto-aiming/src/prm_camera/webcam_publisher', 'symlink_install': True, 'test_result_base': None}[0m
[0.499s] [34mcolcon.colcon_core.verb[0m [1;30mLevel 5[0m set package 'control_communicator' build argument 'cmake_args' from command line to '['-DCMAKE_BUILD_TYPE=Release', '-DCMAKE_CXX_FLAGS_RELEASE=-O3']'
[0.499s] [34mcolcon.colcon_core.verb[0m [1;30mLevel 5[0m set package 'control_communicator' build argument 'cmake_target' from command line to 'None'
[0.499s] [34mcolcon.colcon_core.verb[0m [1;30mLevel 5[0m set package 'control_communicator' build argument 'cmake_target_skip_unavailable' from command line to 'False'
[0.499s] [34mcolcon.colcon_core.verb[0m [1;30mLevel 5[0m set package 'control_communicator' build argument 'cmake_clean_cache' from command line to 'False'
[0.499s] [34mcolcon.colcon_core.verb[0m [1;30mLevel 5[0m set package 'control_communicator' build argument 'cmake_clean_first' from command line to 'False'
[0.499s] [34mcolcon.colcon_core.verb[0m [1;30mLevel 5[0m set package 'control_communicator' build argument 'cmake_force_configure' from command line to 'False'
[0.499s] [34mcolcon.colcon_core.verb[0m [1;30mLevel 5[0m set package 'control_communicator' build argument 'ament_cmake_args' from command line to 'None'
[0.499s] [34mcolcon.colcon_core.verb[0m [1;30mLevel 5[0m set package 'control_communicator' build argument 'catkin_cmake_args' from command line to 'None'
[0.499s] [34mcolcon.colcon_core.verb[0m [1;30mLevel 5[0m set package 'control_communicator' build argument 'catkin_skip_building_tests' from command line to 'False'
[0.499s] [34mcolcon.colcon_core.verb[0m [1;30mDEBUG[0m [32mBuilding package 'control_communicator' with the following arguments: {'ament_cmake_args': None, 'build_base': '/home/purduerm/ros2-ws/auto-aiming/build/control_communicator', 'catkin_cmake_args': None, 'catkin_skip_building_tests': False, 'cmake_args': ['-DCMAKE_BUILD_TYPE=Release', '-DCMAKE_CXX_FLAGS_RELEASE=-O3'], 'cmake_clean_cache': False, 'cmake_clean_first': False, 'cmake_force_configure': False, 'cmake_target': None, 'cmake_target_skip_unavailable': False, 'install_base': '/home/purduerm/ros2-ws/auto-aiming/install/control_communicator', 'merge_install': False, 'path': '/home/purduerm/ros2-ws/auto-aiming/src/prm_control/control_communicator', 'symlink_install': True, 'test_result_base': None}[0m
[0.500s] [34mcolcon.colcon_core.verb[0m [1;30mLevel 5[0m set package 'opencv_armor_detector' build argument 'cmake_args' from command line to '['-DCMAKE_BUILD_TYPE=Release', '-DCMAKE_CXX_FLAGS_RELEASE=-O3']'
[0.500s] [34mcolcon.colcon_core.verb[0m [1;30mLevel 5[0m set package 'opencv_armor_detector' build argument 'cmake_target' from command line to 'None'
[0.500s] [34mcolcon.colcon_core.verb[0m [1;30mLevel 5[0m set package 'opencv_armor_detector' build argument 'cmake_target_skip_unavailable' from command line to 'False'
[0.500s] [34mcolcon.colcon_core.verb[0m [1;30mLevel 5[0m set package 'opencv_armor_detector' build argument 'cmake_clean_cache' from command line to 'False'
[0.500s] [34mcolcon.colcon_core.verb[0m [1;30mLevel 5[0m set package 'opencv_armor_detector' build argument 'cmake_clean_first' from command line to 'False'
[0.500s] [34mcolcon.colcon_core.verb[0m [1;30mLevel 5[0m set package 'opencv_armor_detector' build argument 'cmake_force_configure' from command line to 'False'
[0.500s] [34mcolcon.colcon_core.verb[0m [1;30mLevel 5[0m set package 'opencv_armor_detector' build argument 'ament_cmake_args' from command line to 'None'
[0.500s] [34mcolcon.colcon_core.verb[0m [1;30mLevel 5[0m set package 'opencv_armor_detector' build argument 'catkin_cmake_args' from command line to 'None'
[0.500s] [34mcolcon.colcon_core.verb[0m [1;30mLevel 5[0m set package 'opencv_armor_detector' build argument 'catkin_skip_building_tests' from command line to 'False'
[0.500s] [34mcolcon.colcon_core.verb[0m [1;30mDEBUG[0m [32mBuilding package 'opencv_armor_detector' with the following arguments: {'ament_cmake_args': None, 'build_base': '/home/purduerm/ros2-ws/auto-aiming/build/opencv_armor_detector', 'catkin_cmake_args': None, 'catkin_skip_building_tests': False, 'cmake_args': ['-DCMAKE_BUILD_TYPE=Release', '-DCMAKE_CXX_FLAGS_RELEASE=-O3'], 'cmake_clean_cache': False, 'cmake_clean_first': False, 'cmake_force_configure': False, 'cmake_target': None, 'cmake_target_skip_unavailable': False, 'install_base': '/home/purduerm/ros2-ws/auto-aiming/install/opencv_armor_detector', 'merge_install': False, 'path': '/home/purduerm/ros2-ws/auto-aiming/src/prm_vision/opencv_armor_detector', 'symlink_install': True, 'test_result_base': None}[0m
[0.500s] [34mcolcon.colcon_core.verb[0m [1;30mLevel 5[0m set package 'pose_estimator' build argument 'cmake_args' from command line to '['-DCMAKE_BUILD_TYPE=Release', '-DCMAKE_CXX_FLAGS_RELEASE=-O3']'
[0.500s] [34mcolcon.colcon_core.verb[0m [1;30mLevel 5[0m set package 'pose_estimator' build argument 'cmake_target' from command line to 'None'
[0.500s] [34mcolcon.colcon_core.verb[0m [1;30mLevel 5[0m set package 'pose_estimator' build argument 'cmake_target_skip_unavailable' from command line to 'False'
[0.500s] [34mcolcon.colcon_core.verb[0m [1;30mLevel 5[0m set package 'pose_estimator' build argument 'cmake_clean_cache' from command line to 'False'
[0.500s] [34mcolcon.colcon_core.verb[0m [1;30mLevel 5[0m set package 'pose_estimator' build argument 'cmake_clean_first' from command line to 'False'
[0.500s] [34mcolcon.colcon_core.verb[0m [1;30mLevel 5[0m set package 'pose_estimator' build argument 'cmake_force_configure' from command line to 'False'
[0.500s] [34mcolcon.colcon_core.verb[0m [1;30mLevel 5[0m set package 'pose_estimator' build argument 'ament_cmake_args' from command line to 'None'
[0.500s] [34mcolcon.colcon_core.verb[0m [1;30mLevel 5[0m set package 'pose_estimator' build argument 'catkin_cmake_args' from command line to 'None'
[0.500s] [34mcolcon.colcon_core.verb[0m [1;30mLevel 5[0m set package 'pose_estimator' build argument 'catkin_skip_building_tests' from command line to 'False'
[0.500s] [34mcolcon.colcon_core.verb[0m [1;30mDEBUG[0m [32mBuilding package 'pose_estimator' with the following arguments: {'ament_cmake_args': None, 'build_base': '/home/purduerm/ros2-ws/auto-aiming/build/pose_estimator', 'catkin_cmake_args': None, 'catkin_skip_building_tests': False, 'cmake_args': ['-DCMAKE_BUILD_TYPE=Release', '-DCMAKE_CXX_FLAGS_RELEASE=-O3'], 'cmake_clean_cache': False, 'cmake_clean_first': False, 'cmake_force_configure': False, 'cmake_target': None, 'cmake_target_skip_unavailable': False, 'install_base': '/home/purduerm/ros2-ws/auto-aiming/install/pose_estimator', 'merge_install': False, 'path': '/home/purduerm/ros2-ws/auto-aiming/src/prm_vision/pose_estimator', 'symlink_install': True, 'test_result_base': None}[0m
[0.501s] [34mcolcon.colcon_core.verb[0m [1;30mLevel 5[0m set package 'prm_launch' build argument 'cmake_args' from command line to '['-DCMAKE_BUILD_TYPE=Release', '-DCMAKE_CXX_FLAGS_RELEASE=-O3']'
[0.501s] [34mcolcon.colcon_core.verb[0m [1;30mLevel 5[0m set package 'prm_launch' build argument 'cmake_target' from command line to 'None'
[0.501s] [34mcolcon.colcon_core.verb[0m [1;30mLevel 5[0m set package 'prm_launch' build argument 'cmake_target_skip_unavailable' from command line to 'False'
[0.501s] [34mcolcon.colcon_core.verb[0m [1;30mLevel 5[0m set package 'prm_launch' build argument 'cmake_clean_cache' from command line to 'False'
[0.501s] [34mcolcon.colcon_core.verb[0m [1;30mLevel 5[0m set package 'prm_launch' build argument 'cmake_clean_first' from command line to 'False'
[0.501s] [34mcolcon.colcon_core.verb[0m [1;30mLevel 5[0m set package 'prm_launch' build argument 'cmake_force_configure' from command line to 'False'
[0.501s] [34mcolcon.colcon_core.verb[0m [1;30mLevel 5[0m set package 'prm_launch' build argument 'ament_cmake_args' from command line to 'None'
[0.501s] [34mcolcon.colcon_core.verb[0m [1;30mLevel 5[0m set package 'prm_launch' build argument 'catkin_cmake_args' from command line to 'None'
[0.501s] [34mcolcon.colcon_core.verb[0m [1;30mLevel 5[0m set package 'prm_launch' build argument 'catkin_skip_building_tests' from command line to 'False'
[0.501s] [34mcolcon.colcon_core.verb[0m [1;30mDEBUG[0m [32mBuilding package 'prm_launch' with the following arguments: {'ament_cmake_args': None, 'build_base': '/home/purduerm/ros2-ws/auto-aiming/build/prm_launch', 'catkin_cmake_args': None, 'catkin_skip_building_tests': False, 'cmake_args': ['-DCMAKE_BUILD_TYPE=Release', '-DCMAKE_CXX_FLAGS_RELEASE=-O3'], 'cmake_clean_cache': False, 'cmake_clean_first': False, 'cmake_force_configure': False, 'cmake_target': None, 'cmake_target_skip_unavailable': False, 'install_base': '/home/purduerm/ros2-ws/auto-aiming/install/prm_launch', 'merge_install': False, 'path': '/home/purduerm/ros2-ws/auto-aiming/src/prm_launch', 'symlink_install': True, 'test_result_base': None}[0m
[0.501s] [34mcolcon.colcon_core.executor[0m [1;30mINFO[0m Executing jobs using 'parallel' executor
[0.502s] [34mcolcon.colcon_parallel_executor.executor.parallel[0m [1;30mDEBUG[0m [32mrun_until_complete[0m
[0.502s] [34mcolcon.colcon_ros.task.ament_cmake.build[0m [1;30mINFO[0m Building ROS package in '/home/purduerm/ros2-ws/auto-aiming/src/prm_vision/vision_msgs' with build type 'ament_cmake'
[0.502s] [34mcolcon.colcon_cmake.task.cmake.build[0m [1;30mINFO[0m Building CMake package in '/home/purduerm/ros2-ws/auto-aiming/src/prm_vision/vision_msgs'
[0.504s] [34mcolcon.colcon_core.plugin_system[0m [1;30mINFO[0m Skipping extension 'colcon_core.shell.bat': Not used on non-Windows systems
[0.504s] [34mcolcon.colcon_core.shell[0m [1;30mINFO[0m Skip shell extension 'powershell' for command environment: Not usable outside of PowerShell
[0.504s] [34mcolcon.colcon_core.shell[0m [1;30mDEBUG[0m [32mSkip shell extension 'dsv' for command environment[0m
[0.507s] [34mcolcon.colcon_ros.task.ament_cmake.build[0m [1;30mINFO[0m Building ROS package in '/home/purduerm/ros2-ws/auto-aiming/src/prm_camera/mv_publisher' with build type 'ament_cmake'
[0.507s] [34mcolcon.colcon_cmake.task.cmake.build[0m [1;30mINFO[0m Building CMake package in '/home/purduerm/ros2-ws/auto-aiming/src/prm_camera/mv_publisher'
[0.507s] [34mcolcon.colcon_core.shell[0m [1;30mINFO[0m Skip shell extension 'powershell' for command environment: Not usable outside of PowerShell
[0.508s] [34mcolcon.colcon_core.shell[0m [1;30mDEBUG[0m [32mSkip shell extension 'dsv' for command environment[0m
[0.510s] [34mcolcon.colcon_ros.task.ament_cmake.build[0m [1;30mINFO[0m Building ROS package in '/home/purduerm/ros2-ws/auto-aiming/src/prm_camera/recorder_cv' with build type 'ament_cmake'
[0.511s] [34mcolcon.colcon_cmake.task.cmake.build[0m [1;30mINFO[0m Building CMake package in '/home/purduerm/ros2-ws/auto-aiming/src/prm_camera/recorder_cv'
[0.511s] [34mcolcon.colcon_core.shell[0m [1;30mINFO[0m Skip shell extension 'powershell' for command environment: Not usable outside of PowerShell
[0.511s] [34mcolcon.colcon_core.shell[0m [1;30mDEBUG[0m [32mSkip shell extension 'dsv' for command environment[0m
[0.515s] [34mcolcon.colcon_ros.task.ament_cmake.build[0m [1;30mINFO[0m Building ROS package in '/home/purduerm/ros2-ws/auto-aiming/src/prm_camera/webcam_publisher' with build type 'ament_cmake'
[0.515s] [34mcolcon.colcon_cmake.task.cmake.build[0m [1;30mINFO[0m Building CMake package in '/home/purduerm/ros2-ws/auto-aiming/src/prm_camera/webcam_publisher'
[0.515s] [34mcolcon.colcon_core.shell[0m [1;30mINFO[0m Skip shell extension 'powershell' for command environment: Not usable outside of PowerShell
[0.515s] [34mcolcon.colcon_core.shell[0m [1;30mDEBUG[0m [32mSkip shell extension 'dsv' for command environment[0m
[0.524s] [34mcolcon.colcon_core.event_handler.log_command[0m [1;30mDEBUG[0m [32mInvoking command in '/home/purduerm/ros2-ws/auto-aiming/build/vision_msgs': CMAKE_PREFIX_PATH=/opt/ros/foxy /usr/bin/cmake /home/purduerm/ros2-ws/auto-aiming/src/prm_vision/vision_msgs -DCMAKE_BUILD_TYPE=Release -DCMAKE_CXX_FLAGS_RELEASE=-O3 -DAMENT_CMAKE_SYMLINK_INSTALL=1 -DCMAKE_INSTALL_PREFIX=/home/purduerm/ros2-ws/auto-aiming/install/vision_msgs[0m
[0.527s] [34mcolcon.colcon_core.event_handler.log_command[0m [1;30mDEBUG[0m [32mInvoking command in '/home/purduerm/ros2-ws/auto-aiming/build/mv_publisher': CMAKE_PREFIX_PATH=/opt/ros/foxy /usr/bin/cmake /home/purduerm/ros2-ws/auto-aiming/src/prm_camera/mv_publisher -DCMAKE_BUILD_TYPE=Release -DCMAKE_CXX_FLAGS_RELEASE=-O3 -DAMENT_CMAKE_SYMLINK_INSTALL=1 -DCMAKE_INSTALL_PREFIX=/home/purduerm/ros2-ws/auto-aiming/install/mv_publisher[0m
[0.530s] [34mcolcon.colcon_core.event_handler.log_command[0m [1;30mDEBUG[0m [32mInvoking command in '/home/purduerm/ros2-ws/auto-aiming/build/recorder': CMAKE_PREFIX_PATH=/opt/ros/foxy /usr/bin/cmake /home/purduerm/ros2-ws/auto-aiming/src/prm_camera/recorder_cv -DCMAKE_BUILD_TYPE=Release -DCMAKE_CXX_FLAGS_RELEASE=-O3 -DAMENT_CMAKE_SYMLINK_INSTALL=1 -DCMAKE_INSTALL_PREFIX=/home/purduerm/ros2-ws/auto-aiming/install/recorder[0m
[0.535s] [34mcolcon.colcon_core.event_handler.log_command[0m [1;30mDEBUG[0m [32mInvoking command in '/home/purduerm/ros2-ws/auto-aiming/build/webcam_publisher': CMAKE_PREFIX_PATH=/opt/ros/foxy /usr/bin/cmake /home/purduerm/ros2-ws/auto-aiming/src/prm_camera/webcam_publisher -DCMAKE_BUILD_TYPE=Release -DCMAKE_CXX_FLAGS_RELEASE=-O3 -DAMENT_CMAKE_SYMLINK_INSTALL=1 -DCMAKE_INSTALL_PREFIX=/home/purduerm/ros2-ws/auto-aiming/install/webcam_publisher[0m
[2.851s] [34mcolcon.colcon_core.event_handler.log_command[0m [1;30mDEBUG[0m [32mInvoked command in '/home/purduerm/ros2-ws/auto-aiming/build/recorder' returned '0': CMAKE_PREFIX_PATH=/opt/ros/foxy /usr/bin/cmake /home/purduerm/ros2-ws/auto-aiming/src/prm_camera/recorder_cv -DCMAKE_BUILD_TYPE=Release -DCMAKE_CXX_FLAGS_RELEASE=-O3 -DAMENT_CMAKE_SYMLINK_INSTALL=1 -DCMAKE_INSTALL_PREFIX=/home/purduerm/ros2-ws/auto-aiming/install/recorder[0m
[2.855s] [34mcolcon.colcon_core.event_handler.log_command[0m [1;30mDEBUG[0m [32mInvoking command in '/home/purduerm/ros2-ws/auto-aiming/build/recorder': CMAKE_PREFIX_PATH=/opt/ros/foxy /usr/bin/cmake --build /home/purduerm/ros2-ws/auto-aiming/build/recorder -- -j12 -l12[0m
[2.934s] [34mcolcon.colcon_core.event_handler.log_command[0m [1;30mDEBUG[0m [32mInvoked command in '/home/purduerm/ros2-ws/auto-aiming/build/mv_publisher' returned '0': CMAKE_PREFIX_PATH=/opt/ros/foxy /usr/bin/cmake /home/purduerm/ros2-ws/auto-aiming/src/prm_camera/mv_publisher -DCMAKE_BUILD_TYPE=Release -DCMAKE_CXX_FLAGS_RELEASE=-O3 -DAMENT_CMAKE_SYMLINK_INSTALL=1 -DCMAKE_INSTALL_PREFIX=/home/purduerm/ros2-ws/auto-aiming/install/mv_publisher[0m
[2.935s] [34mcolcon.colcon_core.event_handler.log_command[0m [1;30mDEBUG[0m [32mInvoking command in '/home/purduerm/ros2-ws/auto-aiming/build/mv_publisher': CMAKE_PREFIX_PATH=/opt/ros/foxy /usr/bin/cmake --build /home/purduerm/ros2-ws/auto-aiming/build/mv_publisher -- -j12 -l12[0m
[2.947s] [34mcolcon.colcon_core.event_handler.log_command[0m [1;30mDEBUG[0m [32mInvoked command in '/home/purduerm/ros2-ws/auto-aiming/build/webcam_publisher' returned '0': CMAKE_PREFIX_PATH=/opt/ros/foxy /usr/bin/cmake /home/purduerm/ros2-ws/auto-aiming/src/prm_camera/webcam_publisher -DCMAKE_BUILD_TYPE=Release -DCMAKE_CXX_FLAGS_RELEASE=-O3 -DAMENT_CMAKE_SYMLINK_INSTALL=1 -DCMAKE_INSTALL_PREFIX=/home/purduerm/ros2-ws/auto-aiming/install/webcam_publisher[0m
[2.950s] [34mcolcon.colcon_core.event_handler.log_command[0m [1;30mDEBUG[0m [32mInvoking command in '/home/purduerm/ros2-ws/auto-aiming/build/webcam_publisher': CMAKE_PREFIX_PATH=/opt/ros/foxy /usr/bin/cmake --build /home/purduerm/ros2-ws/auto-aiming/build/webcam_publisher -- -j12 -l12[0m
[3.639s] [34mcolcon.colcon_core.event_handler.log_command[0m [1;30mDEBUG[0m [32mInvoked command in '/home/purduerm/ros2-ws/auto-aiming/build/vision_msgs' returned '0': CMAKE_PREFIX_PATH=/opt/ros/foxy /usr/bin/cmake /home/purduerm/ros2-ws/auto-aiming/src/prm_vision/vision_msgs -DCMAKE_BUILD_TYPE=Release -DCMAKE_CXX_FLAGS_RELEASE=-O3 -DAMENT_CMAKE_SYMLINK_INSTALL=1 -DCMAKE_INSTALL_PREFIX=/home/purduerm/ros2-ws/auto-aiming/install/vision_msgs[0m
[3.641s] [34mcolcon.colcon_core.event_handler.log_command[0m [1;30mDEBUG[0m [32mInvoking command in '/home/purduerm/ros2-ws/auto-aiming/build/vision_msgs': CMAKE_PREFIX_PATH=/opt/ros/foxy /usr/bin/cmake --build /home/purduerm/ros2-ws/auto-aiming/build/vision_msgs -- -j12 -l12[0m
[6.463s] [34mcolcon.colcon_core.event_handler.log_command[0m [1;30mDEBUG[0m [32mInvoked command in '/home/purduerm/ros2-ws/auto-aiming/build/mv_publisher' returned '0': CMAKE_PREFIX_PATH=/opt/ros/foxy /usr/bin/cmake --build /home/purduerm/ros2-ws/auto-aiming/build/mv_publisher -- -j12 -l12[0m
[6.476s] [34mcolcon.colcon_core.event_handler.log_command[0m [1;30mDEBUG[0m [32mInvoking command in '/home/purduerm/ros2-ws/auto-aiming/build/mv_publisher': CMAKE_PREFIX_PATH=/opt/ros/foxy /usr/bin/cmake --install /home/purduerm/ros2-ws/auto-aiming/build/mv_publisher[0m
[6.643s] [34mcolcon.colcon_core.environment[0m [1;30mLevel 1[0m create_environment_scripts_only(mv_publisher)
[6.644s] [34mcolcon.colcon_core.event_handler.log_command[0m [1;30mDEBUG[0m [32mInvoked command in '/home/purduerm/ros2-ws/auto-aiming/build/mv_publisher' returned '0': CMAKE_PREFIX_PATH=/opt/ros/foxy /usr/bin/cmake --install /home/purduerm/ros2-ws/auto-aiming/build/mv_publisher[0m
[6.646s] [34mcolcon.colcon_core.environment[0m [1;30mLevel 1[0m checking '/home/purduerm/ros2-ws/auto-aiming/install/mv_publisher' for CMake module files
[6.646s] [34mcolcon.colcon_core.environment[0m [1;30mLevel 1[0m checking '/home/purduerm/ros2-ws/auto-aiming/install/mv_publisher' for CMake config files
[6.647s] [34mcolcon.colcon_core.shell[0m [1;30mLevel 1[0m create_environment_hook('mv_publisher', 'cmake_prefix_path')
[6.647s] [34mcolcon.colcon_core.shell[0m [1;30mINFO[0m Creating environment hook '/home/purduerm/ros2-ws/auto-aiming/install/mv_publisher/share/mv_publisher/hook/cmake_prefix_path.ps1'
[6.647s] [34mcolcon.colcon_core.shell[0m [1;30mINFO[0m Creating environment descriptor '/home/purduerm/ros2-ws/auto-aiming/install/mv_publisher/share/mv_publisher/hook/cmake_prefix_path.dsv'
[6.648s] [34mcolcon.colcon_core.shell[0m [1;30mINFO[0m Creating environment hook '/home/purduerm/ros2-ws/auto-aiming/install/mv_publisher/share/mv_publisher/hook/cmake_prefix_path.sh'
[6.649s] [34mcolcon.colcon_core.environment[0m [1;30mLevel 1[0m checking '/home/purduerm/ros2-ws/auto-aiming/install/mv_publisher/lib'
[6.649s] [34mcolcon.colcon_core.environment[0m [1;30mLevel 1[0m checking '/home/purduerm/ros2-ws/auto-aiming/install/mv_publisher/bin'
[6.649s] [34mcolcon.colcon_core.environment[0m [1;30mLevel 1[0m checking '/home/purduerm/ros2-ws/auto-aiming/install/mv_publisher/lib/pkgconfig/mv_publisher.pc'
[6.649s] [34mcolcon.colcon_core.environment[0m [1;30mLevel 1[0m checking '/home/purduerm/ros2-ws/auto-aiming/install/mv_publisher/lib/python3.8/site-packages'
[6.649s] [34mcolcon.colcon_core.environment[0m [1;30mLevel 1[0m checking '/home/purduerm/ros2-ws/auto-aiming/install/mv_publisher/bin'
[6.649s] [34mcolcon.colcon_core.shell[0m [1;30mINFO[0m Creating package script '/home/purduerm/ros2-ws/auto-aiming/install/mv_publisher/share/mv_publisher/package.ps1'
[6.651s] [34mcolcon.colcon_core.shell[0m [1;30mINFO[0m Creating package descriptor '/home/purduerm/ros2-ws/auto-aiming/install/mv_publisher/share/mv_publisher/package.dsv'
[6.651s] [34mcolcon.colcon_core.shell[0m [1;30mINFO[0m Creating package script '/home/purduerm/ros2-ws/auto-aiming/install/mv_publisher/share/mv_publisher/package.sh'
[6.652s] [34mcolcon.colcon_core.shell[0m [1;30mINFO[0m Creating package script '/home/purduerm/ros2-ws/auto-aiming/install/mv_publisher/share/mv_publisher/package.bash'
[6.653s] [34mcolcon.colcon_core.shell[0m [1;30mINFO[0m Creating package script '/home/purduerm/ros2-ws/auto-aiming/install/mv_publisher/share/mv_publisher/package.zsh'
[6.653s] [34mcolcon.colcon_core.environment[0m [1;30mLevel 1[0m create_file_with_runtime_dependencies(/home/purduerm/ros2-ws/auto-aiming/install/mv_publisher/share/colcon-core/packages/mv_publisher)
[6.654s] [34mcolcon.colcon_core.environment[0m [1;30mLevel 1[0m create_environment_scripts_only(mv_publisher)
[6.654s] [34mcolcon.colcon_core.environment[0m [1;30mLevel 1[0m checking '/home/purduerm/ros2-ws/auto-aiming/install/mv_publisher' for CMake module files
[6.654s] [34mcolcon.colcon_core.environment[0m [1;30mLevel 1[0m checking '/home/purduerm/ros2-ws/auto-aiming/install/mv_publisher' for CMake config files
[6.655s] [34mcolcon.colcon_core.shell[0m [1;30mLevel 1[0m create_environment_hook('mv_publisher', 'cmake_prefix_path')
[6.655s] [34mcolcon.colcon_core.shell[0m [1;30mINFO[0m Creating environment hook '/home/purduerm/ros2-ws/auto-aiming/install/mv_publisher/share/mv_publisher/hook/cmake_prefix_path.ps1'
[6.656s] [34mcolcon.colcon_core.shell[0m [1;30mINFO[0m Creating environment descriptor '/home/purduerm/ros2-ws/auto-aiming/install/mv_publisher/share/mv_publisher/hook/cmake_prefix_path.dsv'
[6.656s] [34mcolcon.colcon_core.shell[0m [1;30mINFO[0m Creating environment hook '/home/purduerm/ros2-ws/auto-aiming/install/mv_publisher/share/mv_publisher/hook/cmake_prefix_path.sh'
[6.656s] [34mcolcon.colcon_core.environment[0m [1;30mLevel 1[0m checking '/home/purduerm/ros2-ws/auto-aiming/install/mv_publisher/lib'
[6.656s] [34mcolcon.colcon_core.environment[0m [1;30mLevel 1[0m checking '/home/purduerm/ros2-ws/auto-aiming/install/mv_publisher/bin'
[6.657s] [34mcolcon.colcon_core.environment[0m [1;30mLevel 1[0m checking '/home/purduerm/ros2-ws/auto-aiming/install/mv_publisher/lib/pkgconfig/mv_publisher.pc'
[6.657s] [34mcolcon.colcon_core.environment[0m [1;30mLevel 1[0m checking '/home/purduerm/ros2-ws/auto-aiming/install/mv_publisher/lib/python3.8/site-packages'
[6.657s] [34mcolcon.colcon_core.environment[0m [1;30mLevel 1[0m checking '/home/purduerm/ros2-ws/auto-aiming/install/mv_publisher/bin'
[6.657s] [34mcolcon.colcon_core.shell[0m [1;30mINFO[0m Creating package script '/home/purduerm/ros2-ws/auto-aiming/install/mv_publisher/share/mv_publisher/package.ps1'
[6.658s] [34mcolcon.colcon_core.shell[0m [1;30mINFO[0m Creating package descriptor '/home/purduerm/ros2-ws/auto-aiming/install/mv_publisher/share/mv_publisher/package.dsv'
[6.658s] [34mcolcon.colcon_core.shell[0m [1;30mINFO[0m Creating package script '/home/purduerm/ros2-ws/auto-aiming/install/mv_publisher/share/mv_publisher/package.sh'
[6.658s] [34mcolcon.colcon_core.shell[0m [1;30mINFO[0m Creating package script '/home/purduerm/ros2-ws/auto-aiming/install/mv_publisher/share/mv_publisher/package.bash'
[6.659s] [34mcolcon.colcon_core.shell[0m [1;30mINFO[0m Creating package script '/home/purduerm/ros2-ws/auto-aiming/install/mv_publisher/share/mv_publisher/package.zsh'
[6.659s] [34mcolcon.colcon_core.environment[0m [1;30mLevel 1[0m create_file_with_runtime_dependencies(/home/purduerm/ros2-ws/auto-aiming/install/mv_publisher/share/colcon-core/packages/mv_publisher)
[10.761s] [34mcolcon.colcon_core.event_handler.log_command[0m [1;30mDEBUG[0m [32mInvoked command in '/home/purduerm/ros2-ws/auto-aiming/build/vision_msgs' returned '0': CMAKE_PREFIX_PATH=/opt/ros/foxy /usr/bin/cmake --build /home/purduerm/ros2-ws/auto-aiming/build/vision_msgs -- -j12 -l12[0m
[10.764s] [34mcolcon.colcon_core.event_handler.log_command[0m [1;30mDEBUG[0m [32mInvoking command in '/home/purduerm/ros2-ws/auto-aiming/build/vision_msgs': CMAKE_PREFIX_PATH=/opt/ros/foxy /usr/bin/cmake --install /home/purduerm/ros2-ws/auto-aiming/build/vision_msgs[0m
[11.341s] [34mcolcon.colcon_core.environment[0m [1;30mLevel 1[0m create_environment_scripts_only(vision_msgs)
[11.342s] [34mcolcon.colcon_core.environment[0m [1;30mLevel 1[0m checking '/home/purduerm/ros2-ws/auto-aiming/install/vision_msgs' for CMake module files
[11.342s] [34mcolcon.colcon_core.event_handler.log_command[0m [1;30mDEBUG[0m [32mInvoked command in '/home/purduerm/ros2-ws/auto-aiming/build/vision_msgs' returned '0': CMAKE_PREFIX_PATH=/opt/ros/foxy /usr/bin/cmake --install /home/purduerm/ros2-ws/auto-aiming/build/vision_msgs[0m
[11.343s] [34mcolcon.colcon_core.environment[0m [1;30mLevel 1[0m checking '/home/purduerm/ros2-ws/auto-aiming/install/vision_msgs' for CMake config files
[11.343s] [34mcolcon.colcon_core.shell[0m [1;30mLevel 1[0m create_environment_hook('vision_msgs', 'cmake_prefix_path')
[11.344s] [34mcolcon.colcon_core.shell[0m [1;30mINFO[0m Creating environment hook '/home/purduerm/ros2-ws/auto-aiming/install/vision_msgs/share/vision_msgs/hook/cmake_prefix_path.ps1'
[11.344s] [34mcolcon.colcon_core.shell[0m [1;30mINFO[0m Creating environment descriptor '/home/purduerm/ros2-ws/auto-aiming/install/vision_msgs/share/vision_msgs/hook/cmake_prefix_path.dsv'
[11.344s] [34mcolcon.colcon_core.shell[0m [1;30mINFO[0m Creating environment hook '/home/purduerm/ros2-ws/auto-aiming/install/vision_msgs/share/vision_msgs/hook/cmake_prefix_path.sh'
[11.345s] [34mcolcon.colcon_core.environment[0m [1;30mLevel 1[0m checking '/home/purduerm/ros2-ws/auto-aiming/install/vision_msgs/lib'
[11.345s] [34mcolcon.colcon_core.shell[0m [1;30mLevel 1[0m create_environment_hook('vision_msgs', 'ld_library_path_lib')
[11.345s] [34mcolcon.colcon_core.shell[0m [1;30mINFO[0m Creating environment hook '/home/purduerm/ros2-ws/auto-aiming/install/vision_msgs/share/vision_msgs/hook/ld_library_path_lib.ps1'
[11.345s] [34mcolcon.colcon_core.shell[0m [1;30mINFO[0m Creating environment descriptor '/home/purduerm/ros2-ws/auto-aiming/install/vision_msgs/share/vision_msgs/hook/ld_library_path_lib.dsv'
[11.345s] [34mcolcon.colcon_core.shell[0m [1;30mINFO[0m Creating environment hook '/home/purduerm/ros2-ws/auto-aiming/install/vision_msgs/share/vision_msgs/hook/ld_library_path_lib.sh'
[11.346s] [34mcolcon.colcon_core.environment[0m [1;30mLevel 1[0m checking '/home/purduerm/ros2-ws/auto-aiming/install/vision_msgs/bin'
[11.346s] [34mcolcon.colcon_core.environment[0m [1;30mLevel 1[0m checking '/home/purduerm/ros2-ws/auto-aiming/install/vision_msgs/lib/pkgconfig/vision_msgs.pc'
[11.346s] [34mcolcon.colcon_core.environment[0m [1;30mLevel 1[0m checking '/home/purduerm/ros2-ws/auto-aiming/install/vision_msgs/lib/python3.8/site-packages'
[11.346s] [34mcolcon.colcon_core.shell[0m [1;30mLevel 1[0m create_environment_hook('vision_msgs', 'pythonpath')
[11.346s] [34mcolcon.colcon_core.shell[0m [1;30mINFO[0m Creating environment hook '/home/purduerm/ros2-ws/auto-aiming/install/vision_msgs/share/vision_msgs/hook/pythonpath.ps1'
[11.346s] [34mcolcon.colcon_core.shell[0m [1;30mINFO[0m Creating environment descriptor '/home/purduerm/ros2-ws/auto-aiming/install/vision_msgs/share/vision_msgs/hook/pythonpath.dsv'
[11.346s] [34mcolcon.colcon_core.shell[0m [1;30mINFO[0m Creating environment hook '/home/purduerm/ros2-ws/auto-aiming/install/vision_msgs/share/vision_msgs/hook/pythonpath.sh'
[11.347s] [34mcolcon.colcon_core.environment[0m [1;30mLevel 1[0m checking '/home/purduerm/ros2-ws/auto-aiming/install/vision_msgs/bin'
[11.347s] [34mcolcon.colcon_core.shell[0m [1;30mINFO[0m Creating package script '/home/purduerm/ros2-ws/auto-aiming/install/vision_msgs/share/vision_msgs/package.ps1'
[11.347s] [34mcolcon.colcon_core.shell[0m [1;30mINFO[0m Creating package descriptor '/home/purduerm/ros2-ws/auto-aiming/install/vision_msgs/share/vision_msgs/package.dsv'
[11.348s] [34mcolcon.colcon_core.shell[0m [1;30mINFO[0m Creating package script '/home/purduerm/ros2-ws/auto-aiming/install/vision_msgs/share/vision_msgs/package.sh'
[11.348s] [34mcolcon.colcon_core.shell[0m [1;30mINFO[0m Creating package script '/home/purduerm/ros2-ws/auto-aiming/install/vision_msgs/share/vision_msgs/package.bash'
[11.348s] [34mcolcon.colcon_core.shell[0m [1;30mINFO[0m Creating package script '/home/purduerm/ros2-ws/auto-aiming/install/vision_msgs/share/vision_msgs/package.zsh'
[11.349s] [34mcolcon.colcon_core.environment[0m [1;30mLevel 1[0m create_file_with_runtime_dependencies(/home/purduerm/ros2-ws/auto-aiming/install/vision_msgs/share/colcon-core/packages/vision_msgs)
[11.349s] [34mcolcon.colcon_core.environment[0m [1;30mLevel 1[0m create_environment_scripts_only(vision_msgs)
[11.349s] [34mcolcon.colcon_core.environment[0m [1;30mLevel 1[0m checking '/home/purduerm/ros2-ws/auto-aiming/install/vision_msgs' for CMake module files
[11.350s] [34mcolcon.colcon_core.environment[0m [1;30mLevel 1[0m checking '/home/purduerm/ros2-ws/auto-aiming/install/vision_msgs' for CMake config files
[11.350s] [34mcolcon.colcon_core.shell[0m [1;30mLevel 1[0m create_environment_hook('vision_msgs', 'cmake_prefix_path')
[11.351s] [34mcolcon.colcon_core.shell[0m [1;30mINFO[0m Creating environment hook '/home/purduerm/ros2-ws/auto-aiming/install/vision_msgs/share/vision_msgs/hook/cmake_prefix_path.ps1'
[11.351s] [34mcolcon.colcon_core.shell[0m [1;30mINFO[0m Creating environment descriptor '/home/purduerm/ros2-ws/auto-aiming/install/vision_msgs/share/vision_msgs/hook/cmake_prefix_path.dsv'
[11.351s] [34mcolcon.colcon_core.shell[0m [1;30mINFO[0m Creating environment hook '/home/purduerm/ros2-ws/auto-aiming/install/vision_msgs/share/vision_msgs/hook/cmake_prefix_path.sh'
[11.351s] [34mcolcon.colcon_core.environment[0m [1;30mLevel 1[0m checking '/home/purduerm/ros2-ws/auto-aiming/install/vision_msgs/lib'
[11.352s] [34mcolcon.colcon_core.shell[0m [1;30mLevel 1[0m create_environment_hook('vision_msgs', 'ld_library_path_lib')
[11.352s] [34mcolcon.colcon_core.shell[0m [1;30mINFO[0m Creating environment hook '/home/purduerm/ros2-ws/auto-aiming/install/vision_msgs/share/vision_msgs/hook/ld_library_path_lib.ps1'
[11.352s] [34mcolcon.colcon_core.shell[0m [1;30mINFO[0m Creating environment descriptor '/home/purduerm/ros2-ws/auto-aiming/install/vision_msgs/share/vision_msgs/hook/ld_library_path_lib.dsv'
[11.352s] [34mcolcon.colcon_core.shell[0m [1;30mINFO[0m Creating environment hook '/home/purduerm/ros2-ws/auto-aiming/install/vision_msgs/share/vision_msgs/hook/ld_library_path_lib.sh'
[11.352s] [34mcolcon.colcon_core.environment[0m [1;30mLevel 1[0m checking '/home/purduerm/ros2-ws/auto-aiming/install/vision_msgs/bin'
[11.352s] [34mcolcon.colcon_core.environment[0m [1;30mLevel 1[0m checking '/home/purduerm/ros2-ws/auto-aiming/install/vision_msgs/lib/pkgconfig/vision_msgs.pc'
[11.353s] [34mcolcon.colcon_core.environment[0m [1;30mLevel 1[0m checking '/home/purduerm/ros2-ws/auto-aiming/install/vision_msgs/lib/python3.8/site-packages'
[11.353s] [34mcolcon.colcon_core.shell[0m [1;30mLevel 1[0m create_environment_hook('vision_msgs', 'pythonpath')
[11.353s] [34mcolcon.colcon_core.shell[0m [1;30mINFO[0m Creating environment hook '/home/purduerm/ros2-ws/auto-aiming/install/vision_msgs/share/vision_msgs/hook/pythonpath.ps1'
[11.353s] [34mcolcon.colcon_core.shell[0m [1;30mINFO[0m Creating environment descriptor '/home/purduerm/ros2-ws/auto-aiming/install/vision_msgs/share/vision_msgs/hook/pythonpath.dsv'
[11.353s] [34mcolcon.colcon_core.shell[0m [1;30mINFO[0m Creating environment hook '/home/purduerm/ros2-ws/auto-aiming/install/vision_msgs/share/vision_msgs/hook/pythonpath.sh'
[11.354s] [34mcolcon.colcon_core.environment[0m [1;30mLevel 1[0m checking '/home/purduerm/ros2-ws/auto-aiming/install/vision_msgs/bin'
[11.354s] [34mcolcon.colcon_core.shell[0m [1;30mINFO[0m Creating package script '/home/purduerm/ros2-ws/auto-aiming/install/vision_msgs/share/vision_msgs/package.ps1'
[11.354s] [34mcolcon.colcon_core.shell[0m [1;30mINFO[0m Creating package descriptor '/home/purduerm/ros2-ws/auto-aiming/install/vision_msgs/share/vision_msgs/package.dsv'
[11.358s] [34mcolcon.colcon_core.shell[0m [1;30mINFO[0m Creating package script '/home/purduerm/ros2-ws/auto-aiming/install/vision_msgs/share/vision_msgs/package.sh'
[11.359s] [34mcolcon.colcon_core.shell[0m [1;30mINFO[0m Creating package script '/home/purduerm/ros2-ws/auto-aiming/install/vision_msgs/share/vision_msgs/package.bash'
[11.359s] [34mcolcon.colcon_core.shell[0m [1;30mINFO[0m Creating package script '/home/purduerm/ros2-ws/auto-aiming/install/vision_msgs/share/vision_msgs/package.zsh'
[11.359s] [34mcolcon.colcon_core.environment[0m [1;30mLevel 1[0m create_file_with_runtime_dependencies(/home/purduerm/ros2-ws/auto-aiming/install/vision_msgs/share/colcon-core/packages/vision_msgs)
[11.360s] [34mcolcon.colcon_ros.task.ament_cmake.build[0m [1;30mINFO[0m Building ROS package in '/home/purduerm/ros2-ws/auto-aiming/src/prm_vision/opencv_armor_detector' with build type 'ament_cmake'
[11.360s] [34mcolcon.colcon_cmake.task.cmake.build[0m [1;30mINFO[0m Building CMake package in '/home/purduerm/ros2-ws/auto-aiming/src/prm_vision/opencv_armor_detector'
[11.360s] [34mcolcon.colcon_core.shell[0m [1;30mINFO[0m Skip shell extension 'powershell' for command environment: Not usable outside of PowerShell
[11.360s] [34mcolcon.colcon_core.shell[0m [1;30mDEBUG[0m [32mSkip shell extension 'dsv' for command environment[0m
[11.363s] [34mcolcon.colcon_ros.task.ament_cmake.build[0m [1;30mINFO[0m Building ROS package in '/home/purduerm/ros2-ws/auto-aiming/src/prm_control/control_communicator' with build type 'ament_cmake'
[11.364s] [34mcolcon.colcon_cmake.task.cmake.build[0m [1;30mINFO[0m Building CMake package in '/home/purduerm/ros2-ws/auto-aiming/src/prm_control/control_communicator'
[11.364s] [34mcolcon.colcon_core.shell[0m [1;30mINFO[0m Skip shell extension 'powershell' for command environment: Not usable outside of PowerShell
[11.364s] [34mcolcon.colcon_core.shell[0m [1;30mDEBUG[0m [32mSkip shell extension 'dsv' for command environment[0m
[11.367s] [34mcolcon.colcon_ros.task.ament_cmake.build[0m [1;30mINFO[0m Building ROS package in '/home/purduerm/ros2-ws/auto-aiming/src/prm_vision/pose_estimator' with build type 'ament_cmake'
[11.368s] [34mcolcon.colcon_cmake.task.cmake.build[0m [1;30mINFO[0m Building CMake package in '/home/purduerm/ros2-ws/auto-aiming/src/prm_vision/pose_estimator'
[11.368s] [34mcolcon.colcon_core.shell[0m [1;30mINFO[0m Skip shell extension 'powershell' for command environment: Not usable outside of PowerShell
[11.368s] [34mcolcon.colcon_core.shell[0m [1;30mDEBUG[0m [32mSkip shell extension 'dsv' for command environment[0m
[11.375s] [34mcolcon.colcon_core.event_handler.log_command[0m [1;30mDEBUG[0m [32mInvoking command in '/home/purduerm/ros2-ws/auto-aiming/build/opencv_armor_detector': AMENT_PREFIX_PATH=/home/purduerm/ros2-ws/auto-aiming/install/vision_msgs:${AMENT_PREFIX_PATH} CMAKE_PREFIX_PATH=/home/purduerm/ros2-ws/auto-aiming/install/vision_msgs:/opt/ros/foxy LD_LIBRARY_PATH=/home/purduerm/ros2-ws/auto-aiming/install/vision_msgs/lib:${LD_LIBRARY_PATH} PYTHONPATH=/home/purduerm/ros2-ws/auto-aiming/install/vision_msgs/lib/python3.8/site-packages:${PYTHONPATH} /usr/bin/cmake /home/purduerm/ros2-ws/auto-aiming/src/prm_vision/opencv_armor_detector -DCMAKE_BUILD_TYPE=Release -DCMAKE_CXX_FLAGS_RELEASE=-O3 -DAMENT_CMAKE_SYMLINK_INSTALL=1 -DCMAKE_INSTALL_PREFIX=/home/purduerm/ros2-ws/auto-aiming/install/opencv_armor_detector[0m
[11.378s] [34mcolcon.colcon_core.event_handler.log_command[0m [1;30mDEBUG[0m [32mInvoking command in '/home/purduerm/ros2-ws/auto-aiming/build/control_communicator': AMENT_PREFIX_PATH=/home/purduerm/ros2-ws/auto-aiming/install/vision_msgs:${AMENT_PREFIX_PATH} CMAKE_PREFIX_PATH=/home/purduerm/ros2-ws/auto-aiming/install/vision_msgs:/opt/ros/foxy LD_LIBRARY_PATH=/home/purduerm/ros2-ws/auto-aiming/install/vision_msgs/lib:${LD_LIBRARY_PATH} PYTHONPATH=/home/purduerm/ros2-ws/auto-aiming/install/vision_msgs/lib/python3.8/site-packages:${PYTHONPATH} /usr/bin/cmake /home/purduerm/ros2-ws/auto-aiming/src/prm_control/control_communicator -DCMAKE_BUILD_TYPE=Release -DCMAKE_CXX_FLAGS_RELEASE=-O3 -DAMENT_CMAKE_SYMLINK_INSTALL=1 -DCMAKE_INSTALL_PREFIX=/home/purduerm/ros2-ws/auto-aiming/install/control_communicator[0m
[11.382s] [34mcolcon.colcon_core.event_handler.log_command[0m [1;30mDEBUG[0m [32mInvoking command in '/home/purduerm/ros2-ws/auto-aiming/build/pose_estimator': AMENT_PREFIX_PATH=/home/purduerm/ros2-ws/auto-aiming/install/vision_msgs:${AMENT_PREFIX_PATH} CMAKE_PREFIX_PATH=/home/purduerm/ros2-ws/auto-aiming/install/vision_msgs:/opt/ros/foxy LD_LIBRARY_PATH=/home/purduerm/ros2-ws/auto-aiming/install/vision_msgs/lib:${LD_LIBRARY_PATH} PYTHONPATH=/home/purduerm/ros2-ws/auto-aiming/install/vision_msgs/lib/python3.8/site-packages:${PYTHONPATH} /usr/bin/cmake /home/purduerm/ros2-ws/auto-aiming/src/prm_vision/pose_estimator -DCMAKE_BUILD_TYPE=Release -DCMAKE_CXX_FLAGS_RELEASE=-O3 -DAMENT_CMAKE_SYMLINK_INSTALL=1 -DCMAKE_INSTALL_PREFIX=/home/purduerm/ros2-ws/auto-aiming/install/pose_estimator[0m
[12.571s] [34mcolcon.colcon_core.event_handler.log_command[0m [1;30mDEBUG[0m [32mInvoked command in '/home/purduerm/ros2-ws/auto-aiming/build/recorder' returned '0': CMAKE_PREFIX_PATH=/opt/ros/foxy /usr/bin/cmake --build /home/purduerm/ros2-ws/auto-aiming/build/recorder -- -j12 -l12[0m
[12.574s] [34mcolcon.colcon_core.event_handler.log_command[0m [1;30mDEBUG[0m [32mInvoking command in '/home/purduerm/ros2-ws/auto-aiming/build/recorder': CMAKE_PREFIX_PATH=/opt/ros/foxy /usr/bin/cmake --install /home/purduerm/ros2-ws/auto-aiming/build/recorder[0m
[12.574s] [34mcolcon.colcon_core.event_handler.log_command[0m [1;30mDEBUG[0m [32mInvoked command in '/home/purduerm/ros2-ws/auto-aiming/build/webcam_publisher' returned '0': CMAKE_PREFIX_PATH=/opt/ros/foxy /usr/bin/cmake --build /home/purduerm/ros2-ws/auto-aiming/build/webcam_publisher -- -j12 -l12[0m
[12.577s] [34mcolcon.colcon_core.event_handler.log_command[0m [1;30mDEBUG[0m [32mInvoking command in '/home/purduerm/ros2-ws/auto-aiming/build/webcam_publisher': CMAKE_PREFIX_PATH=/opt/ros/foxy /usr/bin/cmake --install /home/purduerm/ros2-ws/auto-aiming/build/webcam_publisher[0m
[12.717s] [34mcolcon.colcon_core.environment[0m [1;30mLevel 1[0m create_environment_scripts_only(recorder)
[12.718s] [34mcolcon.colcon_core.environment[0m [1;30mLevel 1[0m checking '/home/purduerm/ros2-ws/auto-aiming/install/recorder' for CMake module files
[12.718s] [34mcolcon.colcon_core.event_handler.log_command[0m [1;30mDEBUG[0m [32mInvoked command in '/home/purduerm/ros2-ws/auto-aiming/build/recorder' returned '0': CMAKE_PREFIX_PATH=/opt/ros/foxy /usr/bin/cmake --install /home/purduerm/ros2-ws/auto-aiming/build/recorder[0m
[12.719s] [34mcolcon.colcon_core.environment[0m [1;30mLevel 1[0m checking '/home/purduerm/ros2-ws/auto-aiming/install/recorder' for CMake config files
[12.719s] [34mcolcon.colcon_core.shell[0m [1;30mLevel 1[0m create_environment_hook('recorder', 'cmake_prefix_path')
[12.719s] [34mcolcon.colcon_core.shell[0m [1;30mINFO[0m Creating environment hook '/home/purduerm/ros2-ws/auto-aiming/install/recorder/share/recorder/hook/cmake_prefix_path.ps1'
[12.720s] [34mcolcon.colcon_core.shell[0m [1;30mINFO[0m Creating environment descriptor '/home/purduerm/ros2-ws/auto-aiming/install/recorder/share/recorder/hook/cmake_prefix_path.dsv'
[12.721s] [34mcolcon.colcon_core.shell[0m [1;30mINFO[0m Creating environment hook '/home/purduerm/ros2-ws/auto-aiming/install/recorder/share/recorder/hook/cmake_prefix_path.sh'
[12.721s] [34mcolcon.colcon_core.environment[0m [1;30mLevel 1[0m checking '/home/purduerm/ros2-ws/auto-aiming/install/recorder/lib'
[12.721s] [34mcolcon.colcon_core.environment[0m [1;30mLevel 1[0m checking '/home/purduerm/ros2-ws/auto-aiming/install/recorder/bin'
[12.721s] [34mcolcon.colcon_core.environment[0m [1;30mLevel 1[0m checking '/home/purduerm/ros2-ws/auto-aiming/install/recorder/lib/pkgconfig/recorder.pc'
[12.722s] [34mcolcon.colcon_core.environment[0m [1;30mLevel 1[0m checking '/home/purduerm/ros2-ws/auto-aiming/install/recorder/lib/python3.8/site-packages'
[12.722s] [34mcolcon.colcon_core.environment[0m [1;30mLevel 1[0m checking '/home/purduerm/ros2-ws/auto-aiming/install/recorder/bin'
[12.722s] [34mcolcon.colcon_core.shell[0m [1;30mINFO[0m Creating package script '/home/purduerm/ros2-ws/auto-aiming/install/recorder/share/recorder/package.ps1'
[12.723s] [34mcolcon.colcon_core.shell[0m [1;30mINFO[0m Creating package descriptor '/home/purduerm/ros2-ws/auto-aiming/install/recorder/share/recorder/package.dsv'
[12.723s] [34mcolcon.colcon_core.shell[0m [1;30mINFO[0m Creating package script '/home/purduerm/ros2-ws/auto-aiming/install/recorder/share/recorder/package.sh'
[12.724s] [34mcolcon.colcon_core.shell[0m [1;30mINFO[0m Creating package script '/home/purduerm/ros2-ws/auto-aiming/install/recorder/share/recorder/package.bash'
[12.724s] [34mcolcon.colcon_core.shell[0m [1;30mINFO[0m Creating package script '/home/purduerm/ros2-ws/auto-aiming/install/recorder/share/recorder/package.zsh'
[12.724s] [34mcolcon.colcon_core.environment[0m [1;30mLevel 1[0m create_file_with_runtime_dependencies(/home/purduerm/ros2-ws/auto-aiming/install/recorder/share/colcon-core/packages/recorder)
[12.725s] [34mcolcon.colcon_core.environment[0m [1;30mLevel 1[0m create_environment_scripts_only(recorder)
[12.725s] [34mcolcon.colcon_core.environment[0m [1;30mLevel 1[0m checking '/home/purduerm/ros2-ws/auto-aiming/install/recorder' for CMake module files
[12.726s] [34mcolcon.colcon_core.environment[0m [1;30mLevel 1[0m checking '/home/purduerm/ros2-ws/auto-aiming/install/recorder' for CMake config files
[12.726s] [34mcolcon.colcon_core.shell[0m [1;30mLevel 1[0m create_environment_hook('recorder', 'cmake_prefix_path')
[12.727s] [34mcolcon.colcon_core.shell[0m [1;30mINFO[0m Creating environment hook '/home/purduerm/ros2-ws/auto-aiming/install/recorder/share/recorder/hook/cmake_prefix_path.ps1'
[12.727s] [34mcolcon.colcon_core.shell[0m [1;30mINFO[0m Creating environment descriptor '/home/purduerm/ros2-ws/auto-aiming/install/recorder/share/recorder/hook/cmake_prefix_path.dsv'
[12.728s] [34mcolcon.colcon_core.shell[0m [1;30mINFO[0m Creating environment hook '/home/purduerm/ros2-ws/auto-aiming/install/recorder/share/recorder/hook/cmake_prefix_path.sh'
[12.728s] [34mcolcon.colcon_core.environment[0m [1;30mLevel 1[0m checking '/home/purduerm/ros2-ws/auto-aiming/install/recorder/lib'
[12.728s] [34mcolcon.colcon_core.environment[0m [1;30mLevel 1[0m checking '/home/purduerm/ros2-ws/auto-aiming/install/recorder/bin'
[12.728s] [34mcolcon.colcon_core.environment[0m [1;30mLevel 1[0m checking '/home/purduerm/ros2-ws/auto-aiming/install/recorder/lib/pkgconfig/recorder.pc'
[12.729s] [34mcolcon.colcon_core.environment[0m [1;30mLevel 1[0m checking '/home/purduerm/ros2-ws/auto-aiming/install/recorder/lib/python3.8/site-packages'
[12.729s] [34mcolcon.colcon_core.environment[0m [1;30mLevel 1[0m checking '/home/purduerm/ros2-ws/auto-aiming/install/recorder/bin'
[12.729s] [34mcolcon.colcon_core.shell[0m [1;30mINFO[0m Creating package script '/home/purduerm/ros2-ws/auto-aiming/install/recorder/share/recorder/package.ps1'
[12.730s] [34mcolcon.colcon_core.shell[0m [1;30mINFO[0m Creating package descriptor '/home/purduerm/ros2-ws/auto-aiming/install/recorder/share/recorder/package.dsv'
[12.730s] [34mcolcon.colcon_core.shell[0m [1;30mINFO[0m Creating package script '/home/purduerm/ros2-ws/auto-aiming/install/recorder/share/recorder/package.sh'
[12.731s] [34mcolcon.colcon_core.shell[0m [1;30mINFO[0m Creating package script '/home/purduerm/ros2-ws/auto-aiming/install/recorder/share/recorder/package.bash'
[12.731s] [34mcolcon.colcon_core.shell[0m [1;30mINFO[0m Creating package script '/home/purduerm/ros2-ws/auto-aiming/install/recorder/share/recorder/package.zsh'
[12.732s] [34mcolcon.colcon_core.environment[0m [1;30mLevel 1[0m create_file_with_runtime_dependencies(/home/purduerm/ros2-ws/auto-aiming/install/recorder/share/colcon-core/packages/recorder)
[12.732s] [34mcolcon.colcon_core.environment[0m [1;30mLevel 1[0m create_environment_scripts_only(webcam_publisher)
[12.733s] [34mcolcon.colcon_core.environment[0m [1;30mLevel 1[0m checking '/home/purduerm/ros2-ws/auto-aiming/install/webcam_publisher' for CMake module files
[12.733s] [34mcolcon.colcon_core.event_handler.log_command[0m [1;30mDEBUG[0m [32mInvoked command in '/home/purduerm/ros2-ws/auto-aiming/build/webcam_publisher' returned '0': CMAKE_PREFIX_PATH=/opt/ros/foxy /usr/bin/cmake --install /home/purduerm/ros2-ws/auto-aiming/build/webcam_publisher[0m
[12.734s] [34mcolcon.colcon_core.environment[0m [1;30mLevel 1[0m checking '/home/purduerm/ros2-ws/auto-aiming/install/webcam_publisher' for CMake config files
[12.734s] [34mcolcon.colcon_core.shell[0m [1;30mLevel 1[0m create_environment_hook('webcam_publisher', 'cmake_prefix_path')
[12.734s] [34mcolcon.colcon_core.shell[0m [1;30mINFO[0m Creating environment hook '/home/purduerm/ros2-ws/auto-aiming/install/webcam_publisher/share/webcam_publisher/hook/cmake_prefix_path.ps1'
[12.734s] [34mcolcon.colcon_core.shell[0m [1;30mINFO[0m Creating environment descriptor '/home/purduerm/ros2-ws/auto-aiming/install/webcam_publisher/share/webcam_publisher/hook/cmake_prefix_path.dsv'
[12.735s] [34mcolcon.colcon_core.shell[0m [1;30mINFO[0m Creating environment hook '/home/purduerm/ros2-ws/auto-aiming/install/webcam_publisher/share/webcam_publisher/hook/cmake_prefix_path.sh'
[12.735s] [34mcolcon.colcon_core.environment[0m [1;30mLevel 1[0m checking '/home/purduerm/ros2-ws/auto-aiming/install/webcam_publisher/lib'
[12.735s] [34mcolcon.colcon_core.environment[0m [1;30mLevel 1[0m checking '/home/purduerm/ros2-ws/auto-aiming/install/webcam_publisher/bin'
[12.735s] [34mcolcon.colcon_core.environment[0m [1;30mLevel 1[0m checking '/home/purduerm/ros2-ws/auto-aiming/install/webcam_publisher/lib/pkgconfig/webcam_publisher.pc'
[12.735s] [34mcolcon.colcon_core.environment[0m [1;30mLevel 1[0m checking '/home/purduerm/ros2-ws/auto-aiming/install/webcam_publisher/lib/python3.8/site-packages'
[12.735s] [34mcolcon.colcon_core.environment[0m [1;30mLevel 1[0m checking '/home/purduerm/ros2-ws/auto-aiming/install/webcam_publisher/bin'
[12.736s] [34mcolcon.colcon_core.shell[0m [1;30mINFO[0m Creating package script '/home/purduerm/ros2-ws/auto-aiming/install/webcam_publisher/share/webcam_publisher/package.ps1'
[12.736s] [34mcolcon.colcon_core.shell[0m [1;30mINFO[0m Creating package descriptor '/home/purduerm/ros2-ws/auto-aiming/install/webcam_publisher/share/webcam_publisher/package.dsv'
[12.736s] [34mcolcon.colcon_core.shell[0m [1;30mINFO[0m Creating package script '/home/purduerm/ros2-ws/auto-aiming/install/webcam_publisher/share/webcam_publisher/package.sh'
[12.736s] [34mcolcon.colcon_core.shell[0m [1;30mINFO[0m Creating package script '/home/purduerm/ros2-ws/auto-aiming/install/webcam_publisher/share/webcam_publisher/package.bash'
[12.737s] [34mcolcon.colcon_core.shell[0m [1;30mINFO[0m Creating package script '/home/purduerm/ros2-ws/auto-aiming/install/webcam_publisher/share/webcam_publisher/package.zsh'
[12.737s] [34mcolcon.colcon_core.environment[0m [1;30mLevel 1[0m create_file_with_runtime_dependencies(/home/purduerm/ros2-ws/auto-aiming/install/webcam_publisher/share/colcon-core/packages/webcam_publisher)
[12.737s] [34mcolcon.colcon_core.environment[0m [1;30mLevel 1[0m create_environment_scripts_only(webcam_publisher)
[12.737s] [34mcolcon.colcon_core.environment[0m [1;30mLevel 1[0m checking '/home/purduerm/ros2-ws/auto-aiming/install/webcam_publisher' for CMake module files
[12.738s] [34mcolcon.colcon_core.environment[0m [1;30mLevel 1[0m checking '/home/purduerm/ros2-ws/auto-aiming/install/webcam_publisher' for CMake config files
[12.738s] [34mcolcon.colcon_core.shell[0m [1;30mLevel 1[0m create_environment_hook('webcam_publisher', 'cmake_prefix_path')
[12.738s] [34mcolcon.colcon_core.shell[0m [1;30mINFO[0m Creating environment hook '/home/purduerm/ros2-ws/auto-aiming/install/webcam_publisher/share/webcam_publisher/hook/cmake_prefix_path.ps1'
[12.738s] [34mcolcon.colcon_core.shell[0m [1;30mINFO[0m Creating environment descriptor '/home/purduerm/ros2-ws/auto-aiming/install/webcam_publisher/share/webcam_publisher/hook/cmake_prefix_path.dsv'
[12.739s] [34mcolcon.colcon_core.shell[0m [1;30mINFO[0m Creating environment hook '/home/purduerm/ros2-ws/auto-aiming/install/webcam_publisher/share/webcam_publisher/hook/cmake_prefix_path.sh'
[12.739s] [34mcolcon.colcon_core.environment[0m [1;30mLevel 1[0m checking '/home/purduerm/ros2-ws/auto-aiming/install/webcam_publisher/lib'
[12.739s] [34mcolcon.colcon_core.environment[0m [1;30mLevel 1[0m checking '/home/purduerm/ros2-ws/auto-aiming/install/webcam_publisher/bin'
[12.739s] [34mcolcon.colcon_core.environment[0m [1;30mLevel 1[0m checking '/home/purduerm/ros2-ws/auto-aiming/install/webcam_publisher/lib/pkgconfig/webcam_publisher.pc'
[12.739s] [34mcolcon.colcon_core.environment[0m [1;30mLevel 1[0m checking '/home/purduerm/ros2-ws/auto-aiming/install/webcam_publisher/lib/python3.8/site-packages'
[12.739s] [34mcolcon.colcon_core.environment[0m [1;30mLevel 1[0m checking '/home/purduerm/ros2-ws/auto-aiming/install/webcam_publisher/bin'
[12.740s] [34mcolcon.colcon_core.shell[0m [1;30mINFO[0m Creating package script '/home/purduerm/ros2-ws/auto-aiming/install/webcam_publisher/share/webcam_publisher/package.ps1'
[12.740s] [34mcolcon.colcon_core.shell[0m [1;30mINFO[0m Creating package descriptor '/home/purduerm/ros2-ws/auto-aiming/install/webcam_publisher/share/webcam_publisher/package.dsv'
[12.740s] [34mcolcon.colcon_core.shell[0m [1;30mINFO[0m Creating package script '/home/purduerm/ros2-ws/auto-aiming/install/webcam_publisher/share/webcam_publisher/package.sh'
[12.741s] [34mcolcon.colcon_core.shell[0m [1;30mINFO[0m Creating package script '/home/purduerm/ros2-ws/auto-aiming/install/webcam_publisher/share/webcam_publisher/package.bash'
[12.741s] [34mcolcon.colcon_core.shell[0m [1;30mINFO[0m Creating package script '/home/purduerm/ros2-ws/auto-aiming/install/webcam_publisher/share/webcam_publisher/package.zsh'
[12.741s] [34mcolcon.colcon_core.environment[0m [1;30mLevel 1[0m create_file_with_runtime_dependencies(/home/purduerm/ros2-ws/auto-aiming/install/webcam_publisher/share/colcon-core/packages/webcam_publisher)
[13.113s] [34mcolcon.colcon_core.event_handler.log_command[0m [1;30mDEBUG[0m [32mInvoked command in '/home/purduerm/ros2-ws/auto-aiming/build/control_communicator' returned '0': AMENT_PREFIX_PATH=/home/purduerm/ros2-ws/auto-aiming/install/vision_msgs:${AMENT_PREFIX_PATH} CMAKE_PREFIX_PATH=/home/purduerm/ros2-ws/auto-aiming/install/vision_msgs:/opt/ros/foxy LD_LIBRARY_PATH=/home/purduerm/ros2-ws/auto-aiming/install/vision_msgs/lib:${LD_LIBRARY_PATH} PYTHONPATH=/home/purduerm/ros2-ws/auto-aiming/install/vision_msgs/lib/python3.8/site-packages:${PYTHONPATH} /usr/bin/cmake /home/purduerm/ros2-ws/auto-aiming/src/prm_control/control_communicator -DCMAKE_BUILD_TYPE=Release -DCMAKE_CXX_FLAGS_RELEASE=-O3 -DAMENT_CMAKE_SYMLINK_INSTALL=1 -DCMAKE_INSTALL_PREFIX=/home/purduerm/ros2-ws/auto-aiming/install/control_communicator[0m
[13.115s] [34mcolcon.colcon_core.event_handler.log_command[0m [1;30mDEBUG[0m [32mInvoking command in '/home/purduerm/ros2-ws/auto-aiming/build/control_communicator': AMENT_PREFIX_PATH=/home/purduerm/ros2-ws/auto-aiming/install/vision_msgs:${AMENT_PREFIX_PATH} CMAKE_PREFIX_PATH=/home/purduerm/ros2-ws/auto-aiming/install/vision_msgs:/opt/ros/foxy LD_LIBRARY_PATH=/home/purduerm/ros2-ws/auto-aiming/install/vision_msgs/lib:${LD_LIBRARY_PATH} PYTHONPATH=/home/purduerm/ros2-ws/auto-aiming/install/vision_msgs/lib/python3.8/site-packages:${PYTHONPATH} /usr/bin/cmake --build /home/purduerm/ros2-ws/auto-aiming/build/control_communicator -- -j12 -l12[0m
[13.140s] [34mcolcon.colcon_core.event_handler.log_command[0m [1;30mDEBUG[0m [32mInvoked command in '/home/purduerm/ros2-ws/auto-aiming/build/opencv_armor_detector' returned '0': AMENT_PREFIX_PATH=/home/purduerm/ros2-ws/auto-aiming/install/vision_msgs:${AMENT_PREFIX_PATH} CMAKE_PREFIX_PATH=/home/purduerm/ros2-ws/auto-aiming/install/vision_msgs:/opt/ros/foxy LD_LIBRARY_PATH=/home/purduerm/ros2-ws/auto-aiming/install/vision_msgs/lib:${LD_LIBRARY_PATH} PYTHONPATH=/home/purduerm/ros2-ws/auto-aiming/install/vision_msgs/lib/python3.8/site-packages:${PYTHONPATH} /usr/bin/cmake /home/purduerm/ros2-ws/auto-aiming/src/prm_vision/opencv_armor_detector -DCMAKE_BUILD_TYPE=Release -DCMAKE_CXX_FLAGS_RELEASE=-O3 -DAMENT_CMAKE_SYMLINK_INSTALL=1 -DCMAKE_INSTALL_PREFIX=/home/purduerm/ros2-ws/auto-aiming/install/opencv_armor_detector[0m
[13.142s] [34mcolcon.colcon_core.event_handler.log_command[0m [1;30mDEBUG[0m [32mInvoking command in '/home/purduerm/ros2-ws/auto-aiming/build/opencv_armor_detector': AMENT_PREFIX_PATH=/home/purduerm/ros2-ws/auto-aiming/install/vision_msgs:${AMENT_PREFIX_PATH} CMAKE_PREFIX_PATH=/home/purduerm/ros2-ws/auto-aiming/install/vision_msgs:/opt/ros/foxy LD_LIBRARY_PATH=/home/purduerm/ros2-ws/auto-aiming/install/vision_msgs/lib:${LD_LIBRARY_PATH} PYTHONPATH=/home/purduerm/ros2-ws/auto-aiming/install/vision_msgs/lib/python3.8/site-packages:${PYTHONPATH} /usr/bin/cmake --build /home/purduerm/ros2-ws/auto-aiming/build/opencv_armor_detector -- -j12 -l12[0m
[13.394s] [34mcolcon.colcon_core.event_handler.log_command[0m [1;30mDEBUG[0m [32mInvoked command in '/home/purduerm/ros2-ws/auto-aiming/build/pose_estimator' returned '0': AMENT_PREFIX_PATH=/home/purduerm/ros2-ws/auto-aiming/install/vision_msgs:${AMENT_PREFIX_PATH} CMAKE_PREFIX_PATH=/home/purduerm/ros2-ws/auto-aiming/install/vision_msgs:/opt/ros/foxy LD_LIBRARY_PATH=/home/purduerm/ros2-ws/auto-aiming/install/vision_msgs/lib:${LD_LIBRARY_PATH} PYTHONPATH=/home/purduerm/ros2-ws/auto-aiming/install/vision_msgs/lib/python3.8/site-packages:${PYTHONPATH} /usr/bin/cmake /home/purduerm/ros2-ws/auto-aiming/src/prm_vision/pose_estimator -DCMAKE_BUILD_TYPE=Release -DCMAKE_CXX_FLAGS_RELEASE=-O3 -DAMENT_CMAKE_SYMLINK_INSTALL=1 -DCMAKE_INSTALL_PREFIX=/home/purduerm/ros2-ws/auto-aiming/install/pose_estimator[0m
[13.396s] [34mcolcon.colcon_core.event_handler.log_command[0m [1;30mDEBUG[0m [32mInvoking command in '/home/purduerm/ros2-ws/auto-aiming/build/pose_estimator': AMENT_PREFIX_PATH=/home/purduerm/ros2-ws/auto-aiming/install/vision_msgs:${AMENT_PREFIX_PATH} CMAKE_PREFIX_PATH=/home/purduerm/ros2-ws/auto-aiming/install/vision_msgs:/opt/ros/foxy LD_LIBRARY_PATH=/home/purduerm/ros2-ws/auto-aiming/install/vision_msgs/lib:${LD_LIBRARY_PATH} PYTHONPATH=/home/purduerm/ros2-ws/auto-aiming/install/vision_msgs/lib/python3.8/site-packages:${PYTHONPATH} /usr/bin/cmake --build /home/purduerm/ros2-ws/auto-aiming/build/pose_estimator -- -j12 -l12[0m
[17.998s] [34mcolcon.colcon_core.event_handler.log_command[0m [1;30mDEBUG[0m [32mInvoked command in '/home/purduerm/ros2-ws/auto-aiming/build/control_communicator' returned '2': AMENT_PREFIX_PATH=/home/purduerm/ros2-ws/auto-aiming/install/vision_msgs:${AMENT_PREFIX_PATH} CMAKE_PREFIX_PATH=/home/purduerm/ros2-ws/auto-aiming/install/vision_msgs:/opt/ros/foxy LD_LIBRARY_PATH=/home/purduerm/ros2-ws/auto-aiming/install/vision_msgs/lib:${LD_LIBRARY_PATH} PYTHONPATH=/home/purduerm/ros2-ws/auto-aiming/install/vision_msgs/lib/python3.8/site-packages:${PYTHONPATH} /usr/bin/cmake --build /home/purduerm/ros2-ws/auto-aiming/build/control_communicator -- -j12 -l12[0m
[17.998s] [34mcolcon.colcon_core.environment[0m [1;30mLevel 1[0m create_environment_scripts_only(control_communicator)
[17.999s] [34mcolcon.colcon_core.environment[0m [1;30mLevel 1[0m checking '/home/purduerm/ros2-ws/auto-aiming/install/control_communicator' for CMake module files
[17.999s] [34mcolcon.colcon_core.environment[0m [1;30mLevel 1[0m checking '/home/purduerm/ros2-ws/auto-aiming/install/control_communicator' for CMake config files
[17.999s] [34mcolcon.colcon_core.environment[0m [1;30mLevel 1[0m checking '/home/purduerm/ros2-ws/auto-aiming/install/control_communicator/bin'
[18.000s] [34mcolcon.colcon_core.environment[0m [1;30mLevel 1[0m checking '/home/purduerm/ros2-ws/auto-aiming/install/control_communicator/lib/pkgconfig/control_communicator.pc'
[18.000s] [34mcolcon.colcon_core.environment[0m [1;30mLevel 1[0m checking '/home/purduerm/ros2-ws/auto-aiming/install/control_communicator/lib/python3.8/site-packages'
[18.000s] [34mcolcon.colcon_core.environment[0m [1;30mLevel 1[0m checking '/home/purduerm/ros2-ws/auto-aiming/install/control_communicator/bin'
[18.001s] [34mcolcon.colcon_core.shell[0m [1;30mINFO[0m Creating package script '/home/purduerm/ros2-ws/auto-aiming/install/control_communicator/share/control_communicator/package.ps1'
[18.001s] [34mcolcon.colcon_core.shell[0m [1;30mINFO[0m Creating package descriptor '/home/purduerm/ros2-ws/auto-aiming/install/control_communicator/share/control_communicator/package.dsv'
[18.002s] [34mcolcon.colcon_core.shell[0m [1;30mINFO[0m Creating package script '/home/purduerm/ros2-ws/auto-aiming/install/control_communicator/share/control_communicator/package.sh'
[18.002s] [34mcolcon.colcon_core.shell[0m [1;30mINFO[0m Creating package script '/home/purduerm/ros2-ws/auto-aiming/install/control_communicator/share/control_communicator/package.bash'
[18.003s] [34mcolcon.colcon_core.shell[0m [1;30mINFO[0m Creating package script '/home/purduerm/ros2-ws/auto-aiming/install/control_communicator/share/control_communicator/package.zsh'
[18.003s] [34mcolcon.colcon_core.environment[0m [1;30mLevel 1[0m create_file_with_runtime_dependencies(/home/purduerm/ros2-ws/auto-aiming/install/control_communicator/share/colcon-core/packages/control_communicator)
[25.006s] [34mcolcon.colcon_parallel_executor.executor.parallel[0m [1;30mDEBUG[0m [32mclosing loop[0m
[25.006s] [34mcolcon.colcon_parallel_executor.executor.parallel[0m [1;30mDEBUG[0m [32mloop closed[0m
[25.007s] [34mcolcon.colcon_parallel_executor.executor.parallel[0m [1;30mDEBUG[0m [32mrun_until_complete finished with '2'[0m
[25.007s] [34mcolcon.colcon_core.event_reactor[0m [1;30mDEBUG[0m [32mjoining thread[0m
[25.011s] [34mcolcon.colcon_core.plugin_system[0m [1;30mINFO[0m Skipping extension 'colcon_notification.desktop_notification.terminal_notifier': Not used on non-Darwin systems
[25.011s] [34mcolcon.colcon_core.plugin_system[0m [1;30mINFO[0m Skipping extension 'colcon_notification.desktop_notification.win32': Not used on non-Windows systems
[25.011s] [34mcolcon.colcon_notification.desktop_notification[0m [1;30mINFO[0m Sending desktop notification using 'notify2'
[25.022s] [34mcolcon.colcon_core.event_reactor[0m [1;30mDEBUG[0m [32mjoined thread[0m
[25.023s] [34mcolcon.colcon_core.shell[0m [1;30mINFO[0m Creating prefix script '/home/purduerm/ros2-ws/auto-aiming/install/local_setup.ps1'
[25.024s] [34mcolcon.colcon_core.shell[0m [1;30mINFO[0m Creating prefix util module '/home/purduerm/ros2-ws/auto-aiming/install/_local_setup_util_ps1.py'
[25.025s] [34mcolcon.colcon_core.shell[0m [1;30mINFO[0m Creating prefix chain script '/home/purduerm/ros2-ws/auto-aiming/install/setup.ps1'
[25.025s] [34mcolcon.colcon_core.shell[0m [1;30mINFO[0m Creating prefix script '/home/purduerm/ros2-ws/auto-aiming/install/local_setup.sh'
[25.026s] [34mcolcon.colcon_core.shell[0m [1;30mINFO[0m Creating prefix util module '/home/purduerm/ros2-ws/auto-aiming/install/_local_setup_util_sh.py'
[25.026s] [34mcolcon.colcon_core.shell[0m [1;30mINFO[0m Creating prefix chain script '/home/purduerm/ros2-ws/auto-aiming/install/setup.sh'
[25.027s] [34mcolcon.colcon_core.shell[0m [1;30mINFO[0m Creating prefix script '/home/purduerm/ros2-ws/auto-aiming/install/local_setup.bash'
[25.027s] [34mcolcon.colcon_core.shell[0m [1;30mINFO[0m Creating prefix chain script '/home/purduerm/ros2-ws/auto-aiming/install/setup.bash'
[25.028s] [34mcolcon.colcon_core.shell[0m [1;30mINFO[0m Creating prefix script '/home/purduerm/ros2-ws/auto-aiming/install/local_setup.zsh'
[25.028s] [34mcolcon.colcon_core.shell[0m [1;30mINFO[0m Creating prefix chain script '/home/purduerm/ros2-ws/auto-aiming/install/setup.zsh'
