[0.046s] Invoking command in '/home/user-accounts/lee4649/auto-aiming/build/vision_msgs': CMAKE_PREFIX_PATH=/opt/ros/foxy /usr/bin/cmake --build /home/user-accounts/lee4649/auto-aiming/build/vision_msgs -- -j8 -l8
[0.136s] [  1%] Built target vision_msgs__cpp
[0.140s] [ 12%] Built target vision_msgs__rosidl_generator_c
[0.194s] [ 34%] Built target vision_msgs__rosidl_typesupport_fastrtps_cpp
[0.194s] [ 34%] Built target vision_msgs__rosidl_typesupport_cpp
[0.195s] [ 45%] Built target vision_msgs__rosidl_typesupport_introspection_cpp
[0.206s] [ 56%] Built target vision_msgs__rosidl_typesupport_c
[0.208s] [ 67%] Built target vision_msgs__rosidl_typesupport_introspection_c
[0.238s] [ 78%] Built target vision_msgs__rosidl_typesupport_fastrtps_c
[0.276s] [ 78%] Built target vision_msgs
[0.307s] [ 80%] Built target vision_msgs__py
[0.353s] [ 89%] Built target vision_msgs__python
[0.394s] [100%] Built target vision_msgs__rosidl_typesupport_introspection_c__pyext
[0.395s] [100%] Built target vision_msgs__rosidl_typesupport_c__pyext
[0.396s] [100%] Built target vision_msgs__rosidl_typesupport_fastrtps_c__pyext
[0.416s] Invoked command in '/home/user-accounts/lee4649/auto-aiming/build/vision_msgs' returned '0': CMAKE_PREFIX_PATH=/opt/ros/foxy /usr/bin/cmake --build /home/user-accounts/lee4649/auto-aiming/build/vision_msgs -- -j8 -l8
[0.562s] Invoking command in '/home/user-accounts/lee4649/auto-aiming/build/vision_msgs': CMAKE_PREFIX_PATH=/opt/ros/foxy /usr/bin/cmake --install /home/user-accounts/lee4649/auto-aiming/build/vision_msgs
[0.582s] -- Install configuration: "Release"
[0.583s] -- Execute custom install script
[0.583s] -- Up-to-date symlink: /home/user-accounts/lee4649/auto-aiming/install/vision_msgs/share/ament_index/resource_index/rosidl_interfaces/vision_msgs
[0.584s] -- Up-to-date symlink: /home/user-accounts/lee4649/auto-aiming/install/vision_msgs/include/vision_msgs/msg/detail/key_point_groups__functions.h
[0.584s] -- Up-to-date symlink: /home/user-accounts/lee4649/auto-aiming/install/vision_msgs/include/vision_msgs/msg/detail/key_point_groups__struct.h
[0.585s] -- Up-to-date symlink: /home/user-accounts/lee4649/auto-aiming/install/vision_msgs/include/vision_msgs/msg/detail/key_point_groups__type_support.h
[0.585s] -- Up-to-date symlink: /home/user-accounts/lee4649/auto-aiming/install/vision_msgs/include/vision_msgs/msg/detail/key_points__functions.h
[0.585s] -- Up-to-date symlink: /home/user-accounts/lee4649/auto-aiming/install/vision_msgs/include/vision_msgs/msg/detail/key_points__struct.h
[0.585s] -- Up-to-date symlink: /home/user-accounts/lee4649/auto-aiming/install/vision_msgs/include/vision_msgs/msg/detail/key_points__type_support.h
[0.586s] -- Up-to-date symlink: /home/user-accounts/lee4649/auto-aiming/install/vision_msgs/include/vision_msgs/msg/detail/predicted_armor__functions.h
[0.586s] -- Up-to-date symlink: /home/user-accounts/lee4649/auto-aiming/install/vision_msgs/include/vision_msgs/msg/detail/predicted_armor__struct.h
[0.586s] -- Up-to-date symlink: /home/user-accounts/lee4649/auto-aiming/install/vision_msgs/include/vision_msgs/msg/detail/predicted_armor__type_support.h
[0.586s] -- Up-to-date symlink: /home/user-accounts/lee4649/auto-aiming/install/vision_msgs/include/vision_msgs/msg/detail/yaw_pitch__functions.h
[0.587s] -- Up-to-date symlink: /home/user-accounts/lee4649/auto-aiming/install/vision_msgs/include/vision_msgs/msg/detail/yaw_pitch__struct.h
[0.587s] -- Up-to-date symlink: /home/user-accounts/lee4649/auto-aiming/install/vision_msgs/include/vision_msgs/msg/detail/yaw_pitch__type_support.h
[0.587s] -- Up-to-date symlink: /home/user-accounts/lee4649/auto-aiming/install/vision_msgs/include/vision_msgs/msg/key_point_groups.h
[0.587s] -- Up-to-date symlink: /home/user-accounts/lee4649/auto-aiming/install/vision_msgs/include/vision_msgs/msg/key_points.h
[0.588s] -- Up-to-date symlink: /home/user-accounts/lee4649/auto-aiming/install/vision_msgs/include/vision_msgs/msg/predicted_armor.h
[0.588s] -- Up-to-date symlink: /home/user-accounts/lee4649/auto-aiming/install/vision_msgs/include/vision_msgs/msg/rosidl_generator_c__visibility_control.h
[0.588s] -- Up-to-date symlink: /home/user-accounts/lee4649/auto-aiming/install/vision_msgs/include/vision_msgs/msg/yaw_pitch.h
[0.588s] -- Up-to-date symlink: /home/user-accounts/lee4649/auto-aiming/install/vision_msgs/share/vision_msgs/environment/library_path.sh
[0.589s] -- Up-to-date symlink: /home/user-accounts/lee4649/auto-aiming/install/vision_msgs/share/vision_msgs/environment/library_path.dsv
[0.590s] -- Up-to-date symlink: /home/user-accounts/lee4649/auto-aiming/install/vision_msgs/include/vision_msgs/msg/detail/key_point_groups__rosidl_typesupport_fastrtps_c.h
[0.590s] -- Up-to-date symlink: /home/user-accounts/lee4649/auto-aiming/install/vision_msgs/include/vision_msgs/msg/detail/key_points__rosidl_typesupport_fastrtps_c.h
[0.590s] -- Up-to-date symlink: /home/user-accounts/lee4649/auto-aiming/install/vision_msgs/include/vision_msgs/msg/detail/predicted_armor__rosidl_typesupport_fastrtps_c.h
[0.591s] -- Up-to-date symlink: /home/user-accounts/lee4649/auto-aiming/install/vision_msgs/include/vision_msgs/msg/detail/yaw_pitch__rosidl_typesupport_fastrtps_c.h
[0.591s] -- Up-to-date symlink: /home/user-accounts/lee4649/auto-aiming/install/vision_msgs/include/vision_msgs/msg/rosidl_typesupport_fastrtps_c__visibility_control.h
[0.591s] -- Up-to-date symlink: /home/user-accounts/lee4649/auto-aiming/install/vision_msgs/lib/libvision_msgs__rosidl_typesupport_fastrtps_c.so
[0.592s] -- Up-to-date symlink: /home/user-accounts/lee4649/auto-aiming/install/vision_msgs/include/vision_msgs/msg/detail/key_point_groups__rosidl_typesupport_fastrtps_cpp.hpp
[0.593s] -- Up-to-date symlink: /home/user-accounts/lee4649/auto-aiming/install/vision_msgs/include/vision_msgs/msg/detail/key_points__rosidl_typesupport_fastrtps_cpp.hpp
[0.593s] -- Up-to-date symlink: /home/user-accounts/lee4649/auto-aiming/install/vision_msgs/include/vision_msgs/msg/detail/predicted_armor__rosidl_typesupport_fastrtps_cpp.hpp
[0.593s] -- Up-to-date symlink: /home/user-accounts/lee4649/auto-aiming/install/vision_msgs/include/vision_msgs/msg/detail/yaw_pitch__rosidl_typesupport_fastrtps_cpp.hpp
[0.593s] -- Up-to-date symlink: /home/user-accounts/lee4649/auto-aiming/install/vision_msgs/include/vision_msgs/msg/rosidl_typesupport_fastrtps_cpp__visibility_control.h
[0.594s] -- Up-to-date symlink: /home/user-accounts/lee4649/auto-aiming/install/vision_msgs/lib/libvision_msgs__rosidl_typesupport_fastrtps_cpp.so
[0.595s] -- Up-to-date symlink: /home/user-accounts/lee4649/auto-aiming/install/vision_msgs/include/vision_msgs/msg/detail/key_point_groups__rosidl_typesupport_introspection_c.h
[0.595s] -- Up-to-date symlink: /home/user-accounts/lee4649/auto-aiming/install/vision_msgs/include/vision_msgs/msg/detail/key_points__rosidl_typesupport_introspection_c.h
[0.595s] -- Up-to-date symlink: /home/user-accounts/lee4649/auto-aiming/install/vision_msgs/include/vision_msgs/msg/detail/predicted_armor__rosidl_typesupport_introspection_c.h
[0.596s] -- Up-to-date symlink: /home/user-accounts/lee4649/auto-aiming/install/vision_msgs/include/vision_msgs/msg/detail/yaw_pitch__rosidl_typesupport_introspection_c.h
[0.596s] -- Up-to-date symlink: /home/user-accounts/lee4649/auto-aiming/install/vision_msgs/include/vision_msgs/msg/rosidl_typesupport_introspection_c__visibility_control.h
[0.597s] -- Up-to-date symlink: /home/user-accounts/lee4649/auto-aiming/install/vision_msgs/include/vision_msgs/msg/detail/key_point_groups__builder.hpp
[0.597s] -- Up-to-date symlink: /home/user-accounts/lee4649/auto-aiming/install/vision_msgs/include/vision_msgs/msg/detail/key_point_groups__struct.hpp
[0.597s] -- Up-to-date symlink: /home/user-accounts/lee4649/auto-aiming/install/vision_msgs/include/vision_msgs/msg/detail/key_point_groups__traits.hpp
[0.598s] -- Up-to-date symlink: /home/user-accounts/lee4649/auto-aiming/install/vision_msgs/include/vision_msgs/msg/detail/key_point_groups__type_support.hpp
[0.598s] -- Up-to-date symlink: /home/user-accounts/lee4649/auto-aiming/install/vision_msgs/include/vision_msgs/msg/detail/key_points__builder.hpp
[0.598s] -- Up-to-date symlink: /home/user-accounts/lee4649/auto-aiming/install/vision_msgs/include/vision_msgs/msg/detail/key_points__struct.hpp
[0.598s] -- Up-to-date symlink: /home/user-accounts/lee4649/auto-aiming/install/vision_msgs/include/vision_msgs/msg/detail/key_points__traits.hpp
[0.599s] -- Up-to-date symlink: /home/user-accounts/lee4649/auto-aiming/install/vision_msgs/include/vision_msgs/msg/detail/key_points__type_support.hpp
[0.599s] -- Up-to-date symlink: /home/user-accounts/lee4649/auto-aiming/install/vision_msgs/include/vision_msgs/msg/detail/predicted_armor__builder.hpp
[0.599s] -- Up-to-date symlink: /home/user-accounts/lee4649/auto-aiming/install/vision_msgs/include/vision_msgs/msg/detail/predicted_armor__struct.hpp
[0.599s] -- Up-to-date symlink: /home/user-accounts/lee4649/auto-aiming/install/vision_msgs/include/vision_msgs/msg/detail/predicted_armor__traits.hpp
[0.600s] -- Up-to-date symlink: /home/user-accounts/lee4649/auto-aiming/install/vision_msgs/include/vision_msgs/msg/detail/predicted_armor__type_support.hpp
[0.600s] -- Up-to-date symlink: /home/user-accounts/lee4649/auto-aiming/install/vision_msgs/include/vision_msgs/msg/detail/yaw_pitch__builder.hpp
[0.600s] -- Up-to-date symlink: /home/user-accounts/lee4649/auto-aiming/install/vision_msgs/include/vision_msgs/msg/detail/yaw_pitch__struct.hpp
[0.600s] -- Up-to-date symlink: /home/user-accounts/lee4649/auto-aiming/install/vision_msgs/include/vision_msgs/msg/detail/yaw_pitch__traits.hpp
[0.601s] -- Up-to-date symlink: /home/user-accounts/lee4649/auto-aiming/install/vision_msgs/include/vision_msgs/msg/detail/yaw_pitch__type_support.hpp
[0.601s] -- Up-to-date symlink: /home/user-accounts/lee4649/auto-aiming/install/vision_msgs/include/vision_msgs/msg/key_point_groups.hpp
[0.601s] -- Up-to-date symlink: /home/user-accounts/lee4649/auto-aiming/install/vision_msgs/include/vision_msgs/msg/key_points.hpp
[0.601s] -- Up-to-date symlink: /home/user-accounts/lee4649/auto-aiming/install/vision_msgs/include/vision_msgs/msg/predicted_armor.hpp
[0.602s] -- Up-to-date symlink: /home/user-accounts/lee4649/auto-aiming/install/vision_msgs/include/vision_msgs/msg/rosidl_generator_cpp__visibility_control.hpp
[0.602s] -- Up-to-date symlink: /home/user-accounts/lee4649/auto-aiming/install/vision_msgs/include/vision_msgs/msg/yaw_pitch.hpp
[0.603s] -- Up-to-date symlink: /home/user-accounts/lee4649/auto-aiming/install/vision_msgs/include/vision_msgs/msg/detail/key_point_groups__rosidl_typesupport_introspection_cpp.hpp
[0.603s] -- Up-to-date symlink: /home/user-accounts/lee4649/auto-aiming/install/vision_msgs/include/vision_msgs/msg/detail/key_points__rosidl_typesupport_introspection_cpp.hpp
[0.604s] -- Up-to-date symlink: /home/user-accounts/lee4649/auto-aiming/install/vision_msgs/include/vision_msgs/msg/detail/predicted_armor__rosidl_typesupport_introspection_cpp.hpp
[0.604s] -- Up-to-date symlink: /home/user-accounts/lee4649/auto-aiming/install/vision_msgs/include/vision_msgs/msg/detail/yaw_pitch__rosidl_typesupport_introspection_cpp.hpp
[0.604s] -- Up-to-date symlink: /home/user-accounts/lee4649/auto-aiming/install/vision_msgs/share/vision_msgs/environment/pythonpath.sh
[0.604s] -- Up-to-date symlink: /home/user-accounts/lee4649/auto-aiming/install/vision_msgs/share/vision_msgs/environment/pythonpath.dsv
[0.605s] -- Up-to-date symlink: /home/user-accounts/lee4649/auto-aiming/install/vision_msgs/lib/python3.8/site-packages/vision_msgs/__init__.py
[0.605s] -- Up-to-date symlink: /home/user-accounts/lee4649/auto-aiming/install/vision_msgs/lib/python3.8/site-packages/vision_msgs/msg/__init__.py
[0.606s] -- Up-to-date symlink: /home/user-accounts/lee4649/auto-aiming/install/vision_msgs/lib/python3.8/site-packages/vision_msgs/msg/_key_point_groups.py
[0.606s] -- Up-to-date symlink: /home/user-accounts/lee4649/auto-aiming/install/vision_msgs/lib/python3.8/site-packages/vision_msgs/msg/_key_points.py
[0.606s] -- Up-to-date symlink: /home/user-accounts/lee4649/auto-aiming/install/vision_msgs/lib/python3.8/site-packages/vision_msgs/msg/_predicted_armor.py
[0.606s] -- Up-to-date symlink: /home/user-accounts/lee4649/auto-aiming/install/vision_msgs/lib/python3.8/site-packages/vision_msgs/msg/_yaw_pitch.py
[0.607s] -- Up-to-date symlink: /home/user-accounts/lee4649/auto-aiming/install/vision_msgs/lib/python3.8/site-packages/vision_msgs/vision_msgs_s__rosidl_typesupport_fastrtps_c.cpython-38-aarch64-linux-gnu.so
[0.608s] -- Up-to-date symlink: /home/user-accounts/lee4649/auto-aiming/install/vision_msgs/lib/python3.8/site-packages/vision_msgs/vision_msgs_s__rosidl_typesupport_introspection_c.cpython-38-aarch64-linux-gnu.so
[0.608s] -- Up-to-date symlink: /home/user-accounts/lee4649/auto-aiming/install/vision_msgs/lib/python3.8/site-packages/vision_msgs/vision_msgs_s__rosidl_typesupport_c.cpython-38-aarch64-linux-gnu.so
[0.609s] -- Up-to-date symlink: /home/user-accounts/lee4649/auto-aiming/install/vision_msgs/lib/libvision_msgs__python.so
[0.609s] -- Up-to-date symlink: /home/user-accounts/lee4649/auto-aiming/install/vision_msgs/share/vision_msgs/msg/KeyPointGroups.idl
[0.610s] -- Up-to-date symlink: /home/user-accounts/lee4649/auto-aiming/install/vision_msgs/share/vision_msgs/msg/KeyPoints.idl
[0.610s] -- Up-to-date symlink: /home/user-accounts/lee4649/auto-aiming/install/vision_msgs/share/vision_msgs/msg/YawPitch.idl
[0.610s] -- Up-to-date symlink: /home/user-accounts/lee4649/auto-aiming/install/vision_msgs/share/vision_msgs/msg/PredictedArmor.idl
[0.611s] -- Up-to-date symlink: /home/user-accounts/lee4649/auto-aiming/install/vision_msgs/share/vision_msgs/msg/KeyPointGroups.msg
[0.611s] -- Up-to-date symlink: /home/user-accounts/lee4649/auto-aiming/install/vision_msgs/share/vision_msgs/msg/KeyPoints.msg
[0.612s] -- Up-to-date symlink: /home/user-accounts/lee4649/auto-aiming/install/vision_msgs/share/vision_msgs/msg/YawPitch.msg
[0.612s] -- Up-to-date symlink: /home/user-accounts/lee4649/auto-aiming/install/vision_msgs/share/vision_msgs/msg/PredictedArmor.msg
[0.612s] -- Up-to-date symlink: /home/user-accounts/lee4649/auto-aiming/install/vision_msgs/share/ament_index/resource_index/package_run_dependencies/vision_msgs
[0.613s] -- Up-to-date symlink: /home/user-accounts/lee4649/auto-aiming/install/vision_msgs/share/ament_index/resource_index/parent_prefix_path/vision_msgs
[0.613s] -- Up-to-date symlink: /home/user-accounts/lee4649/auto-aiming/install/vision_msgs/share/vision_msgs/environment/ament_prefix_path.sh
[0.614s] -- Up-to-date symlink: /home/user-accounts/lee4649/auto-aiming/install/vision_msgs/share/vision_msgs/environment/ament_prefix_path.dsv
[0.614s] -- Up-to-date symlink: /home/user-accounts/lee4649/auto-aiming/install/vision_msgs/share/vision_msgs/environment/path.sh
[0.614s] -- Up-to-date symlink: /home/user-accounts/lee4649/auto-aiming/install/vision_msgs/share/vision_msgs/environment/path.dsv
[0.615s] -- Up-to-date symlink: /home/user-accounts/lee4649/auto-aiming/install/vision_msgs/share/vision_msgs/local_setup.bash
[0.615s] -- Up-to-date symlink: /home/user-accounts/lee4649/auto-aiming/install/vision_msgs/share/vision_msgs/local_setup.sh
[0.615s] -- Up-to-date symlink: /home/user-accounts/lee4649/auto-aiming/install/vision_msgs/share/vision_msgs/local_setup.zsh
[0.616s] -- Up-to-date symlink: /home/user-accounts/lee4649/auto-aiming/install/vision_msgs/share/vision_msgs/local_setup.dsv
[0.616s] -- Symlinking: /home/user-accounts/lee4649/auto-aiming/install/vision_msgs/share/vision_msgs/package.dsv
[0.633s] -- Up-to-date symlink: /home/user-accounts/lee4649/auto-aiming/install/vision_msgs/share/ament_index/resource_index/packages/vision_msgs
[0.633s] -- Up-to-date symlink: /home/user-accounts/lee4649/auto-aiming/install/vision_msgs/share/vision_msgs/cmake/rosidl_cmake-extras.cmake
[0.633s] -- Up-to-date symlink: /home/user-accounts/lee4649/auto-aiming/install/vision_msgs/share/vision_msgs/cmake/ament_cmake_export_dependencies-extras.cmake
[0.633s] -- Up-to-date symlink: /home/user-accounts/lee4649/auto-aiming/install/vision_msgs/share/vision_msgs/cmake/ament_cmake_export_libraries-extras.cmake
[0.634s] -- Up-to-date symlink: /home/user-accounts/lee4649/auto-aiming/install/vision_msgs/share/vision_msgs/cmake/ament_cmake_export_targets-extras.cmake
[0.634s] -- Up-to-date symlink: /home/user-accounts/lee4649/auto-aiming/install/vision_msgs/share/vision_msgs/cmake/ament_cmake_export_include_directories-extras.cmake
[0.634s] -- Up-to-date symlink: /home/user-accounts/lee4649/auto-aiming/install/vision_msgs/share/vision_msgs/cmake/rosidl_cmake_export_typesupport_libraries-extras.cmake
[0.635s] -- Up-to-date symlink: /home/user-accounts/lee4649/auto-aiming/install/vision_msgs/share/vision_msgs/cmake/rosidl_cmake_export_typesupport_targets-extras.cmake
[0.635s] -- Up-to-date symlink: /home/user-accounts/lee4649/auto-aiming/install/vision_msgs/share/vision_msgs/cmake/vision_msgsConfig.cmake
[0.635s] -- Up-to-date symlink: /home/user-accounts/lee4649/auto-aiming/install/vision_msgs/share/vision_msgs/cmake/vision_msgsConfig-version.cmake
[0.636s] -- Up-to-date symlink: /home/user-accounts/lee4649/auto-aiming/install/vision_msgs/share/vision_msgs/package.xml
[0.636s] -- Up-to-date: /home/user-accounts/lee4649/auto-aiming/install/vision_msgs/lib/libvision_msgs__rosidl_generator_c.so
[0.637s] -- Up-to-date: /home/user-accounts/lee4649/auto-aiming/install/vision_msgs/lib/libvision_msgs__rosidl_typesupport_introspection_c.so
[0.637s] -- Up-to-date: /home/user-accounts/lee4649/auto-aiming/install/vision_msgs/lib/libvision_msgs__rosidl_typesupport_c.so
[0.638s] -- Up-to-date: /home/user-accounts/lee4649/auto-aiming/install/vision_msgs/lib/libvision_msgs__rosidl_typesupport_introspection_cpp.so
[0.638s] -- Up-to-date: /home/user-accounts/lee4649/auto-aiming/install/vision_msgs/lib/libvision_msgs__rosidl_typesupport_cpp.so
[0.692s] -- Up-to-date: /home/user-accounts/lee4649/auto-aiming/install/vision_msgs/share/vision_msgs/cmake/vision_msgs__rosidl_generator_cExport.cmake
[0.692s] -- Up-to-date: /home/user-accounts/lee4649/auto-aiming/install/vision_msgs/share/vision_msgs/cmake/vision_msgs__rosidl_generator_cExport-release.cmake
[0.692s] -- Up-to-date: /home/user-accounts/lee4649/auto-aiming/install/vision_msgs/share/vision_msgs/cmake/vision_msgs__rosidl_typesupport_introspection_cExport.cmake
[0.692s] -- Up-to-date: /home/user-accounts/lee4649/auto-aiming/install/vision_msgs/share/vision_msgs/cmake/vision_msgs__rosidl_typesupport_introspection_cExport-release.cmake
[0.693s] -- Up-to-date: /home/user-accounts/lee4649/auto-aiming/install/vision_msgs/share/vision_msgs/cmake/vision_msgs__rosidl_typesupport_cExport.cmake
[0.693s] -- Up-to-date: /home/user-accounts/lee4649/auto-aiming/install/vision_msgs/share/vision_msgs/cmake/vision_msgs__rosidl_typesupport_cExport-release.cmake
[0.693s] -- Up-to-date: /home/user-accounts/lee4649/auto-aiming/install/vision_msgs/share/vision_msgs/cmake/vision_msgs__rosidl_generator_cppExport.cmake
[0.693s] -- Up-to-date: /home/user-accounts/lee4649/auto-aiming/install/vision_msgs/share/vision_msgs/cmake/vision_msgs__rosidl_typesupport_introspection_cppExport.cmake
[0.693s] -- Up-to-date: /home/user-accounts/lee4649/auto-aiming/install/vision_msgs/share/vision_msgs/cmake/vision_msgs__rosidl_typesupport_introspection_cppExport-release.cmake
[0.693s] -- Up-to-date: /home/user-accounts/lee4649/auto-aiming/install/vision_msgs/share/vision_msgs/cmake/vision_msgs__rosidl_typesupport_cppExport.cmake
[0.693s] -- Up-to-date: /home/user-accounts/lee4649/auto-aiming/install/vision_msgs/share/vision_msgs/cmake/vision_msgs__rosidl_typesupport_cppExport-release.cmake
[0.702s] Invoked command in '/home/user-accounts/lee4649/auto-aiming/build/vision_msgs' returned '0': CMAKE_PREFIX_PATH=/opt/ros/foxy /usr/bin/cmake --install /home/user-accounts/lee4649/auto-aiming/build/vision_msgs
