[0.016s] Invoking command in '/home/purduerm/ros2-ws/auto-aiming/build/opencv_armor_detector': AMENT_PREFIX_PATH=/home/purduerm/ros2-ws/auto-aiming/install/vision_msgs:${AMENT_PREFIX_PATH} CMAKE_PREFIX_PATH=/home/purduerm/ros2-ws/auto-aiming/install/vision_msgs:/opt/ros/foxy LD_LIBRARY_PATH=/home/purduerm/ros2-ws/auto-aiming/install/vision_msgs/lib:${LD_LIBRARY_PATH} PYTHONPATH=/home/purduerm/ros2-ws/auto-aiming/install/vision_msgs/lib/python3.8/site-packages:${PYTHONPATH} /usr/bin/cmake --build /home/purduerm/ros2-ws/auto-aiming/build/opencv_armor_detector -- -j12 -l12
[0.056s] [ 20%] Built target gtest_main
[0.056s] [ 40%] Built target gtest
[0.058s] [ 60%] Built target OpenCVArmorDetector
[0.081s] [ 80%] Built target test_OpenCVArmorDetector
[0.090s] [100%] Built target OpenCVArmorDetectorNode
[0.098s] Invoked command in '/home/purduerm/ros2-ws/auto-aiming/build/opencv_armor_detector' returned '0': AMENT_PREFIX_PATH=/home/purduerm/ros2-ws/auto-aiming/install/vision_msgs:${AMENT_PREFIX_PATH} CMAKE_PREFIX_PATH=/home/purduerm/ros2-ws/auto-aiming/install/vision_msgs:/opt/ros/foxy LD_LIBRARY_PATH=/home/purduerm/ros2-ws/auto-aiming/install/vision_msgs/lib:${LD_LIBRARY_PATH} PYTHONPATH=/home/purduerm/ros2-ws/auto-aiming/install/vision_msgs/lib/python3.8/site-packages:${PYTHONPATH} /usr/bin/cmake --build /home/purduerm/ros2-ws/auto-aiming/build/opencv_armor_detector -- -j12 -l12
[0.101s] Invoking command in '/home/purduerm/ros2-ws/auto-aiming/build/opencv_armor_detector': AMENT_PREFIX_PATH=/home/purduerm/ros2-ws/auto-aiming/install/vision_msgs:${AMENT_PREFIX_PATH} CMAKE_PREFIX_PATH=/home/purduerm/ros2-ws/auto-aiming/install/vision_msgs:/opt/ros/foxy LD_LIBRARY_PATH=/home/purduerm/ros2-ws/auto-aiming/install/vision_msgs/lib:${LD_LIBRARY_PATH} PYTHONPATH=/home/purduerm/ros2-ws/auto-aiming/install/vision_msgs/lib/python3.8/site-packages:${PYTHONPATH} /usr/bin/cmake --install /home/purduerm/ros2-ws/auto-aiming/build/opencv_armor_detector
[0.107s] -- Install configuration: "Release"
[0.108s] -- Execute custom install script
[0.108s] -- Up-to-date symlink: /home/purduerm/ros2-ws/auto-aiming/install/opencv_armor_detector/lib/opencv_armor_detector/OpenCVArmorDetectorNode
[0.111s] -- Up-to-date symlink: /home/purduerm/ros2-ws/auto-aiming/install/opencv_armor_detector/share/opencv_armor_detector/resources/blue/0.png
[0.111s] -- Up-to-date symlink: /home/purduerm/ros2-ws/auto-aiming/install/opencv_armor_detector/share/opencv_armor_detector/resources/blue/1.png
[0.111s] -- Up-to-date symlink: /home/purduerm/ros2-ws/auto-aiming/install/opencv_armor_detector/share/opencv_armor_detector/resources/blue/10.png
[0.111s] -- Up-to-date symlink: /home/purduerm/ros2-ws/auto-aiming/install/opencv_armor_detector/share/opencv_armor_detector/resources/blue/11.png
[0.111s] -- Up-to-date symlink: /home/purduerm/ros2-ws/auto-aiming/install/opencv_armor_detector/share/opencv_armor_detector/resources/blue/12.png
[0.111s] -- Up-to-date symlink: /home/purduerm/ros2-ws/auto-aiming/install/opencv_armor_detector/share/opencv_armor_detector/resources/blue/13.png
[0.111s] -- Up-to-date symlink: /home/purduerm/ros2-ws/auto-aiming/install/opencv_armor_detector/share/opencv_armor_detector/resources/blue/14.png
[0.112s] -- Up-to-date symlink: /home/purduerm/ros2-ws/auto-aiming/install/opencv_armor_detector/share/opencv_armor_detector/resources/blue/15.png
[0.112s] -- Up-to-date symlink: /home/purduerm/ros2-ws/auto-aiming/install/opencv_armor_detector/share/opencv_armor_detector/resources/blue/16.png
[0.112s] -- Up-to-date symlink: /home/purduerm/ros2-ws/auto-aiming/install/opencv_armor_detector/share/opencv_armor_detector/resources/blue/17.png
[0.112s] -- Up-to-date symlink: /home/purduerm/ros2-ws/auto-aiming/install/opencv_armor_detector/share/opencv_armor_detector/resources/blue/18.png
[0.112s] -- Up-to-date symlink: /home/purduerm/ros2-ws/auto-aiming/install/opencv_armor_detector/share/opencv_armor_detector/resources/blue/19.png
[0.112s] -- Up-to-date symlink: /home/purduerm/ros2-ws/auto-aiming/install/opencv_armor_detector/share/opencv_armor_detector/resources/blue/2.png
[0.113s] -- Up-to-date symlink: /home/purduerm/ros2-ws/auto-aiming/install/opencv_armor_detector/share/opencv_armor_detector/resources/blue/20.png
[0.113s] -- Up-to-date symlink: /home/purduerm/ros2-ws/auto-aiming/install/opencv_armor_detector/share/opencv_armor_detector/resources/blue/21.png
[0.113s] -- Up-to-date symlink: /home/purduerm/ros2-ws/auto-aiming/install/opencv_armor_detector/share/opencv_armor_detector/resources/blue/22.png
[0.113s] -- Up-to-date symlink: /home/purduerm/ros2-ws/auto-aiming/install/opencv_armor_detector/share/opencv_armor_detector/resources/blue/23.png
[0.113s] -- Up-to-date symlink: /home/purduerm/ros2-ws/auto-aiming/install/opencv_armor_detector/share/opencv_armor_detector/resources/blue/24.png
[0.114s] -- Up-to-date symlink: /home/purduerm/ros2-ws/auto-aiming/install/opencv_armor_detector/share/opencv_armor_detector/resources/blue/2406.png
[0.114s] -- Up-to-date symlink: /home/purduerm/ros2-ws/auto-aiming/install/opencv_armor_detector/share/opencv_armor_detector/resources/blue/2407.png
[0.114s] -- Up-to-date symlink: /home/purduerm/ros2-ws/auto-aiming/install/opencv_armor_detector/share/opencv_armor_detector/resources/blue/2412.png
[0.114s] -- Up-to-date symlink: /home/purduerm/ros2-ws/auto-aiming/install/opencv_armor_detector/share/opencv_armor_detector/resources/blue/2414.png
[0.114s] -- Up-to-date symlink: /home/purduerm/ros2-ws/auto-aiming/install/opencv_armor_detector/share/opencv_armor_detector/resources/blue/2415.png
[0.115s] -- Up-to-date symlink: /home/purduerm/ros2-ws/auto-aiming/install/opencv_armor_detector/share/opencv_armor_detector/resources/blue/2416.png
[0.115s] -- Up-to-date symlink: /home/purduerm/ros2-ws/auto-aiming/install/opencv_armor_detector/share/opencv_armor_detector/resources/blue/2418.png
[0.115s] -- Up-to-date symlink: /home/purduerm/ros2-ws/auto-aiming/install/opencv_armor_detector/share/opencv_armor_detector/resources/blue/2419.png
[0.115s] -- Up-to-date symlink: /home/purduerm/ros2-ws/auto-aiming/install/opencv_armor_detector/share/opencv_armor_detector/resources/blue/2420.png
[0.115s] -- Up-to-date symlink: /home/purduerm/ros2-ws/auto-aiming/install/opencv_armor_detector/share/opencv_armor_detector/resources/blue/2423.png
[0.115s] -- Up-to-date symlink: /home/purduerm/ros2-ws/auto-aiming/install/opencv_armor_detector/share/opencv_armor_detector/resources/blue/2424.png
[0.116s] -- Up-to-date symlink: /home/purduerm/ros2-ws/auto-aiming/install/opencv_armor_detector/share/opencv_armor_detector/resources/blue/2425.png
[0.116s] -- Up-to-date symlink: /home/purduerm/ros2-ws/auto-aiming/install/opencv_armor_detector/share/opencv_armor_detector/resources/blue/2428.png
[0.116s] -- Up-to-date symlink: /home/purduerm/ros2-ws/auto-aiming/install/opencv_armor_detector/share/opencv_armor_detector/resources/blue/2429.png
[0.116s] -- Up-to-date symlink: /home/purduerm/ros2-ws/auto-aiming/install/opencv_armor_detector/share/opencv_armor_detector/resources/blue/2457.png
[0.116s] -- Up-to-date symlink: /home/purduerm/ros2-ws/auto-aiming/install/opencv_armor_detector/share/opencv_armor_detector/resources/blue/2458.png
[0.116s] -- Up-to-date symlink: /home/purduerm/ros2-ws/auto-aiming/install/opencv_armor_detector/share/opencv_armor_detector/resources/blue/2459.png
[0.116s] -- Up-to-date symlink: /home/purduerm/ros2-ws/auto-aiming/install/opencv_armor_detector/share/opencv_armor_detector/resources/blue/2462.png
[0.117s] -- Up-to-date symlink: /home/purduerm/ros2-ws/auto-aiming/install/opencv_armor_detector/share/opencv_armor_detector/resources/blue/2463.png
[0.117s] -- Up-to-date symlink: /home/purduerm/ros2-ws/auto-aiming/install/opencv_armor_detector/share/opencv_armor_detector/resources/blue/2471.png
[0.117s] -- Up-to-date symlink: /home/purduerm/ros2-ws/auto-aiming/install/opencv_armor_detector/share/opencv_armor_detector/resources/blue/2472.png
[0.117s] -- Up-to-date symlink: /home/purduerm/ros2-ws/auto-aiming/install/opencv_armor_detector/share/opencv_armor_detector/resources/blue/2474.png
[0.117s] -- Up-to-date symlink: /home/purduerm/ros2-ws/auto-aiming/install/opencv_armor_detector/share/opencv_armor_detector/resources/blue/2475.png
[0.118s] -- Up-to-date symlink: /home/purduerm/ros2-ws/auto-aiming/install/opencv_armor_detector/share/opencv_armor_detector/resources/blue/2476.png
[0.118s] -- Up-to-date symlink: /home/purduerm/ros2-ws/auto-aiming/install/opencv_armor_detector/share/opencv_armor_detector/resources/blue/2477.png
[0.118s] -- Up-to-date symlink: /home/purduerm/ros2-ws/auto-aiming/install/opencv_armor_detector/share/opencv_armor_detector/resources/blue/2478.png
[0.118s] -- Up-to-date symlink: /home/purduerm/ros2-ws/auto-aiming/install/opencv_armor_detector/share/opencv_armor_detector/resources/blue/2479.png
[0.118s] -- Up-to-date symlink: /home/purduerm/ros2-ws/auto-aiming/install/opencv_armor_detector/share/opencv_armor_detector/resources/blue/2480.png
[0.118s] -- Up-to-date symlink: /home/purduerm/ros2-ws/auto-aiming/install/opencv_armor_detector/share/opencv_armor_detector/resources/blue/2481.png
[0.118s] -- Up-to-date symlink: /home/purduerm/ros2-ws/auto-aiming/install/opencv_armor_detector/share/opencv_armor_detector/resources/blue/2482.png
[0.119s] -- Up-to-date symlink: /home/purduerm/ros2-ws/auto-aiming/install/opencv_armor_detector/share/opencv_armor_detector/resources/blue/2483.png
[0.119s] -- Up-to-date symlink: /home/purduerm/ros2-ws/auto-aiming/install/opencv_armor_detector/share/opencv_armor_detector/resources/blue/2486.png
[0.119s] -- Up-to-date symlink: /home/purduerm/ros2-ws/auto-aiming/install/opencv_armor_detector/share/opencv_armor_detector/resources/blue/2487.png
[0.119s] -- Up-to-date symlink: /home/purduerm/ros2-ws/auto-aiming/install/opencv_armor_detector/share/opencv_armor_detector/resources/blue/2489.png
[0.119s] -- Up-to-date symlink: /home/purduerm/ros2-ws/auto-aiming/install/opencv_armor_detector/share/opencv_armor_detector/resources/blue/2490.png
[0.119s] -- Up-to-date symlink: /home/purduerm/ros2-ws/auto-aiming/install/opencv_armor_detector/share/opencv_armor_detector/resources/blue/2493.png
[0.120s] -- Up-to-date symlink: /home/purduerm/ros2-ws/auto-aiming/install/opencv_armor_detector/share/opencv_armor_detector/resources/blue/2494.png
[0.120s] -- Up-to-date symlink: /home/purduerm/ros2-ws/auto-aiming/install/opencv_armor_detector/share/opencv_armor_detector/resources/blue/2498.png
[0.120s] -- Up-to-date symlink: /home/purduerm/ros2-ws/auto-aiming/install/opencv_armor_detector/share/opencv_armor_detector/resources/blue/2499.png
[0.120s] -- Up-to-date symlink: /home/purduerm/ros2-ws/auto-aiming/install/opencv_armor_detector/share/opencv_armor_detector/resources/blue/25.png
[0.120s] -- Up-to-date symlink: /home/purduerm/ros2-ws/auto-aiming/install/opencv_armor_detector/share/opencv_armor_detector/resources/blue/2501.png
[0.120s] -- Up-to-date symlink: /home/purduerm/ros2-ws/auto-aiming/install/opencv_armor_detector/share/opencv_armor_detector/resources/blue/2502.png
[0.120s] -- Up-to-date symlink: /home/purduerm/ros2-ws/auto-aiming/install/opencv_armor_detector/share/opencv_armor_detector/resources/blue/2503.png
[0.121s] -- Up-to-date symlink: /home/purduerm/ros2-ws/auto-aiming/install/opencv_armor_detector/share/opencv_armor_detector/resources/blue/2505.png
[0.121s] -- Up-to-date symlink: /home/purduerm/ros2-ws/auto-aiming/install/opencv_armor_detector/share/opencv_armor_detector/resources/blue/2506.png
[0.121s] -- Up-to-date symlink: /home/purduerm/ros2-ws/auto-aiming/install/opencv_armor_detector/share/opencv_armor_detector/resources/blue/2507.png
[0.121s] -- Up-to-date symlink: /home/purduerm/ros2-ws/auto-aiming/install/opencv_armor_detector/share/opencv_armor_detector/resources/blue/2517.png
[0.121s] -- Up-to-date symlink: /home/purduerm/ros2-ws/auto-aiming/install/opencv_armor_detector/share/opencv_armor_detector/resources/blue/2518.png
[0.121s] -- Up-to-date symlink: /home/purduerm/ros2-ws/auto-aiming/install/opencv_armor_detector/share/opencv_armor_detector/resources/blue/2537.png
[0.121s] -- Up-to-date symlink: /home/purduerm/ros2-ws/auto-aiming/install/opencv_armor_detector/share/opencv_armor_detector/resources/blue/2541.png
[0.122s] -- Up-to-date symlink: /home/purduerm/ros2-ws/auto-aiming/install/opencv_armor_detector/share/opencv_armor_detector/resources/blue/26.png
[0.122s] -- Up-to-date symlink: /home/purduerm/ros2-ws/auto-aiming/install/opencv_armor_detector/share/opencv_armor_detector/resources/blue/27.png
[0.122s] -- Up-to-date symlink: /home/purduerm/ros2-ws/auto-aiming/install/opencv_armor_detector/share/opencv_armor_detector/resources/blue/28.png
[0.122s] -- Up-to-date symlink: /home/purduerm/ros2-ws/auto-aiming/install/opencv_armor_detector/share/opencv_armor_detector/resources/blue/29.png
[0.122s] -- Up-to-date symlink: /home/purduerm/ros2-ws/auto-aiming/install/opencv_armor_detector/share/opencv_armor_detector/resources/blue/3.png
[0.122s] -- Up-to-date symlink: /home/purduerm/ros2-ws/auto-aiming/install/opencv_armor_detector/share/opencv_armor_detector/resources/blue/30.png
[0.123s] -- Up-to-date symlink: /home/purduerm/ros2-ws/auto-aiming/install/opencv_armor_detector/share/opencv_armor_detector/resources/blue/4.png
[0.123s] -- Up-to-date symlink: /home/purduerm/ros2-ws/auto-aiming/install/opencv_armor_detector/share/opencv_armor_detector/resources/blue/5.png
[0.123s] -- Up-to-date symlink: /home/purduerm/ros2-ws/auto-aiming/install/opencv_armor_detector/share/opencv_armor_detector/resources/blue/6.png
[0.123s] -- Up-to-date symlink: /home/purduerm/ros2-ws/auto-aiming/install/opencv_armor_detector/share/opencv_armor_detector/resources/blue/7.png
[0.123s] -- Up-to-date symlink: /home/purduerm/ros2-ws/auto-aiming/install/opencv_armor_detector/share/opencv_armor_detector/resources/blue/8.png
[0.123s] -- Up-to-date symlink: /home/purduerm/ros2-ws/auto-aiming/install/opencv_armor_detector/share/opencv_armor_detector/resources/blue/9.png
[0.123s] -- Up-to-date symlink: /home/purduerm/ros2-ws/auto-aiming/install/opencv_armor_detector/share/opencv_armor_detector/resources/blue/ground_truth.csv
[0.124s] -- Up-to-date symlink: /home/purduerm/ros2-ws/auto-aiming/install/opencv_armor_detector/share/opencv_armor_detector/resources/close_video/close.avi
[0.124s] -- Up-to-date symlink: /home/purduerm/ros2-ws/auto-aiming/install/opencv_armor_detector/share/opencv_armor_detector/resources/close_video/ground_truth.csv
[0.124s] -- Up-to-date symlink: /home/purduerm/ros2-ws/auto-aiming/install/opencv_armor_detector/share/opencv_armor_detector/resources/easy/ground_truth.csv
[0.124s] -- Up-to-date symlink: /home/purduerm/ros2-ws/auto-aiming/install/opencv_armor_detector/share/opencv_armor_detector/resources/easy/output_0001.png
[0.124s] -- Up-to-date symlink: /home/purduerm/ros2-ws/auto-aiming/install/opencv_armor_detector/share/opencv_armor_detector/resources/easy/output_0002.png
[0.124s] -- Up-to-date symlink: /home/purduerm/ros2-ws/auto-aiming/install/opencv_armor_detector/share/opencv_armor_detector/resources/easy/output_0003.png
[0.124s] -- Up-to-date symlink: /home/purduerm/ros2-ws/auto-aiming/install/opencv_armor_detector/share/opencv_armor_detector/resources/easy/output_0004.png
[0.125s] -- Up-to-date symlink: /home/purduerm/ros2-ws/auto-aiming/install/opencv_armor_detector/share/opencv_armor_detector/resources/easy/output_0005.png
[0.125s] -- Up-to-date symlink: /home/purduerm/ros2-ws/auto-aiming/install/opencv_armor_detector/share/opencv_armor_detector/resources/easy/output_0006.png
[0.125s] -- Up-to-date symlink: /home/purduerm/ros2-ws/auto-aiming/install/opencv_armor_detector/share/opencv_armor_detector/resources/easy/output_0007.png
[0.125s] -- Up-to-date symlink: /home/purduerm/ros2-ws/auto-aiming/install/opencv_armor_detector/share/opencv_armor_detector/resources/easy/output_0008.png
[0.125s] -- Up-to-date symlink: /home/purduerm/ros2-ws/auto-aiming/install/opencv_armor_detector/share/opencv_armor_detector/resources/easy/output_0009.png
[0.125s] -- Up-to-date symlink: /home/purduerm/ros2-ws/auto-aiming/install/opencv_armor_detector/share/opencv_armor_detector/resources/easy/output_0010.png
[0.125s] -- Up-to-date symlink: /home/purduerm/ros2-ws/auto-aiming/install/opencv_armor_detector/share/opencv_armor_detector/resources/easy/output_0011.png
[0.126s] -- Up-to-date symlink: /home/purduerm/ros2-ws/auto-aiming/install/opencv_armor_detector/share/opencv_armor_detector/resources/easy/output_0012.png
[0.126s] -- Up-to-date symlink: /home/purduerm/ros2-ws/auto-aiming/install/opencv_armor_detector/share/opencv_armor_detector/resources/easy/output_0013.png
[0.126s] -- Up-to-date symlink: /home/purduerm/ros2-ws/auto-aiming/install/opencv_armor_detector/share/opencv_armor_detector/resources/easy/output_0014.png
[0.126s] -- Up-to-date symlink: /home/purduerm/ros2-ws/auto-aiming/install/opencv_armor_detector/share/opencv_armor_detector/resources/easy/output_0015.png
[0.126s] -- Up-to-date symlink: /home/purduerm/ros2-ws/auto-aiming/install/opencv_armor_detector/share/opencv_armor_detector/resources/easy/output_0016.png
[0.126s] -- Up-to-date symlink: /home/purduerm/ros2-ws/auto-aiming/install/opencv_armor_detector/share/opencv_armor_detector/resources/easy/output_0017.png
[0.126s] -- Up-to-date symlink: /home/purduerm/ros2-ws/auto-aiming/install/opencv_armor_detector/share/opencv_armor_detector/resources/easy/output_0018.png
[0.127s] -- Up-to-date symlink: /home/purduerm/ros2-ws/auto-aiming/install/opencv_armor_detector/share/opencv_armor_detector/resources/easy/output_0019.png
[0.127s] -- Up-to-date symlink: /home/purduerm/ros2-ws/auto-aiming/install/opencv_armor_detector/share/opencv_armor_detector/resources/easy/output_0020.png
[0.128s] -- Up-to-date symlink: /home/purduerm/ros2-ws/auto-aiming/install/opencv_armor_detector/share/opencv_armor_detector/resources/easy/output_0021.png
[0.128s] -- Up-to-date symlink: /home/purduerm/ros2-ws/auto-aiming/install/opencv_armor_detector/share/opencv_armor_detector/resources/easy/output_0022.png
[0.128s] -- Up-to-date symlink: /home/purduerm/ros2-ws/auto-aiming/install/opencv_armor_detector/share/opencv_armor_detector/resources/easy/output_0023.png
[0.128s] -- Up-to-date symlink: /home/purduerm/ros2-ws/auto-aiming/install/opencv_armor_detector/share/opencv_armor_detector/resources/easy/output_0024.png
[0.128s] -- Up-to-date symlink: /home/purduerm/ros2-ws/auto-aiming/install/opencv_armor_detector/share/opencv_armor_detector/resources/easy/output_0025.png
[0.129s] -- Up-to-date symlink: /home/purduerm/ros2-ws/auto-aiming/install/opencv_armor_detector/share/opencv_armor_detector/resources/easy/output_0026.png
[0.129s] -- Up-to-date symlink: /home/purduerm/ros2-ws/auto-aiming/install/opencv_armor_detector/share/opencv_armor_detector/resources/easy/output_0027.png
[0.129s] -- Up-to-date symlink: /home/purduerm/ros2-ws/auto-aiming/install/opencv_armor_detector/share/opencv_armor_detector/resources/easy/output_0028.png
[0.129s] -- Up-to-date symlink: /home/purduerm/ros2-ws/auto-aiming/install/opencv_armor_detector/share/opencv_armor_detector/resources/easy/output_0029.png
[0.131s] -- Up-to-date symlink: /home/purduerm/ros2-ws/auto-aiming/install/opencv_armor_detector/share/opencv_armor_detector/resources/easy/output_0030.png
[0.131s] -- Up-to-date symlink: /home/purduerm/ros2-ws/auto-aiming/install/opencv_armor_detector/share/opencv_armor_detector/resources/easy/output_0031.png
[0.131s] -- Up-to-date symlink: /home/purduerm/ros2-ws/auto-aiming/install/opencv_armor_detector/share/opencv_armor_detector/resources/easy/output_0032.png
[0.131s] -- Up-to-date symlink: /home/purduerm/ros2-ws/auto-aiming/install/opencv_armor_detector/share/opencv_armor_detector/resources/easy/output_0033.png
[0.131s] -- Up-to-date symlink: /home/purduerm/ros2-ws/auto-aiming/install/opencv_armor_detector/share/opencv_armor_detector/resources/easy/output_0034.png
[0.132s] -- Up-to-date symlink: /home/purduerm/ros2-ws/auto-aiming/install/opencv_armor_detector/share/opencv_armor_detector/resources/easy/output_0035.png
[0.132s] -- Up-to-date symlink: /home/purduerm/ros2-ws/auto-aiming/install/opencv_armor_detector/share/opencv_armor_detector/resources/easy/output_0036.png
[0.132s] -- Up-to-date symlink: /home/purduerm/ros2-ws/auto-aiming/install/opencv_armor_detector/share/opencv_armor_detector/resources/easy/output_0037.png
[0.133s] -- Up-to-date symlink: /home/purduerm/ros2-ws/auto-aiming/install/opencv_armor_detector/share/opencv_armor_detector/resources/easy/output_0038.png
[0.133s] -- Up-to-date symlink: /home/purduerm/ros2-ws/auto-aiming/install/opencv_armor_detector/share/opencv_armor_detector/resources/easy/output_0039.png
[0.133s] -- Up-to-date symlink: /home/purduerm/ros2-ws/auto-aiming/install/opencv_armor_detector/share/opencv_armor_detector/resources/easy/output_0040.png
[0.133s] -- Up-to-date symlink: /home/purduerm/ros2-ws/auto-aiming/install/opencv_armor_detector/share/opencv_armor_detector/resources/easy/output_0041.png
[0.133s] -- Up-to-date symlink: /home/purduerm/ros2-ws/auto-aiming/install/opencv_armor_detector/share/opencv_armor_detector/resources/easy/output_0042.png
[0.133s] -- Up-to-date symlink: /home/purduerm/ros2-ws/auto-aiming/install/opencv_armor_detector/share/opencv_armor_detector/resources/easy/output_0043.png
[0.133s] -- Up-to-date symlink: /home/purduerm/ros2-ws/auto-aiming/install/opencv_armor_detector/share/opencv_armor_detector/resources/easy/output_0044.png
[0.133s] -- Up-to-date symlink: /home/purduerm/ros2-ws/auto-aiming/install/opencv_armor_detector/share/opencv_armor_detector/resources/easy/output_0045.png
[0.133s] -- Up-to-date symlink: /home/purduerm/ros2-ws/auto-aiming/install/opencv_armor_detector/share/opencv_armor_detector/resources/easy/output_0067.png
[0.133s] -- Up-to-date symlink: /home/purduerm/ros2-ws/auto-aiming/install/opencv_armor_detector/share/opencv_armor_detector/resources/easy/output_0068.png
[0.133s] -- Up-to-date symlink: /home/purduerm/ros2-ws/auto-aiming/install/opencv_armor_detector/share/opencv_armor_detector/resources/easy/output_0069.png
[0.133s] -- Up-to-date symlink: /home/purduerm/ros2-ws/auto-aiming/install/opencv_armor_detector/share/opencv_armor_detector/resources/easy/output_0070.png
[0.133s] -- Up-to-date symlink: /home/purduerm/ros2-ws/auto-aiming/install/opencv_armor_detector/share/opencv_armor_detector/resources/easy/output_0071.png
[0.133s] -- Up-to-date symlink: /home/purduerm/ros2-ws/auto-aiming/install/opencv_armor_detector/share/opencv_armor_detector/resources/easy/output_0072.png
[0.133s] -- Up-to-date symlink: /home/purduerm/ros2-ws/auto-aiming/install/opencv_armor_detector/share/opencv_armor_detector/resources/easy/output_0073.png
[0.134s] -- Up-to-date symlink: /home/purduerm/ros2-ws/auto-aiming/install/opencv_armor_detector/share/opencv_armor_detector/resources/easy/output_0074.png
[0.134s] -- Up-to-date symlink: /home/purduerm/ros2-ws/auto-aiming/install/opencv_armor_detector/share/opencv_armor_detector/resources/easy/output_0075.png
[0.134s] -- Up-to-date symlink: /home/purduerm/ros2-ws/auto-aiming/install/opencv_armor_detector/share/opencv_armor_detector/resources/easy/output_0076.png
[0.134s] -- Up-to-date symlink: /home/purduerm/ros2-ws/auto-aiming/install/opencv_armor_detector/share/opencv_armor_detector/resources/easy/output_0077.png
[0.134s] -- Up-to-date symlink: /home/purduerm/ros2-ws/auto-aiming/install/opencv_armor_detector/share/opencv_armor_detector/resources/easy/output_0078.png
[0.134s] -- Up-to-date symlink: /home/purduerm/ros2-ws/auto-aiming/install/opencv_armor_detector/share/opencv_armor_detector/resources/easy/output_0079.png
[0.134s] -- Up-to-date symlink: /home/purduerm/ros2-ws/auto-aiming/install/opencv_armor_detector/share/opencv_armor_detector/resources/easy/output_0080.png
[0.134s] -- Up-to-date symlink: /home/purduerm/ros2-ws/auto-aiming/install/opencv_armor_detector/share/opencv_armor_detector/resources/easy/output_0081.png
[0.134s] -- Up-to-date symlink: /home/purduerm/ros2-ws/auto-aiming/install/opencv_armor_detector/share/opencv_armor_detector/resources/easy/output_0082.png
[0.134s] -- Up-to-date symlink: /home/purduerm/ros2-ws/auto-aiming/install/opencv_armor_detector/share/opencv_armor_detector/resources/easy/output_0083.png
[0.134s] -- Up-to-date symlink: /home/purduerm/ros2-ws/auto-aiming/install/opencv_armor_detector/share/opencv_armor_detector/resources/easy/output_0084.png
[0.134s] -- Up-to-date symlink: /home/purduerm/ros2-ws/auto-aiming/install/opencv_armor_detector/share/opencv_armor_detector/resources/easy/output_0085.png
[0.134s] -- Up-to-date symlink: /home/purduerm/ros2-ws/auto-aiming/install/opencv_armor_detector/share/opencv_armor_detector/resources/easy/output_0086.png
[0.134s] -- Up-to-date symlink: /home/purduerm/ros2-ws/auto-aiming/install/opencv_armor_detector/share/opencv_armor_detector/resources/easy/output_0087.png
[0.134s] -- Up-to-date symlink: /home/purduerm/ros2-ws/auto-aiming/install/opencv_armor_detector/share/opencv_armor_detector/resources/easy/output_0088.png
[0.134s] -- Up-to-date symlink: /home/purduerm/ros2-ws/auto-aiming/install/opencv_armor_detector/share/opencv_armor_detector/resources/easy/output_0089.png
[0.134s] -- Up-to-date symlink: /home/purduerm/ros2-ws/auto-aiming/install/opencv_armor_detector/share/opencv_armor_detector/resources/easy/output_0095.png
[0.135s] -- Up-to-date symlink: /home/purduerm/ros2-ws/auto-aiming/install/opencv_armor_detector/share/opencv_armor_detector/resources/easy/output_0096.png
[0.135s] -- Up-to-date symlink: /home/purduerm/ros2-ws/auto-aiming/install/opencv_armor_detector/share/opencv_armor_detector/resources/easy/output_0097.png
[0.135s] -- Up-to-date symlink: /home/purduerm/ros2-ws/auto-aiming/install/opencv_armor_detector/share/opencv_armor_detector/resources/easy/output_0098.png
[0.135s] -- Up-to-date symlink: /home/purduerm/ros2-ws/auto-aiming/install/opencv_armor_detector/share/opencv_armor_detector/resources/easy/output_0099.png
[0.135s] -- Up-to-date symlink: /home/purduerm/ros2-ws/auto-aiming/install/opencv_armor_detector/share/opencv_armor_detector/resources/easy/output_0100.png
[0.135s] -- Up-to-date symlink: /home/purduerm/ros2-ws/auto-aiming/install/opencv_armor_detector/share/opencv_armor_detector/resources/easy/output_0101.png
[0.135s] -- Up-to-date symlink: /home/purduerm/ros2-ws/auto-aiming/install/opencv_armor_detector/share/opencv_armor_detector/resources/easy/output_0102.png
[0.135s] -- Up-to-date symlink: /home/purduerm/ros2-ws/auto-aiming/install/opencv_armor_detector/share/opencv_armor_detector/resources/easy/output_0103.png
[0.135s] -- Up-to-date symlink: /home/purduerm/ros2-ws/auto-aiming/install/opencv_armor_detector/share/opencv_armor_detector/resources/easy/output_0104.png
[0.135s] -- Up-to-date symlink: /home/purduerm/ros2-ws/auto-aiming/install/opencv_armor_detector/share/opencv_armor_detector/resources/easy/output_0105.png
[0.135s] -- Up-to-date symlink: /home/purduerm/ros2-ws/auto-aiming/install/opencv_armor_detector/share/opencv_armor_detector/resources/easy/output_0106.png
[0.135s] -- Up-to-date symlink: /home/purduerm/ros2-ws/auto-aiming/install/opencv_armor_detector/share/opencv_armor_detector/resources/easy/output_0107.png
[0.135s] -- Up-to-date symlink: /home/purduerm/ros2-ws/auto-aiming/install/opencv_armor_detector/share/opencv_armor_detector/resources/easy/output_0108.png
[0.135s] -- Up-to-date symlink: /home/purduerm/ros2-ws/auto-aiming/install/opencv_armor_detector/share/opencv_armor_detector/resources/easy/output_0109.png
[0.136s] -- Up-to-date symlink: /home/purduerm/ros2-ws/auto-aiming/install/opencv_armor_detector/share/opencv_armor_detector/resources/easy/output_0110.png
[0.136s] -- Up-to-date symlink: /home/purduerm/ros2-ws/auto-aiming/install/opencv_armor_detector/share/opencv_armor_detector/resources/easy/output_0111.png
[0.136s] -- Up-to-date symlink: /home/purduerm/ros2-ws/auto-aiming/install/opencv_armor_detector/share/opencv_armor_detector/resources/easy/output_0112.png
[0.136s] -- Up-to-date symlink: /home/purduerm/ros2-ws/auto-aiming/install/opencv_armor_detector/share/opencv_armor_detector/resources/easy/output_0113.png
[0.136s] -- Up-to-date symlink: /home/purduerm/ros2-ws/auto-aiming/install/opencv_armor_detector/share/opencv_armor_detector/resources/easy/output_0114.png
[0.136s] -- Up-to-date symlink: /home/purduerm/ros2-ws/auto-aiming/install/opencv_armor_detector/share/opencv_armor_detector/resources/easy/output_0115.png
[0.137s] -- Up-to-date symlink: /home/purduerm/ros2-ws/auto-aiming/install/opencv_armor_detector/share/opencv_armor_detector/resources/easy/output_0116.png
[0.137s] -- Up-to-date symlink: /home/purduerm/ros2-ws/auto-aiming/install/opencv_armor_detector/share/opencv_armor_detector/resources/easy/output_0117.png
[0.137s] -- Up-to-date symlink: /home/purduerm/ros2-ws/auto-aiming/install/opencv_armor_detector/share/opencv_armor_detector/resources/easy/output_0118.png
[0.137s] -- Up-to-date symlink: /home/purduerm/ros2-ws/auto-aiming/install/opencv_armor_detector/share/opencv_armor_detector/resources/easy/output_0119.png
[0.137s] -- Up-to-date symlink: /home/purduerm/ros2-ws/auto-aiming/install/opencv_armor_detector/share/opencv_armor_detector/resources/easy/output_0120.png
[0.138s] -- Up-to-date symlink: /home/purduerm/ros2-ws/auto-aiming/install/opencv_armor_detector/share/opencv_armor_detector/resources/easy/output_0121.png
[0.138s] -- Up-to-date symlink: /home/purduerm/ros2-ws/auto-aiming/install/opencv_armor_detector/share/opencv_armor_detector/resources/easy/output_0122.png
[0.138s] -- Up-to-date symlink: /home/purduerm/ros2-ws/auto-aiming/install/opencv_armor_detector/share/opencv_armor_detector/resources/easy/output_0123.png
[0.138s] -- Up-to-date symlink: /home/purduerm/ros2-ws/auto-aiming/install/opencv_armor_detector/share/opencv_armor_detector/resources/easy/output_0236.png
[0.138s] -- Up-to-date symlink: /home/purduerm/ros2-ws/auto-aiming/install/opencv_armor_detector/share/opencv_armor_detector/resources/easy/output_0237.png
[0.139s] -- Up-to-date symlink: /home/purduerm/ros2-ws/auto-aiming/install/opencv_armor_detector/share/opencv_armor_detector/resources/easy/output_0238.png
[0.139s] -- Up-to-date symlink: /home/purduerm/ros2-ws/auto-aiming/install/opencv_armor_detector/share/opencv_armor_detector/resources/easy/output_0239.png
[0.139s] -- Up-to-date symlink: /home/purduerm/ros2-ws/auto-aiming/install/opencv_armor_detector/share/opencv_armor_detector/resources/easy/output_0240.png
[0.139s] -- Up-to-date symlink: /home/purduerm/ros2-ws/auto-aiming/install/opencv_armor_detector/share/opencv_armor_detector/resources/easy/output_0241.png
[0.139s] -- Up-to-date symlink: /home/purduerm/ros2-ws/auto-aiming/install/opencv_armor_detector/share/opencv_armor_detector/resources/easy/output_0242.png
[0.139s] -- Up-to-date symlink: /home/purduerm/ros2-ws/auto-aiming/install/opencv_armor_detector/share/opencv_armor_detector/resources/easy/output_0243.png
[0.139s] -- Up-to-date symlink: /home/purduerm/ros2-ws/auto-aiming/install/opencv_armor_detector/share/opencv_armor_detector/resources/easy/output_0244.png
[0.139s] -- Up-to-date symlink: /home/purduerm/ros2-ws/auto-aiming/install/opencv_armor_detector/share/opencv_armor_detector/resources/easy/output_0245.png
[0.140s] -- Up-to-date symlink: /home/purduerm/ros2-ws/auto-aiming/install/opencv_armor_detector/share/opencv_armor_detector/resources/easy/output_0246.png
[0.140s] -- Up-to-date symlink: /home/purduerm/ros2-ws/auto-aiming/install/opencv_armor_detector/share/opencv_armor_detector/resources/easy/output_0247.png
[0.140s] -- Up-to-date symlink: /home/purduerm/ros2-ws/auto-aiming/install/opencv_armor_detector/share/opencv_armor_detector/resources/easy/output_0248.png
[0.140s] -- Up-to-date symlink: /home/purduerm/ros2-ws/auto-aiming/install/opencv_armor_detector/share/opencv_armor_detector/resources/easy/output_0249.png
[0.140s] -- Up-to-date symlink: /home/purduerm/ros2-ws/auto-aiming/install/opencv_armor_detector/share/opencv_armor_detector/resources/easy/output_0250.png
[0.140s] -- Up-to-date symlink: /home/purduerm/ros2-ws/auto-aiming/install/opencv_armor_detector/share/opencv_armor_detector/resources/easy/output_0251.png
[0.140s] -- Up-to-date symlink: /home/purduerm/ros2-ws/auto-aiming/install/opencv_armor_detector/share/opencv_armor_detector/resources/easy/output_0252.png
[0.141s] -- Up-to-date symlink: /home/purduerm/ros2-ws/auto-aiming/install/opencv_armor_detector/share/opencv_armor_detector/resources/easy/output_0253.png
[0.141s] -- Up-to-date symlink: /home/purduerm/ros2-ws/auto-aiming/install/opencv_armor_detector/share/opencv_armor_detector/resources/easy/output_0254.png
[0.141s] -- Up-to-date symlink: /home/purduerm/ros2-ws/auto-aiming/install/opencv_armor_detector/share/opencv_armor_detector/resources/easy/output_0255.png
[0.141s] -- Up-to-date symlink: /home/purduerm/ros2-ws/auto-aiming/install/opencv_armor_detector/share/opencv_armor_detector/resources/easy/output_0256.png
[0.141s] -- Up-to-date symlink: /home/purduerm/ros2-ws/auto-aiming/install/opencv_armor_detector/share/opencv_armor_detector/resources/easy/output_0257.png
[0.141s] -- Up-to-date symlink: /home/purduerm/ros2-ws/auto-aiming/install/opencv_armor_detector/share/opencv_armor_detector/resources/easy/output_0258.png
[0.141s] -- Up-to-date symlink: /home/purduerm/ros2-ws/auto-aiming/install/opencv_armor_detector/share/opencv_armor_detector/resources/easy/output_0259.png
[0.142s] -- Up-to-date symlink: /home/purduerm/ros2-ws/auto-aiming/install/opencv_armor_detector/share/opencv_armor_detector/resources/easy/output_0260.png
[0.142s] -- Up-to-date symlink: /home/purduerm/ros2-ws/auto-aiming/install/opencv_armor_detector/share/opencv_armor_detector/resources/easy/output_0261.png
[0.142s] -- Up-to-date symlink: /home/purduerm/ros2-ws/auto-aiming/install/opencv_armor_detector/share/opencv_armor_detector/resources/easy/output_0262.png
[0.142s] -- Up-to-date symlink: /home/purduerm/ros2-ws/auto-aiming/install/opencv_armor_detector/share/opencv_armor_detector/resources/easy/output_0263.png
[0.142s] -- Up-to-date symlink: /home/purduerm/ros2-ws/auto-aiming/install/opencv_armor_detector/share/opencv_armor_detector/resources/easy/output_0264.png
[0.142s] -- Up-to-date symlink: /home/purduerm/ros2-ws/auto-aiming/install/opencv_armor_detector/share/opencv_armor_detector/resources/easy/output_0265.png
[0.142s] -- Up-to-date symlink: /home/purduerm/ros2-ws/auto-aiming/install/opencv_armor_detector/share/opencv_armor_detector/resources/easy/output_0266.png
[0.143s] -- Up-to-date symlink: /home/purduerm/ros2-ws/auto-aiming/install/opencv_armor_detector/share/opencv_armor_detector/resources/easy/output_0267.png
[0.143s] -- Up-to-date symlink: /home/purduerm/ros2-ws/auto-aiming/install/opencv_armor_detector/share/opencv_armor_detector/resources/easy/output_0268.png
[0.143s] -- Up-to-date symlink: /home/purduerm/ros2-ws/auto-aiming/install/opencv_armor_detector/share/opencv_armor_detector/resources/easy/output_0269.png
[0.143s] -- Up-to-date symlink: /home/purduerm/ros2-ws/auto-aiming/install/opencv_armor_detector/share/opencv_armor_detector/resources/easy/output_0270.png
[0.143s] -- Up-to-date symlink: /home/purduerm/ros2-ws/auto-aiming/install/opencv_armor_detector/share/opencv_armor_detector/resources/easy/output_0271.png
[0.143s] -- Up-to-date symlink: /home/purduerm/ros2-ws/auto-aiming/install/opencv_armor_detector/share/opencv_armor_detector/resources/easy/output_0272.png
[0.143s] -- Up-to-date symlink: /home/purduerm/ros2-ws/auto-aiming/install/opencv_armor_detector/share/opencv_armor_detector/resources/easy/output_0273.png
[0.143s] -- Up-to-date symlink: /home/purduerm/ros2-ws/auto-aiming/install/opencv_armor_detector/share/opencv_armor_detector/resources/easy/output_0274.png
[0.144s] -- Up-to-date symlink: /home/purduerm/ros2-ws/auto-aiming/install/opencv_armor_detector/share/opencv_armor_detector/resources/easy/output_0275.png
[0.144s] -- Up-to-date symlink: /home/purduerm/ros2-ws/auto-aiming/install/opencv_armor_detector/share/opencv_armor_detector/resources/easy/output_0276.png
[0.144s] -- Up-to-date symlink: /home/purduerm/ros2-ws/auto-aiming/install/opencv_armor_detector/share/opencv_armor_detector/resources/easy/output_0277.png
[0.144s] -- Up-to-date symlink: /home/purduerm/ros2-ws/auto-aiming/install/opencv_armor_detector/share/opencv_armor_detector/resources/easy/output_0278.png
[0.144s] -- Up-to-date symlink: /home/purduerm/ros2-ws/auto-aiming/install/opencv_armor_detector/share/opencv_armor_detector/resources/easy/output_0279.png
[0.144s] -- Up-to-date symlink: /home/purduerm/ros2-ws/auto-aiming/install/opencv_armor_detector/share/opencv_armor_detector/resources/easy/output_0280.png
[0.144s] -- Up-to-date symlink: /home/purduerm/ros2-ws/auto-aiming/install/opencv_armor_detector/share/opencv_armor_detector/resources/easy/output_0281.png
[0.145s] -- Up-to-date symlink: /home/purduerm/ros2-ws/auto-aiming/install/opencv_armor_detector/share/opencv_armor_detector/resources/easy/output_0282.png
[0.145s] -- Up-to-date symlink: /home/purduerm/ros2-ws/auto-aiming/install/opencv_armor_detector/share/opencv_armor_detector/resources/easy/output_0283.png
[0.145s] -- Up-to-date symlink: /home/purduerm/ros2-ws/auto-aiming/install/opencv_armor_detector/share/opencv_armor_detector/resources/easy/output_0284.png
[0.145s] -- Up-to-date symlink: /home/purduerm/ros2-ws/auto-aiming/install/opencv_armor_detector/share/opencv_armor_detector/resources/easy/output_0285.png
[0.145s] -- Up-to-date symlink: /home/purduerm/ros2-ws/auto-aiming/install/opencv_armor_detector/share/opencv_armor_detector/resources/easy/output_0286.png
[0.145s] -- Up-to-date symlink: /home/purduerm/ros2-ws/auto-aiming/install/opencv_armor_detector/share/opencv_armor_detector/resources/easy/output_0287.png
[0.145s] -- Up-to-date symlink: /home/purduerm/ros2-ws/auto-aiming/install/opencv_armor_detector/share/opencv_armor_detector/resources/easy/output_0288.png
[0.146s] -- Up-to-date symlink: /home/purduerm/ros2-ws/auto-aiming/install/opencv_armor_detector/share/opencv_armor_detector/resources/easy/output_0289.png
[0.146s] -- Up-to-date symlink: /home/purduerm/ros2-ws/auto-aiming/install/opencv_armor_detector/share/opencv_armor_detector/resources/easy/output_0290.png
[0.146s] -- Up-to-date symlink: /home/purduerm/ros2-ws/auto-aiming/install/opencv_armor_detector/share/opencv_armor_detector/resources/easy/output_0291.png
[0.146s] -- Up-to-date symlink: /home/purduerm/ros2-ws/auto-aiming/install/opencv_armor_detector/share/opencv_armor_detector/resources/easy/output_0292.png
[0.146s] -- Up-to-date symlink: /home/purduerm/ros2-ws/auto-aiming/install/opencv_armor_detector/share/opencv_armor_detector/resources/easy/output_0293.png
[0.147s] -- Up-to-date symlink: /home/purduerm/ros2-ws/auto-aiming/install/opencv_armor_detector/share/opencv_armor_detector/resources/easy/output_0294.png
[0.147s] -- Up-to-date symlink: /home/purduerm/ros2-ws/auto-aiming/install/opencv_armor_detector/share/opencv_armor_detector/resources/easy/output_0295.png
[0.147s] -- Up-to-date symlink: /home/purduerm/ros2-ws/auto-aiming/install/opencv_armor_detector/share/opencv_armor_detector/resources/easy/output_0296.png
[0.147s] -- Up-to-date symlink: /home/purduerm/ros2-ws/auto-aiming/install/opencv_armor_detector/share/opencv_armor_detector/resources/easy/output_0297.png
[0.148s] -- Up-to-date symlink: /home/purduerm/ros2-ws/auto-aiming/install/opencv_armor_detector/share/opencv_armor_detector/resources/far_back/613.png
[0.148s] -- Up-to-date symlink: /home/purduerm/ros2-ws/auto-aiming/install/opencv_armor_detector/share/opencv_armor_detector/resources/far_back/614.png
[0.148s] -- Up-to-date symlink: /home/purduerm/ros2-ws/auto-aiming/install/opencv_armor_detector/share/opencv_armor_detector/resources/far_back/615.png
[0.148s] -- Up-to-date symlink: /home/purduerm/ros2-ws/auto-aiming/install/opencv_armor_detector/share/opencv_armor_detector/resources/far_back/616.png
[0.148s] -- Up-to-date symlink: /home/purduerm/ros2-ws/auto-aiming/install/opencv_armor_detector/share/opencv_armor_detector/resources/far_back/617.png
[0.148s] -- Up-to-date symlink: /home/purduerm/ros2-ws/auto-aiming/install/opencv_armor_detector/share/opencv_armor_detector/resources/far_back/618.png
[0.148s] -- Up-to-date symlink: /home/purduerm/ros2-ws/auto-aiming/install/opencv_armor_detector/share/opencv_armor_detector/resources/far_back/619.png
[0.148s] -- Up-to-date symlink: /home/purduerm/ros2-ws/auto-aiming/install/opencv_armor_detector/share/opencv_armor_detector/resources/far_back/620.png
[0.149s] -- Up-to-date symlink: /home/purduerm/ros2-ws/auto-aiming/install/opencv_armor_detector/share/opencv_armor_detector/resources/far_back/621.png
[0.149s] -- Up-to-date symlink: /home/purduerm/ros2-ws/auto-aiming/install/opencv_armor_detector/share/opencv_armor_detector/resources/far_back/622.png
[0.149s] -- Up-to-date symlink: /home/purduerm/ros2-ws/auto-aiming/install/opencv_armor_detector/share/opencv_armor_detector/resources/far_back/623.png
[0.150s] -- Up-to-date symlink: /home/purduerm/ros2-ws/auto-aiming/install/opencv_armor_detector/share/opencv_armor_detector/resources/far_back/624.png
[0.150s] -- Up-to-date symlink: /home/purduerm/ros2-ws/auto-aiming/install/opencv_armor_detector/share/opencv_armor_detector/resources/far_back/625.png
[0.150s] -- Up-to-date symlink: /home/purduerm/ros2-ws/auto-aiming/install/opencv_armor_detector/share/opencv_armor_detector/resources/far_back/626.png
[0.150s] -- Up-to-date symlink: /home/purduerm/ros2-ws/auto-aiming/install/opencv_armor_detector/share/opencv_armor_detector/resources/far_back/627.png
[0.151s] -- Up-to-date symlink: /home/purduerm/ros2-ws/auto-aiming/install/opencv_armor_detector/share/opencv_armor_detector/resources/far_back/628.png
[0.151s] -- Up-to-date symlink: /home/purduerm/ros2-ws/auto-aiming/install/opencv_armor_detector/share/opencv_armor_detector/resources/far_back/629.png
[0.152s] -- Up-to-date symlink: /home/purduerm/ros2-ws/auto-aiming/install/opencv_armor_detector/share/opencv_armor_detector/resources/far_back/630.png
[0.152s] -- Up-to-date symlink: /home/purduerm/ros2-ws/auto-aiming/install/opencv_armor_detector/share/opencv_armor_detector/resources/far_back/631.png
[0.152s] -- Up-to-date symlink: /home/purduerm/ros2-ws/auto-aiming/install/opencv_armor_detector/share/opencv_armor_detector/resources/far_back/632.png
[0.152s] -- Up-to-date symlink: /home/purduerm/ros2-ws/auto-aiming/install/opencv_armor_detector/share/opencv_armor_detector/resources/far_back/633.png
[0.152s] -- Up-to-date symlink: /home/purduerm/ros2-ws/auto-aiming/install/opencv_armor_detector/share/opencv_armor_detector/resources/far_back/634.png
[0.152s] -- Up-to-date symlink: /home/purduerm/ros2-ws/auto-aiming/install/opencv_armor_detector/share/opencv_armor_detector/resources/far_back/635.png
[0.152s] -- Up-to-date symlink: /home/purduerm/ros2-ws/auto-aiming/install/opencv_armor_detector/share/opencv_armor_detector/resources/far_back/636.png
[0.152s] -- Up-to-date symlink: /home/purduerm/ros2-ws/auto-aiming/install/opencv_armor_detector/share/opencv_armor_detector/resources/far_back/637.png
[0.152s] -- Up-to-date symlink: /home/purduerm/ros2-ws/auto-aiming/install/opencv_armor_detector/share/opencv_armor_detector/resources/far_back/638.png
[0.152s] -- Up-to-date symlink: /home/purduerm/ros2-ws/auto-aiming/install/opencv_armor_detector/share/opencv_armor_detector/resources/far_back/639.png
[0.153s] -- Up-to-date symlink: /home/purduerm/ros2-ws/auto-aiming/install/opencv_armor_detector/share/opencv_armor_detector/resources/far_back/640.png
[0.153s] -- Up-to-date symlink: /home/purduerm/ros2-ws/auto-aiming/install/opencv_armor_detector/share/opencv_armor_detector/resources/far_back/651.png
[0.153s] -- Up-to-date symlink: /home/purduerm/ros2-ws/auto-aiming/install/opencv_armor_detector/share/opencv_armor_detector/resources/far_back/652.png
[0.153s] -- Up-to-date symlink: /home/purduerm/ros2-ws/auto-aiming/install/opencv_armor_detector/share/opencv_armor_detector/resources/far_back/653.png
[0.153s] -- Up-to-date symlink: /home/purduerm/ros2-ws/auto-aiming/install/opencv_armor_detector/share/opencv_armor_detector/resources/far_back/654.png
[0.153s] -- Up-to-date symlink: /home/purduerm/ros2-ws/auto-aiming/install/opencv_armor_detector/share/opencv_armor_detector/resources/far_back/655.png
[0.153s] -- Up-to-date symlink: /home/purduerm/ros2-ws/auto-aiming/install/opencv_armor_detector/share/opencv_armor_detector/resources/far_back/656.png
[0.153s] -- Up-to-date symlink: /home/purduerm/ros2-ws/auto-aiming/install/opencv_armor_detector/share/opencv_armor_detector/resources/far_back/657.png
[0.153s] -- Up-to-date symlink: /home/purduerm/ros2-ws/auto-aiming/install/opencv_armor_detector/share/opencv_armor_detector/resources/far_back/658.png
[0.153s] -- Up-to-date symlink: /home/purduerm/ros2-ws/auto-aiming/install/opencv_armor_detector/share/opencv_armor_detector/resources/far_back/659.png
[0.154s] -- Up-to-date symlink: /home/purduerm/ros2-ws/auto-aiming/install/opencv_armor_detector/share/opencv_armor_detector/resources/far_back/660.png
[0.154s] -- Up-to-date symlink: /home/purduerm/ros2-ws/auto-aiming/install/opencv_armor_detector/share/opencv_armor_detector/resources/far_back/665.png
[0.154s] -- Up-to-date symlink: /home/purduerm/ros2-ws/auto-aiming/install/opencv_armor_detector/share/opencv_armor_detector/resources/far_back/666.png
[0.154s] -- Up-to-date symlink: /home/purduerm/ros2-ws/auto-aiming/install/opencv_armor_detector/share/opencv_armor_detector/resources/far_back/667.png
[0.154s] -- Up-to-date symlink: /home/purduerm/ros2-ws/auto-aiming/install/opencv_armor_detector/share/opencv_armor_detector/resources/far_back/668.png
[0.154s] -- Up-to-date symlink: /home/purduerm/ros2-ws/auto-aiming/install/opencv_armor_detector/share/opencv_armor_detector/resources/far_back/669.png
[0.154s] -- Up-to-date symlink: /home/purduerm/ros2-ws/auto-aiming/install/opencv_armor_detector/share/opencv_armor_detector/resources/far_back/670.png
[0.154s] -- Up-to-date symlink: /home/purduerm/ros2-ws/auto-aiming/install/opencv_armor_detector/share/opencv_armor_detector/resources/far_back/671.png
[0.154s] -- Up-to-date symlink: /home/purduerm/ros2-ws/auto-aiming/install/opencv_armor_detector/share/opencv_armor_detector/resources/far_back/672.png
[0.155s] -- Up-to-date symlink: /home/purduerm/ros2-ws/auto-aiming/install/opencv_armor_detector/share/opencv_armor_detector/resources/far_back/673.png
[0.155s] -- Up-to-date symlink: /home/purduerm/ros2-ws/auto-aiming/install/opencv_armor_detector/share/opencv_armor_detector/resources/far_back/674.png
[0.155s] -- Up-to-date symlink: /home/purduerm/ros2-ws/auto-aiming/install/opencv_armor_detector/share/opencv_armor_detector/resources/far_back/675.png
[0.155s] -- Up-to-date symlink: /home/purduerm/ros2-ws/auto-aiming/install/opencv_armor_detector/share/opencv_armor_detector/resources/far_back/676.png
[0.155s] -- Up-to-date symlink: /home/purduerm/ros2-ws/auto-aiming/install/opencv_armor_detector/share/opencv_armor_detector/resources/far_back/677.png
[0.155s] -- Up-to-date symlink: /home/purduerm/ros2-ws/auto-aiming/install/opencv_armor_detector/share/opencv_armor_detector/resources/far_back/678.png
[0.155s] -- Up-to-date symlink: /home/purduerm/ros2-ws/auto-aiming/install/opencv_armor_detector/share/opencv_armor_detector/resources/far_back/679.png
[0.155s] -- Up-to-date symlink: /home/purduerm/ros2-ws/auto-aiming/install/opencv_armor_detector/share/opencv_armor_detector/resources/far_back/680.png
[0.155s] -- Up-to-date symlink: /home/purduerm/ros2-ws/auto-aiming/install/opencv_armor_detector/share/opencv_armor_detector/resources/far_back/ground_truth.csv
[0.155s] -- Up-to-date symlink: /home/purduerm/ros2-ws/auto-aiming/install/opencv_armor_detector/share/opencv_armor_detector/resources/far_back_spin_and_move/far.avi
[0.156s] -- Up-to-date symlink: /home/purduerm/ros2-ws/auto-aiming/install/opencv_armor_detector/share/opencv_armor_detector/resources/far_back_spin_and_move/ground_truth.csv
[0.156s] -- Up-to-date symlink: /home/purduerm/ros2-ws/auto-aiming/install/opencv_armor_detector/share/ament_index/resource_index/package_run_dependencies/opencv_armor_detector
[0.156s] -- Up-to-date symlink: /home/purduerm/ros2-ws/auto-aiming/install/opencv_armor_detector/share/ament_index/resource_index/parent_prefix_path/opencv_armor_detector
[0.156s] -- Up-to-date symlink: /home/purduerm/ros2-ws/auto-aiming/install/opencv_armor_detector/share/opencv_armor_detector/environment/ament_prefix_path.sh
[0.156s] -- Up-to-date symlink: /home/purduerm/ros2-ws/auto-aiming/install/opencv_armor_detector/share/opencv_armor_detector/environment/ament_prefix_path.dsv
[0.157s] -- Up-to-date symlink: /home/purduerm/ros2-ws/auto-aiming/install/opencv_armor_detector/share/opencv_armor_detector/environment/path.sh
[0.157s] -- Up-to-date symlink: /home/purduerm/ros2-ws/auto-aiming/install/opencv_armor_detector/share/opencv_armor_detector/environment/path.dsv
[0.157s] -- Up-to-date symlink: /home/purduerm/ros2-ws/auto-aiming/install/opencv_armor_detector/share/opencv_armor_detector/local_setup.bash
[0.157s] -- Up-to-date symlink: /home/purduerm/ros2-ws/auto-aiming/install/opencv_armor_detector/share/opencv_armor_detector/local_setup.sh
[0.158s] -- Up-to-date symlink: /home/purduerm/ros2-ws/auto-aiming/install/opencv_armor_detector/share/opencv_armor_detector/local_setup.zsh
[0.158s] -- Up-to-date symlink: /home/purduerm/ros2-ws/auto-aiming/install/opencv_armor_detector/share/opencv_armor_detector/local_setup.dsv
[0.158s] -- Symlinking: /home/purduerm/ros2-ws/auto-aiming/install/opencv_armor_detector/share/opencv_armor_detector/package.dsv
[0.165s] -- Up-to-date symlink: /home/purduerm/ros2-ws/auto-aiming/install/opencv_armor_detector/share/ament_index/resource_index/packages/opencv_armor_detector
[0.165s] -- Up-to-date symlink: /home/purduerm/ros2-ws/auto-aiming/install/opencv_armor_detector/share/opencv_armor_detector/cmake/ament_cmake_export_include_directories-extras.cmake
[0.166s] -- Up-to-date symlink: /home/purduerm/ros2-ws/auto-aiming/install/opencv_armor_detector/share/opencv_armor_detector/cmake/ament_cmake_export_dependencies-extras.cmake
[0.166s] -- Up-to-date symlink: /home/purduerm/ros2-ws/auto-aiming/install/opencv_armor_detector/share/opencv_armor_detector/cmake/opencv_armor_detectorConfig.cmake
[0.166s] -- Up-to-date symlink: /home/purduerm/ros2-ws/auto-aiming/install/opencv_armor_detector/share/opencv_armor_detector/cmake/opencv_armor_detectorConfig-version.cmake
[0.166s] -- Up-to-date symlink: /home/purduerm/ros2-ws/auto-aiming/install/opencv_armor_detector/share/opencv_armor_detector/package.xml
[0.173s] Invoked command in '/home/purduerm/ros2-ws/auto-aiming/build/opencv_armor_detector' returned '0': AMENT_PREFIX_PATH=/home/purduerm/ros2-ws/auto-aiming/install/vision_msgs:${AMENT_PREFIX_PATH} CMAKE_PREFIX_PATH=/home/purduerm/ros2-ws/auto-aiming/install/vision_msgs:/opt/ros/foxy LD_LIBRARY_PATH=/home/purduerm/ros2-ws/auto-aiming/install/vision_msgs/lib:${LD_LIBRARY_PATH} PYTHONPATH=/home/purduerm/ros2-ws/auto-aiming/install/vision_msgs/lib/python3.8/site-packages:${PYTHONPATH} /usr/bin/cmake --install /home/purduerm/ros2-ws/auto-aiming/build/opencv_armor_detector
