[  2%] Built target vision_msgs__cpp
[ 12%] Built target vision_msgs__rosidl_generator_c
[ 23%] Built target vision_msgs__rosidl_typesupport_cpp
[ 34%] Built target vision_msgs__rosidl_typesupport_fastrtps_cpp
[ 44%] Built target vision_msgs__rosidl_typesupport_introspection_c
[ 55%] Built target vision_msgs__rosidl_typesupport_introspection_cpp
[ 65%] Built target vision_msgs__rosidl_typesupport_c
[ 76%] Built target vision_msgs__rosidl_typesupport_fastrtps_c
[ 76%] Built target vision_msgs
[ 78%] Built target vision_msgs__py
[ 87%] Built target vision_msgs__python
[100%] Built target vision_msgs__rosidl_typesupport_fastrtps_c__pyext
[100%] Built target vision_msgs__rosidl_typesupport_c__pyext
[100%] Built target vision_msgs__rosidl_typesupport_introspection_c__pyext
-- Install configuration: "Release"
-- Execute custom install script
-- Up-to-date symlink: /home/purduerm/ros2-ws/auto-aiming/install/vision_msgs/share/ament_index/resource_index/rosidl_interfaces/vision_msgs
-- Up-to-date symlink: /home/purduerm/ros2-ws/auto-aiming/install/vision_msgs/include/vision_msgs/msg/detail/key_points__functions.h
-- Up-to-date symlink: /home/purduerm/ros2-ws/auto-aiming/install/vision_msgs/include/vision_msgs/msg/detail/key_points__struct.h
-- Up-to-date symlink: /home/purduerm/ros2-ws/auto-aiming/install/vision_msgs/include/vision_msgs/msg/detail/key_points__type_support.h
-- Up-to-date symlink: /home/purduerm/ros2-ws/auto-aiming/install/vision_msgs/include/vision_msgs/msg/detail/predicted_armor__functions.h
-- Up-to-date symlink: /home/purduerm/ros2-ws/auto-aiming/install/vision_msgs/include/vision_msgs/msg/detail/predicted_armor__struct.h
-- Up-to-date symlink: /home/purduerm/ros2-ws/auto-aiming/install/vision_msgs/include/vision_msgs/msg/detail/predicted_armor__type_support.h
-- Up-to-date symlink: /home/purduerm/ros2-ws/auto-aiming/install/vision_msgs/include/vision_msgs/msg/detail/yaw_pitch__functions.h
-- Up-to-date symlink: /home/purduerm/ros2-ws/auto-aiming/install/vision_msgs/include/vision_msgs/msg/detail/yaw_pitch__struct.h
-- Up-to-date symlink: /home/purduerm/ros2-ws/auto-aiming/install/vision_msgs/include/vision_msgs/msg/detail/yaw_pitch__type_support.h
-- Up-to-date symlink: /home/purduerm/ros2-ws/auto-aiming/install/vision_msgs/include/vision_msgs/msg/key_points.h
-- Up-to-date symlink: /home/purduerm/ros2-ws/auto-aiming/install/vision_msgs/include/vision_msgs/msg/predicted_armor.h
-- Up-to-date symlink: /home/purduerm/ros2-ws/auto-aiming/install/vision_msgs/include/vision_msgs/msg/rosidl_generator_c__visibility_control.h
-- Up-to-date symlink: /home/purduerm/ros2-ws/auto-aiming/install/vision_msgs/include/vision_msgs/msg/yaw_pitch.h
-- Up-to-date symlink: /home/purduerm/ros2-ws/auto-aiming/install/vision_msgs/share/vision_msgs/environment/library_path.sh
-- Up-to-date symlink: /home/purduerm/ros2-ws/auto-aiming/install/vision_msgs/share/vision_msgs/environment/library_path.dsv
-- Up-to-date symlink: /home/purduerm/ros2-ws/auto-aiming/install/vision_msgs/include/vision_msgs/msg/detail/key_points__rosidl_typesupport_fastrtps_c.h
-- Up-to-date symlink: /home/purduerm/ros2-ws/auto-aiming/install/vision_msgs/include/vision_msgs/msg/detail/predicted_armor__rosidl_typesupport_fastrtps_c.h
-- Up-to-date symlink: /home/purduerm/ros2-ws/auto-aiming/install/vision_msgs/include/vision_msgs/msg/detail/yaw_pitch__rosidl_typesupport_fastrtps_c.h
-- Up-to-date symlink: /home/purduerm/ros2-ws/auto-aiming/install/vision_msgs/include/vision_msgs/msg/rosidl_typesupport_fastrtps_c__visibility_control.h
-- Up-to-date symlink: /home/purduerm/ros2-ws/auto-aiming/install/vision_msgs/lib/libvision_msgs__rosidl_typesupport_fastrtps_c.so
-- Up-to-date symlink: /home/purduerm/ros2-ws/auto-aiming/install/vision_msgs/include/vision_msgs/msg/detail/key_points__rosidl_typesupport_fastrtps_cpp.hpp
-- Up-to-date symlink: /home/purduerm/ros2-ws/auto-aiming/install/vision_msgs/include/vision_msgs/msg/detail/predicted_armor__rosidl_typesupport_fastrtps_cpp.hpp
-- Up-to-date symlink: /home/purduerm/ros2-ws/auto-aiming/install/vision_msgs/include/vision_msgs/msg/detail/yaw_pitch__rosidl_typesupport_fastrtps_cpp.hpp
-- Up-to-date symlink: /home/purduerm/ros2-ws/auto-aiming/install/vision_msgs/include/vision_msgs/msg/rosidl_typesupport_fastrtps_cpp__visibility_control.h
-- Up-to-date symlink: /home/purduerm/ros2-ws/auto-aiming/install/vision_msgs/lib/libvision_msgs__rosidl_typesupport_fastrtps_cpp.so
-- Up-to-date symlink: /home/purduerm/ros2-ws/auto-aiming/install/vision_msgs/include/vision_msgs/msg/detail/key_points__rosidl_typesupport_introspection_c.h
-- Up-to-date symlink: /home/purduerm/ros2-ws/auto-aiming/install/vision_msgs/include/vision_msgs/msg/detail/predicted_armor__rosidl_typesupport_introspection_c.h
-- Up-to-date symlink: /home/purduerm/ros2-ws/auto-aiming/install/vision_msgs/include/vision_msgs/msg/detail/yaw_pitch__rosidl_typesupport_introspection_c.h
-- Up-to-date symlink: /home/purduerm/ros2-ws/auto-aiming/install/vision_msgs/include/vision_msgs/msg/rosidl_typesupport_introspection_c__visibility_control.h
-- Up-to-date symlink: /home/purduerm/ros2-ws/auto-aiming/install/vision_msgs/include/vision_msgs/msg/detail/key_points__builder.hpp
-- Up-to-date symlink: /home/purduerm/ros2-ws/auto-aiming/install/vision_msgs/include/vision_msgs/msg/detail/key_points__struct.hpp
-- Up-to-date symlink: /home/purduerm/ros2-ws/auto-aiming/install/vision_msgs/include/vision_msgs/msg/detail/key_points__traits.hpp
-- Up-to-date symlink: /home/purduerm/ros2-ws/auto-aiming/install/vision_msgs/include/vision_msgs/msg/detail/key_points__type_support.hpp
-- Up-to-date symlink: /home/purduerm/ros2-ws/auto-aiming/install/vision_msgs/include/vision_msgs/msg/detail/predicted_armor__builder.hpp
-- Up-to-date symlink: /home/purduerm/ros2-ws/auto-aiming/install/vision_msgs/include/vision_msgs/msg/detail/predicted_armor__struct.hpp
-- Up-to-date symlink: /home/purduerm/ros2-ws/auto-aiming/install/vision_msgs/include/vision_msgs/msg/detail/predicted_armor__traits.hpp
-- Up-to-date symlink: /home/purduerm/ros2-ws/auto-aiming/install/vision_msgs/include/vision_msgs/msg/detail/predicted_armor__type_support.hpp
-- Up-to-date symlink: /home/purduerm/ros2-ws/auto-aiming/install/vision_msgs/include/vision_msgs/msg/detail/yaw_pitch__builder.hpp
-- Up-to-date symlink: /home/purduerm/ros2-ws/auto-aiming/install/vision_msgs/include/vision_msgs/msg/detail/yaw_pitch__struct.hpp
-- Up-to-date symlink: /home/purduerm/ros2-ws/auto-aiming/install/vision_msgs/include/vision_msgs/msg/detail/yaw_pitch__traits.hpp
-- Up-to-date symlink: /home/purduerm/ros2-ws/auto-aiming/install/vision_msgs/include/vision_msgs/msg/detail/yaw_pitch__type_support.hpp
-- Up-to-date symlink: /home/purduerm/ros2-ws/auto-aiming/install/vision_msgs/include/vision_msgs/msg/key_points.hpp
-- Up-to-date symlink: /home/purduerm/ros2-ws/auto-aiming/install/vision_msgs/include/vision_msgs/msg/predicted_armor.hpp
-- Up-to-date symlink: /home/purduerm/ros2-ws/auto-aiming/install/vision_msgs/include/vision_msgs/msg/rosidl_generator_cpp__visibility_control.hpp
-- Up-to-date symlink: /home/purduerm/ros2-ws/auto-aiming/install/vision_msgs/include/vision_msgs/msg/yaw_pitch.hpp
-- Up-to-date symlink: /home/purduerm/ros2-ws/auto-aiming/install/vision_msgs/include/vision_msgs/msg/detail/key_points__rosidl_typesupport_introspection_cpp.hpp
-- Up-to-date symlink: /home/purduerm/ros2-ws/auto-aiming/install/vision_msgs/include/vision_msgs/msg/detail/predicted_armor__rosidl_typesupport_introspection_cpp.hpp
-- Up-to-date symlink: /home/purduerm/ros2-ws/auto-aiming/install/vision_msgs/include/vision_msgs/msg/detail/yaw_pitch__rosidl_typesupport_introspection_cpp.hpp
-- Up-to-date symlink: /home/purduerm/ros2-ws/auto-aiming/install/vision_msgs/share/vision_msgs/environment/pythonpath.sh
-- Up-to-date symlink: /home/purduerm/ros2-ws/auto-aiming/install/vision_msgs/share/vision_msgs/environment/pythonpath.dsv
-- Up-to-date symlink: /home/purduerm/ros2-ws/auto-aiming/install/vision_msgs/lib/python3.8/site-packages/vision_msgs/__init__.py
-- Up-to-date symlink: /home/purduerm/ros2-ws/auto-aiming/install/vision_msgs/lib/python3.8/site-packages/vision_msgs/msg/__init__.py
-- Up-to-date symlink: /home/purduerm/ros2-ws/auto-aiming/install/vision_msgs/lib/python3.8/site-packages/vision_msgs/msg/_key_points.py
-- Up-to-date symlink: /home/purduerm/ros2-ws/auto-aiming/install/vision_msgs/lib/python3.8/site-packages/vision_msgs/msg/_predicted_armor.py
-- Up-to-date symlink: /home/purduerm/ros2-ws/auto-aiming/install/vision_msgs/lib/python3.8/site-packages/vision_msgs/msg/_yaw_pitch.py
-- Up-to-date symlink: /home/purduerm/ros2-ws/auto-aiming/install/vision_msgs/lib/python3.8/site-packages/vision_msgs/vision_msgs_s__rosidl_typesupport_fastrtps_c.cpython-38-x86_64-linux-gnu.so
-- Up-to-date symlink: /home/purduerm/ros2-ws/auto-aiming/install/vision_msgs/lib/python3.8/site-packages/vision_msgs/vision_msgs_s__rosidl_typesupport_introspection_c.cpython-38-x86_64-linux-gnu.so
-- Up-to-date symlink: /home/purduerm/ros2-ws/auto-aiming/install/vision_msgs/lib/python3.8/site-packages/vision_msgs/vision_msgs_s__rosidl_typesupport_c.cpython-38-x86_64-linux-gnu.so
-- Up-to-date symlink: /home/purduerm/ros2-ws/auto-aiming/install/vision_msgs/lib/libvision_msgs__python.so
-- Up-to-date symlink: /home/purduerm/ros2-ws/auto-aiming/install/vision_msgs/share/vision_msgs/msg/KeyPoints.idl
-- Up-to-date symlink: /home/purduerm/ros2-ws/auto-aiming/install/vision_msgs/share/vision_msgs/msg/YawPitch.idl
-- Up-to-date symlink: /home/purduerm/ros2-ws/auto-aiming/install/vision_msgs/share/vision_msgs/msg/PredictedArmor.idl
-- Up-to-date symlink: /home/purduerm/ros2-ws/auto-aiming/install/vision_msgs/share/vision_msgs/msg/KeyPoints.msg
-- Up-to-date symlink: /home/purduerm/ros2-ws/auto-aiming/install/vision_msgs/share/vision_msgs/msg/YawPitch.msg
-- Up-to-date symlink: /home/purduerm/ros2-ws/auto-aiming/install/vision_msgs/share/vision_msgs/msg/PredictedArmor.msg
-- Up-to-date symlink: /home/purduerm/ros2-ws/auto-aiming/install/vision_msgs/share/ament_index/resource_index/package_run_dependencies/vision_msgs
-- Up-to-date symlink: /home/purduerm/ros2-ws/auto-aiming/install/vision_msgs/share/ament_index/resource_index/parent_prefix_path/vision_msgs
-- Up-to-date symlink: /home/purduerm/ros2-ws/auto-aiming/install/vision_msgs/share/vision_msgs/environment/ament_prefix_path.sh
-- Up-to-date symlink: /home/purduerm/ros2-ws/auto-aiming/install/vision_msgs/share/vision_msgs/environment/ament_prefix_path.dsv
-- Up-to-date symlink: /home/purduerm/ros2-ws/auto-aiming/install/vision_msgs/share/vision_msgs/environment/path.sh
-- Up-to-date symlink: /home/purduerm/ros2-ws/auto-aiming/install/vision_msgs/share/vision_msgs/environment/path.dsv
-- Up-to-date symlink: /home/purduerm/ros2-ws/auto-aiming/install/vision_msgs/share/vision_msgs/local_setup.bash
-- Up-to-date symlink: /home/purduerm/ros2-ws/auto-aiming/install/vision_msgs/share/vision_msgs/local_setup.sh
-- Up-to-date symlink: /home/purduerm/ros2-ws/auto-aiming/install/vision_msgs/share/vision_msgs/local_setup.zsh
-- Up-to-date symlink: /home/purduerm/ros2-ws/auto-aiming/install/vision_msgs/share/vision_msgs/local_setup.dsv
-- Symlinking: /home/purduerm/ros2-ws/auto-aiming/install/vision_msgs/share/vision_msgs/package.dsv
-- Up-to-date symlink: /home/purduerm/ros2-ws/auto-aiming/install/vision_msgs/share/ament_index/resource_index/packages/vision_msgs
-- Up-to-date symlink: /home/purduerm/ros2-ws/auto-aiming/install/vision_msgs/share/vision_msgs/cmake/rosidl_cmake-extras.cmake
-- Up-to-date symlink: /home/purduerm/ros2-ws/auto-aiming/install/vision_msgs/share/vision_msgs/cmake/ament_cmake_export_dependencies-extras.cmake
-- Up-to-date symlink: /home/purduerm/ros2-ws/auto-aiming/install/vision_msgs/share/vision_msgs/cmake/ament_cmake_export_libraries-extras.cmake
-- Up-to-date symlink: /home/purduerm/ros2-ws/auto-aiming/install/vision_msgs/share/vision_msgs/cmake/ament_cmake_export_targets-extras.cmake
-- Up-to-date symlink: /home/purduerm/ros2-ws/auto-aiming/install/vision_msgs/share/vision_msgs/cmake/ament_cmake_export_include_directories-extras.cmake
-- Up-to-date symlink: /home/purduerm/ros2-ws/auto-aiming/install/vision_msgs/share/vision_msgs/cmake/rosidl_cmake_export_typesupport_libraries-extras.cmake
-- Up-to-date symlink: /home/purduerm/ros2-ws/auto-aiming/install/vision_msgs/share/vision_msgs/cmake/rosidl_cmake_export_typesupport_targets-extras.cmake
-- Up-to-date symlink: /home/purduerm/ros2-ws/auto-aiming/install/vision_msgs/share/vision_msgs/cmake/vision_msgsConfig.cmake
-- Up-to-date symlink: /home/purduerm/ros2-ws/auto-aiming/install/vision_msgs/share/vision_msgs/cmake/vision_msgsConfig-version.cmake
-- Up-to-date symlink: /home/purduerm/ros2-ws/auto-aiming/install/vision_msgs/share/vision_msgs/package.xml
-- Up-to-date: /home/purduerm/ros2-ws/auto-aiming/install/vision_msgs/lib/libvision_msgs__rosidl_generator_c.so
-- Up-to-date: /home/purduerm/ros2-ws/auto-aiming/install/vision_msgs/lib/libvision_msgs__rosidl_typesupport_introspection_c.so
-- Up-to-date: /home/purduerm/ros2-ws/auto-aiming/install/vision_msgs/lib/libvision_msgs__rosidl_typesupport_c.so
-- Up-to-date: /home/purduerm/ros2-ws/auto-aiming/install/vision_msgs/lib/libvision_msgs__rosidl_typesupport_introspection_cpp.so
-- Up-to-date: /home/purduerm/ros2-ws/auto-aiming/install/vision_msgs/lib/libvision_msgs__rosidl_typesupport_cpp.so
-- Up-to-date: /home/purduerm/ros2-ws/auto-aiming/install/vision_msgs/share/vision_msgs/cmake/vision_msgs__rosidl_generator_cExport.cmake
-- Up-to-date: /home/purduerm/ros2-ws/auto-aiming/install/vision_msgs/share/vision_msgs/cmake/vision_msgs__rosidl_generator_cExport-release.cmake
-- Up-to-date: /home/purduerm/ros2-ws/auto-aiming/install/vision_msgs/share/vision_msgs/cmake/vision_msgs__rosidl_typesupport_introspection_cExport.cmake
-- Up-to-date: /home/purduerm/ros2-ws/auto-aiming/install/vision_msgs/share/vision_msgs/cmake/vision_msgs__rosidl_typesupport_introspection_cExport-release.cmake
-- Up-to-date: /home/purduerm/ros2-ws/auto-aiming/install/vision_msgs/share/vision_msgs/cmake/vision_msgs__rosidl_typesupport_cExport.cmake
-- Up-to-date: /home/purduerm/ros2-ws/auto-aiming/install/vision_msgs/share/vision_msgs/cmake/vision_msgs__rosidl_typesupport_cExport-release.cmake
-- Up-to-date: /home/purduerm/ros2-ws/auto-aiming/install/vision_msgs/share/vision_msgs/cmake/vision_msgs__rosidl_generator_cppExport.cmake
-- Up-to-date: /home/purduerm/ros2-ws/auto-aiming/install/vision_msgs/share/vision_msgs/cmake/vision_msgs__rosidl_typesupport_introspection_cppExport.cmake
-- Up-to-date: /home/purduerm/ros2-ws/auto-aiming/install/vision_msgs/share/vision_msgs/cmake/vision_msgs__rosidl_typesupport_introspection_cppExport-release.cmake
-- Up-to-date: /home/purduerm/ros2-ws/auto-aiming/install/vision_msgs/share/vision_msgs/cmake/vision_msgs__rosidl_typesupport_cppExport.cmake
-- Up-to-date: /home/purduerm/ros2-ws/auto-aiming/install/vision_msgs/share/vision_msgs/cmake/vision_msgs__rosidl_typesupport_cppExport-release.cmake
