[0.016s] Invoking command in '/home/purduerm/ros2-ws/auto-aiming/build/control_communicator': AMENT_PREFIX_PATH=/home/purduerm/ros2-ws/auto-aiming/install/vision_msgs:${AMENT_PREFIX_PATH} CMAKE_PREFIX_PATH=/home/purduerm/ros2-ws/auto-aiming/install/vision_msgs:/opt/ros/foxy LD_LIBRARY_PATH=/home/purduerm/ros2-ws/auto-aiming/install/vision_msgs/lib:${LD_LIBRARY_PATH} PYTHONPATH=/home/purduerm/ros2-ws/auto-aiming/install/vision_msgs/lib/python3.8/site-packages:${PYTHONPATH} /usr/bin/cmake --build /home/purduerm/ros2-ws/auto-aiming/build/control_communicator -- -j12 -l12
[0.051s] [35m[1mScanning dependencies of target ControlCommunicatorNode[0m
[0.094s] [ 33%] [32mBuilding CXX object CMakeFiles/ControlCommunicatorNode.dir/src/ControlCommunicatorNode.cpp.o[0m
[0.290s] [01m[K/home/purduerm/ros2-ws/auto-aiming/src/prm_control/control_communicator/src/ControlCommunicatorNode.cpp:12:[m[K [01;35m[Kwarning: [m[K"PI" redefined
[0.290s]    12 | #define PI 3.141592653589793238462643383 // It was 4 AM when I wrote this.
[0.290s]       | 
[0.290s] In file included from [01m[K/home/purduerm/ros2-ws/auto-aiming/src/prm_control/control_communicator/include/ControlCommunicatorNode.hpp:30[m[K,
[0.290s]                  from [01m[K/home/purduerm/ros2-ws/auto-aiming/src/prm_control/control_communicator/src/ControlCommunicatorNode.cpp:1[m[K:
[0.290s] [01m[K/home/purduerm/ros2-ws/auto-aiming/src/prm_control/control_communicator/include/projectile_angle_convel.h:9:[m[K [01;36m[Knote: [m[Kthis is the location of the previous definition
[0.290s]     9 | #define PI 3.14159
[0.290s]       | 
[1.979s] [01m[K/home/purduerm/ros2-ws/auto-aiming/src/prm_control/control_communicator/src/ControlCommunicatorNode.cpp:[m[K In member function ‘[01m[Kvoid ControlCommunicatorNode::auto_aim_handler(std::shared_ptr<vision_msgs::msg::PredictedArmor_<std::allocator<void> > >)[m[K’:
[1.979s] [01m[K/home/purduerm/ros2-ws/auto-aiming/src/prm_control/control_communicator/src/ControlCommunicatorNode.cpp:164:8:[m[K [01;35m[Kwarning: [m[Kvariable ‘[01m[Kdt[m[K’ set but not used [[01;35m[K-Wunused-but-set-variable[m[K]
[1.979s]   164 |  float [01;35m[Kdt[m[K = (curr_time.seconds() - this->now().seconds()) * 1000; // in ms
[1.979s]       |        [01;35m[K^~[m[K
[1.979s] [01m[K/home/purduerm/ros2-ws/auto-aiming/src/prm_control/control_communicator/src/ControlCommunicatorNode.cpp:168:9:[m[K [01;35m[Kwarning: [m[Kunused variable ‘[01m[Kp[m[K’ [[01;35m[K-Wunused-variable[m[K]
[1.979s]   168 |  double [01;35m[Kp[m[K = 0, y = 0;
[1.979s]       |         [01;35m[K^[m[K
[1.979s] [01m[K/home/purduerm/ros2-ws/auto-aiming/src/prm_control/control_communicator/src/ControlCommunicatorNode.cpp:168:16:[m[K [01;35m[Kwarning: [m[Kunused variable ‘[01m[Ky[m[K’ [[01;35m[K-Wunused-variable[m[K]
[1.979s]   168 |  double p = 0, [01;35m[Ky[m[K = 0;
[1.979s]       |                [01;35m[K^[m[K
[1.979s] [01m[K/home/purduerm/ros2-ws/auto-aiming/src/prm_control/control_communicator/src/ControlCommunicatorNode.cpp:169:7:[m[K [01;35m[Kwarning: [m[Kunused variable ‘[01m[Kim[m[K’ [[01;35m[K-Wunused-variable[m[K]
[1.979s]   169 |  bool [01;35m[Kim[m[K = 0;
[1.979s]       |       [01;35m[K^~[m[K
[3.955s] [01m[K/home/purduerm/ros2-ws/auto-aiming/src/prm_control/control_communicator/src/ControlCommunicatorNode.cpp:209:7:[m[K [01;35m[Kwarning: [m[Kignoring return value of ‘[01m[Kssize_t write(int, const void*, size_t)[m[K’, declared with attribute warn_unused_result [[01;35m[K-Wunused-result[m[K]
[3.955s]   209 |  [01;35m[Kwrite(this->port_fd, &package, sizeof(PackageOut))[m[K;
[3.955s]       |  [01;35m[K~~~~~^~~~~~~~~~~~~~~~~~~~~~~~~~~~~~~~~~~~~~~~~~~~~[m[K
[3.955s] [01m[K/home/purduerm/ros2-ws/auto-aiming/src/prm_control/control_communicator/src/ControlCommunicatorNode.cpp:[m[K In member function ‘[01m[Kvoid ControlCommunicatorNode::nav_handler(std::shared_ptr<geometry_msgs::msg::Twist_<std::allocator<void> > >)[m[K’:
[3.955s] [01m[K/home/purduerm/ros2-ws/auto-aiming/src/prm_control/control_communicator/src/ControlCommunicatorNode.cpp:233:7:[m[K [01;35m[Kwarning: [m[Kignoring return value of ‘[01m[Kssize_t write(int, const void*, size_t)[m[K’, declared with attribute warn_unused_result [[01;35m[K-Wunused-result[m[K]
[3.955s]   233 |  [01;35m[Kwrite(this->port_fd, &package, sizeof(PackageOut))[m[K;
[3.955s]       |  [01;35m[K~~~~~^~~~~~~~~~~~~~~~~~~~~~~~~~~~~~~~~~~~~~~~~~~~~[m[K
[9.355s] [ 66%] [32m[1mLinking CXX executable ControlCommunicatorNode[0m
[9.476s] [100%] Built target ControlCommunicatorNode
[9.483s] Invoked command in '/home/purduerm/ros2-ws/auto-aiming/build/control_communicator' returned '0': AMENT_PREFIX_PATH=/home/purduerm/ros2-ws/auto-aiming/install/vision_msgs:${AMENT_PREFIX_PATH} CMAKE_PREFIX_PATH=/home/purduerm/ros2-ws/auto-aiming/install/vision_msgs:/opt/ros/foxy LD_LIBRARY_PATH=/home/purduerm/ros2-ws/auto-aiming/install/vision_msgs/lib:${LD_LIBRARY_PATH} PYTHONPATH=/home/purduerm/ros2-ws/auto-aiming/install/vision_msgs/lib/python3.8/site-packages:${PYTHONPATH} /usr/bin/cmake --build /home/purduerm/ros2-ws/auto-aiming/build/control_communicator -- -j12 -l12
[9.484s] Invoking command in '/home/purduerm/ros2-ws/auto-aiming/build/control_communicator': AMENT_PREFIX_PATH=/home/purduerm/ros2-ws/auto-aiming/install/vision_msgs:${AMENT_PREFIX_PATH} CMAKE_PREFIX_PATH=/home/purduerm/ros2-ws/auto-aiming/install/vision_msgs:/opt/ros/foxy LD_LIBRARY_PATH=/home/purduerm/ros2-ws/auto-aiming/install/vision_msgs/lib:${LD_LIBRARY_PATH} PYTHONPATH=/home/purduerm/ros2-ws/auto-aiming/install/vision_msgs/lib/python3.8/site-packages:${PYTHONPATH} /usr/bin/cmake --install /home/purduerm/ros2-ws/auto-aiming/build/control_communicator
[9.490s] -- Install configuration: "Release"
[9.491s] -- Execute custom install script
[9.491s] -- Up-to-date symlink: /home/purduerm/ros2-ws/auto-aiming/install/control_communicator/lib/control_communicator/ControlCommunicatorNode
[9.491s] -- Up-to-date symlink: /home/purduerm/ros2-ws/auto-aiming/install/control_communicator/share/ament_index/resource_index/package_run_dependencies/control_communicator
[9.491s] -- Up-to-date symlink: /home/purduerm/ros2-ws/auto-aiming/install/control_communicator/share/ament_index/resource_index/parent_prefix_path/control_communicator
[9.492s] -- Up-to-date symlink: /home/purduerm/ros2-ws/auto-aiming/install/control_communicator/share/control_communicator/environment/ament_prefix_path.sh
[9.492s] -- Up-to-date symlink: /home/purduerm/ros2-ws/auto-aiming/install/control_communicator/share/control_communicator/environment/ament_prefix_path.dsv
[9.492s] -- Up-to-date symlink: /home/purduerm/ros2-ws/auto-aiming/install/control_communicator/share/control_communicator/environment/path.sh
[9.492s] -- Up-to-date symlink: /home/purduerm/ros2-ws/auto-aiming/install/control_communicator/share/control_communicator/environment/path.dsv
[9.492s] -- Up-to-date symlink: /home/purduerm/ros2-ws/auto-aiming/install/control_communicator/share/control_communicator/local_setup.bash
[9.493s] -- Up-to-date symlink: /home/purduerm/ros2-ws/auto-aiming/install/control_communicator/share/control_communicator/local_setup.sh
[9.493s] -- Up-to-date symlink: /home/purduerm/ros2-ws/auto-aiming/install/control_communicator/share/control_communicator/local_setup.zsh
[9.493s] -- Up-to-date symlink: /home/purduerm/ros2-ws/auto-aiming/install/control_communicator/share/control_communicator/local_setup.dsv
[9.493s] -- Symlinking: /home/purduerm/ros2-ws/auto-aiming/install/control_communicator/share/control_communicator/package.dsv
[9.499s] -- Up-to-date symlink: /home/purduerm/ros2-ws/auto-aiming/install/control_communicator/share/ament_index/resource_index/packages/control_communicator
[9.500s] -- Up-to-date symlink: /home/purduerm/ros2-ws/auto-aiming/install/control_communicator/share/control_communicator/cmake/control_communicatorConfig.cmake
[9.500s] -- Up-to-date symlink: /home/purduerm/ros2-ws/auto-aiming/install/control_communicator/share/control_communicator/cmake/control_communicatorConfig-version.cmake
[9.500s] -- Up-to-date symlink: /home/purduerm/ros2-ws/auto-aiming/install/control_communicator/share/control_communicator/package.xml
[9.502s] Invoked command in '/home/purduerm/ros2-ws/auto-aiming/build/control_communicator' returned '0': AMENT_PREFIX_PATH=/home/purduerm/ros2-ws/auto-aiming/install/vision_msgs:${AMENT_PREFIX_PATH} CMAKE_PREFIX_PATH=/home/purduerm/ros2-ws/auto-aiming/install/vision_msgs:/opt/ros/foxy LD_LIBRARY_PATH=/home/purduerm/ros2-ws/auto-aiming/install/vision_msgs/lib:${LD_LIBRARY_PATH} PYTHONPATH=/home/purduerm/ros2-ws/auto-aiming/install/vision_msgs/lib/python3.8/site-packages:${PYTHONPATH} /usr/bin/cmake --install /home/purduerm/ros2-ws/auto-aiming/build/control_communicator
