[0.016s] Invoking command in '/home/purduerm/ros2-ws/auto-aiming/build/pose_estimator': AMENT_PREFIX_PATH=/home/purduerm/ros2-ws/auto-aiming/install/vision_msgs:${AMENT_PREFIX_PATH} CMAKE_PREFIX_PATH=/home/purduerm/ros2-ws/auto-aiming/install/vision_msgs:/opt/ros/foxy LD_LIBRARY_PATH=/home/purduerm/ros2-ws/auto-aiming/install/vision_msgs/lib:${LD_LIBRARY_PATH} PYTHONPATH=/home/purduerm/ros2-ws/auto-aiming/install/vision_msgs/lib/python3.8/site-packages:${PYTHONPATH} /usr/bin/cmake --build /home/purduerm/ros2-ws/auto-aiming/build/pose_estimator -- -j12 -l12
[0.056s] [ 14%] Built target ValidityFilter
[0.057s] [ 28%] Built target gtest
[0.057s] [ 42%] Built target gtest_main
[0.076s] [ 57%] Built target PoseEstimator
[0.077s] [ 71%] Built target test_ValidityFilter
[0.101s] [ 85%] Built target test_PoseEstimator
[0.109s] [100%] Built target PoseEstimatorNode
[0.118s] Invoked command in '/home/purduerm/ros2-ws/auto-aiming/build/pose_estimator' returned '0': AMENT_PREFIX_PATH=/home/purduerm/ros2-ws/auto-aiming/install/vision_msgs:${AMENT_PREFIX_PATH} CMAKE_PREFIX_PATH=/home/purduerm/ros2-ws/auto-aiming/install/vision_msgs:/opt/ros/foxy LD_LIBRARY_PATH=/home/purduerm/ros2-ws/auto-aiming/install/vision_msgs/lib:${LD_LIBRARY_PATH} PYTHONPATH=/home/purduerm/ros2-ws/auto-aiming/install/vision_msgs/lib/python3.8/site-packages:${PYTHONPATH} /usr/bin/cmake --build /home/purduerm/ros2-ws/auto-aiming/build/pose_estimator -- -j12 -l12
[0.123s] Invoking command in '/home/purduerm/ros2-ws/auto-aiming/build/pose_estimator': AMENT_PREFIX_PATH=/home/purduerm/ros2-ws/auto-aiming/install/vision_msgs:${AMENT_PREFIX_PATH} CMAKE_PREFIX_PATH=/home/purduerm/ros2-ws/auto-aiming/install/vision_msgs:/opt/ros/foxy LD_LIBRARY_PATH=/home/purduerm/ros2-ws/auto-aiming/install/vision_msgs/lib:${LD_LIBRARY_PATH} PYTHONPATH=/home/purduerm/ros2-ws/auto-aiming/install/vision_msgs/lib/python3.8/site-packages:${PYTHONPATH} /usr/bin/cmake --install /home/purduerm/ros2-ws/auto-aiming/build/pose_estimator
[0.128s] -- Install configuration: "Release"
[0.128s] -- Execute custom install script
[0.128s] -- Up-to-date symlink: /home/purduerm/ros2-ws/auto-aiming/install/pose_estimator/lib/pose_estimator/PoseEstimatorNode
[0.128s] -- Up-to-date symlink: /home/purduerm/ros2-ws/auto-aiming/install/pose_estimator/share/ament_index/resource_index/package_run_dependencies/pose_estimator
[0.129s] -- Up-to-date symlink: /home/purduerm/ros2-ws/auto-aiming/install/pose_estimator/share/ament_index/resource_index/parent_prefix_path/pose_estimator
[0.129s] -- Up-to-date symlink: /home/purduerm/ros2-ws/auto-aiming/install/pose_estimator/share/pose_estimator/environment/ament_prefix_path.sh
[0.129s] -- Up-to-date symlink: /home/purduerm/ros2-ws/auto-aiming/install/pose_estimator/share/pose_estimator/environment/ament_prefix_path.dsv
[0.129s] -- Up-to-date symlink: /home/purduerm/ros2-ws/auto-aiming/install/pose_estimator/share/pose_estimator/environment/path.sh
[0.130s] -- Up-to-date symlink: /home/purduerm/ros2-ws/auto-aiming/install/pose_estimator/share/pose_estimator/environment/path.dsv
[0.130s] -- Up-to-date symlink: /home/purduerm/ros2-ws/auto-aiming/install/pose_estimator/share/pose_estimator/local_setup.bash
[0.130s] -- Up-to-date symlink: /home/purduerm/ros2-ws/auto-aiming/install/pose_estimator/share/pose_estimator/local_setup.sh
[0.130s] -- Up-to-date symlink: /home/purduerm/ros2-ws/auto-aiming/install/pose_estimator/share/pose_estimator/local_setup.zsh
[0.130s] -- Up-to-date symlink: /home/purduerm/ros2-ws/auto-aiming/install/pose_estimator/share/pose_estimator/local_setup.dsv
[0.131s] -- Symlinking: /home/purduerm/ros2-ws/auto-aiming/install/pose_estimator/share/pose_estimator/package.dsv
[0.138s] -- Up-to-date symlink: /home/purduerm/ros2-ws/auto-aiming/install/pose_estimator/share/ament_index/resource_index/packages/pose_estimator
[0.138s] -- Up-to-date symlink: /home/purduerm/ros2-ws/auto-aiming/install/pose_estimator/share/pose_estimator/cmake/ament_cmake_export_include_directories-extras.cmake
[0.138s] -- Up-to-date symlink: /home/purduerm/ros2-ws/auto-aiming/install/pose_estimator/share/pose_estimator/cmake/ament_cmake_export_dependencies-extras.cmake
[0.139s] -- Up-to-date symlink: /home/purduerm/ros2-ws/auto-aiming/install/pose_estimator/share/pose_estimator/cmake/pose_estimatorConfig.cmake
[0.139s] -- Up-to-date symlink: /home/purduerm/ros2-ws/auto-aiming/install/pose_estimator/share/pose_estimator/cmake/pose_estimatorConfig-version.cmake
[0.139s] -- Up-to-date symlink: /home/purduerm/ros2-ws/auto-aiming/install/pose_estimator/share/pose_estimator/package.xml
[0.142s] Invoked command in '/home/purduerm/ros2-ws/auto-aiming/build/pose_estimator' returned '0': AMENT_PREFIX_PATH=/home/purduerm/ros2-ws/auto-aiming/install/vision_msgs:${AMENT_PREFIX_PATH} CMAKE_PREFIX_PATH=/home/purduerm/ros2-ws/auto-aiming/install/vision_msgs:/opt/ros/foxy LD_LIBRARY_PATH=/home/purduerm/ros2-ws/auto-aiming/install/vision_msgs/lib:${LD_LIBRARY_PATH} PYTHONPATH=/home/purduerm/ros2-ws/auto-aiming/install/vision_msgs/lib/python3.8/site-packages:${PYTHONPATH} /usr/bin/cmake --install /home/purduerm/ros2-ws/auto-aiming/build/pose_estimator
