[0.032s] Invoking command in '/home/user-accounts/lee4649/auto-aiming/build/opencv_armor_detector': AMENT_PREFIX_PATH=/home/user-accounts/lee4649/auto-aiming/install/vision_msgs:${AMENT_PREFIX_PATH} CMAKE_PREFIX_PATH=/home/user-accounts/lee4649/auto-aiming/install/vision_msgs:/opt/ros/foxy LD_LIBRARY_PATH=/home/user-accounts/lee4649/auto-aiming/install/vision_msgs/lib:${LD_LIBRARY_PATH} PYTHONPATH=/home/user-accounts/lee4649/auto-aiming/install/vision_msgs/lib/python3.8/site-packages:${PYTHONPATH} /usr/bin/cmake --build /home/user-accounts/lee4649/auto-aiming/build/opencv_armor_detector -- -j8 -l8
[0.119s] [ 40%] Built target gtest
[0.119s] [ 40%] Built target gtest_main
[0.119s] [ 60%] Built target OpenCVArmorDetector
[0.141s] [35m[1mScanning dependencies of target OpenCVArmorDetectorNode[0m
[0.166s] [ 80%] Built target test_OpenCVArmorDetector
[0.198s] [ 90%] [32mBuilding CXX object CMakeFiles/OpenCVArmorDetectorNode.dir/src/OpenCVArmorDetectorNode.cpp.o[0m
[11.180s] [100%] [32m[1mLinking CXX executable OpenCVArmorDetectorNode[0m
[11.990s] /usr/bin/ld: warning: libopencv_imgcodecs.so.4.2, needed by /opt/ros/foxy/lib/libcv_bridge.so, may conflict with libopencv_imgcodecs.so.406
[11.990s] /usr/bin/ld: warning: libopencv_imgproc.so.4.2, needed by /opt/ros/foxy/lib/libcv_bridge.so, may conflict with libopencv_imgproc.so.406
[11.990s] /usr/bin/ld: warning: libopencv_core.so.4.2, needed by /opt/ros/foxy/lib/libcv_bridge.so, may conflict with libopencv_core.so.406
[12.039s] [100%] Built target OpenCVArmorDetectorNode
[12.062s] Invoked command in '/home/user-accounts/lee4649/auto-aiming/build/opencv_armor_detector' returned '0': AMENT_PREFIX_PATH=/home/user-accounts/lee4649/auto-aiming/install/vision_msgs:${AMENT_PREFIX_PATH} CMAKE_PREFIX_PATH=/home/user-accounts/lee4649/auto-aiming/install/vision_msgs:/opt/ros/foxy LD_LIBRARY_PATH=/home/user-accounts/lee4649/auto-aiming/install/vision_msgs/lib:${LD_LIBRARY_PATH} PYTHONPATH=/home/user-accounts/lee4649/auto-aiming/install/vision_msgs/lib/python3.8/site-packages:${PYTHONPATH} /usr/bin/cmake --build /home/user-accounts/lee4649/auto-aiming/build/opencv_armor_detector -- -j8 -l8
[12.123s] Invoking command in '/home/user-accounts/lee4649/auto-aiming/build/opencv_armor_detector': AMENT_PREFIX_PATH=/home/user-accounts/lee4649/auto-aiming/install/vision_msgs:${AMENT_PREFIX_PATH} CMAKE_PREFIX_PATH=/home/user-accounts/lee4649/auto-aiming/install/vision_msgs:/opt/ros/foxy LD_LIBRARY_PATH=/home/user-accounts/lee4649/auto-aiming/install/vision_msgs/lib:${LD_LIBRARY_PATH} PYTHONPATH=/home/user-accounts/lee4649/auto-aiming/install/vision_msgs/lib/python3.8/site-packages:${PYTHONPATH} /usr/bin/cmake --install /home/user-accounts/lee4649/auto-aiming/build/opencv_armor_detector
[12.149s] -- Install configuration: "Release"
[12.150s] -- Execute custom install script
[12.151s] -- Symlinking: /home/user-accounts/lee4649/auto-aiming/install/opencv_armor_detector/lib/opencv_armor_detector/OpenCVArmorDetectorNode
[12.174s] -- Symlinking: /home/user-accounts/lee4649/auto-aiming/install/opencv_armor_detector/share/opencv_armor_detector/resources/blue/0.png
[12.188s] -- Symlinking: /home/user-accounts/lee4649/auto-aiming/install/opencv_armor_detector/share/opencv_armor_detector/resources/blue/1.png
[12.203s] -- Symlinking: /home/user-accounts/lee4649/auto-aiming/install/opencv_armor_detector/share/opencv_armor_detector/resources/blue/10.png
[12.219s] -- Symlinking: /home/user-accounts/lee4649/auto-aiming/install/opencv_armor_detector/share/opencv_armor_detector/resources/blue/11.png
[12.236s] -- Symlinking: /home/user-accounts/lee4649/auto-aiming/install/opencv_armor_detector/share/opencv_armor_detector/resources/blue/12.png
[12.250s] -- Symlinking: /home/user-accounts/lee4649/auto-aiming/install/opencv_armor_detector/share/opencv_armor_detector/resources/blue/13.png
[12.263s] -- Symlinking: /home/user-accounts/lee4649/auto-aiming/install/opencv_armor_detector/share/opencv_armor_detector/resources/blue/14.png
[12.277s] -- Symlinking: /home/user-accounts/lee4649/auto-aiming/install/opencv_armor_detector/share/opencv_armor_detector/resources/blue/15.png
[12.291s] -- Symlinking: /home/user-accounts/lee4649/auto-aiming/install/opencv_armor_detector/share/opencv_armor_detector/resources/blue/16.png
[12.311s] -- Symlinking: /home/user-accounts/lee4649/auto-aiming/install/opencv_armor_detector/share/opencv_armor_detector/resources/blue/17.png
[12.330s] -- Symlinking: /home/user-accounts/lee4649/auto-aiming/install/opencv_armor_detector/share/opencv_armor_detector/resources/blue/18.png
[12.344s] -- Symlinking: /home/user-accounts/lee4649/auto-aiming/install/opencv_armor_detector/share/opencv_armor_detector/resources/blue/19.png
[12.357s] -- Symlinking: /home/user-accounts/lee4649/auto-aiming/install/opencv_armor_detector/share/opencv_armor_detector/resources/blue/2.png
[12.372s] -- Symlinking: /home/user-accounts/lee4649/auto-aiming/install/opencv_armor_detector/share/opencv_armor_detector/resources/blue/20.png
[12.385s] -- Symlinking: /home/user-accounts/lee4649/auto-aiming/install/opencv_armor_detector/share/opencv_armor_detector/resources/blue/21.png
[12.400s] -- Symlinking: /home/user-accounts/lee4649/auto-aiming/install/opencv_armor_detector/share/opencv_armor_detector/resources/blue/22.png
[12.423s] -- Symlinking: /home/user-accounts/lee4649/auto-aiming/install/opencv_armor_detector/share/opencv_armor_detector/resources/blue/23.png
[12.437s] -- Symlinking: /home/user-accounts/lee4649/auto-aiming/install/opencv_armor_detector/share/opencv_armor_detector/resources/blue/24.png
[12.451s] -- Symlinking: /home/user-accounts/lee4649/auto-aiming/install/opencv_armor_detector/share/opencv_armor_detector/resources/blue/2406.png
[12.473s] -- Symlinking: /home/user-accounts/lee4649/auto-aiming/install/opencv_armor_detector/share/opencv_armor_detector/resources/blue/2407.png
[12.487s] -- Symlinking: /home/user-accounts/lee4649/auto-aiming/install/opencv_armor_detector/share/opencv_armor_detector/resources/blue/2412.png
[12.508s] -- Symlinking: /home/user-accounts/lee4649/auto-aiming/install/opencv_armor_detector/share/opencv_armor_detector/resources/blue/2414.png
[12.523s] -- Symlinking: /home/user-accounts/lee4649/auto-aiming/install/opencv_armor_detector/share/opencv_armor_detector/resources/blue/2415.png
[12.541s] -- Symlinking: /home/user-accounts/lee4649/auto-aiming/install/opencv_armor_detector/share/opencv_armor_detector/resources/blue/2416.png
[12.555s] -- Symlinking: /home/user-accounts/lee4649/auto-aiming/install/opencv_armor_detector/share/opencv_armor_detector/resources/blue/2418.png
[12.577s] -- Symlinking: /home/user-accounts/lee4649/auto-aiming/install/opencv_armor_detector/share/opencv_armor_detector/resources/blue/2419.png
[12.591s] -- Symlinking: /home/user-accounts/lee4649/auto-aiming/install/opencv_armor_detector/share/opencv_armor_detector/resources/blue/2420.png
[12.613s] -- Symlinking: /home/user-accounts/lee4649/auto-aiming/install/opencv_armor_detector/share/opencv_armor_detector/resources/blue/2423.png
[12.628s] -- Symlinking: /home/user-accounts/lee4649/auto-aiming/install/opencv_armor_detector/share/opencv_armor_detector/resources/blue/2424.png
[12.647s] -- Symlinking: /home/user-accounts/lee4649/auto-aiming/install/opencv_armor_detector/share/opencv_armor_detector/resources/blue/2425.png
[12.660s] -- Symlinking: /home/user-accounts/lee4649/auto-aiming/install/opencv_armor_detector/share/opencv_armor_detector/resources/blue/2428.png
[12.674s] -- Symlinking: /home/user-accounts/lee4649/auto-aiming/install/opencv_armor_detector/share/opencv_armor_detector/resources/blue/2429.png
[12.687s] -- Symlinking: /home/user-accounts/lee4649/auto-aiming/install/opencv_armor_detector/share/opencv_armor_detector/resources/blue/2457.png
[12.702s] -- Symlinking: /home/user-accounts/lee4649/auto-aiming/install/opencv_armor_detector/share/opencv_armor_detector/resources/blue/2458.png
[12.715s] -- Symlinking: /home/user-accounts/lee4649/auto-aiming/install/opencv_armor_detector/share/opencv_armor_detector/resources/blue/2459.png
[12.730s] -- Symlinking: /home/user-accounts/lee4649/auto-aiming/install/opencv_armor_detector/share/opencv_armor_detector/resources/blue/2462.png
[12.744s] -- Symlinking: /home/user-accounts/lee4649/auto-aiming/install/opencv_armor_detector/share/opencv_armor_detector/resources/blue/2463.png
[12.765s] -- Symlinking: /home/user-accounts/lee4649/auto-aiming/install/opencv_armor_detector/share/opencv_armor_detector/resources/blue/2471.png
[12.779s] -- Symlinking: /home/user-accounts/lee4649/auto-aiming/install/opencv_armor_detector/share/opencv_armor_detector/resources/blue/2472.png
[12.799s] -- Symlinking: /home/user-accounts/lee4649/auto-aiming/install/opencv_armor_detector/share/opencv_armor_detector/resources/blue/2474.png
[12.814s] -- Symlinking: /home/user-accounts/lee4649/auto-aiming/install/opencv_armor_detector/share/opencv_armor_detector/resources/blue/2475.png
[12.833s] -- Symlinking: /home/user-accounts/lee4649/auto-aiming/install/opencv_armor_detector/share/opencv_armor_detector/resources/blue/2476.png
[12.847s] -- Symlinking: /home/user-accounts/lee4649/auto-aiming/install/opencv_armor_detector/share/opencv_armor_detector/resources/blue/2477.png
[12.869s] -- Symlinking: /home/user-accounts/lee4649/auto-aiming/install/opencv_armor_detector/share/opencv_armor_detector/resources/blue/2478.png
[12.882s] -- Symlinking: /home/user-accounts/lee4649/auto-aiming/install/opencv_armor_detector/share/opencv_armor_detector/resources/blue/2479.png
[12.896s] -- Symlinking: /home/user-accounts/lee4649/auto-aiming/install/opencv_armor_detector/share/opencv_armor_detector/resources/blue/2480.png
[12.910s] -- Symlinking: /home/user-accounts/lee4649/auto-aiming/install/opencv_armor_detector/share/opencv_armor_detector/resources/blue/2481.png
[12.924s] -- Symlinking: /home/user-accounts/lee4649/auto-aiming/install/opencv_armor_detector/share/opencv_armor_detector/resources/blue/2482.png
[12.937s] -- Symlinking: /home/user-accounts/lee4649/auto-aiming/install/opencv_armor_detector/share/opencv_armor_detector/resources/blue/2483.png
[12.951s] -- Symlinking: /home/user-accounts/lee4649/auto-aiming/install/opencv_armor_detector/share/opencv_armor_detector/resources/blue/2486.png
[12.972s] -- Symlinking: /home/user-accounts/lee4649/auto-aiming/install/opencv_armor_detector/share/opencv_armor_detector/resources/blue/2487.png
[12.986s] -- Symlinking: /home/user-accounts/lee4649/auto-aiming/install/opencv_armor_detector/share/opencv_armor_detector/resources/blue/2489.png
[13.006s] -- Symlinking: /home/user-accounts/lee4649/auto-aiming/install/opencv_armor_detector/share/opencv_armor_detector/resources/blue/2490.png
[13.026s] -- Symlinking: /home/user-accounts/lee4649/auto-aiming/install/opencv_armor_detector/share/opencv_armor_detector/resources/blue/2493.png
[13.039s] -- Symlinking: /home/user-accounts/lee4649/auto-aiming/install/opencv_armor_detector/share/opencv_armor_detector/resources/blue/2494.png
[13.053s] -- Symlinking: /home/user-accounts/lee4649/auto-aiming/install/opencv_armor_detector/share/opencv_armor_detector/resources/blue/2498.png
[13.067s] -- Symlinking: /home/user-accounts/lee4649/auto-aiming/install/opencv_armor_detector/share/opencv_armor_detector/resources/blue/2499.png
[13.088s] -- Symlinking: /home/user-accounts/lee4649/auto-aiming/install/opencv_armor_detector/share/opencv_armor_detector/resources/blue/25.png
[13.103s] -- Symlinking: /home/user-accounts/lee4649/auto-aiming/install/opencv_armor_detector/share/opencv_armor_detector/resources/blue/2501.png
[13.122s] -- Symlinking: /home/user-accounts/lee4649/auto-aiming/install/opencv_armor_detector/share/opencv_armor_detector/resources/blue/2502.png
[13.136s] -- Symlinking: /home/user-accounts/lee4649/auto-aiming/install/opencv_armor_detector/share/opencv_armor_detector/resources/blue/2503.png
[13.157s] -- Symlinking: /home/user-accounts/lee4649/auto-aiming/install/opencv_armor_detector/share/opencv_armor_detector/resources/blue/2505.png
[13.178s] -- Symlinking: /home/user-accounts/lee4649/auto-aiming/install/opencv_armor_detector/share/opencv_armor_detector/resources/blue/2506.png
[13.193s] -- Symlinking: /home/user-accounts/lee4649/auto-aiming/install/opencv_armor_detector/share/opencv_armor_detector/resources/blue/2507.png
[13.216s] -- Symlinking: /home/user-accounts/lee4649/auto-aiming/install/opencv_armor_detector/share/opencv_armor_detector/resources/blue/2517.png
[13.238s] -- Symlinking: /home/user-accounts/lee4649/auto-aiming/install/opencv_armor_detector/share/opencv_armor_detector/resources/blue/2518.png
[13.252s] -- Symlinking: /home/user-accounts/lee4649/auto-aiming/install/opencv_armor_detector/share/opencv_armor_detector/resources/blue/2537.png
[13.272s] -- Symlinking: /home/user-accounts/lee4649/auto-aiming/install/opencv_armor_detector/share/opencv_armor_detector/resources/blue/2541.png
[13.287s] -- Symlinking: /home/user-accounts/lee4649/auto-aiming/install/opencv_armor_detector/share/opencv_armor_detector/resources/blue/26.png
[13.307s] -- Symlinking: /home/user-accounts/lee4649/auto-aiming/install/opencv_armor_detector/share/opencv_armor_detector/resources/blue/27.png
[13.328s] -- Symlinking: /home/user-accounts/lee4649/auto-aiming/install/opencv_armor_detector/share/opencv_armor_detector/resources/blue/28.png
[13.342s] -- Symlinking: /home/user-accounts/lee4649/auto-aiming/install/opencv_armor_detector/share/opencv_armor_detector/resources/blue/29.png
[13.355s] -- Symlinking: /home/user-accounts/lee4649/auto-aiming/install/opencv_armor_detector/share/opencv_armor_detector/resources/blue/3.png
[13.376s] -- Symlinking: /home/user-accounts/lee4649/auto-aiming/install/opencv_armor_detector/share/opencv_armor_detector/resources/blue/30.png
[13.391s] -- Symlinking: /home/user-accounts/lee4649/auto-aiming/install/opencv_armor_detector/share/opencv_armor_detector/resources/blue/4.png
[13.410s] -- Symlinking: /home/user-accounts/lee4649/auto-aiming/install/opencv_armor_detector/share/opencv_armor_detector/resources/blue/5.png
[13.424s] -- Symlinking: /home/user-accounts/lee4649/auto-aiming/install/opencv_armor_detector/share/opencv_armor_detector/resources/blue/6.png
[13.437s] -- Symlinking: /home/user-accounts/lee4649/auto-aiming/install/opencv_armor_detector/share/opencv_armor_detector/resources/blue/7.png
[13.451s] -- Symlinking: /home/user-accounts/lee4649/auto-aiming/install/opencv_armor_detector/share/opencv_armor_detector/resources/blue/8.png
[13.473s] -- Symlinking: /home/user-accounts/lee4649/auto-aiming/install/opencv_armor_detector/share/opencv_armor_detector/resources/blue/9.png
[13.488s] -- Symlinking: /home/user-accounts/lee4649/auto-aiming/install/opencv_armor_detector/share/opencv_armor_detector/resources/blue/ground_truth.csv
[13.508s] -- Symlinking: /home/user-accounts/lee4649/auto-aiming/install/opencv_armor_detector/share/opencv_armor_detector/resources/close_video/close.avi
[13.522s] -- Symlinking: /home/user-accounts/lee4649/auto-aiming/install/opencv_armor_detector/share/opencv_armor_detector/resources/close_video/ground_truth.csv
[13.536s] -- Symlinking: /home/user-accounts/lee4649/auto-aiming/install/opencv_armor_detector/share/opencv_armor_detector/resources/easy/ground_truth.csv
[13.556s] -- Symlinking: /home/user-accounts/lee4649/auto-aiming/install/opencv_armor_detector/share/opencv_armor_detector/resources/easy/output_0001.png
[13.575s] -- Symlinking: /home/user-accounts/lee4649/auto-aiming/install/opencv_armor_detector/share/opencv_armor_detector/resources/easy/output_0002.png
[13.589s] -- Symlinking: /home/user-accounts/lee4649/auto-aiming/install/opencv_armor_detector/share/opencv_armor_detector/resources/easy/output_0003.png
[13.603s] -- Symlinking: /home/user-accounts/lee4649/auto-aiming/install/opencv_armor_detector/share/opencv_armor_detector/resources/easy/output_0004.png
[13.624s] -- Symlinking: /home/user-accounts/lee4649/auto-aiming/install/opencv_armor_detector/share/opencv_armor_detector/resources/easy/output_0005.png
[13.644s] -- Symlinking: /home/user-accounts/lee4649/auto-aiming/install/opencv_armor_detector/share/opencv_armor_detector/resources/easy/output_0006.png
[13.657s] -- Symlinking: /home/user-accounts/lee4649/auto-aiming/install/opencv_armor_detector/share/opencv_armor_detector/resources/easy/output_0007.png
[13.670s] -- Symlinking: /home/user-accounts/lee4649/auto-aiming/install/opencv_armor_detector/share/opencv_armor_detector/resources/easy/output_0008.png
[13.683s] -- Symlinking: /home/user-accounts/lee4649/auto-aiming/install/opencv_armor_detector/share/opencv_armor_detector/resources/easy/output_0009.png
[13.697s] -- Symlinking: /home/user-accounts/lee4649/auto-aiming/install/opencv_armor_detector/share/opencv_armor_detector/resources/easy/output_0010.png
[13.711s] -- Symlinking: /home/user-accounts/lee4649/auto-aiming/install/opencv_armor_detector/share/opencv_armor_detector/resources/easy/output_0011.png
[13.733s] -- Symlinking: /home/user-accounts/lee4649/auto-aiming/install/opencv_armor_detector/share/opencv_armor_detector/resources/easy/output_0012.png
[13.746s] -- Symlinking: /home/user-accounts/lee4649/auto-aiming/install/opencv_armor_detector/share/opencv_armor_detector/resources/easy/output_0013.png
[13.760s] -- Symlinking: /home/user-accounts/lee4649/auto-aiming/install/opencv_armor_detector/share/opencv_armor_detector/resources/easy/output_0014.png
[13.773s] -- Symlinking: /home/user-accounts/lee4649/auto-aiming/install/opencv_armor_detector/share/opencv_armor_detector/resources/easy/output_0015.png
[13.787s] -- Symlinking: /home/user-accounts/lee4649/auto-aiming/install/opencv_armor_detector/share/opencv_armor_detector/resources/easy/output_0016.png
[13.810s] -- Symlinking: /home/user-accounts/lee4649/auto-aiming/install/opencv_armor_detector/share/opencv_armor_detector/resources/easy/output_0017.png
[13.823s] -- Symlinking: /home/user-accounts/lee4649/auto-aiming/install/opencv_armor_detector/share/opencv_armor_detector/resources/easy/output_0018.png
[13.838s] -- Symlinking: /home/user-accounts/lee4649/auto-aiming/install/opencv_armor_detector/share/opencv_armor_detector/resources/easy/output_0019.png
[13.851s] -- Symlinking: /home/user-accounts/lee4649/auto-aiming/install/opencv_armor_detector/share/opencv_armor_detector/resources/easy/output_0020.png
[13.865s] -- Symlinking: /home/user-accounts/lee4649/auto-aiming/install/opencv_armor_detector/share/opencv_armor_detector/resources/easy/output_0021.png
[13.879s] -- Symlinking: /home/user-accounts/lee4649/auto-aiming/install/opencv_armor_detector/share/opencv_armor_detector/resources/easy/output_0022.png
[13.901s] -- Symlinking: /home/user-accounts/lee4649/auto-aiming/install/opencv_armor_detector/share/opencv_armor_detector/resources/easy/output_0023.png
[13.915s] -- Symlinking: /home/user-accounts/lee4649/auto-aiming/install/opencv_armor_detector/share/opencv_armor_detector/resources/easy/output_0024.png
[13.937s] -- Symlinking: /home/user-accounts/lee4649/auto-aiming/install/opencv_armor_detector/share/opencv_armor_detector/resources/easy/output_0025.png
[13.950s] -- Symlinking: /home/user-accounts/lee4649/auto-aiming/install/opencv_armor_detector/share/opencv_armor_detector/resources/easy/output_0026.png
[13.964s] -- Symlinking: /home/user-accounts/lee4649/auto-aiming/install/opencv_armor_detector/share/opencv_armor_detector/resources/easy/output_0027.png
[13.977s] -- Symlinking: /home/user-accounts/lee4649/auto-aiming/install/opencv_armor_detector/share/opencv_armor_detector/resources/easy/output_0028.png
[13.990s] -- Symlinking: /home/user-accounts/lee4649/auto-aiming/install/opencv_armor_detector/share/opencv_armor_detector/resources/easy/output_0029.png
[14.013s] -- Symlinking: /home/user-accounts/lee4649/auto-aiming/install/opencv_armor_detector/share/opencv_armor_detector/resources/easy/output_0030.png
[14.027s] -- Symlinking: /home/user-accounts/lee4649/auto-aiming/install/opencv_armor_detector/share/opencv_armor_detector/resources/easy/output_0031.png
[14.049s] -- Symlinking: /home/user-accounts/lee4649/auto-aiming/install/opencv_armor_detector/share/opencv_armor_detector/resources/easy/output_0032.png
[14.064s] -- Symlinking: /home/user-accounts/lee4649/auto-aiming/install/opencv_armor_detector/share/opencv_armor_detector/resources/easy/output_0033.png
[14.077s] -- Symlinking: /home/user-accounts/lee4649/auto-aiming/install/opencv_armor_detector/share/opencv_armor_detector/resources/easy/output_0034.png
[14.091s] -- Symlinking: /home/user-accounts/lee4649/auto-aiming/install/opencv_armor_detector/share/opencv_armor_detector/resources/easy/output_0035.png
[14.113s] -- Symlinking: /home/user-accounts/lee4649/auto-aiming/install/opencv_armor_detector/share/opencv_armor_detector/resources/easy/output_0036.png
[14.126s] -- Symlinking: /home/user-accounts/lee4649/auto-aiming/install/opencv_armor_detector/share/opencv_armor_detector/resources/easy/output_0037.png
[14.139s] -- Symlinking: /home/user-accounts/lee4649/auto-aiming/install/opencv_armor_detector/share/opencv_armor_detector/resources/easy/output_0038.png
[14.153s] -- Symlinking: /home/user-accounts/lee4649/auto-aiming/install/opencv_armor_detector/share/opencv_armor_detector/resources/easy/output_0039.png
[14.166s] -- Symlinking: /home/user-accounts/lee4649/auto-aiming/install/opencv_armor_detector/share/opencv_armor_detector/resources/easy/output_0040.png
[14.189s] -- Symlinking: /home/user-accounts/lee4649/auto-aiming/install/opencv_armor_detector/share/opencv_armor_detector/resources/easy/output_0041.png
[14.202s] -- Symlinking: /home/user-accounts/lee4649/auto-aiming/install/opencv_armor_detector/share/opencv_armor_detector/resources/easy/output_0042.png
[14.216s] -- Symlinking: /home/user-accounts/lee4649/auto-aiming/install/opencv_armor_detector/share/opencv_armor_detector/resources/easy/output_0043.png
[14.230s] -- Symlinking: /home/user-accounts/lee4649/auto-aiming/install/opencv_armor_detector/share/opencv_armor_detector/resources/easy/output_0044.png
[14.244s] -- Symlinking: /home/user-accounts/lee4649/auto-aiming/install/opencv_armor_detector/share/opencv_armor_detector/resources/easy/output_0045.png
[14.265s] -- Symlinking: /home/user-accounts/lee4649/auto-aiming/install/opencv_armor_detector/share/opencv_armor_detector/resources/easy/output_0067.png
[14.278s] -- Symlinking: /home/user-accounts/lee4649/auto-aiming/install/opencv_armor_detector/share/opencv_armor_detector/resources/easy/output_0068.png
[14.292s] -- Symlinking: /home/user-accounts/lee4649/auto-aiming/install/opencv_armor_detector/share/opencv_armor_detector/resources/easy/output_0069.png
[14.305s] -- Symlinking: /home/user-accounts/lee4649/auto-aiming/install/opencv_armor_detector/share/opencv_armor_detector/resources/easy/output_0070.png
[14.319s] -- Symlinking: /home/user-accounts/lee4649/auto-aiming/install/opencv_armor_detector/share/opencv_armor_detector/resources/easy/output_0071.png
[14.341s] -- Symlinking: /home/user-accounts/lee4649/auto-aiming/install/opencv_armor_detector/share/opencv_armor_detector/resources/easy/output_0072.png
[14.355s] -- Symlinking: /home/user-accounts/lee4649/auto-aiming/install/opencv_armor_detector/share/opencv_armor_detector/resources/easy/output_0073.png
[14.377s] -- Symlinking: /home/user-accounts/lee4649/auto-aiming/install/opencv_armor_detector/share/opencv_armor_detector/resources/easy/output_0074.png
[14.390s] -- Symlinking: /home/user-accounts/lee4649/auto-aiming/install/opencv_armor_detector/share/opencv_armor_detector/resources/easy/output_0075.png
[14.404s] -- Symlinking: /home/user-accounts/lee4649/auto-aiming/install/opencv_armor_detector/share/opencv_armor_detector/resources/easy/output_0076.png
[14.417s] -- Symlinking: /home/user-accounts/lee4649/auto-aiming/install/opencv_armor_detector/share/opencv_armor_detector/resources/easy/output_0077.png
[14.432s] -- Symlinking: /home/user-accounts/lee4649/auto-aiming/install/opencv_armor_detector/share/opencv_armor_detector/resources/easy/output_0078.png
[14.452s] -- Symlinking: /home/user-accounts/lee4649/auto-aiming/install/opencv_armor_detector/share/opencv_armor_detector/resources/easy/output_0079.png
[14.472s] -- Symlinking: /home/user-accounts/lee4649/auto-aiming/install/opencv_armor_detector/share/opencv_armor_detector/resources/easy/output_0080.png
[14.486s] -- Symlinking: /home/user-accounts/lee4649/auto-aiming/install/opencv_armor_detector/share/opencv_armor_detector/resources/easy/output_0081.png
[14.500s] -- Symlinking: /home/user-accounts/lee4649/auto-aiming/install/opencv_armor_detector/share/opencv_armor_detector/resources/easy/output_0082.png
[14.513s] -- Symlinking: /home/user-accounts/lee4649/auto-aiming/install/opencv_armor_detector/share/opencv_armor_detector/resources/easy/output_0083.png
[14.527s] -- Symlinking: /home/user-accounts/lee4649/auto-aiming/install/opencv_armor_detector/share/opencv_armor_detector/resources/easy/output_0084.png
[14.549s] -- Symlinking: /home/user-accounts/lee4649/auto-aiming/install/opencv_armor_detector/share/opencv_armor_detector/resources/easy/output_0085.png
[14.562s] -- Symlinking: /home/user-accounts/lee4649/auto-aiming/install/opencv_armor_detector/share/opencv_armor_detector/resources/easy/output_0086.png
[14.584s] -- Symlinking: /home/user-accounts/lee4649/auto-aiming/install/opencv_armor_detector/share/opencv_armor_detector/resources/easy/output_0087.png
[14.598s] -- Symlinking: /home/user-accounts/lee4649/auto-aiming/install/opencv_armor_detector/share/opencv_armor_detector/resources/easy/output_0088.png
[14.612s] -- Symlinking: /home/user-accounts/lee4649/auto-aiming/install/opencv_armor_detector/share/opencv_armor_detector/resources/easy/output_0089.png
[14.634s] -- Symlinking: /home/user-accounts/lee4649/auto-aiming/install/opencv_armor_detector/share/opencv_armor_detector/resources/easy/output_0095.png
[14.648s] -- Symlinking: /home/user-accounts/lee4649/auto-aiming/install/opencv_armor_detector/share/opencv_armor_detector/resources/easy/output_0096.png
[14.669s] -- Symlinking: /home/user-accounts/lee4649/auto-aiming/install/opencv_armor_detector/share/opencv_armor_detector/resources/easy/output_0097.png
[14.682s] -- Symlinking: /home/user-accounts/lee4649/auto-aiming/install/opencv_armor_detector/share/opencv_armor_detector/resources/easy/output_0098.png
[14.704s] -- Symlinking: /home/user-accounts/lee4649/auto-aiming/install/opencv_armor_detector/share/opencv_armor_detector/resources/easy/output_0099.png
[14.717s] -- Symlinking: /home/user-accounts/lee4649/auto-aiming/install/opencv_armor_detector/share/opencv_armor_detector/resources/easy/output_0100.png
[14.731s] -- Symlinking: /home/user-accounts/lee4649/auto-aiming/install/opencv_armor_detector/share/opencv_armor_detector/resources/easy/output_0101.png
[14.753s] -- Symlinking: /home/user-accounts/lee4649/auto-aiming/install/opencv_armor_detector/share/opencv_armor_detector/resources/easy/output_0102.png
[14.766s] -- Symlinking: /home/user-accounts/lee4649/auto-aiming/install/opencv_armor_detector/share/opencv_armor_detector/resources/easy/output_0103.png
[14.779s] -- Symlinking: /home/user-accounts/lee4649/auto-aiming/install/opencv_armor_detector/share/opencv_armor_detector/resources/easy/output_0104.png
[14.793s] -- Symlinking: /home/user-accounts/lee4649/auto-aiming/install/opencv_armor_detector/share/opencv_armor_detector/resources/easy/output_0105.png
[14.807s] -- Symlinking: /home/user-accounts/lee4649/auto-aiming/install/opencv_armor_detector/share/opencv_armor_detector/resources/easy/output_0106.png
[14.829s] -- Symlinking: /home/user-accounts/lee4649/auto-aiming/install/opencv_armor_detector/share/opencv_armor_detector/resources/easy/output_0107.png
[14.843s] -- Symlinking: /home/user-accounts/lee4649/auto-aiming/install/opencv_armor_detector/share/opencv_armor_detector/resources/easy/output_0108.png
[14.864s] -- Symlinking: /home/user-accounts/lee4649/auto-aiming/install/opencv_armor_detector/share/opencv_armor_detector/resources/easy/output_0109.png
[14.878s] -- Symlinking: /home/user-accounts/lee4649/auto-aiming/install/opencv_armor_detector/share/opencv_armor_detector/resources/easy/output_0110.png
[14.892s] -- Symlinking: /home/user-accounts/lee4649/auto-aiming/install/opencv_armor_detector/share/opencv_armor_detector/resources/easy/output_0111.png
[14.914s] -- Symlinking: /home/user-accounts/lee4649/auto-aiming/install/opencv_armor_detector/share/opencv_armor_detector/resources/easy/output_0112.png
[14.927s] -- Symlinking: /home/user-accounts/lee4649/auto-aiming/install/opencv_armor_detector/share/opencv_armor_detector/resources/easy/output_0113.png
[14.949s] -- Symlinking: /home/user-accounts/lee4649/auto-aiming/install/opencv_armor_detector/share/opencv_armor_detector/resources/easy/output_0114.png
[14.963s] -- Symlinking: /home/user-accounts/lee4649/auto-aiming/install/opencv_armor_detector/share/opencv_armor_detector/resources/easy/output_0115.png
[14.988s] -- Symlinking: /home/user-accounts/lee4649/auto-aiming/install/opencv_armor_detector/share/opencv_armor_detector/resources/easy/output_0116.png
[15.010s] -- Symlinking: /home/user-accounts/lee4649/auto-aiming/install/opencv_armor_detector/share/opencv_armor_detector/resources/easy/output_0117.png
[15.023s] -- Symlinking: /home/user-accounts/lee4649/auto-aiming/install/opencv_armor_detector/share/opencv_armor_detector/resources/easy/output_0118.png
[15.044s] -- Symlinking: /home/user-accounts/lee4649/auto-aiming/install/opencv_armor_detector/share/opencv_armor_detector/resources/easy/output_0119.png
[15.064s] -- Symlinking: /home/user-accounts/lee4649/auto-aiming/install/opencv_armor_detector/share/opencv_armor_detector/resources/easy/output_0120.png
[15.085s] -- Symlinking: /home/user-accounts/lee4649/auto-aiming/install/opencv_armor_detector/share/opencv_armor_detector/resources/easy/output_0121.png
[15.098s] -- Symlinking: /home/user-accounts/lee4649/auto-aiming/install/opencv_armor_detector/share/opencv_armor_detector/resources/easy/output_0122.png
[15.121s] -- Symlinking: /home/user-accounts/lee4649/auto-aiming/install/opencv_armor_detector/share/opencv_armor_detector/resources/easy/output_0123.png
[15.134s] -- Symlinking: /home/user-accounts/lee4649/auto-aiming/install/opencv_armor_detector/share/opencv_armor_detector/resources/easy/output_0236.png
[15.148s] -- Symlinking: /home/user-accounts/lee4649/auto-aiming/install/opencv_armor_detector/share/opencv_armor_detector/resources/easy/output_0237.png
[15.169s] -- Symlinking: /home/user-accounts/lee4649/auto-aiming/install/opencv_armor_detector/share/opencv_armor_detector/resources/easy/output_0238.png
[15.182s] -- Symlinking: /home/user-accounts/lee4649/auto-aiming/install/opencv_armor_detector/share/opencv_armor_detector/resources/easy/output_0239.png
[15.195s] -- Symlinking: /home/user-accounts/lee4649/auto-aiming/install/opencv_armor_detector/share/opencv_armor_detector/resources/easy/output_0240.png
[15.209s] -- Symlinking: /home/user-accounts/lee4649/auto-aiming/install/opencv_armor_detector/share/opencv_armor_detector/resources/easy/output_0241.png
[15.223s] -- Symlinking: /home/user-accounts/lee4649/auto-aiming/install/opencv_armor_detector/share/opencv_armor_detector/resources/easy/output_0242.png
[15.243s] -- Symlinking: /home/user-accounts/lee4649/auto-aiming/install/opencv_armor_detector/share/opencv_armor_detector/resources/easy/output_0243.png
[15.258s] -- Symlinking: /home/user-accounts/lee4649/auto-aiming/install/opencv_armor_detector/share/opencv_armor_detector/resources/easy/output_0244.png
[15.277s] -- Symlinking: /home/user-accounts/lee4649/auto-aiming/install/opencv_armor_detector/share/opencv_armor_detector/resources/easy/output_0245.png
[15.290s] -- Symlinking: /home/user-accounts/lee4649/auto-aiming/install/opencv_armor_detector/share/opencv_armor_detector/resources/easy/output_0246.png
[15.313s] -- Symlinking: /home/user-accounts/lee4649/auto-aiming/install/opencv_armor_detector/share/opencv_armor_detector/resources/easy/output_0247.png
[15.326s] -- Symlinking: /home/user-accounts/lee4649/auto-aiming/install/opencv_armor_detector/share/opencv_armor_detector/resources/easy/output_0248.png
[15.340s] -- Symlinking: /home/user-accounts/lee4649/auto-aiming/install/opencv_armor_detector/share/opencv_armor_detector/resources/easy/output_0249.png
[15.353s] -- Symlinking: /home/user-accounts/lee4649/auto-aiming/install/opencv_armor_detector/share/opencv_armor_detector/resources/easy/output_0250.png
[15.367s] -- Symlinking: /home/user-accounts/lee4649/auto-aiming/install/opencv_armor_detector/share/opencv_armor_detector/resources/easy/output_0251.png
[15.389s] -- Symlinking: /home/user-accounts/lee4649/auto-aiming/install/opencv_armor_detector/share/opencv_armor_detector/resources/easy/output_0252.png
[15.402s] -- Symlinking: /home/user-accounts/lee4649/auto-aiming/install/opencv_armor_detector/share/opencv_armor_detector/resources/easy/output_0253.png
[15.416s] -- Symlinking: /home/user-accounts/lee4649/auto-aiming/install/opencv_armor_detector/share/opencv_armor_detector/resources/easy/output_0254.png
[15.429s] -- Symlinking: /home/user-accounts/lee4649/auto-aiming/install/opencv_armor_detector/share/opencv_armor_detector/resources/easy/output_0255.png
[15.444s] -- Symlinking: /home/user-accounts/lee4649/auto-aiming/install/opencv_armor_detector/share/opencv_armor_detector/resources/easy/output_0256.png
[15.466s] -- Symlinking: /home/user-accounts/lee4649/auto-aiming/install/opencv_armor_detector/share/opencv_armor_detector/resources/easy/output_0257.png
[15.480s] -- Symlinking: /home/user-accounts/lee4649/auto-aiming/install/opencv_armor_detector/share/opencv_armor_detector/resources/easy/output_0258.png
[15.501s] -- Symlinking: /home/user-accounts/lee4649/auto-aiming/install/opencv_armor_detector/share/opencv_armor_detector/resources/easy/output_0259.png
[15.514s] -- Symlinking: /home/user-accounts/lee4649/auto-aiming/install/opencv_armor_detector/share/opencv_armor_detector/resources/easy/output_0260.png
[15.537s] -- Symlinking: /home/user-accounts/lee4649/auto-aiming/install/opencv_armor_detector/share/opencv_armor_detector/resources/easy/output_0261.png
[15.551s] -- Symlinking: /home/user-accounts/lee4649/auto-aiming/install/opencv_armor_detector/share/opencv_armor_detector/resources/easy/output_0262.png
[15.573s] -- Symlinking: /home/user-accounts/lee4649/auto-aiming/install/opencv_armor_detector/share/opencv_armor_detector/resources/easy/output_0263.png
[15.587s] -- Symlinking: /home/user-accounts/lee4649/auto-aiming/install/opencv_armor_detector/share/opencv_armor_detector/resources/easy/output_0264.png
[15.609s] -- Symlinking: /home/user-accounts/lee4649/auto-aiming/install/opencv_armor_detector/share/opencv_armor_detector/resources/easy/output_0265.png
[15.623s] -- Symlinking: /home/user-accounts/lee4649/auto-aiming/install/opencv_armor_detector/share/opencv_armor_detector/resources/easy/output_0266.png
[15.645s] -- Symlinking: /home/user-accounts/lee4649/auto-aiming/install/opencv_armor_detector/share/opencv_armor_detector/resources/easy/output_0267.png
[15.659s] -- Symlinking: /home/user-accounts/lee4649/auto-aiming/install/opencv_armor_detector/share/opencv_armor_detector/resources/easy/output_0268.png
[15.680s] -- Symlinking: /home/user-accounts/lee4649/auto-aiming/install/opencv_armor_detector/share/opencv_armor_detector/resources/easy/output_0269.png
[15.696s] -- Symlinking: /home/user-accounts/lee4649/auto-aiming/install/opencv_armor_detector/share/opencv_armor_detector/resources/easy/output_0270.png
[15.715s] -- Symlinking: /home/user-accounts/lee4649/auto-aiming/install/opencv_armor_detector/share/opencv_armor_detector/resources/easy/output_0271.png
[15.728s] -- Symlinking: /home/user-accounts/lee4649/auto-aiming/install/opencv_armor_detector/share/opencv_armor_detector/resources/easy/output_0272.png
[15.742s] -- Symlinking: /home/user-accounts/lee4649/auto-aiming/install/opencv_armor_detector/share/opencv_armor_detector/resources/easy/output_0273.png
[15.756s] -- Symlinking: /home/user-accounts/lee4649/auto-aiming/install/opencv_armor_detector/share/opencv_armor_detector/resources/easy/output_0274.png
[15.769s] -- Symlinking: /home/user-accounts/lee4649/auto-aiming/install/opencv_armor_detector/share/opencv_armor_detector/resources/easy/output_0275.png
[15.782s] -- Symlinking: /home/user-accounts/lee4649/auto-aiming/install/opencv_armor_detector/share/opencv_armor_detector/resources/easy/output_0276.png
[15.805s] -- Symlinking: /home/user-accounts/lee4649/auto-aiming/install/opencv_armor_detector/share/opencv_armor_detector/resources/easy/output_0277.png
[15.830s] -- Symlinking: /home/user-accounts/lee4649/auto-aiming/install/opencv_armor_detector/share/opencv_armor_detector/resources/easy/output_0278.png
[15.846s] -- Symlinking: /home/user-accounts/lee4649/auto-aiming/install/opencv_armor_detector/share/opencv_armor_detector/resources/easy/output_0279.png
[15.861s] -- Symlinking: /home/user-accounts/lee4649/auto-aiming/install/opencv_armor_detector/share/opencv_armor_detector/resources/easy/output_0280.png
[15.879s] -- Symlinking: /home/user-accounts/lee4649/auto-aiming/install/opencv_armor_detector/share/opencv_armor_detector/resources/easy/output_0281.png
[15.894s] -- Symlinking: /home/user-accounts/lee4649/auto-aiming/install/opencv_armor_detector/share/opencv_armor_detector/resources/easy/output_0282.png
[15.910s] -- Symlinking: /home/user-accounts/lee4649/auto-aiming/install/opencv_armor_detector/share/opencv_armor_detector/resources/easy/output_0283.png
[15.928s] -- Symlinking: /home/user-accounts/lee4649/auto-aiming/install/opencv_armor_detector/share/opencv_armor_detector/resources/easy/output_0284.png
[15.944s] -- Symlinking: /home/user-accounts/lee4649/auto-aiming/install/opencv_armor_detector/share/opencv_armor_detector/resources/easy/output_0285.png
[15.959s] -- Symlinking: /home/user-accounts/lee4649/auto-aiming/install/opencv_armor_detector/share/opencv_armor_detector/resources/easy/output_0286.png
[15.976s] -- Symlinking: /home/user-accounts/lee4649/auto-aiming/install/opencv_armor_detector/share/opencv_armor_detector/resources/easy/output_0287.png
[15.992s] -- Symlinking: /home/user-accounts/lee4649/auto-aiming/install/opencv_armor_detector/share/opencv_armor_detector/resources/easy/output_0288.png
[16.008s] -- Symlinking: /home/user-accounts/lee4649/auto-aiming/install/opencv_armor_detector/share/opencv_armor_detector/resources/easy/output_0289.png
[16.025s] -- Symlinking: /home/user-accounts/lee4649/auto-aiming/install/opencv_armor_detector/share/opencv_armor_detector/resources/easy/output_0290.png
[16.041s] -- Symlinking: /home/user-accounts/lee4649/auto-aiming/install/opencv_armor_detector/share/opencv_armor_detector/resources/easy/output_0291.png
[16.059s] -- Symlinking: /home/user-accounts/lee4649/auto-aiming/install/opencv_armor_detector/share/opencv_armor_detector/resources/easy/output_0292.png
[16.074s] -- Symlinking: /home/user-accounts/lee4649/auto-aiming/install/opencv_armor_detector/share/opencv_armor_detector/resources/easy/output_0293.png
[16.089s] -- Symlinking: /home/user-accounts/lee4649/auto-aiming/install/opencv_armor_detector/share/opencv_armor_detector/resources/easy/output_0294.png
[16.105s] -- Symlinking: /home/user-accounts/lee4649/auto-aiming/install/opencv_armor_detector/share/opencv_armor_detector/resources/easy/output_0295.png
[16.120s] -- Symlinking: /home/user-accounts/lee4649/auto-aiming/install/opencv_armor_detector/share/opencv_armor_detector/resources/easy/output_0296.png
[16.135s] -- Symlinking: /home/user-accounts/lee4649/auto-aiming/install/opencv_armor_detector/share/opencv_armor_detector/resources/easy/output_0297.png
[16.150s] -- Symlinking: /home/user-accounts/lee4649/auto-aiming/install/opencv_armor_detector/share/opencv_armor_detector/resources/far_back/613.png
[16.168s] -- Symlinking: /home/user-accounts/lee4649/auto-aiming/install/opencv_armor_detector/share/opencv_armor_detector/resources/far_back/614.png
[16.182s] -- Symlinking: /home/user-accounts/lee4649/auto-aiming/install/opencv_armor_detector/share/opencv_armor_detector/resources/far_back/615.png
[16.197s] -- Symlinking: /home/user-accounts/lee4649/auto-aiming/install/opencv_armor_detector/share/opencv_armor_detector/resources/far_back/616.png
[16.212s] -- Symlinking: /home/user-accounts/lee4649/auto-aiming/install/opencv_armor_detector/share/opencv_armor_detector/resources/far_back/617.png
[16.226s] -- Symlinking: /home/user-accounts/lee4649/auto-aiming/install/opencv_armor_detector/share/opencv_armor_detector/resources/far_back/618.png
[16.241s] -- Symlinking: /home/user-accounts/lee4649/auto-aiming/install/opencv_armor_detector/share/opencv_armor_detector/resources/far_back/619.png
[16.257s] -- Symlinking: /home/user-accounts/lee4649/auto-aiming/install/opencv_armor_detector/share/opencv_armor_detector/resources/far_back/620.png
[16.273s] -- Symlinking: /home/user-accounts/lee4649/auto-aiming/install/opencv_armor_detector/share/opencv_armor_detector/resources/far_back/621.png
[16.288s] -- Symlinking: /home/user-accounts/lee4649/auto-aiming/install/opencv_armor_detector/share/opencv_armor_detector/resources/far_back/622.png
[16.304s] -- Symlinking: /home/user-accounts/lee4649/auto-aiming/install/opencv_armor_detector/share/opencv_armor_detector/resources/far_back/623.png
[16.326s] -- Symlinking: /home/user-accounts/lee4649/auto-aiming/install/opencv_armor_detector/share/opencv_armor_detector/resources/far_back/624.png
[16.345s] -- Symlinking: /home/user-accounts/lee4649/auto-aiming/install/opencv_armor_detector/share/opencv_armor_detector/resources/far_back/625.png
[16.358s] -- Symlinking: /home/user-accounts/lee4649/auto-aiming/install/opencv_armor_detector/share/opencv_armor_detector/resources/far_back/626.png
[16.382s] -- Symlinking: /home/user-accounts/lee4649/auto-aiming/install/opencv_armor_detector/share/opencv_armor_detector/resources/far_back/627.png
[16.400s] -- Symlinking: /home/user-accounts/lee4649/auto-aiming/install/opencv_armor_detector/share/opencv_armor_detector/resources/far_back/628.png
[16.415s] -- Symlinking: /home/user-accounts/lee4649/auto-aiming/install/opencv_armor_detector/share/opencv_armor_detector/resources/far_back/629.png
[16.431s] -- Symlinking: /home/user-accounts/lee4649/auto-aiming/install/opencv_armor_detector/share/opencv_armor_detector/resources/far_back/630.png
[16.449s] -- Symlinking: /home/user-accounts/lee4649/auto-aiming/install/opencv_armor_detector/share/opencv_armor_detector/resources/far_back/631.png
[16.472s] -- Symlinking: /home/user-accounts/lee4649/auto-aiming/install/opencv_armor_detector/share/opencv_armor_detector/resources/far_back/632.png
[16.492s] -- Symlinking: /home/user-accounts/lee4649/auto-aiming/install/opencv_armor_detector/share/opencv_armor_detector/resources/far_back/633.png
[16.512s] -- Symlinking: /home/user-accounts/lee4649/auto-aiming/install/opencv_armor_detector/share/opencv_armor_detector/resources/far_back/634.png
[16.527s] -- Symlinking: /home/user-accounts/lee4649/auto-aiming/install/opencv_armor_detector/share/opencv_armor_detector/resources/far_back/635.png
[16.549s] -- Symlinking: /home/user-accounts/lee4649/auto-aiming/install/opencv_armor_detector/share/opencv_armor_detector/resources/far_back/636.png
[16.572s] -- Symlinking: /home/user-accounts/lee4649/auto-aiming/install/opencv_armor_detector/share/opencv_armor_detector/resources/far_back/637.png
[16.595s] -- Symlinking: /home/user-accounts/lee4649/auto-aiming/install/opencv_armor_detector/share/opencv_armor_detector/resources/far_back/638.png
[16.615s] -- Symlinking: /home/user-accounts/lee4649/auto-aiming/install/opencv_armor_detector/share/opencv_armor_detector/resources/far_back/639.png
[16.629s] -- Symlinking: /home/user-accounts/lee4649/auto-aiming/install/opencv_armor_detector/share/opencv_armor_detector/resources/far_back/640.png
[16.645s] -- Symlinking: /home/user-accounts/lee4649/auto-aiming/install/opencv_armor_detector/share/opencv_armor_detector/resources/far_back/651.png
[16.668s] -- Symlinking: /home/user-accounts/lee4649/auto-aiming/install/opencv_armor_detector/share/opencv_armor_detector/resources/far_back/652.png
[16.690s] -- Symlinking: /home/user-accounts/lee4649/auto-aiming/install/opencv_armor_detector/share/opencv_armor_detector/resources/far_back/653.png
[16.714s] -- Symlinking: /home/user-accounts/lee4649/auto-aiming/install/opencv_armor_detector/share/opencv_armor_detector/resources/far_back/654.png
[16.736s] -- Symlinking: /home/user-accounts/lee4649/auto-aiming/install/opencv_armor_detector/share/opencv_armor_detector/resources/far_back/655.png
[16.759s] -- Symlinking: /home/user-accounts/lee4649/auto-aiming/install/opencv_armor_detector/share/opencv_armor_detector/resources/far_back/656.png
[16.780s] -- Symlinking: /home/user-accounts/lee4649/auto-aiming/install/opencv_armor_detector/share/opencv_armor_detector/resources/far_back/657.png
[16.795s] -- Symlinking: /home/user-accounts/lee4649/auto-aiming/install/opencv_armor_detector/share/opencv_armor_detector/resources/far_back/658.png
[16.818s] -- Symlinking: /home/user-accounts/lee4649/auto-aiming/install/opencv_armor_detector/share/opencv_armor_detector/resources/far_back/659.png
[16.841s] -- Symlinking: /home/user-accounts/lee4649/auto-aiming/install/opencv_armor_detector/share/opencv_armor_detector/resources/far_back/660.png
[16.864s] -- Symlinking: /home/user-accounts/lee4649/auto-aiming/install/opencv_armor_detector/share/opencv_armor_detector/resources/far_back/665.png
[16.887s] -- Symlinking: /home/user-accounts/lee4649/auto-aiming/install/opencv_armor_detector/share/opencv_armor_detector/resources/far_back/666.png
[16.910s] -- Symlinking: /home/user-accounts/lee4649/auto-aiming/install/opencv_armor_detector/share/opencv_armor_detector/resources/far_back/667.png
[16.933s] -- Symlinking: /home/user-accounts/lee4649/auto-aiming/install/opencv_armor_detector/share/opencv_armor_detector/resources/far_back/668.png
[16.955s] -- Symlinking: /home/user-accounts/lee4649/auto-aiming/install/opencv_armor_detector/share/opencv_armor_detector/resources/far_back/669.png
[16.977s] -- Symlinking: /home/user-accounts/lee4649/auto-aiming/install/opencv_armor_detector/share/opencv_armor_detector/resources/far_back/670.png
[16.999s] -- Symlinking: /home/user-accounts/lee4649/auto-aiming/install/opencv_armor_detector/share/opencv_armor_detector/resources/far_back/671.png
[17.021s] -- Symlinking: /home/user-accounts/lee4649/auto-aiming/install/opencv_armor_detector/share/opencv_armor_detector/resources/far_back/672.png
[17.043s] -- Symlinking: /home/user-accounts/lee4649/auto-aiming/install/opencv_armor_detector/share/opencv_armor_detector/resources/far_back/673.png
[17.065s] -- Symlinking: /home/user-accounts/lee4649/auto-aiming/install/opencv_armor_detector/share/opencv_armor_detector/resources/far_back/674.png
[17.088s] -- Symlinking: /home/user-accounts/lee4649/auto-aiming/install/opencv_armor_detector/share/opencv_armor_detector/resources/far_back/675.png
[17.111s] -- Symlinking: /home/user-accounts/lee4649/auto-aiming/install/opencv_armor_detector/share/opencv_armor_detector/resources/far_back/676.png
[17.133s] -- Symlinking: /home/user-accounts/lee4649/auto-aiming/install/opencv_armor_detector/share/opencv_armor_detector/resources/far_back/677.png
[17.156s] -- Symlinking: /home/user-accounts/lee4649/auto-aiming/install/opencv_armor_detector/share/opencv_armor_detector/resources/far_back/678.png
[17.177s] -- Symlinking: /home/user-accounts/lee4649/auto-aiming/install/opencv_armor_detector/share/opencv_armor_detector/resources/far_back/679.png
[17.199s] -- Symlinking: /home/user-accounts/lee4649/auto-aiming/install/opencv_armor_detector/share/opencv_armor_detector/resources/far_back/680.png
[17.222s] -- Symlinking: /home/user-accounts/lee4649/auto-aiming/install/opencv_armor_detector/share/opencv_armor_detector/resources/far_back/ground_truth.csv
[17.245s] -- Symlinking: /home/user-accounts/lee4649/auto-aiming/install/opencv_armor_detector/share/opencv_armor_detector/resources/far_back_spin_and_move/far.avi
[17.260s] -- Symlinking: /home/user-accounts/lee4649/auto-aiming/install/opencv_armor_detector/share/opencv_armor_detector/resources/far_back_spin_and_move/ground_truth.csv
[17.282s] -- Symlinking: /home/user-accounts/lee4649/auto-aiming/install/opencv_armor_detector/share/ament_index/resource_index/package_run_dependencies/opencv_armor_detector
[17.307s] -- Symlinking: /home/user-accounts/lee4649/auto-aiming/install/opencv_armor_detector/share/ament_index/resource_index/parent_prefix_path/opencv_armor_detector
[17.330s] -- Symlinking: /home/user-accounts/lee4649/auto-aiming/install/opencv_armor_detector/share/opencv_armor_detector/environment/ament_prefix_path.sh
[17.353s] -- Symlinking: /home/user-accounts/lee4649/auto-aiming/install/opencv_armor_detector/share/opencv_armor_detector/environment/ament_prefix_path.dsv
[17.372s] -- Symlinking: /home/user-accounts/lee4649/auto-aiming/install/opencv_armor_detector/share/opencv_armor_detector/environment/path.sh
[17.386s] -- Symlinking: /home/user-accounts/lee4649/auto-aiming/install/opencv_armor_detector/share/opencv_armor_detector/environment/path.dsv
[17.406s] -- Symlinking: /home/user-accounts/lee4649/auto-aiming/install/opencv_armor_detector/share/opencv_armor_detector/local_setup.bash
[17.421s] -- Symlinking: /home/user-accounts/lee4649/auto-aiming/install/opencv_armor_detector/share/opencv_armor_detector/local_setup.sh
[17.442s] -- Symlinking: /home/user-accounts/lee4649/auto-aiming/install/opencv_armor_detector/share/opencv_armor_detector/local_setup.zsh
[17.458s] -- Symlinking: /home/user-accounts/lee4649/auto-aiming/install/opencv_armor_detector/share/opencv_armor_detector/local_setup.dsv
[17.478s] -- Symlinking: /home/user-accounts/lee4649/auto-aiming/install/opencv_armor_detector/share/opencv_armor_detector/package.dsv
[17.501s] -- Symlinking: /home/user-accounts/lee4649/auto-aiming/install/opencv_armor_detector/share/ament_index/resource_index/packages/opencv_armor_detector
[17.521s] -- Symlinking: /home/user-accounts/lee4649/auto-aiming/install/opencv_armor_detector/share/opencv_armor_detector/cmake/ament_cmake_export_include_directories-extras.cmake
[17.542s] -- Symlinking: /home/user-accounts/lee4649/auto-aiming/install/opencv_armor_detector/share/opencv_armor_detector/cmake/ament_cmake_export_dependencies-extras.cmake
[17.565s] -- Symlinking: /home/user-accounts/lee4649/auto-aiming/install/opencv_armor_detector/share/opencv_armor_detector/cmake/opencv_armor_detectorConfig.cmake
[17.587s] -- Symlinking: /home/user-accounts/lee4649/auto-aiming/install/opencv_armor_detector/share/opencv_armor_detector/cmake/opencv_armor_detectorConfig-version.cmake
[17.610s] -- Symlinking: /home/user-accounts/lee4649/auto-aiming/install/opencv_armor_detector/share/opencv_armor_detector/package.xml
[17.642s] Invoked command in '/home/user-accounts/lee4649/auto-aiming/build/opencv_armor_detector' returned '0': AMENT_PREFIX_PATH=/home/user-accounts/lee4649/auto-aiming/install/vision_msgs:${AMENT_PREFIX_PATH} CMAKE_PREFIX_PATH=/home/user-accounts/lee4649/auto-aiming/install/vision_msgs:/opt/ros/foxy LD_LIBRARY_PATH=/home/user-accounts/lee4649/auto-aiming/install/vision_msgs/lib:${LD_LIBRARY_PATH} PYTHONPATH=/home/user-accounts/lee4649/auto-aiming/install/vision_msgs/lib/python3.8/site-packages:${PYTHONPATH} /usr/bin/cmake --install /home/user-accounts/lee4649/auto-aiming/build/opencv_armor_detector
