[0.325s] DEBUG:colcon:Command line arguments: ['/usr/bin/colcon', 'build', '--symlink-install', '--cmake-args', '-DCMAKE_BUILD_TYPE=Release', '-DCMAKE_CXX_FLAGS_RELEASE=-O3', '-DPYTHON_EXECUTABLE=/usr/bin/python3.8', '--allow-overriding', 'opencv_armor_detector']
[0.325s] DEBUG:colcon:Parsed command line arguments: Namespace(allow_overriding=['opencv_armor_detector'], ament_cmake_args=None, base_paths=['.'], build_base='build', catkin_cmake_args=None, catkin_skip_building_tests=False, cmake_args=['-DCMAKE_BUILD_TYPE=Release', '-DCMAKE_CXX_FLAGS_RELEASE=-O3', '-DPYTHON_EXECUTABLE=/usr/bin/python3.8'], cmake_clean_cache=False, cmake_clean_first=False, cmake_force_configure=False, cmake_target=None, cmake_target_skip_unavailable=False, continue_on_error=False, event_handlers=None, executor='parallel', ignore_user_meta=False, install_base='install', log_base=None, log_level=None, main=<bound method BuildVerb.main of <colcon_core.verb.build.BuildVerb object at 0xffff86fc2400>>, merge_install=False, metas=['./colcon.meta'], mixin=None, mixin_files=None, mixin_verb=('build',), packages_above=None, packages_above_and_dependencies=None, packages_above_depth=None, packages_end=None, packages_ignore=None, packages_ignore_regex=None, packages_select=None, packages_select_build_failed=False, packages_select_by_dep=None, packages_select_regex=None, packages_select_test_failures=False, packages_skip=None, packages_skip_build_finished=False, packages_skip_by_dep=None, packages_skip_regex=None, packages_skip_test_passed=False, packages_skip_up_to=None, packages_start=None, packages_up_to=None, packages_up_to_regex=None, parallel_workers=8, paths=None, symlink_install=True, test_result_base=None, verb_extension=<colcon_core.verb.build.BuildVerb object at 0xffff86fc2400>, verb_name='build', verb_parser=<colcon_mixin.mixin.mixin_argument.MixinArgumentDecorator object at 0xffff86fc2dc0>)
[0.572s] Level 1:colcon.colcon_core.package_discovery:discover_packages(colcon_meta) check parameters
[0.573s] Level 1:colcon.colcon_core.package_discovery:discover_packages(recursive) check parameters
[0.573s] Level 1:colcon.colcon_core.package_discovery:discover_packages(ignore) check parameters
[0.573s] Level 1:colcon.colcon_core.package_discovery:discover_packages(path) check parameters
[0.573s] Level 1:colcon.colcon_core.package_discovery:discover_packages(colcon_meta) discover
[0.573s] Level 1:colcon.colcon_core.package_discovery:discover_packages(recursive) discover
[0.573s] INFO:colcon.colcon_core.package_discovery:Crawling recursively for packages in '/home/user-accounts/lee4649/auto-aiming'
[0.573s] Level 1:colcon.colcon_core.package_identification:_identify(.) by extensions ['ignore', 'ignore_ament_install']
[0.573s] Level 1:colcon.colcon_core.package_identification:_identify(.) by extension 'ignore'
[0.574s] Level 1:colcon.colcon_core.package_identification:_identify(.) by extension 'ignore_ament_install'
[0.574s] Level 1:colcon.colcon_core.package_identification:_identify(.) by extensions ['colcon_pkg']
[0.574s] Level 1:colcon.colcon_core.package_identification:_identify(.) by extension 'colcon_pkg'
[0.574s] Level 1:colcon.colcon_core.package_identification:_identify(.) by extensions ['colcon_meta']
[0.574s] Level 1:colcon.colcon_core.package_identification:_identify(.) by extension 'colcon_meta'
[0.574s] Level 1:colcon.colcon_core.package_identification:_identify(.) by extensions ['ros']
[0.574s] Level 1:colcon.colcon_core.package_identification:_identify(.) by extension 'ros'
[0.591s] Level 1:colcon.colcon_core.package_identification:_identify(.) by extensions ['cmake', 'python']
[0.592s] Level 1:colcon.colcon_core.package_identification:_identify(.) by extension 'cmake'
[0.592s] Level 1:colcon.colcon_core.package_identification:_identify(.) by extension 'python'
[0.592s] Level 1:colcon.colcon_core.package_identification:_identify(.) by extensions ['python_setup_py']
[0.592s] Level 1:colcon.colcon_core.package_identification:_identify(.) by extension 'python_setup_py'
[0.592s] Level 1:colcon.colcon_core.package_identification:_identify(build) by extensions ['ignore', 'ignore_ament_install']
[0.592s] Level 1:colcon.colcon_core.package_identification:_identify(build) by extension 'ignore'
[0.592s] Level 1:colcon.colcon_core.package_identification:_identify(build) ignored
[0.593s] Level 1:colcon.colcon_core.package_identification:_identify(install) by extensions ['ignore', 'ignore_ament_install']
[0.593s] Level 1:colcon.colcon_core.package_identification:_identify(install) by extension 'ignore'
[0.593s] Level 1:colcon.colcon_core.package_identification:_identify(install) ignored
[0.593s] Level 1:colcon.colcon_core.package_identification:_identify(log) by extensions ['ignore', 'ignore_ament_install']
[0.593s] Level 1:colcon.colcon_core.package_identification:_identify(log) by extension 'ignore'
[0.593s] Level 1:colcon.colcon_core.package_identification:_identify(log) ignored
[0.593s] Level 1:colcon.colcon_core.package_identification:_identify(src) by extensions ['ignore', 'ignore_ament_install']
[0.593s] Level 1:colcon.colcon_core.package_identification:_identify(src) by extension 'ignore'
[0.594s] Level 1:colcon.colcon_core.package_identification:_identify(src) by extension 'ignore_ament_install'
[0.594s] Level 1:colcon.colcon_core.package_identification:_identify(src) by extensions ['colcon_pkg']
[0.594s] Level 1:colcon.colcon_core.package_identification:_identify(src) by extension 'colcon_pkg'
[0.594s] Level 1:colcon.colcon_core.package_identification:_identify(src) by extensions ['colcon_meta']
[0.594s] Level 1:colcon.colcon_core.package_identification:_identify(src) by extension 'colcon_meta'
[0.594s] Level 1:colcon.colcon_core.package_identification:_identify(src) by extensions ['ros']
[0.594s] Level 1:colcon.colcon_core.package_identification:_identify(src) by extension 'ros'
[0.594s] Level 1:colcon.colcon_core.package_identification:_identify(src) by extensions ['cmake', 'python']
[0.594s] Level 1:colcon.colcon_core.package_identification:_identify(src) by extension 'cmake'
[0.594s] Level 1:colcon.colcon_core.package_identification:_identify(src) by extension 'python'
[0.594s] Level 1:colcon.colcon_core.package_identification:_identify(src) by extensions ['python_setup_py']
[0.594s] Level 1:colcon.colcon_core.package_identification:_identify(src) by extension 'python_setup_py'
[0.595s] Level 1:colcon.colcon_core.package_identification:_identify(src/prm_camera) by extensions ['ignore', 'ignore_ament_install']
[0.595s] Level 1:colcon.colcon_core.package_identification:_identify(src/prm_camera) by extension 'ignore'
[0.595s] Level 1:colcon.colcon_core.package_identification:_identify(src/prm_camera) by extension 'ignore_ament_install'
[0.595s] Level 1:colcon.colcon_core.package_identification:_identify(src/prm_camera) by extensions ['colcon_pkg']
[0.595s] Level 1:colcon.colcon_core.package_identification:_identify(src/prm_camera) by extension 'colcon_pkg'
[0.595s] Level 1:colcon.colcon_core.package_identification:_identify(src/prm_camera) by extensions ['colcon_meta']
[0.595s] Level 1:colcon.colcon_core.package_identification:_identify(src/prm_camera) by extension 'colcon_meta'
[0.595s] Level 1:colcon.colcon_core.package_identification:_identify(src/prm_camera) by extensions ['ros']
[0.595s] Level 1:colcon.colcon_core.package_identification:_identify(src/prm_camera) by extension 'ros'
[0.595s] Level 1:colcon.colcon_core.package_identification:_identify(src/prm_camera) by extensions ['cmake', 'python']
[0.595s] Level 1:colcon.colcon_core.package_identification:_identify(src/prm_camera) by extension 'cmake'
[0.596s] Level 1:colcon.colcon_core.package_identification:_identify(src/prm_camera) by extension 'python'
[0.596s] Level 1:colcon.colcon_core.package_identification:_identify(src/prm_camera) by extensions ['python_setup_py']
[0.596s] Level 1:colcon.colcon_core.package_identification:_identify(src/prm_camera) by extension 'python_setup_py'
[0.596s] Level 1:colcon.colcon_core.package_identification:_identify(src/prm_camera/mv_publisher) by extensions ['ignore', 'ignore_ament_install']
[0.596s] Level 1:colcon.colcon_core.package_identification:_identify(src/prm_camera/mv_publisher) by extension 'ignore'
[0.596s] Level 1:colcon.colcon_core.package_identification:_identify(src/prm_camera/mv_publisher) by extension 'ignore_ament_install'
[0.596s] Level 1:colcon.colcon_core.package_identification:_identify(src/prm_camera/mv_publisher) by extensions ['colcon_pkg']
[0.596s] Level 1:colcon.colcon_core.package_identification:_identify(src/prm_camera/mv_publisher) by extension 'colcon_pkg'
[0.596s] Level 1:colcon.colcon_core.package_identification:_identify(src/prm_camera/mv_publisher) by extensions ['colcon_meta']
[0.596s] Level 1:colcon.colcon_core.package_identification:_identify(src/prm_camera/mv_publisher) by extension 'colcon_meta'
[0.596s] Level 1:colcon.colcon_core.package_identification:_identify(src/prm_camera/mv_publisher) by extensions ['ros']
[0.597s] Level 1:colcon.colcon_core.package_identification:_identify(src/prm_camera/mv_publisher) by extension 'ros'
[0.601s] DEBUG:colcon.colcon_core.package_identification:Package 'src/prm_camera/mv_publisher' with type 'ros.ament_cmake' and name 'mv_publisher'
[0.602s] Level 1:colcon.colcon_core.package_identification:_identify(src/prm_camera/recorder_cv) by extensions ['ignore', 'ignore_ament_install']
[0.602s] Level 1:colcon.colcon_core.package_identification:_identify(src/prm_camera/recorder_cv) by extension 'ignore'
[0.602s] Level 1:colcon.colcon_core.package_identification:_identify(src/prm_camera/recorder_cv) by extension 'ignore_ament_install'
[0.602s] Level 1:colcon.colcon_core.package_identification:_identify(src/prm_camera/recorder_cv) by extensions ['colcon_pkg']
[0.602s] Level 1:colcon.colcon_core.package_identification:_identify(src/prm_camera/recorder_cv) by extension 'colcon_pkg'
[0.602s] Level 1:colcon.colcon_core.package_identification:_identify(src/prm_camera/recorder_cv) by extensions ['colcon_meta']
[0.602s] Level 1:colcon.colcon_core.package_identification:_identify(src/prm_camera/recorder_cv) by extension 'colcon_meta'
[0.602s] Level 1:colcon.colcon_core.package_identification:_identify(src/prm_camera/recorder_cv) by extensions ['ros']
[0.602s] Level 1:colcon.colcon_core.package_identification:_identify(src/prm_camera/recorder_cv) by extension 'ros'
[0.603s] DEBUG:colcon.colcon_core.package_identification:Package 'src/prm_camera/recorder_cv' with type 'ros.ament_cmake' and name 'recorder'
[0.603s] Level 1:colcon.colcon_core.package_identification:_identify(src/prm_camera/webcam_publisher) by extensions ['ignore', 'ignore_ament_install']
[0.604s] Level 1:colcon.colcon_core.package_identification:_identify(src/prm_camera/webcam_publisher) by extension 'ignore'
[0.604s] Level 1:colcon.colcon_core.package_identification:_identify(src/prm_camera/webcam_publisher) by extension 'ignore_ament_install'
[0.604s] Level 1:colcon.colcon_core.package_identification:_identify(src/prm_camera/webcam_publisher) by extensions ['colcon_pkg']
[0.604s] Level 1:colcon.colcon_core.package_identification:_identify(src/prm_camera/webcam_publisher) by extension 'colcon_pkg'
[0.604s] Level 1:colcon.colcon_core.package_identification:_identify(src/prm_camera/webcam_publisher) by extensions ['colcon_meta']
[0.604s] Level 1:colcon.colcon_core.package_identification:_identify(src/prm_camera/webcam_publisher) by extension 'colcon_meta'
[0.604s] Level 1:colcon.colcon_core.package_identification:_identify(src/prm_camera/webcam_publisher) by extensions ['ros']
[0.604s] Level 1:colcon.colcon_core.package_identification:_identify(src/prm_camera/webcam_publisher) by extension 'ros'
[0.606s] DEBUG:colcon.colcon_core.package_identification:Package 'src/prm_camera/webcam_publisher' with type 'ros.ament_cmake' and name 'webcam_publisher'
[0.606s] Level 1:colcon.colcon_core.package_identification:_identify(src/prm_launch) by extensions ['ignore', 'ignore_ament_install']
[0.606s] Level 1:colcon.colcon_core.package_identification:_identify(src/prm_launch) by extension 'ignore'
[0.606s] Level 1:colcon.colcon_core.package_identification:_identify(src/prm_launch) by extension 'ignore_ament_install'
[0.606s] Level 1:colcon.colcon_core.package_identification:_identify(src/prm_launch) by extensions ['colcon_pkg']
[0.606s] Level 1:colcon.colcon_core.package_identification:_identify(src/prm_launch) by extension 'colcon_pkg'
[0.606s] Level 1:colcon.colcon_core.package_identification:_identify(src/prm_launch) by extensions ['colcon_meta']
[0.606s] Level 1:colcon.colcon_core.package_identification:_identify(src/prm_launch) by extension 'colcon_meta'
[0.606s] Level 1:colcon.colcon_core.package_identification:_identify(src/prm_launch) by extensions ['ros']
[0.607s] Level 1:colcon.colcon_core.package_identification:_identify(src/prm_launch) by extension 'ros'
[0.607s] DEBUG:colcon.colcon_core.package_identification:Package 'src/prm_launch' with type 'ros.ament_cmake' and name 'prm_launch'
[0.608s] Level 1:colcon.colcon_core.package_identification:_identify(src/prm_vision) by extensions ['ignore', 'ignore_ament_install']
[0.608s] Level 1:colcon.colcon_core.package_identification:_identify(src/prm_vision) by extension 'ignore'
[0.608s] Level 1:colcon.colcon_core.package_identification:_identify(src/prm_vision) by extension 'ignore_ament_install'
[0.608s] Level 1:colcon.colcon_core.package_identification:_identify(src/prm_vision) by extensions ['colcon_pkg']
[0.608s] Level 1:colcon.colcon_core.package_identification:_identify(src/prm_vision) by extension 'colcon_pkg'
[0.608s] Level 1:colcon.colcon_core.package_identification:_identify(src/prm_vision) by extensions ['colcon_meta']
[0.608s] Level 1:colcon.colcon_core.package_identification:_identify(src/prm_vision) by extension 'colcon_meta'
[0.608s] Level 1:colcon.colcon_core.package_identification:_identify(src/prm_vision) by extensions ['ros']
[0.608s] Level 1:colcon.colcon_core.package_identification:_identify(src/prm_vision) by extension 'ros'
[0.609s] Level 1:colcon.colcon_core.package_identification:_identify(src/prm_vision) by extensions ['cmake', 'python']
[0.609s] Level 1:colcon.colcon_core.package_identification:_identify(src/prm_vision) by extension 'cmake'
[0.609s] Level 1:colcon.colcon_core.package_identification:_identify(src/prm_vision) by extension 'python'
[0.609s] Level 1:colcon.colcon_core.package_identification:_identify(src/prm_vision) by extensions ['python_setup_py']
[0.609s] Level 1:colcon.colcon_core.package_identification:_identify(src/prm_vision) by extension 'python_setup_py'
[0.609s] Level 1:colcon.colcon_core.package_identification:_identify(src/prm_vision/opencv_armor_detector) by extensions ['ignore', 'ignore_ament_install']
[0.609s] Level 1:colcon.colcon_core.package_identification:_identify(src/prm_vision/opencv_armor_detector) by extension 'ignore'
[0.609s] Level 1:colcon.colcon_core.package_identification:_identify(src/prm_vision/opencv_armor_detector) by extension 'ignore_ament_install'
[0.609s] Level 1:colcon.colcon_core.package_identification:_identify(src/prm_vision/opencv_armor_detector) by extensions ['colcon_pkg']
[0.609s] Level 1:colcon.colcon_core.package_identification:_identify(src/prm_vision/opencv_armor_detector) by extension 'colcon_pkg'
[0.609s] Level 1:colcon.colcon_core.package_identification:_identify(src/prm_vision/opencv_armor_detector) by extensions ['colcon_meta']
[0.610s] Level 1:colcon.colcon_core.package_identification:_identify(src/prm_vision/opencv_armor_detector) by extension 'colcon_meta'
[0.610s] Level 1:colcon.colcon_core.package_identification:_identify(src/prm_vision/opencv_armor_detector) by extensions ['ros']
[0.610s] Level 1:colcon.colcon_core.package_identification:_identify(src/prm_vision/opencv_armor_detector) by extension 'ros'
[0.611s] DEBUG:colcon.colcon_core.package_identification:Package 'src/prm_vision/opencv_armor_detector' with type 'ros.ament_cmake' and name 'opencv_armor_detector'
[0.611s] Level 1:colcon.colcon_core.package_identification:_identify(src/prm_vision/pose_estimator) by extensions ['ignore', 'ignore_ament_install']
[0.611s] Level 1:colcon.colcon_core.package_identification:_identify(src/prm_vision/pose_estimator) by extension 'ignore'
[0.611s] Level 1:colcon.colcon_core.package_identification:_identify(src/prm_vision/pose_estimator) by extension 'ignore_ament_install'
[0.611s] Level 1:colcon.colcon_core.package_identification:_identify(src/prm_vision/pose_estimator) by extensions ['colcon_pkg']
[0.611s] Level 1:colcon.colcon_core.package_identification:_identify(src/prm_vision/pose_estimator) by extension 'colcon_pkg'
[0.612s] Level 1:colcon.colcon_core.package_identification:_identify(src/prm_vision/pose_estimator) by extensions ['colcon_meta']
[0.612s] Level 1:colcon.colcon_core.package_identification:_identify(src/prm_vision/pose_estimator) by extension 'colcon_meta'
[0.612s] Level 1:colcon.colcon_core.package_identification:_identify(src/prm_vision/pose_estimator) by extensions ['ros']
[0.612s] Level 1:colcon.colcon_core.package_identification:_identify(src/prm_vision/pose_estimator) by extension 'ros'
[0.615s] DEBUG:colcon.colcon_core.package_identification:Package 'src/prm_vision/pose_estimator' with type 'ros.ament_cmake' and name 'pose_estimator'
[0.616s] Level 1:colcon.colcon_core.package_identification:_identify(src/prm_vision/vision_msgs) by extensions ['ignore', 'ignore_ament_install']
[0.616s] Level 1:colcon.colcon_core.package_identification:_identify(src/prm_vision/vision_msgs) by extension 'ignore'
[0.616s] Level 1:colcon.colcon_core.package_identification:_identify(src/prm_vision/vision_msgs) by extension 'ignore_ament_install'
[0.616s] Level 1:colcon.colcon_core.package_identification:_identify(src/prm_vision/vision_msgs) by extensions ['colcon_pkg']
[0.616s] Level 1:colcon.colcon_core.package_identification:_identify(src/prm_vision/vision_msgs) by extension 'colcon_pkg'
[0.616s] Level 1:colcon.colcon_core.package_identification:_identify(src/prm_vision/vision_msgs) by extensions ['colcon_meta']
[0.616s] Level 1:colcon.colcon_core.package_identification:_identify(src/prm_vision/vision_msgs) by extension 'colcon_meta'
[0.616s] Level 1:colcon.colcon_core.package_identification:_identify(src/prm_vision/vision_msgs) by extensions ['ros']
[0.616s] Level 1:colcon.colcon_core.package_identification:_identify(src/prm_vision/vision_msgs) by extension 'ros'
[0.617s] DEBUG:colcon.colcon_core.package_identification:Package 'src/prm_vision/vision_msgs' with type 'ros.ament_cmake' and name 'vision_msgs'
[0.617s] Level 1:colcon.colcon_core.package_discovery:discover_packages(recursive) using defaults
[0.617s] Level 1:colcon.colcon_core.package_discovery:discover_packages(ignore) discover
[0.618s] Level 1:colcon.colcon_core.package_discovery:discover_packages(ignore) using defaults
[0.618s] Level 1:colcon.colcon_core.package_discovery:discover_packages(path) discover
[0.618s] Level 1:colcon.colcon_core.package_discovery:discover_packages(path) using defaults
[0.644s] Level 1:colcon.colcon_core.package_discovery:discover_packages(prefix_path) check parameters
[0.644s] Level 1:colcon.colcon_core.package_discovery:discover_packages(prefix_path) discover
[0.648s] DEBUG:colcon.colcon_installed_package_information.package_discovery:Found 327 installed packages in /opt/ros/foxy
[0.651s] Level 1:colcon.colcon_core.package_discovery:discover_packages(prefix_path) using defaults
[0.781s] Level 5:colcon.colcon_core.verb:set package 'mv_publisher' build argument 'cmake_args' from command line to '['-DCMAKE_BUILD_TYPE=Release', '-DCMAKE_CXX_FLAGS_RELEASE=-O3', '-DPYTHON_EXECUTABLE=/usr/bin/python3.8']'
[0.781s] Level 5:colcon.colcon_core.verb:set package 'mv_publisher' build argument 'cmake_target' from command line to 'None'
[0.781s] Level 5:colcon.colcon_core.verb:set package 'mv_publisher' build argument 'cmake_target_skip_unavailable' from command line to 'False'
[0.782s] Level 5:colcon.colcon_core.verb:set package 'mv_publisher' build argument 'cmake_clean_cache' from command line to 'False'
[0.782s] Level 5:colcon.colcon_core.verb:set package 'mv_publisher' build argument 'cmake_clean_first' from command line to 'False'
[0.782s] Level 5:colcon.colcon_core.verb:set package 'mv_publisher' build argument 'cmake_force_configure' from command line to 'False'
[0.782s] Level 5:colcon.colcon_core.verb:set package 'mv_publisher' build argument 'ament_cmake_args' from command line to 'None'
[0.782s] Level 5:colcon.colcon_core.verb:set package 'mv_publisher' build argument 'catkin_cmake_args' from command line to 'None'
[0.782s] Level 5:colcon.colcon_core.verb:set package 'mv_publisher' build argument 'catkin_skip_building_tests' from command line to 'False'
[0.782s] DEBUG:colcon.colcon_core.verb:Building package 'mv_publisher' with the following arguments: {'ament_cmake_args': None, 'build_base': '/home/user-accounts/lee4649/auto-aiming/build/mv_publisher', 'catkin_cmake_args': None, 'catkin_skip_building_tests': False, 'cmake_args': ['-DCMAKE_BUILD_TYPE=Release', '-DCMAKE_CXX_FLAGS_RELEASE=-O3', '-DPYTHON_EXECUTABLE=/usr/bin/python3.8'], 'cmake_clean_cache': False, 'cmake_clean_first': False, 'cmake_force_configure': False, 'cmake_target': None, 'cmake_target_skip_unavailable': False, 'install_base': '/home/user-accounts/lee4649/auto-aiming/install/mv_publisher', 'merge_install': False, 'path': '/home/user-accounts/lee4649/auto-aiming/src/prm_camera/mv_publisher', 'symlink_install': True, 'test_result_base': None}
[0.783s] Level 5:colcon.colcon_core.verb:set package 'recorder' build argument 'cmake_args' from command line to '['-DCMAKE_BUILD_TYPE=Release', '-DCMAKE_CXX_FLAGS_RELEASE=-O3', '-DPYTHON_EXECUTABLE=/usr/bin/python3.8']'
[0.783s] Level 5:colcon.colcon_core.verb:set package 'recorder' build argument 'cmake_target' from command line to 'None'
[0.783s] Level 5:colcon.colcon_core.verb:set package 'recorder' build argument 'cmake_target_skip_unavailable' from command line to 'False'
[0.783s] Level 5:colcon.colcon_core.verb:set package 'recorder' build argument 'cmake_clean_cache' from command line to 'False'
[0.783s] Level 5:colcon.colcon_core.verb:set package 'recorder' build argument 'cmake_clean_first' from command line to 'False'
[0.783s] Level 5:colcon.colcon_core.verb:set package 'recorder' build argument 'cmake_force_configure' from command line to 'False'
[0.783s] Level 5:colcon.colcon_core.verb:set package 'recorder' build argument 'ament_cmake_args' from command line to 'None'
[0.783s] Level 5:colcon.colcon_core.verb:set package 'recorder' build argument 'catkin_cmake_args' from command line to 'None'
[0.783s] Level 5:colcon.colcon_core.verb:set package 'recorder' build argument 'catkin_skip_building_tests' from command line to 'False'
[0.783s] DEBUG:colcon.colcon_core.verb:Building package 'recorder' with the following arguments: {'ament_cmake_args': None, 'build_base': '/home/user-accounts/lee4649/auto-aiming/build/recorder', 'catkin_cmake_args': None, 'catkin_skip_building_tests': False, 'cmake_args': ['-DCMAKE_BUILD_TYPE=Release', '-DCMAKE_CXX_FLAGS_RELEASE=-O3', '-DPYTHON_EXECUTABLE=/usr/bin/python3.8'], 'cmake_clean_cache': False, 'cmake_clean_first': False, 'cmake_force_configure': False, 'cmake_target': None, 'cmake_target_skip_unavailable': False, 'install_base': '/home/user-accounts/lee4649/auto-aiming/install/recorder', 'merge_install': False, 'path': '/home/user-accounts/lee4649/auto-aiming/src/prm_camera/recorder_cv', 'symlink_install': True, 'test_result_base': None}
[0.784s] Level 5:colcon.colcon_core.verb:set package 'vision_msgs' build argument 'cmake_args' from command line to '['-DCMAKE_BUILD_TYPE=Release', '-DCMAKE_CXX_FLAGS_RELEASE=-O3', '-DPYTHON_EXECUTABLE=/usr/bin/python3.8']'
[0.784s] Level 5:colcon.colcon_core.verb:set package 'vision_msgs' build argument 'cmake_target' from command line to 'None'
[0.784s] Level 5:colcon.colcon_core.verb:set package 'vision_msgs' build argument 'cmake_target_skip_unavailable' from command line to 'False'
[0.784s] Level 5:colcon.colcon_core.verb:set package 'vision_msgs' build argument 'cmake_clean_cache' from command line to 'False'
[0.784s] Level 5:colcon.colcon_core.verb:set package 'vision_msgs' build argument 'cmake_clean_first' from command line to 'False'
[0.784s] Level 5:colcon.colcon_core.verb:set package 'vision_msgs' build argument 'cmake_force_configure' from command line to 'False'
[0.784s] Level 5:colcon.colcon_core.verb:set package 'vision_msgs' build argument 'ament_cmake_args' from command line to 'None'
[0.784s] Level 5:colcon.colcon_core.verb:set package 'vision_msgs' build argument 'catkin_cmake_args' from command line to 'None'
[0.784s] Level 5:colcon.colcon_core.verb:set package 'vision_msgs' build argument 'catkin_skip_building_tests' from command line to 'False'
[0.784s] DEBUG:colcon.colcon_core.verb:Building package 'vision_msgs' with the following arguments: {'ament_cmake_args': None, 'build_base': '/home/user-accounts/lee4649/auto-aiming/build/vision_msgs', 'catkin_cmake_args': None, 'catkin_skip_building_tests': False, 'cmake_args': ['-DCMAKE_BUILD_TYPE=Release', '-DCMAKE_CXX_FLAGS_RELEASE=-O3', '-DPYTHON_EXECUTABLE=/usr/bin/python3.8'], 'cmake_clean_cache': False, 'cmake_clean_first': False, 'cmake_force_configure': False, 'cmake_target': None, 'cmake_target_skip_unavailable': False, 'install_base': '/home/user-accounts/lee4649/auto-aiming/install/vision_msgs', 'merge_install': False, 'path': '/home/user-accounts/lee4649/auto-aiming/src/prm_vision/vision_msgs', 'symlink_install': True, 'test_result_base': None}
[0.785s] Level 5:colcon.colcon_core.verb:set package 'webcam_publisher' build argument 'cmake_args' from command line to '['-DCMAKE_BUILD_TYPE=Release', '-DCMAKE_CXX_FLAGS_RELEASE=-O3', '-DPYTHON_EXECUTABLE=/usr/bin/python3.8']'
[0.785s] Level 5:colcon.colcon_core.verb:set package 'webcam_publisher' build argument 'cmake_target' from command line to 'None'
[0.785s] Level 5:colcon.colcon_core.verb:set package 'webcam_publisher' build argument 'cmake_target_skip_unavailable' from command line to 'False'
[0.785s] Level 5:colcon.colcon_core.verb:set package 'webcam_publisher' build argument 'cmake_clean_cache' from command line to 'False'
[0.785s] Level 5:colcon.colcon_core.verb:set package 'webcam_publisher' build argument 'cmake_clean_first' from command line to 'False'
[0.785s] Level 5:colcon.colcon_core.verb:set package 'webcam_publisher' build argument 'cmake_force_configure' from command line to 'False'
[0.785s] Level 5:colcon.colcon_core.verb:set package 'webcam_publisher' build argument 'ament_cmake_args' from command line to 'None'
[0.785s] Level 5:colcon.colcon_core.verb:set package 'webcam_publisher' build argument 'catkin_cmake_args' from command line to 'None'
[0.785s] Level 5:colcon.colcon_core.verb:set package 'webcam_publisher' build argument 'catkin_skip_building_tests' from command line to 'False'
[0.785s] DEBUG:colcon.colcon_core.verb:Building package 'webcam_publisher' with the following arguments: {'ament_cmake_args': None, 'build_base': '/home/user-accounts/lee4649/auto-aiming/build/webcam_publisher', 'catkin_cmake_args': None, 'catkin_skip_building_tests': False, 'cmake_args': ['-DCMAKE_BUILD_TYPE=Release', '-DCMAKE_CXX_FLAGS_RELEASE=-O3', '-DPYTHON_EXECUTABLE=/usr/bin/python3.8'], 'cmake_clean_cache': False, 'cmake_clean_first': False, 'cmake_force_configure': False, 'cmake_target': None, 'cmake_target_skip_unavailable': False, 'install_base': '/home/user-accounts/lee4649/auto-aiming/install/webcam_publisher', 'merge_install': False, 'path': '/home/user-accounts/lee4649/auto-aiming/src/prm_camera/webcam_publisher', 'symlink_install': True, 'test_result_base': None}
[0.786s] Level 5:colcon.colcon_core.verb:set package 'opencv_armor_detector' build argument 'cmake_args' from command line to '['-DCMAKE_BUILD_TYPE=Release', '-DCMAKE_CXX_FLAGS_RELEASE=-O3', '-DPYTHON_EXECUTABLE=/usr/bin/python3.8']'
[0.786s] Level 5:colcon.colcon_core.verb:set package 'opencv_armor_detector' build argument 'cmake_target' from command line to 'None'
[0.786s] Level 5:colcon.colcon_core.verb:set package 'opencv_armor_detector' build argument 'cmake_target_skip_unavailable' from command line to 'False'
[0.786s] Level 5:colcon.colcon_core.verb:set package 'opencv_armor_detector' build argument 'cmake_clean_cache' from command line to 'False'
[0.786s] Level 5:colcon.colcon_core.verb:set package 'opencv_armor_detector' build argument 'cmake_clean_first' from command line to 'False'
[0.786s] Level 5:colcon.colcon_core.verb:set package 'opencv_armor_detector' build argument 'cmake_force_configure' from command line to 'False'
[0.786s] Level 5:colcon.colcon_core.verb:set package 'opencv_armor_detector' build argument 'ament_cmake_args' from command line to 'None'
[0.786s] Level 5:colcon.colcon_core.verb:set package 'opencv_armor_detector' build argument 'catkin_cmake_args' from command line to 'None'
[0.786s] Level 5:colcon.colcon_core.verb:set package 'opencv_armor_detector' build argument 'catkin_skip_building_tests' from command line to 'False'
[0.787s] DEBUG:colcon.colcon_core.verb:Building package 'opencv_armor_detector' with the following arguments: {'ament_cmake_args': None, 'build_base': '/home/user-accounts/lee4649/auto-aiming/build/opencv_armor_detector', 'catkin_cmake_args': None, 'catkin_skip_building_tests': False, 'cmake_args': ['-DCMAKE_BUILD_TYPE=Release', '-DCMAKE_CXX_FLAGS_RELEASE=-O3', '-DPYTHON_EXECUTABLE=/usr/bin/python3.8'], 'cmake_clean_cache': False, 'cmake_clean_first': False, 'cmake_force_configure': False, 'cmake_target': None, 'cmake_target_skip_unavailable': False, 'install_base': '/home/user-accounts/lee4649/auto-aiming/install/opencv_armor_detector', 'merge_install': False, 'path': '/home/user-accounts/lee4649/auto-aiming/src/prm_vision/opencv_armor_detector', 'symlink_install': True, 'test_result_base': None}
[0.787s] Level 5:colcon.colcon_core.verb:set package 'pose_estimator' build argument 'cmake_args' from command line to '['-DCMAKE_BUILD_TYPE=Release', '-DCMAKE_CXX_FLAGS_RELEASE=-O3', '-DPYTHON_EXECUTABLE=/usr/bin/python3.8']'
[0.787s] Level 5:colcon.colcon_core.verb:set package 'pose_estimator' build argument 'cmake_target' from command line to 'None'
[0.787s] Level 5:colcon.colcon_core.verb:set package 'pose_estimator' build argument 'cmake_target_skip_unavailable' from command line to 'False'
[0.787s] Level 5:colcon.colcon_core.verb:set package 'pose_estimator' build argument 'cmake_clean_cache' from command line to 'False'
[0.787s] Level 5:colcon.colcon_core.verb:set package 'pose_estimator' build argument 'cmake_clean_first' from command line to 'False'
[0.787s] Level 5:colcon.colcon_core.verb:set package 'pose_estimator' build argument 'cmake_force_configure' from command line to 'False'
[0.787s] Level 5:colcon.colcon_core.verb:set package 'pose_estimator' build argument 'ament_cmake_args' from command line to 'None'
[0.787s] Level 5:colcon.colcon_core.verb:set package 'pose_estimator' build argument 'catkin_cmake_args' from command line to 'None'
[0.787s] Level 5:colcon.colcon_core.verb:set package 'pose_estimator' build argument 'catkin_skip_building_tests' from command line to 'False'
[0.788s] DEBUG:colcon.colcon_core.verb:Building package 'pose_estimator' with the following arguments: {'ament_cmake_args': None, 'build_base': '/home/user-accounts/lee4649/auto-aiming/build/pose_estimator', 'catkin_cmake_args': None, 'catkin_skip_building_tests': False, 'cmake_args': ['-DCMAKE_BUILD_TYPE=Release', '-DCMAKE_CXX_FLAGS_RELEASE=-O3', '-DPYTHON_EXECUTABLE=/usr/bin/python3.8'], 'cmake_clean_cache': False, 'cmake_clean_first': False, 'cmake_force_configure': False, 'cmake_target': None, 'cmake_target_skip_unavailable': False, 'install_base': '/home/user-accounts/lee4649/auto-aiming/install/pose_estimator', 'merge_install': False, 'path': '/home/user-accounts/lee4649/auto-aiming/src/prm_vision/pose_estimator', 'symlink_install': True, 'test_result_base': None}
[0.788s] Level 5:colcon.colcon_core.verb:set package 'prm_launch' build argument 'cmake_args' from command line to '['-DCMAKE_BUILD_TYPE=Release', '-DCMAKE_CXX_FLAGS_RELEASE=-O3', '-DPYTHON_EXECUTABLE=/usr/bin/python3.8']'
[0.788s] Level 5:colcon.colcon_core.verb:set package 'prm_launch' build argument 'cmake_target' from command line to 'None'
[0.788s] Level 5:colcon.colcon_core.verb:set package 'prm_launch' build argument 'cmake_target_skip_unavailable' from command line to 'False'
[0.788s] Level 5:colcon.colcon_core.verb:set package 'prm_launch' build argument 'cmake_clean_cache' from command line to 'False'
[0.788s] Level 5:colcon.colcon_core.verb:set package 'prm_launch' build argument 'cmake_clean_first' from command line to 'False'
[0.788s] Level 5:colcon.colcon_core.verb:set package 'prm_launch' build argument 'cmake_force_configure' from command line to 'False'
[0.788s] Level 5:colcon.colcon_core.verb:set package 'prm_launch' build argument 'ament_cmake_args' from command line to 'None'
[0.788s] Level 5:colcon.colcon_core.verb:set package 'prm_launch' build argument 'catkin_cmake_args' from command line to 'None'
[0.788s] Level 5:colcon.colcon_core.verb:set package 'prm_launch' build argument 'catkin_skip_building_tests' from command line to 'False'
[0.788s] DEBUG:colcon.colcon_core.verb:Building package 'prm_launch' with the following arguments: {'ament_cmake_args': None, 'build_base': '/home/user-accounts/lee4649/auto-aiming/build/prm_launch', 'catkin_cmake_args': None, 'catkin_skip_building_tests': False, 'cmake_args': ['-DCMAKE_BUILD_TYPE=Release', '-DCMAKE_CXX_FLAGS_RELEASE=-O3', '-DPYTHON_EXECUTABLE=/usr/bin/python3.8'], 'cmake_clean_cache': False, 'cmake_clean_first': False, 'cmake_force_configure': False, 'cmake_target': None, 'cmake_target_skip_unavailable': False, 'install_base': '/home/user-accounts/lee4649/auto-aiming/install/prm_launch', 'merge_install': False, 'path': '/home/user-accounts/lee4649/auto-aiming/src/prm_launch', 'symlink_install': True, 'test_result_base': None}
[0.789s] INFO:colcon.colcon_core.executor:Executing jobs using 'parallel' executor
[0.791s] DEBUG:colcon.colcon_parallel_executor.executor.parallel:run_until_complete
[0.791s] INFO:colcon.colcon_ros.task.ament_cmake.build:Building ROS package in '/home/user-accounts/lee4649/auto-aiming/src/prm_vision/vision_msgs' with build type 'ament_cmake'
[0.791s] INFO:colcon.colcon_cmake.task.cmake.build:Building CMake package in '/home/user-accounts/lee4649/auto-aiming/src/prm_vision/vision_msgs'
[0.795s] INFO:colcon.colcon_core.plugin_system:Skipping extension 'colcon_core.shell.bat': Not used on non-Windows systems
[0.795s] INFO:colcon.colcon_core.shell:Skip shell extension 'powershell' for command environment: Not usable outside of PowerShell
[0.795s] DEBUG:colcon.colcon_core.shell:Skip shell extension 'dsv' for command environment
[0.804s] INFO:colcon.colcon_ros.task.ament_cmake.build:Building ROS package in '/home/user-accounts/lee4649/auto-aiming/src/prm_camera/mv_publisher' with build type 'ament_cmake'
[0.805s] INFO:colcon.colcon_cmake.task.cmake.build:Building CMake package in '/home/user-accounts/lee4649/auto-aiming/src/prm_camera/mv_publisher'
[0.805s] INFO:colcon.colcon_core.shell:Skip shell extension 'powershell' for command environment: Not usable outside of PowerShell
[0.806s] DEBUG:colcon.colcon_core.shell:Skip shell extension 'dsv' for command environment
[0.813s] INFO:colcon.colcon_ros.task.ament_cmake.build:Building ROS package in '/home/user-accounts/lee4649/auto-aiming/src/prm_camera/recorder_cv' with build type 'ament_cmake'
[0.814s] INFO:colcon.colcon_cmake.task.cmake.build:Building CMake package in '/home/user-accounts/lee4649/auto-aiming/src/prm_camera/recorder_cv'
[0.815s] INFO:colcon.colcon_core.shell:Skip shell extension 'powershell' for command environment: Not usable outside of PowerShell
[0.815s] DEBUG:colcon.colcon_core.shell:Skip shell extension 'dsv' for command environment
[0.822s] INFO:colcon.colcon_ros.task.ament_cmake.build:Building ROS package in '/home/user-accounts/lee4649/auto-aiming/src/prm_camera/webcam_publisher' with build type 'ament_cmake'
[0.823s] INFO:colcon.colcon_cmake.task.cmake.build:Building CMake package in '/home/user-accounts/lee4649/auto-aiming/src/prm_camera/webcam_publisher'
[0.823s] INFO:colcon.colcon_core.shell:Skip shell extension 'powershell' for command environment: Not usable outside of PowerShell
[0.824s] DEBUG:colcon.colcon_core.shell:Skip shell extension 'dsv' for command environment
[0.844s] DEBUG:colcon.colcon_core.event_handler.log_command:Invoking command in '/home/user-accounts/lee4649/auto-aiming/build/vision_msgs': CMAKE_PREFIX_PATH=/opt/ros/foxy /usr/bin/cmake --build /home/user-accounts/lee4649/auto-aiming/build/vision_msgs -- -j8 -l8
[0.853s] DEBUG:colcon.colcon_core.event_handler.log_command:Invoking command in '/home/user-accounts/lee4649/auto-aiming/build/mv_publisher': CMAKE_PREFIX_PATH=/opt/ros/foxy /usr/bin/cmake --build /home/user-accounts/lee4649/auto-aiming/build/mv_publisher -- -j8 -l8
[0.863s] DEBUG:colcon.colcon_core.event_handler.log_command:Invoking command in '/home/user-accounts/lee4649/auto-aiming/build/recorder': CMAKE_PREFIX_PATH=/opt/ros/foxy /usr/bin/cmake --build /home/user-accounts/lee4649/auto-aiming/build/recorder -- -j8 -l8
[0.873s] DEBUG:colcon.colcon_core.event_handler.log_command:Invoking command in '/home/user-accounts/lee4649/auto-aiming/build/webcam_publisher': CMAKE_PREFIX_PATH=/opt/ros/foxy /usr/bin/cmake --build /home/user-accounts/lee4649/auto-aiming/build/webcam_publisher -- -j8 -l8
[0.989s] DEBUG:colcon.colcon_core.event_handler.log_command:Invoked command in '/home/user-accounts/lee4649/auto-aiming/build/mv_publisher' returned '0': CMAKE_PREFIX_PATH=/opt/ros/foxy /usr/bin/cmake --build /home/user-accounts/lee4649/auto-aiming/build/mv_publisher -- -j8 -l8
[1.017s] DEBUG:colcon.colcon_core.event_handler.log_command:Invoked command in '/home/user-accounts/lee4649/auto-aiming/build/recorder' returned '0': CMAKE_PREFIX_PATH=/opt/ros/foxy /usr/bin/cmake --build /home/user-accounts/lee4649/auto-aiming/build/recorder -- -j8 -l8
[1.035s] DEBUG:colcon.colcon_core.event_handler.log_command:Invoked command in '/home/user-accounts/lee4649/auto-aiming/build/webcam_publisher' returned '0': CMAKE_PREFIX_PATH=/opt/ros/foxy /usr/bin/cmake --build /home/user-accounts/lee4649/auto-aiming/build/webcam_publisher -- -j8 -l8
[1.090s] DEBUG:colcon.colcon_core.event_handler.log_command:Invoking command in '/home/user-accounts/lee4649/auto-aiming/build/mv_publisher': CMAKE_PREFIX_PATH=/opt/ros/foxy /usr/bin/cmake --install /home/user-accounts/lee4649/auto-aiming/build/mv_publisher
[1.096s] DEBUG:colcon.colcon_core.event_handler.log_command:Invoking command in '/home/user-accounts/lee4649/auto-aiming/build/webcam_publisher': CMAKE_PREFIX_PATH=/opt/ros/foxy /usr/bin/cmake --install /home/user-accounts/lee4649/auto-aiming/build/webcam_publisher
[1.110s] DEBUG:colcon.colcon_core.event_handler.log_command:Invoking command in '/home/user-accounts/lee4649/auto-aiming/build/recorder': CMAKE_PREFIX_PATH=/opt/ros/foxy /usr/bin/cmake --install /home/user-accounts/lee4649/auto-aiming/build/recorder
[1.137s] Level 1:colcon.colcon_core.environment:create_environment_scripts_only(mv_publisher)
[1.139s] DEBUG:colcon.colcon_core.event_handler.log_command:Invoked command in '/home/user-accounts/lee4649/auto-aiming/build/mv_publisher' returned '0': CMAKE_PREFIX_PATH=/opt/ros/foxy /usr/bin/cmake --install /home/user-accounts/lee4649/auto-aiming/build/mv_publisher
[1.144s] Level 1:colcon.colcon_core.environment:checking '/home/user-accounts/lee4649/auto-aiming/install/mv_publisher' for CMake module files
[1.145s] Level 1:colcon.colcon_core.environment:checking '/home/user-accounts/lee4649/auto-aiming/install/mv_publisher' for CMake config files
[1.146s] Level 1:colcon.colcon_core.shell:create_environment_hook('mv_publisher', 'cmake_prefix_path')
[1.147s] INFO:colcon.colcon_core.shell:Creating environment hook '/home/user-accounts/lee4649/auto-aiming/install/mv_publisher/share/mv_publisher/hook/cmake_prefix_path.ps1'
[1.148s] INFO:colcon.colcon_core.shell:Creating environment descriptor '/home/user-accounts/lee4649/auto-aiming/install/mv_publisher/share/mv_publisher/hook/cmake_prefix_path.dsv'
[1.150s] INFO:colcon.colcon_core.shell:Creating environment hook '/home/user-accounts/lee4649/auto-aiming/install/mv_publisher/share/mv_publisher/hook/cmake_prefix_path.sh'
[1.152s] Level 1:colcon.colcon_core.environment:checking '/home/user-accounts/lee4649/auto-aiming/install/mv_publisher/lib'
[1.152s] Level 1:colcon.colcon_core.environment:checking '/home/user-accounts/lee4649/auto-aiming/install/mv_publisher/bin'
[1.152s] Level 1:colcon.colcon_core.environment:checking '/home/user-accounts/lee4649/auto-aiming/install/mv_publisher/lib/pkgconfig/mv_publisher.pc'
[1.153s] Level 1:colcon.colcon_core.environment:checking '/home/user-accounts/lee4649/auto-aiming/install/mv_publisher/lib/python3.8/site-packages'
[1.153s] Level 1:colcon.colcon_core.environment:checking '/home/user-accounts/lee4649/auto-aiming/install/mv_publisher/bin'
[1.154s] INFO:colcon.colcon_core.shell:Creating package script '/home/user-accounts/lee4649/auto-aiming/install/mv_publisher/share/mv_publisher/package.ps1'
[1.155s] INFO:colcon.colcon_core.shell:Creating package descriptor '/home/user-accounts/lee4649/auto-aiming/install/mv_publisher/share/mv_publisher/package.dsv'
[1.156s] INFO:colcon.colcon_core.shell:Creating package script '/home/user-accounts/lee4649/auto-aiming/install/mv_publisher/share/mv_publisher/package.sh'
[1.157s] INFO:colcon.colcon_core.shell:Creating package script '/home/user-accounts/lee4649/auto-aiming/install/mv_publisher/share/mv_publisher/package.bash'
[1.158s] INFO:colcon.colcon_core.shell:Creating package script '/home/user-accounts/lee4649/auto-aiming/install/mv_publisher/share/mv_publisher/package.zsh'
[1.159s] Level 1:colcon.colcon_core.environment:create_file_with_runtime_dependencies(/home/user-accounts/lee4649/auto-aiming/install/mv_publisher/share/colcon-core/packages/mv_publisher)
[1.167s] Level 1:colcon.colcon_core.environment:create_environment_scripts_only(webcam_publisher)
[1.168s] DEBUG:colcon.colcon_core.event_handler.log_command:Invoked command in '/home/user-accounts/lee4649/auto-aiming/build/webcam_publisher' returned '0': CMAKE_PREFIX_PATH=/opt/ros/foxy /usr/bin/cmake --install /home/user-accounts/lee4649/auto-aiming/build/webcam_publisher
[1.169s] Level 1:colcon.colcon_core.environment:checking '/home/user-accounts/lee4649/auto-aiming/install/webcam_publisher' for CMake module files
[1.170s] Level 1:colcon.colcon_core.environment:checking '/home/user-accounts/lee4649/auto-aiming/install/webcam_publisher' for CMake config files
[1.171s] Level 1:colcon.colcon_core.shell:create_environment_hook('webcam_publisher', 'cmake_prefix_path')
[1.171s] INFO:colcon.colcon_core.shell:Creating environment hook '/home/user-accounts/lee4649/auto-aiming/install/webcam_publisher/share/webcam_publisher/hook/cmake_prefix_path.ps1'
[1.172s] INFO:colcon.colcon_core.shell:Creating environment descriptor '/home/user-accounts/lee4649/auto-aiming/install/webcam_publisher/share/webcam_publisher/hook/cmake_prefix_path.dsv'
[1.173s] INFO:colcon.colcon_core.shell:Creating environment hook '/home/user-accounts/lee4649/auto-aiming/install/webcam_publisher/share/webcam_publisher/hook/cmake_prefix_path.sh'
[1.174s] Level 1:colcon.colcon_core.environment:checking '/home/user-accounts/lee4649/auto-aiming/install/webcam_publisher/lib'
[1.174s] Level 1:colcon.colcon_core.environment:checking '/home/user-accounts/lee4649/auto-aiming/install/webcam_publisher/bin'
[1.174s] Level 1:colcon.colcon_core.environment:checking '/home/user-accounts/lee4649/auto-aiming/install/webcam_publisher/lib/pkgconfig/webcam_publisher.pc'
[1.174s] Level 1:colcon.colcon_core.environment:checking '/home/user-accounts/lee4649/auto-aiming/install/webcam_publisher/lib/python3.8/site-packages'
[1.175s] Level 1:colcon.colcon_core.environment:checking '/home/user-accounts/lee4649/auto-aiming/install/webcam_publisher/bin'
[1.175s] INFO:colcon.colcon_core.shell:Creating package script '/home/user-accounts/lee4649/auto-aiming/install/webcam_publisher/share/webcam_publisher/package.ps1'
[1.176s] INFO:colcon.colcon_core.shell:Creating package descriptor '/home/user-accounts/lee4649/auto-aiming/install/webcam_publisher/share/webcam_publisher/package.dsv'
[1.177s] INFO:colcon.colcon_core.shell:Creating package script '/home/user-accounts/lee4649/auto-aiming/install/webcam_publisher/share/webcam_publisher/package.sh'
[1.178s] INFO:colcon.colcon_core.shell:Creating package script '/home/user-accounts/lee4649/auto-aiming/install/webcam_publisher/share/webcam_publisher/package.bash'
[1.178s] INFO:colcon.colcon_core.shell:Creating package script '/home/user-accounts/lee4649/auto-aiming/install/webcam_publisher/share/webcam_publisher/package.zsh'
[1.179s] Level 1:colcon.colcon_core.environment:create_file_with_runtime_dependencies(/home/user-accounts/lee4649/auto-aiming/install/webcam_publisher/share/colcon-core/packages/webcam_publisher)
[1.186s] Level 1:colcon.colcon_core.environment:create_environment_scripts_only(recorder)
[1.188s] Level 1:colcon.colcon_core.environment:checking '/home/user-accounts/lee4649/auto-aiming/install/recorder' for CMake module files
[1.188s] DEBUG:colcon.colcon_core.event_handler.log_command:Invoked command in '/home/user-accounts/lee4649/auto-aiming/build/recorder' returned '0': CMAKE_PREFIX_PATH=/opt/ros/foxy /usr/bin/cmake --install /home/user-accounts/lee4649/auto-aiming/build/recorder
[1.190s] Level 1:colcon.colcon_core.environment:checking '/home/user-accounts/lee4649/auto-aiming/install/recorder' for CMake config files
[1.190s] Level 1:colcon.colcon_core.shell:create_environment_hook('recorder', 'cmake_prefix_path')
[1.191s] INFO:colcon.colcon_core.shell:Creating environment hook '/home/user-accounts/lee4649/auto-aiming/install/recorder/share/recorder/hook/cmake_prefix_path.ps1'
[1.192s] INFO:colcon.colcon_core.shell:Creating environment descriptor '/home/user-accounts/lee4649/auto-aiming/install/recorder/share/recorder/hook/cmake_prefix_path.dsv'
[1.193s] INFO:colcon.colcon_core.shell:Creating environment hook '/home/user-accounts/lee4649/auto-aiming/install/recorder/share/recorder/hook/cmake_prefix_path.sh'
[1.194s] Level 1:colcon.colcon_core.environment:checking '/home/user-accounts/lee4649/auto-aiming/install/recorder/lib'
[1.194s] Level 1:colcon.colcon_core.environment:checking '/home/user-accounts/lee4649/auto-aiming/install/recorder/bin'
[1.194s] Level 1:colcon.colcon_core.environment:checking '/home/user-accounts/lee4649/auto-aiming/install/recorder/lib/pkgconfig/recorder.pc'
[1.195s] Level 1:colcon.colcon_core.environment:checking '/home/user-accounts/lee4649/auto-aiming/install/recorder/lib/python3.8/site-packages'
[1.195s] Level 1:colcon.colcon_core.environment:checking '/home/user-accounts/lee4649/auto-aiming/install/recorder/bin'
[1.195s] INFO:colcon.colcon_core.shell:Creating package script '/home/user-accounts/lee4649/auto-aiming/install/recorder/share/recorder/package.ps1'
[1.196s] INFO:colcon.colcon_core.shell:Creating package descriptor '/home/user-accounts/lee4649/auto-aiming/install/recorder/share/recorder/package.dsv'
[1.197s] INFO:colcon.colcon_core.shell:Creating package script '/home/user-accounts/lee4649/auto-aiming/install/recorder/share/recorder/package.sh'
[1.198s] INFO:colcon.colcon_core.shell:Creating package script '/home/user-accounts/lee4649/auto-aiming/install/recorder/share/recorder/package.bash'
[1.199s] INFO:colcon.colcon_core.shell:Creating package script '/home/user-accounts/lee4649/auto-aiming/install/recorder/share/recorder/package.zsh'
[1.200s] Level 1:colcon.colcon_core.environment:create_file_with_runtime_dependencies(/home/user-accounts/lee4649/auto-aiming/install/recorder/share/colcon-core/packages/recorder)
[1.212s] Level 1:colcon.colcon_core.environment:create_environment_scripts_only(mv_publisher)
[1.213s] Level 1:colcon.colcon_core.environment:checking '/home/user-accounts/lee4649/auto-aiming/install/mv_publisher' for CMake module files
[1.214s] Level 1:colcon.colcon_core.environment:checking '/home/user-accounts/lee4649/auto-aiming/install/mv_publisher' for CMake config files
[1.215s] Level 1:colcon.colcon_core.shell:create_environment_hook('mv_publisher', 'cmake_prefix_path')
[1.215s] INFO:colcon.colcon_core.shell:Creating environment hook '/home/user-accounts/lee4649/auto-aiming/install/mv_publisher/share/mv_publisher/hook/cmake_prefix_path.ps1'
[1.217s] INFO:colcon.colcon_core.shell:Creating environment descriptor '/home/user-accounts/lee4649/auto-aiming/install/mv_publisher/share/mv_publisher/hook/cmake_prefix_path.dsv'
[1.217s] INFO:colcon.colcon_core.shell:Creating environment hook '/home/user-accounts/lee4649/auto-aiming/install/mv_publisher/share/mv_publisher/hook/cmake_prefix_path.sh'
[1.219s] Level 1:colcon.colcon_core.environment:checking '/home/user-accounts/lee4649/auto-aiming/install/mv_publisher/lib'
[1.219s] Level 1:colcon.colcon_core.environment:checking '/home/user-accounts/lee4649/auto-aiming/install/mv_publisher/bin'
[1.220s] Level 1:colcon.colcon_core.environment:checking '/home/user-accounts/lee4649/auto-aiming/install/mv_publisher/lib/pkgconfig/mv_publisher.pc'
[1.220s] Level 1:colcon.colcon_core.environment:checking '/home/user-accounts/lee4649/auto-aiming/install/mv_publisher/lib/python3.8/site-packages'
[1.220s] Level 1:colcon.colcon_core.environment:checking '/home/user-accounts/lee4649/auto-aiming/install/mv_publisher/bin'
[1.221s] INFO:colcon.colcon_core.shell:Creating package script '/home/user-accounts/lee4649/auto-aiming/install/mv_publisher/share/mv_publisher/package.ps1'
[1.222s] INFO:colcon.colcon_core.shell:Creating package descriptor '/home/user-accounts/lee4649/auto-aiming/install/mv_publisher/share/mv_publisher/package.dsv'
[1.223s] INFO:colcon.colcon_core.shell:Creating package script '/home/user-accounts/lee4649/auto-aiming/install/mv_publisher/share/mv_publisher/package.sh'
[1.224s] INFO:colcon.colcon_core.shell:Creating package script '/home/user-accounts/lee4649/auto-aiming/install/mv_publisher/share/mv_publisher/package.bash'
[1.224s] INFO:colcon.colcon_core.shell:Creating package script '/home/user-accounts/lee4649/auto-aiming/install/mv_publisher/share/mv_publisher/package.zsh'
[1.225s] Level 1:colcon.colcon_core.environment:create_file_with_runtime_dependencies(/home/user-accounts/lee4649/auto-aiming/install/mv_publisher/share/colcon-core/packages/mv_publisher)
[1.229s] Level 1:colcon.colcon_core.environment:create_environment_scripts_only(webcam_publisher)
[1.230s] Level 1:colcon.colcon_core.environment:checking '/home/user-accounts/lee4649/auto-aiming/install/webcam_publisher' for CMake module files
[1.231s] Level 1:colcon.colcon_core.environment:checking '/home/user-accounts/lee4649/auto-aiming/install/webcam_publisher' for CMake config files
[1.232s] Level 1:colcon.colcon_core.shell:create_environment_hook('webcam_publisher', 'cmake_prefix_path')
[1.232s] INFO:colcon.colcon_core.shell:Creating environment hook '/home/user-accounts/lee4649/auto-aiming/install/webcam_publisher/share/webcam_publisher/hook/cmake_prefix_path.ps1'
[1.233s] INFO:colcon.colcon_core.shell:Creating environment descriptor '/home/user-accounts/lee4649/auto-aiming/install/webcam_publisher/share/webcam_publisher/hook/cmake_prefix_path.dsv'
[1.235s] INFO:colcon.colcon_core.shell:Creating environment hook '/home/user-accounts/lee4649/auto-aiming/install/webcam_publisher/share/webcam_publisher/hook/cmake_prefix_path.sh'
[1.237s] Level 1:colcon.colcon_core.environment:checking '/home/user-accounts/lee4649/auto-aiming/install/webcam_publisher/lib'
[1.237s] Level 1:colcon.colcon_core.environment:checking '/home/user-accounts/lee4649/auto-aiming/install/webcam_publisher/bin'
[1.237s] Level 1:colcon.colcon_core.environment:checking '/home/user-accounts/lee4649/auto-aiming/install/webcam_publisher/lib/pkgconfig/webcam_publisher.pc'
[1.237s] Level 1:colcon.colcon_core.environment:checking '/home/user-accounts/lee4649/auto-aiming/install/webcam_publisher/lib/python3.8/site-packages'
[1.238s] Level 1:colcon.colcon_core.environment:checking '/home/user-accounts/lee4649/auto-aiming/install/webcam_publisher/bin'
[1.238s] INFO:colcon.colcon_core.shell:Creating package script '/home/user-accounts/lee4649/auto-aiming/install/webcam_publisher/share/webcam_publisher/package.ps1'
[1.239s] INFO:colcon.colcon_core.shell:Creating package descriptor '/home/user-accounts/lee4649/auto-aiming/install/webcam_publisher/share/webcam_publisher/package.dsv'
[1.240s] INFO:colcon.colcon_core.shell:Creating package script '/home/user-accounts/lee4649/auto-aiming/install/webcam_publisher/share/webcam_publisher/package.sh'
[1.241s] INFO:colcon.colcon_core.shell:Creating package script '/home/user-accounts/lee4649/auto-aiming/install/webcam_publisher/share/webcam_publisher/package.bash'
[1.241s] INFO:colcon.colcon_core.shell:Creating package script '/home/user-accounts/lee4649/auto-aiming/install/webcam_publisher/share/webcam_publisher/package.zsh'
[1.242s] Level 1:colcon.colcon_core.environment:create_file_with_runtime_dependencies(/home/user-accounts/lee4649/auto-aiming/install/webcam_publisher/share/colcon-core/packages/webcam_publisher)
[1.244s] Level 1:colcon.colcon_core.environment:create_environment_scripts_only(recorder)
[1.245s] Level 1:colcon.colcon_core.environment:checking '/home/user-accounts/lee4649/auto-aiming/install/recorder' for CMake module files
[1.246s] Level 1:colcon.colcon_core.environment:checking '/home/user-accounts/lee4649/auto-aiming/install/recorder' for CMake config files
[1.246s] Level 1:colcon.colcon_core.shell:create_environment_hook('recorder', 'cmake_prefix_path')
[1.247s] INFO:colcon.colcon_core.shell:Creating environment hook '/home/user-accounts/lee4649/auto-aiming/install/recorder/share/recorder/hook/cmake_prefix_path.ps1'
[1.248s] INFO:colcon.colcon_core.shell:Creating environment descriptor '/home/user-accounts/lee4649/auto-aiming/install/recorder/share/recorder/hook/cmake_prefix_path.dsv'
[1.249s] INFO:colcon.colcon_core.shell:Creating environment hook '/home/user-accounts/lee4649/auto-aiming/install/recorder/share/recorder/hook/cmake_prefix_path.sh'
[1.250s] Level 1:colcon.colcon_core.environment:checking '/home/user-accounts/lee4649/auto-aiming/install/recorder/lib'
[1.250s] Level 1:colcon.colcon_core.environment:checking '/home/user-accounts/lee4649/auto-aiming/install/recorder/bin'
[1.250s] Level 1:colcon.colcon_core.environment:checking '/home/user-accounts/lee4649/auto-aiming/install/recorder/lib/pkgconfig/recorder.pc'
[1.250s] Level 1:colcon.colcon_core.environment:checking '/home/user-accounts/lee4649/auto-aiming/install/recorder/lib/python3.8/site-packages'
[1.250s] Level 1:colcon.colcon_core.environment:checking '/home/user-accounts/lee4649/auto-aiming/install/recorder/bin'
[1.251s] INFO:colcon.colcon_core.shell:Creating package script '/home/user-accounts/lee4649/auto-aiming/install/recorder/share/recorder/package.ps1'
[1.252s] INFO:colcon.colcon_core.shell:Creating package descriptor '/home/user-accounts/lee4649/auto-aiming/install/recorder/share/recorder/package.dsv'
[1.253s] INFO:colcon.colcon_core.shell:Creating package script '/home/user-accounts/lee4649/auto-aiming/install/recorder/share/recorder/package.sh'
[1.253s] INFO:colcon.colcon_core.shell:Creating package script '/home/user-accounts/lee4649/auto-aiming/install/recorder/share/recorder/package.bash'
[1.254s] INFO:colcon.colcon_core.shell:Creating package script '/home/user-accounts/lee4649/auto-aiming/install/recorder/share/recorder/package.zsh'
[1.254s] Level 1:colcon.colcon_core.environment:create_file_with_runtime_dependencies(/home/user-accounts/lee4649/auto-aiming/install/recorder/share/colcon-core/packages/recorder)
[1.265s] DEBUG:colcon.colcon_core.event_handler.log_command:Invoked command in '/home/user-accounts/lee4649/auto-aiming/build/vision_msgs' returned '0': CMAKE_PREFIX_PATH=/opt/ros/foxy /usr/bin/cmake --build /home/user-accounts/lee4649/auto-aiming/build/vision_msgs -- -j8 -l8
[1.387s] DEBUG:colcon.colcon_core.event_handler.log_command:Invoking command in '/home/user-accounts/lee4649/auto-aiming/build/vision_msgs': CMAKE_PREFIX_PATH=/opt/ros/foxy /usr/bin/cmake --install /home/user-accounts/lee4649/auto-aiming/build/vision_msgs
[1.517s] Level 1:colcon.colcon_core.environment:create_environment_scripts_only(vision_msgs)
[1.518s] Level 1:colcon.colcon_core.environment:checking '/home/user-accounts/lee4649/auto-aiming/install/vision_msgs' for CMake module files
[1.519s] DEBUG:colcon.colcon_core.event_handler.log_command:Invoked command in '/home/user-accounts/lee4649/auto-aiming/build/vision_msgs' returned '0': CMAKE_PREFIX_PATH=/opt/ros/foxy /usr/bin/cmake --install /home/user-accounts/lee4649/auto-aiming/build/vision_msgs
[1.520s] Level 1:colcon.colcon_core.environment:checking '/home/user-accounts/lee4649/auto-aiming/install/vision_msgs' for CMake config files
[1.521s] Level 1:colcon.colcon_core.shell:create_environment_hook('vision_msgs', 'cmake_prefix_path')
[1.522s] INFO:colcon.colcon_core.shell:Creating environment hook '/home/user-accounts/lee4649/auto-aiming/install/vision_msgs/share/vision_msgs/hook/cmake_prefix_path.ps1'
[1.523s] INFO:colcon.colcon_core.shell:Creating environment descriptor '/home/user-accounts/lee4649/auto-aiming/install/vision_msgs/share/vision_msgs/hook/cmake_prefix_path.dsv'
[1.524s] INFO:colcon.colcon_core.shell:Creating environment hook '/home/user-accounts/lee4649/auto-aiming/install/vision_msgs/share/vision_msgs/hook/cmake_prefix_path.sh'
[1.525s] Level 1:colcon.colcon_core.environment:checking '/home/user-accounts/lee4649/auto-aiming/install/vision_msgs/lib'
[1.525s] Level 1:colcon.colcon_core.shell:create_environment_hook('vision_msgs', 'ld_library_path_lib')
[1.525s] INFO:colcon.colcon_core.shell:Creating environment hook '/home/user-accounts/lee4649/auto-aiming/install/vision_msgs/share/vision_msgs/hook/ld_library_path_lib.ps1'
[1.526s] INFO:colcon.colcon_core.shell:Creating environment descriptor '/home/user-accounts/lee4649/auto-aiming/install/vision_msgs/share/vision_msgs/hook/ld_library_path_lib.dsv'
[1.526s] INFO:colcon.colcon_core.shell:Creating environment hook '/home/user-accounts/lee4649/auto-aiming/install/vision_msgs/share/vision_msgs/hook/ld_library_path_lib.sh'
[1.527s] Level 1:colcon.colcon_core.environment:checking '/home/user-accounts/lee4649/auto-aiming/install/vision_msgs/bin'
[1.527s] Level 1:colcon.colcon_core.environment:checking '/home/user-accounts/lee4649/auto-aiming/install/vision_msgs/lib/pkgconfig/vision_msgs.pc'
[1.527s] Level 1:colcon.colcon_core.environment:checking '/home/user-accounts/lee4649/auto-aiming/install/vision_msgs/lib/python3.8/site-packages'
[1.527s] Level 1:colcon.colcon_core.shell:create_environment_hook('vision_msgs', 'pythonpath')
[1.528s] INFO:colcon.colcon_core.shell:Creating environment hook '/home/user-accounts/lee4649/auto-aiming/install/vision_msgs/share/vision_msgs/hook/pythonpath.ps1'
[1.528s] INFO:colcon.colcon_core.shell:Creating environment descriptor '/home/user-accounts/lee4649/auto-aiming/install/vision_msgs/share/vision_msgs/hook/pythonpath.dsv'
[1.529s] INFO:colcon.colcon_core.shell:Creating environment hook '/home/user-accounts/lee4649/auto-aiming/install/vision_msgs/share/vision_msgs/hook/pythonpath.sh'
[1.530s] Level 1:colcon.colcon_core.environment:checking '/home/user-accounts/lee4649/auto-aiming/install/vision_msgs/bin'
[1.530s] INFO:colcon.colcon_core.shell:Creating package script '/home/user-accounts/lee4649/auto-aiming/install/vision_msgs/share/vision_msgs/package.ps1'
[1.532s] INFO:colcon.colcon_core.shell:Creating package descriptor '/home/user-accounts/lee4649/auto-aiming/install/vision_msgs/share/vision_msgs/package.dsv'
[1.533s] INFO:colcon.colcon_core.shell:Creating package script '/home/user-accounts/lee4649/auto-aiming/install/vision_msgs/share/vision_msgs/package.sh'
[1.534s] INFO:colcon.colcon_core.shell:Creating package script '/home/user-accounts/lee4649/auto-aiming/install/vision_msgs/share/vision_msgs/package.bash'
[1.535s] INFO:colcon.colcon_core.shell:Creating package script '/home/user-accounts/lee4649/auto-aiming/install/vision_msgs/share/vision_msgs/package.zsh'
[1.535s] Level 1:colcon.colcon_core.environment:create_file_with_runtime_dependencies(/home/user-accounts/lee4649/auto-aiming/install/vision_msgs/share/colcon-core/packages/vision_msgs)
[1.652s] Level 1:colcon.colcon_core.environment:create_environment_scripts_only(vision_msgs)
[1.652s] Level 1:colcon.colcon_core.environment:checking '/home/user-accounts/lee4649/auto-aiming/install/vision_msgs' for CMake module files
[1.654s] Level 1:colcon.colcon_core.environment:checking '/home/user-accounts/lee4649/auto-aiming/install/vision_msgs' for CMake config files
[1.655s] Level 1:colcon.colcon_core.shell:create_environment_hook('vision_msgs', 'cmake_prefix_path')
[1.656s] INFO:colcon.colcon_core.shell:Creating environment hook '/home/user-accounts/lee4649/auto-aiming/install/vision_msgs/share/vision_msgs/hook/cmake_prefix_path.ps1'
[1.657s] INFO:colcon.colcon_core.shell:Creating environment descriptor '/home/user-accounts/lee4649/auto-aiming/install/vision_msgs/share/vision_msgs/hook/cmake_prefix_path.dsv'
[1.657s] INFO:colcon.colcon_core.shell:Creating environment hook '/home/user-accounts/lee4649/auto-aiming/install/vision_msgs/share/vision_msgs/hook/cmake_prefix_path.sh'
[1.658s] Level 1:colcon.colcon_core.environment:checking '/home/user-accounts/lee4649/auto-aiming/install/vision_msgs/lib'
[1.658s] Level 1:colcon.colcon_core.shell:create_environment_hook('vision_msgs', 'ld_library_path_lib')
[1.658s] INFO:colcon.colcon_core.shell:Creating environment hook '/home/user-accounts/lee4649/auto-aiming/install/vision_msgs/share/vision_msgs/hook/ld_library_path_lib.ps1'
[1.659s] INFO:colcon.colcon_core.shell:Creating environment descriptor '/home/user-accounts/lee4649/auto-aiming/install/vision_msgs/share/vision_msgs/hook/ld_library_path_lib.dsv'
[1.660s] INFO:colcon.colcon_core.shell:Creating environment hook '/home/user-accounts/lee4649/auto-aiming/install/vision_msgs/share/vision_msgs/hook/ld_library_path_lib.sh'
[1.660s] Level 1:colcon.colcon_core.environment:checking '/home/user-accounts/lee4649/auto-aiming/install/vision_msgs/bin'
[1.660s] Level 1:colcon.colcon_core.environment:checking '/home/user-accounts/lee4649/auto-aiming/install/vision_msgs/lib/pkgconfig/vision_msgs.pc'
[1.661s] Level 1:colcon.colcon_core.environment:checking '/home/user-accounts/lee4649/auto-aiming/install/vision_msgs/lib/python3.8/site-packages'
[1.661s] Level 1:colcon.colcon_core.shell:create_environment_hook('vision_msgs', 'pythonpath')
[1.661s] INFO:colcon.colcon_core.shell:Creating environment hook '/home/user-accounts/lee4649/auto-aiming/install/vision_msgs/share/vision_msgs/hook/pythonpath.ps1'
[1.662s] INFO:colcon.colcon_core.shell:Creating environment descriptor '/home/user-accounts/lee4649/auto-aiming/install/vision_msgs/share/vision_msgs/hook/pythonpath.dsv'
[1.662s] INFO:colcon.colcon_core.shell:Creating environment hook '/home/user-accounts/lee4649/auto-aiming/install/vision_msgs/share/vision_msgs/hook/pythonpath.sh'
[1.663s] Level 1:colcon.colcon_core.environment:checking '/home/user-accounts/lee4649/auto-aiming/install/vision_msgs/bin'
[1.663s] INFO:colcon.colcon_core.shell:Creating package script '/home/user-accounts/lee4649/auto-aiming/install/vision_msgs/share/vision_msgs/package.ps1'
[1.664s] INFO:colcon.colcon_core.shell:Creating package descriptor '/home/user-accounts/lee4649/auto-aiming/install/vision_msgs/share/vision_msgs/package.dsv'
[1.665s] INFO:colcon.colcon_core.shell:Creating package script '/home/user-accounts/lee4649/auto-aiming/install/vision_msgs/share/vision_msgs/package.sh'
[1.666s] INFO:colcon.colcon_core.shell:Creating package script '/home/user-accounts/lee4649/auto-aiming/install/vision_msgs/share/vision_msgs/package.bash'
[1.667s] INFO:colcon.colcon_core.shell:Creating package script '/home/user-accounts/lee4649/auto-aiming/install/vision_msgs/share/vision_msgs/package.zsh'
[1.667s] Level 1:colcon.colcon_core.environment:create_file_with_runtime_dependencies(/home/user-accounts/lee4649/auto-aiming/install/vision_msgs/share/colcon-core/packages/vision_msgs)
[1.668s] INFO:colcon.colcon_ros.task.ament_cmake.build:Building ROS package in '/home/user-accounts/lee4649/auto-aiming/src/prm_vision/opencv_armor_detector' with build type 'ament_cmake'
[1.668s] INFO:colcon.colcon_cmake.task.cmake.build:Building CMake package in '/home/user-accounts/lee4649/auto-aiming/src/prm_vision/opencv_armor_detector'
[1.669s] INFO:colcon.colcon_core.shell:Skip shell extension 'powershell' for command environment: Not usable outside of PowerShell
[1.669s] DEBUG:colcon.colcon_core.shell:Skip shell extension 'dsv' for command environment
[1.681s] INFO:colcon.colcon_ros.task.ament_cmake.build:Building ROS package in '/home/user-accounts/lee4649/auto-aiming/src/prm_vision/pose_estimator' with build type 'ament_cmake'
[1.681s] INFO:colcon.colcon_cmake.task.cmake.build:Building CMake package in '/home/user-accounts/lee4649/auto-aiming/src/prm_vision/pose_estimator'
[1.682s] INFO:colcon.colcon_core.shell:Skip shell extension 'powershell' for command environment: Not usable outside of PowerShell
[1.682s] DEBUG:colcon.colcon_core.shell:Skip shell extension 'dsv' for command environment
[1.699s] DEBUG:colcon.colcon_core.event_handler.log_command:Invoking command in '/home/user-accounts/lee4649/auto-aiming/build/opencv_armor_detector': AMENT_PREFIX_PATH=/home/user-accounts/lee4649/auto-aiming/install/vision_msgs:${AMENT_PREFIX_PATH} CMAKE_PREFIX_PATH=/home/user-accounts/lee4649/auto-aiming/install/vision_msgs:/opt/ros/foxy LD_LIBRARY_PATH=/home/user-accounts/lee4649/auto-aiming/install/vision_msgs/lib:${LD_LIBRARY_PATH} PYTHONPATH=/home/user-accounts/lee4649/auto-aiming/install/vision_msgs/lib/python3.8/site-packages:${PYTHONPATH} /usr/bin/cmake --build /home/user-accounts/lee4649/auto-aiming/build/opencv_armor_detector -- -j8 -l8
[1.709s] DEBUG:colcon.colcon_core.event_handler.log_command:Invoking command in '/home/user-accounts/lee4649/auto-aiming/build/pose_estimator': AMENT_PREFIX_PATH=/home/user-accounts/lee4649/auto-aiming/install/vision_msgs:${AMENT_PREFIX_PATH} CMAKE_PREFIX_PATH=/home/user-accounts/lee4649/auto-aiming/install/vision_msgs:/opt/ros/foxy LD_LIBRARY_PATH=/home/user-accounts/lee4649/auto-aiming/install/vision_msgs/lib:${LD_LIBRARY_PATH} PYTHONPATH=/home/user-accounts/lee4649/auto-aiming/install/vision_msgs/lib/python3.8/site-packages:${PYTHONPATH} /usr/bin/cmake --build /home/user-accounts/lee4649/auto-aiming/build/pose_estimator -- -j8 -l8
[1.917s] DEBUG:colcon.colcon_core.event_handler.log_command:Invoked command in '/home/user-accounts/lee4649/auto-aiming/build/pose_estimator' returned '0': AMENT_PREFIX_PATH=/home/user-accounts/lee4649/auto-aiming/install/vision_msgs:${AMENT_PREFIX_PATH} CMAKE_PREFIX_PATH=/home/user-accounts/lee4649/auto-aiming/install/vision_msgs:/opt/ros/foxy LD_LIBRARY_PATH=/home/user-accounts/lee4649/auto-aiming/install/vision_msgs/lib:${LD_LIBRARY_PATH} PYTHONPATH=/home/user-accounts/lee4649/auto-aiming/install/vision_msgs/lib/python3.8/site-packages:${PYTHONPATH} /usr/bin/cmake --build /home/user-accounts/lee4649/auto-aiming/build/pose_estimator -- -j8 -l8
[1.973s] DEBUG:colcon.colcon_core.event_handler.log_command:Invoking command in '/home/user-accounts/lee4649/auto-aiming/build/pose_estimator': AMENT_PREFIX_PATH=/home/user-accounts/lee4649/auto-aiming/install/vision_msgs:${AMENT_PREFIX_PATH} CMAKE_PREFIX_PATH=/home/user-accounts/lee4649/auto-aiming/install/vision_msgs:/opt/ros/foxy LD_LIBRARY_PATH=/home/user-accounts/lee4649/auto-aiming/install/vision_msgs/lib:${LD_LIBRARY_PATH} PYTHONPATH=/home/user-accounts/lee4649/auto-aiming/install/vision_msgs/lib/python3.8/site-packages:${PYTHONPATH} /usr/bin/cmake --install /home/user-accounts/lee4649/auto-aiming/build/pose_estimator
[2.015s] Level 1:colcon.colcon_core.environment:create_environment_scripts_only(pose_estimator)
[2.016s] Level 1:colcon.colcon_core.environment:checking '/home/user-accounts/lee4649/auto-aiming/install/pose_estimator' for CMake module files
[2.016s] DEBUG:colcon.colcon_core.event_handler.log_command:Invoked command in '/home/user-accounts/lee4649/auto-aiming/build/pose_estimator' returned '0': AMENT_PREFIX_PATH=/home/user-accounts/lee4649/auto-aiming/install/vision_msgs:${AMENT_PREFIX_PATH} CMAKE_PREFIX_PATH=/home/user-accounts/lee4649/auto-aiming/install/vision_msgs:/opt/ros/foxy LD_LIBRARY_PATH=/home/user-accounts/lee4649/auto-aiming/install/vision_msgs/lib:${LD_LIBRARY_PATH} PYTHONPATH=/home/user-accounts/lee4649/auto-aiming/install/vision_msgs/lib/python3.8/site-packages:${PYTHONPATH} /usr/bin/cmake --install /home/user-accounts/lee4649/auto-aiming/build/pose_estimator
[2.017s] Level 1:colcon.colcon_core.environment:checking '/home/user-accounts/lee4649/auto-aiming/install/pose_estimator' for CMake config files
[2.018s] Level 1:colcon.colcon_core.shell:create_environment_hook('pose_estimator', 'cmake_prefix_path')
[2.018s] INFO:colcon.colcon_core.shell:Creating environment hook '/home/user-accounts/lee4649/auto-aiming/install/pose_estimator/share/pose_estimator/hook/cmake_prefix_path.ps1'
[2.019s] INFO:colcon.colcon_core.shell:Creating environment descriptor '/home/user-accounts/lee4649/auto-aiming/install/pose_estimator/share/pose_estimator/hook/cmake_prefix_path.dsv'
[2.020s] INFO:colcon.colcon_core.shell:Creating environment hook '/home/user-accounts/lee4649/auto-aiming/install/pose_estimator/share/pose_estimator/hook/cmake_prefix_path.sh'
[2.020s] Level 1:colcon.colcon_core.environment:checking '/home/user-accounts/lee4649/auto-aiming/install/pose_estimator/lib'
[2.021s] Level 1:colcon.colcon_core.environment:checking '/home/user-accounts/lee4649/auto-aiming/install/pose_estimator/bin'
[2.021s] Level 1:colcon.colcon_core.environment:checking '/home/user-accounts/lee4649/auto-aiming/install/pose_estimator/lib/pkgconfig/pose_estimator.pc'
[2.021s] Level 1:colcon.colcon_core.environment:checking '/home/user-accounts/lee4649/auto-aiming/install/pose_estimator/lib/python3.8/site-packages'
[2.021s] Level 1:colcon.colcon_core.environment:checking '/home/user-accounts/lee4649/auto-aiming/install/pose_estimator/bin'
[2.022s] INFO:colcon.colcon_core.shell:Creating package script '/home/user-accounts/lee4649/auto-aiming/install/pose_estimator/share/pose_estimator/package.ps1'
[2.023s] INFO:colcon.colcon_core.shell:Creating package descriptor '/home/user-accounts/lee4649/auto-aiming/install/pose_estimator/share/pose_estimator/package.dsv'
[2.023s] INFO:colcon.colcon_core.shell:Creating package script '/home/user-accounts/lee4649/auto-aiming/install/pose_estimator/share/pose_estimator/package.sh'
[2.024s] INFO:colcon.colcon_core.shell:Creating package script '/home/user-accounts/lee4649/auto-aiming/install/pose_estimator/share/pose_estimator/package.bash'
[2.024s] INFO:colcon.colcon_core.shell:Creating package script '/home/user-accounts/lee4649/auto-aiming/install/pose_estimator/share/pose_estimator/package.zsh'
[2.025s] Level 1:colcon.colcon_core.environment:create_file_with_runtime_dependencies(/home/user-accounts/lee4649/auto-aiming/install/pose_estimator/share/colcon-core/packages/pose_estimator)
[2.078s] Level 1:colcon.colcon_core.environment:create_environment_scripts_only(pose_estimator)
[2.079s] Level 1:colcon.colcon_core.environment:checking '/home/user-accounts/lee4649/auto-aiming/install/pose_estimator' for CMake module files
[2.080s] Level 1:colcon.colcon_core.environment:checking '/home/user-accounts/lee4649/auto-aiming/install/pose_estimator' for CMake config files
[2.080s] Level 1:colcon.colcon_core.shell:create_environment_hook('pose_estimator', 'cmake_prefix_path')
[2.081s] INFO:colcon.colcon_core.shell:Creating environment hook '/home/user-accounts/lee4649/auto-aiming/install/pose_estimator/share/pose_estimator/hook/cmake_prefix_path.ps1'
[2.082s] INFO:colcon.colcon_core.shell:Creating environment descriptor '/home/user-accounts/lee4649/auto-aiming/install/pose_estimator/share/pose_estimator/hook/cmake_prefix_path.dsv'
[2.082s] INFO:colcon.colcon_core.shell:Creating environment hook '/home/user-accounts/lee4649/auto-aiming/install/pose_estimator/share/pose_estimator/hook/cmake_prefix_path.sh'
[2.084s] Level 1:colcon.colcon_core.environment:checking '/home/user-accounts/lee4649/auto-aiming/install/pose_estimator/lib'
[2.084s] Level 1:colcon.colcon_core.environment:checking '/home/user-accounts/lee4649/auto-aiming/install/pose_estimator/bin'
[2.084s] Level 1:colcon.colcon_core.environment:checking '/home/user-accounts/lee4649/auto-aiming/install/pose_estimator/lib/pkgconfig/pose_estimator.pc'
[2.084s] Level 1:colcon.colcon_core.environment:checking '/home/user-accounts/lee4649/auto-aiming/install/pose_estimator/lib/python3.8/site-packages'
[2.085s] Level 1:colcon.colcon_core.environment:checking '/home/user-accounts/lee4649/auto-aiming/install/pose_estimator/bin'
[2.085s] INFO:colcon.colcon_core.shell:Creating package script '/home/user-accounts/lee4649/auto-aiming/install/pose_estimator/share/pose_estimator/package.ps1'
[2.086s] INFO:colcon.colcon_core.shell:Creating package descriptor '/home/user-accounts/lee4649/auto-aiming/install/pose_estimator/share/pose_estimator/package.dsv'
[2.087s] INFO:colcon.colcon_core.shell:Creating package script '/home/user-accounts/lee4649/auto-aiming/install/pose_estimator/share/pose_estimator/package.sh'
[2.088s] INFO:colcon.colcon_core.shell:Creating package script '/home/user-accounts/lee4649/auto-aiming/install/pose_estimator/share/pose_estimator/package.bash'
[2.088s] INFO:colcon.colcon_core.shell:Creating package script '/home/user-accounts/lee4649/auto-aiming/install/pose_estimator/share/pose_estimator/package.zsh'
[2.089s] Level 1:colcon.colcon_core.environment:create_file_with_runtime_dependencies(/home/user-accounts/lee4649/auto-aiming/install/pose_estimator/share/colcon-core/packages/pose_estimator)
[9.352s] DEBUG:colcon.colcon_core.event_handler.log_command:Invoked command in '/home/user-accounts/lee4649/auto-aiming/build/opencv_armor_detector' returned '2': AMENT_PREFIX_PATH=/home/user-accounts/lee4649/auto-aiming/install/vision_msgs:${AMENT_PREFIX_PATH} CMAKE_PREFIX_PATH=/home/user-accounts/lee4649/auto-aiming/install/vision_msgs:/opt/ros/foxy LD_LIBRARY_PATH=/home/user-accounts/lee4649/auto-aiming/install/vision_msgs/lib:${LD_LIBRARY_PATH} PYTHONPATH=/home/user-accounts/lee4649/auto-aiming/install/vision_msgs/lib/python3.8/site-packages:${PYTHONPATH} /usr/bin/cmake --build /home/user-accounts/lee4649/auto-aiming/build/opencv_armor_detector -- -j8 -l8
[9.405s] Level 1:colcon.colcon_core.environment:create_environment_scripts_only(opencv_armor_detector)
[9.405s] Level 1:colcon.colcon_core.environment:checking '/home/user-accounts/lee4649/auto-aiming/install/opencv_armor_detector' for CMake module files
[9.406s] Level 1:colcon.colcon_core.environment:checking '/home/user-accounts/lee4649/auto-aiming/install/opencv_armor_detector' for CMake config files
[9.408s] Level 1:colcon.colcon_core.environment:checking '/home/user-accounts/lee4649/auto-aiming/install/opencv_armor_detector/bin'
[9.408s] Level 1:colcon.colcon_core.environment:checking '/home/user-accounts/lee4649/auto-aiming/install/opencv_armor_detector/lib/pkgconfig/opencv_armor_detector.pc'
[9.409s] Level 1:colcon.colcon_core.environment:checking '/home/user-accounts/lee4649/auto-aiming/install/opencv_armor_detector/lib/python3.8/site-packages'
[9.410s] Level 1:colcon.colcon_core.environment:checking '/home/user-accounts/lee4649/auto-aiming/install/opencv_armor_detector/bin'
[9.411s] INFO:colcon.colcon_core.shell:Creating package script '/home/user-accounts/lee4649/auto-aiming/install/opencv_armor_detector/share/opencv_armor_detector/package.ps1'
[9.413s] INFO:colcon.colcon_core.shell:Creating package descriptor '/home/user-accounts/lee4649/auto-aiming/install/opencv_armor_detector/share/opencv_armor_detector/package.dsv'
[9.414s] INFO:colcon.colcon_core.shell:Creating package script '/home/user-accounts/lee4649/auto-aiming/install/opencv_armor_detector/share/opencv_armor_detector/package.sh'
[9.416s] INFO:colcon.colcon_core.shell:Creating package script '/home/user-accounts/lee4649/auto-aiming/install/opencv_armor_detector/share/opencv_armor_detector/package.bash'
[9.417s] INFO:colcon.colcon_core.shell:Creating package script '/home/user-accounts/lee4649/auto-aiming/install/opencv_armor_detector/share/opencv_armor_detector/package.zsh'
[9.419s] Level 1:colcon.colcon_core.environment:create_file_with_runtime_dependencies(/home/user-accounts/lee4649/auto-aiming/install/opencv_armor_detector/share/colcon-core/packages/opencv_armor_detector)
[9.431s] DEBUG:colcon.colcon_parallel_executor.executor.parallel:closing loop
[9.432s] DEBUG:colcon.colcon_parallel_executor.executor.parallel:loop closed
[9.433s] DEBUG:colcon.colcon_parallel_executor.executor.parallel:run_until_complete finished with '2'
[9.433s] DEBUG:colcon.colcon_core.event_reactor:joining thread
[9.448s] INFO:colcon.colcon_core.plugin_system:Skipping extension 'colcon_notification.desktop_notification.terminal_notifier': Not used on non-Darwin systems
[9.448s] INFO:colcon.colcon_core.plugin_system:Skipping extension 'colcon_notification.desktop_notification.win32': Not used on non-Windows systems
[9.448s] INFO:colcon.colcon_notification.desktop_notification:Sending desktop notification using 'notify2'
[9.467s] DEBUG:colcon.colcon_notification.desktop_notification.notify2:Failed to initialize notify2: org.freedesktop.DBus.Error.Spawn.ChildExited: Process org.freedesktop.Notifications exited with status 1
[9.468s] DEBUG:colcon.colcon_core.event_reactor:joined thread
[9.468s] INFO:colcon.colcon_core.shell:Creating prefix script '/home/user-accounts/lee4649/auto-aiming/install/local_setup.ps1'
[9.470s] INFO:colcon.colcon_core.shell:Creating prefix util module '/home/user-accounts/lee4649/auto-aiming/install/_local_setup_util_ps1.py'
[9.474s] INFO:colcon.colcon_core.shell:Creating prefix chain script '/home/user-accounts/lee4649/auto-aiming/install/setup.ps1'
[9.476s] INFO:colcon.colcon_core.shell:Creating prefix script '/home/user-accounts/lee4649/auto-aiming/install/local_setup.sh'
[9.477s] INFO:colcon.colcon_core.shell:Creating prefix util module '/home/user-accounts/lee4649/auto-aiming/install/_local_setup_util_sh.py'
[9.479s] INFO:colcon.colcon_core.shell:Creating prefix chain script '/home/user-accounts/lee4649/auto-aiming/install/setup.sh'
[9.481s] INFO:colcon.colcon_core.shell:Creating prefix script '/home/user-accounts/lee4649/auto-aiming/install/local_setup.bash'
[9.482s] INFO:colcon.colcon_core.shell:Creating prefix chain script '/home/user-accounts/lee4649/auto-aiming/install/setup.bash'
[9.484s] INFO:colcon.colcon_core.shell:Creating prefix script '/home/user-accounts/lee4649/auto-aiming/install/local_setup.zsh'
[9.485s] INFO:colcon.colcon_core.shell:Creating prefix chain script '/home/user-accounts/lee4649/auto-aiming/install/setup.zsh'
