[0.015s] Invoking command in '/home/purduerm/ros2-ws/auto-aiming/build/control_communicator': AMENT_PREFIX_PATH=/home/purduerm/ros2-ws/auto-aiming/install/vision_msgs:${AMENT_PREFIX_PATH} CMAKE_PREFIX_PATH=/home/purduerm/ros2-ws/auto-aiming/install/vision_msgs:/opt/ros/foxy LD_LIBRARY_PATH=/home/purduerm/ros2-ws/auto-aiming/install/vision_msgs/lib:${LD_LIBRARY_PATH} PYTHONPATH=/home/purduerm/ros2-ws/auto-aiming/install/vision_msgs/lib/python3.8/site-packages:${PYTHONPATH} /usr/bin/cmake --build /home/purduerm/ros2-ws/auto-aiming/build/control_communicator -- -j12 -l12
[0.034s] -- Found ament_cmake: 0.9.12 (/opt/ros/foxy/share/ament_cmake/cmake)
[0.053s] -- Using PYTHON_EXECUTABLE: /usr/bin/python3
[0.247s] -- Override CMake install command with custom implementation using symlinks instead of copying resources
[0.255s] -- Found rclcpp: 2.4.3 (/opt/ros/foxy/share/rclcpp/cmake)
[0.291s] -- Using all available rosidl_typesupport_c: rosidl_typesupport_fastrtps_c;rosidl_typesupport_introspection_c
[0.293s] -- Found rosidl_adapter: 1.3.1 (/opt/ros/foxy/share/rosidl_adapter/cmake)
[0.390s] -- Using all available rosidl_typesupport_cpp: rosidl_typesupport_fastrtps_cpp;rosidl_typesupport_introspection_cpp
[0.429s] -- Found rmw_implementation_cmake: 1.0.4 (/opt/ros/foxy/share/rmw_implementation_cmake/cmake)
[0.430s] -- Using RMW implementation 'rmw_fastrtps_cpp' as default
[0.540s] -- Found geometry_msgs: 2.0.5 (/opt/ros/foxy/share/geometry_msgs/cmake)
[0.566s] -- Found vision_msgs: 0.0.0 (/home/purduerm/ros2-ws/auto-aiming/install/vision_msgs/share/vision_msgs/cmake)
[0.626s] -- Found tf2: 0.13.14 (/opt/ros/foxy/share/tf2/cmake)
[0.633s] -- Found tf2_ros: 0.13.14 (/opt/ros/foxy/share/tf2_ros/cmake)
[0.888s] -- Found nav_msgs: 2.0.5 (/opt/ros/foxy/share/nav_msgs/cmake)
[1.010s] -- Configuring done
[1.020s] -- Generating done
[1.024s] -- Build files have been written to: /home/purduerm/ros2-ws/auto-aiming/build/control_communicator
[1.045s] [35m[1mScanning dependencies of target ControlCommunicatorNode[0m
[1.075s] [ 33%] [32mBuilding CXX object CMakeFiles/ControlCommunicatorNode.dir/src/PitchLookupModel.cpp.o[0m
[1.076s] [ 66%] [32mBuilding CXX object CMakeFiles/ControlCommunicatorNode.dir/src/ControlCommunicatorNode.cpp.o[0m
[1.262s] [01m[K/home/purduerm/ros2-ws/auto-aiming/src/prm_control/control_communicator/src/ControlCommunicatorNode.cpp:12:[m[K [01;35m[Kwarning: [m[K"PI" redefined
[1.262s]    12 | #define PI 3.141592653589793238462643383 // It was 4 AM when I wrote this.
[1.262s]       | 
[1.262s] In file included from [01m[K/home/purduerm/ros2-ws/auto-aiming/src/prm_control/control_communicator/include/ControlCommunicatorNode.hpp:30[m[K,
[1.262s]                  from [01m[K/home/purduerm/ros2-ws/auto-aiming/src/prm_control/control_communicator/src/ControlCommunicatorNode.cpp:1[m[K:
[1.262s] [01m[K/home/purduerm/ros2-ws/auto-aiming/src/prm_control/control_communicator/include/projectile_angle_convel.h:9:[m[K [01;36m[Knote: [m[Kthis is the location of the previous definition
[1.262s]     9 | #define PI 3.14159
[1.262s]       | 
[1.309s] [01m[K/home/purduerm/ros2-ws/auto-aiming/src/prm_control/control_communicator/src/PitchLookupModel.cpp:[m[K In member function ‘[01m[Kvoid PitchLookupModel::load_file(std::string)[m[K’:
[1.309s] [01m[K/home/purduerm/ros2-ws/auto-aiming/src/prm_control/control_communicator/src/PitchLookupModel.cpp:32:11:[m[K [01;35m[Kwarning: [m[Kignoring return value of ‘[01m[Kint fscanf(FILE*, const char*, ...)[m[K’, declared with attribute warn_unused_result [[01;35m[K-Wunused-result[m[K]
[1.309s]    32 |     [01;35m[Kfscanf(fp, "%d %d\n", &z_count, &y_count)[m[K;
[1.309s]       |     [01;35m[K~~~~~~^~~~~~~~~~~~~~~~~~~~~~~~~~~~~~~~~~~[m[K
[2.890s] [01m[K/home/purduerm/ros2-ws/auto-aiming/src/prm_control/control_communicator/src/ControlCommunicatorNode.cpp:[m[K In constructor ‘[01m[KControlCommunicatorNode::ControlCommunicatorNode(const char*)[m[K’:
[2.890s] [01m[K/home/purduerm/ros2-ws/auto-aiming/src/prm_control/control_communicator/src/ControlCommunicatorNode.cpp:23:1:[m[K [01;31m[Kerror: [m[K‘[01m[Kz[m[K’ was not declared in this scope
[2.890s]    23 | [01;31m[Kz[m[K
[2.890s]       | [01;31m[K^[m[K
[2.910s] [01m[K/home/purduerm/ros2-ws/auto-aiming/src/prm_control/control_communicator/src/ControlCommunicatorNode.cpp:57:8:[m[K [01;31m[Kerror: [m[K‘[01m[Kclass ControlCommunicatorNode[m[K’ has no member named ‘[01m[Kpitch_lookup_table[m[K’; did you mean ‘[01m[Kpitch_lookup_model[m[K’?
[2.910s]    57 |  this->[01;31m[Kpitch_lookup_table[m[K = read_lookup_table()
[2.911s]       |        [01;31m[K^~~~~~~~~~~~~~~~~~[m[K
[2.911s]       |        [32m[Kpitch_lookup_model[m[K
[2.915s] [01m[K/home/purduerm/ros2-ws/auto-aiming/src/prm_control/control_communicator/src/ControlCommunicatorNode.cpp:57:29:[m[K [01;31m[Kerror: [m[K‘[01m[Kread_lookup_table[m[K’ was not declared in this scope
[2.915s]    57 |  this->pitch_lookup_table = [01;31m[Kread_lookup_table[m[K()
[2.915s]       |                             [01;31m[K^~~~~~~~~~~~~~~~~[m[K
[2.915s] [01m[K/home/purduerm/ros2-ws/auto-aiming/src/prm_control/control_communicator/src/ControlCommunicatorNode.cpp:60:8:[m[K [01;31m[Kerror: [m[K‘[01m[Kclass ControlCommunicatorNode[m[K’ has no member named ‘[01m[Kread_lookup_table_time[m[K’
[2.915s]    60 |  this->[01;31m[Kread_lookup_table_time[m[K = this->create_wall_timer(5000ms, std::bind(&PitchLookupModel::load_file(this->lookup_table_path), this->pitch_lookup_model));
[2.915s]       |        [01;31m[K^~~~~~~~~~~~~~~~~~~~~~[m[K
[2.915s] [01m[K/home/purduerm/ros2-ws/auto-aiming/src/prm_control/control_communicator/src/ControlCommunicatorNode.cpp:60:127:[m[K [01;31m[Kerror: [m[Kcannot call member function ‘[01m[Kvoid PitchLookupModel::load_file(std::string)[m[K’ without object
[2.915s]    60 |  this->read_lookup_table_time = this->create_wall_timer(5000ms, std::bind(&PitchLookupModel::load_file(this->lookup_table_path[01;31m[K)[m[K, this->pitch_lookup_model));
[2.915s]       |                                                                                                                               [01;31m[K^[m[K
[2.923s] [01m[K/home/purduerm/ros2-ws/auto-aiming/src/prm_control/control_communicator/src/ControlCommunicatorNode.cpp:[m[K In member function ‘[01m[Kvoid ControlCommunicatorNode::auto_aim_handler(std::shared_ptr<vision_msgs::msg::PredictedArmor_<std::allocator<void> > >)[m[K’:
[2.923s] [01m[K/home/purduerm/ros2-ws/auto-aiming/src/prm_control/control_communicator/src/ControlCommunicatorNode.cpp:169:9:[m[K [01;35m[Kwarning: [m[Kunused variable ‘[01m[Kp[m[K’ [[01;35m[K-Wunused-variable[m[K]
[2.923s]   169 |  double [01;35m[Kp[m[K = 0, y = 0;
[2.923s]       |         [01;35m[K^[m[K
[2.923s] [01m[K/home/purduerm/ros2-ws/auto-aiming/src/prm_control/control_communicator/src/ControlCommunicatorNode.cpp:169:16:[m[K [01;35m[Kwarning: [m[Kunused variable ‘[01m[Ky[m[K’ [[01;35m[K-Wunused-variable[m[K]
[2.923s]   169 |  double p = 0, [01;35m[Ky[m[K = 0;
[2.923s]       |                [01;35m[K^[m[K
[2.923s] [01m[K/home/purduerm/ros2-ws/auto-aiming/src/prm_control/control_communicator/src/ControlCommunicatorNode.cpp:170:7:[m[K [01;35m[Kwarning: [m[Kunused variable ‘[01m[Kim[m[K’ [[01;35m[K-Wunused-variable[m[K]
[2.923s]   170 |  bool [01;35m[Kim[m[K = 0;
[2.923s]       |       [01;35m[K^~[m[K
[4.811s] [01m[K/home/purduerm/ros2-ws/auto-aiming/src/prm_control/control_communicator/src/ControlCommunicatorNode.cpp:208:7:[m[K [01;35m[Kwarning: [m[Kignoring return value of ‘[01m[Kssize_t write(int, const void*, size_t)[m[K’, declared with attribute warn_unused_result [[01;35m[K-Wunused-result[m[K]
[4.811s]   208 |  [01;35m[Kwrite(this->port_fd, &package, sizeof(PackageOut))[m[K;
[4.811s]       |  [01;35m[K~~~~~^~~~~~~~~~~~~~~~~~~~~~~~~~~~~~~~~~~~~~~~~~~~~[m[K
[4.812s] [01m[K/home/purduerm/ros2-ws/auto-aiming/src/prm_control/control_communicator/src/ControlCommunicatorNode.cpp:[m[K In member function ‘[01m[Kvoid ControlCommunicatorNode::nav_handler(std::shared_ptr<geometry_msgs::msg::Twist_<std::allocator<void> > >)[m[K’:
[4.812s] [01m[K/home/purduerm/ros2-ws/auto-aiming/src/prm_control/control_communicator/src/ControlCommunicatorNode.cpp:232:7:[m[K [01;35m[Kwarning: [m[Kignoring return value of ‘[01m[Kssize_t write(int, const void*, size_t)[m[K’, declared with attribute warn_unused_result [[01;35m[K-Wunused-result[m[K]
[4.812s]   232 |  [01;35m[Kwrite(this->port_fd, &package, sizeof(PackageOut))[m[K;
[4.812s]       |  [01;35m[K~~~~~^~~~~~~~~~~~~~~~~~~~~~~~~~~~~~~~~~~~~~~~~~~~~[m[K
[4.838s] make[2]: *** [CMakeFiles/ControlCommunicatorNode.dir/build.make:63: CMakeFiles/ControlCommunicatorNode.dir/src/ControlCommunicatorNode.cpp.o] Error 1
[4.838s] make[1]: *** [CMakeFiles/Makefile2:78: CMakeFiles/ControlCommunicatorNode.dir/all] Error 2
[4.838s] make: *** [Makefile:141: all] Error 2
