-- The CXX compiler identification is GNU 9.4.0
-- Check for working CXX compiler: /usr/bin/c++
-- Check for working CXX compiler: /usr/bin/c++ -- works
-- Detecting CXX compiler ABI info
-- Detecting CXX compiler ABI info - done
-- Detecting CXX compile features
-- Detecting CXX compile features - done
-- Found ament_cmake: 0.9.12 (/opt/ros/foxy/share/ament_cmake/cmake)
-- Found PythonInterp: /usr/bin/python3 (found suitable version "3.8.10", minimum required is "3") 
-- Using PYTHON_EXECUTABLE: /usr/bin/python3
-- Override CMake install command with custom implementation using symlinks instead of copying resources
-- Found rclcpp: 2.4.3 (/opt/ros/foxy/share/rclcpp/cmake)
-- Using all available rosidl_typesupport_c: rosidl_typesupport_fastrtps_c;rosidl_typesupport_introspection_c
-- Found rosidl_adapter: 1.3.1 (/opt/ros/foxy/share/rosidl_adapter/cmake)
-- Found OpenSSL: /usr/lib/x86_64-linux-gnu/libcrypto.so (found version "1.1.1f")  
-- Found FastRTPS: /opt/ros/foxy/include  
-- Using all available rosidl_typesupport_cpp: rosidl_typesupport_fastrtps_cpp;rosidl_typesupport_introspection_cpp
-- Found rmw_implementation_cmake: 1.0.4 (/opt/ros/foxy/share/rmw_implementation_cmake/cmake)
-- Using RMW implementation 'rmw_fastrtps_cpp' as default
-- Looking for C++ include pthread.h
-- Looking for C++ include pthread.h - found
-- Performing Test CMAKE_HAVE_LIBC_PTHREAD
-- Performing Test CMAKE_HAVE_LIBC_PTHREAD - Failed
-- Looking for pthread_create in pthreads
-- Looking for pthread_create in pthreads - not found
-- Looking for pthread_create in pthread
-- Looking for pthread_create in pthread - found
-- Found Threads: TRUE  
-- Found vision_msgs: 0.0.0 (/home/purduerm/ros2-ws/auto-aiming/install/vision_msgs/share/vision_msgs/cmake)
-- Found CUDA: /usr/local/cuda (found suitable exact version "11.4") 
-- Found OpenCV: /usr/local (found suitable version "4.6.0", minimum required is "4.6.0") 
-- Found cv_bridge: 3.0.7 (/opt/ros/foxy/share/cv_bridge/cmake)
-- Found tf2: 0.13.14 (/opt/ros/foxy/share/tf2/cmake)
-- Found tf2_ros: 0.13.14 (/opt/ros/foxy/share/tf2_ros/cmake)
-- Found ament_cmake_gtest: 0.9.12 (/opt/ros/foxy/share/ament_cmake_gtest/cmake)
-- Found gtest sources under '/opt/ros/foxy/src/gtest_vendor': C++ tests using 'Google Test' will be built
-- The C compiler identification is GNU 9.4.0
-- Check for working C compiler: /usr/bin/cc
-- Check for working C compiler: /usr/bin/cc -- works
-- Detecting C compiler ABI info
-- Detecting C compiler ABI info - done
-- Detecting C compile features
-- Detecting C compile features - done
-- Check if compiler accepts -pthread
-- Check if compiler accepts -pthread - yes
-- Configuring done
-- Generating done
-- Build files have been written to: /home/purduerm/ros2-ws/auto-aiming/build/pose_estimator
[35m[1mScanning dependencies of target gtest[0m
[35m[1mScanning dependencies of target gtest_main[0m
[35m[1mScanning dependencies of target ValidityFilter[0m
[  7%] [32mBuilding CXX object gtest/CMakeFiles/gtest_main.dir/src/gtest_main.cc.o[0m
[ 14%] [32mBuilding CXX object gtest/CMakeFiles/gtest.dir/src/gtest-all.cc.o[0m
[ 21%] [32mBuilding CXX object CMakeFiles/ValidityFilter.dir/src/ValidityFilter.cpp.o[0m
[ 28%] [32m[1mLinking CXX static library libValidityFilter.a[0m
[ 28%] Built target ValidityFilter
[35m[1mScanning dependencies of target PoseEstimator[0m
[ 35%] [32mBuilding CXX object CMakeFiles/PoseEstimator.dir/src/PoseEstimator.cpp.o[0m
[ 42%] [32m[1mLinking CXX static library libgtest_main.a[0m
[ 42%] Built target gtest_main
[ 50%] [32m[1mLinking CXX static library libgtest.a[0m
[ 50%] Built target gtest
[35m[1mScanning dependencies of target test_ValidityFilter[0m
[ 57%] [32mBuilding CXX object CMakeFiles/test_ValidityFilter.dir/test/test_ValidityFilter.cpp.o[0m
[ 64%] [32m[1mLinking CXX static library libPoseEstimator.a[0m
[ 64%] Built target PoseEstimator
[35m[1mScanning dependencies of target PoseEstimatorNode[0m
[35m[1mScanning dependencies of target test_PoseEstimator[0m
[ 71%] [32mBuilding CXX object CMakeFiles/test_PoseEstimator.dir/test/test_PoseEstimator.cpp.o[0m
[ 78%] [32mBuilding CXX object CMakeFiles/PoseEstimatorNode.dir/src/PoseEstimatorNode.cpp.o[0m
[ 85%] [32m[1mLinking CXX executable test_ValidityFilter[0m
[ 85%] Built target test_ValidityFilter
[ 92%] [32m[1mLinking CXX executable test_PoseEstimator[0m
[ 92%] Built target test_PoseEstimator
