[0.022s] Invoking command in '/home/purduerm/ros2-ws/auto-aiming/build/vision_msgs': CMAKE_PREFIX_PATH=/opt/ros/foxy /usr/bin/cmake --build /home/purduerm/ros2-ws/auto-aiming/build/vision_msgs -- -j12 -l12
[0.061s] [ 10%] Built target vision_msgs__rosidl_generator_c
[0.061s] [ 12%] Built target vision_msgs__cpp
[0.079s] [ 23%] Built target vision_msgs__rosidl_typesupport_cpp
[0.080s] [ 34%] Built target vision_msgs__rosidl_typesupport_c
[0.083s] [ 44%] Built target vision_msgs__rosidl_typesupport_introspection_c
[0.085s] [ 55%] Built target vision_msgs__rosidl_typesupport_introspection_cpp
[0.086s] [ 65%] Built target vision_msgs__rosidl_typesupport_fastrtps_cpp
[0.107s] [ 76%] Built target vision_msgs__rosidl_typesupport_fastrtps_c
[0.123s] [ 76%] Built target vision_msgs
[0.139s] [ 78%] Built target vision_msgs__py
[0.162s] [ 87%] Built target vision_msgs__python
[0.182s] [100%] Built target vision_msgs__rosidl_typesupport_fastrtps_c__pyext
[0.182s] [100%] Built target vision_msgs__rosidl_typesupport_introspection_c__pyext
[0.182s] [100%] Built target vision_msgs__rosidl_typesupport_c__pyext
[0.190s] Invoked command in '/home/purduerm/ros2-ws/auto-aiming/build/vision_msgs' returned '0': CMAKE_PREFIX_PATH=/opt/ros/foxy /usr/bin/cmake --build /home/purduerm/ros2-ws/auto-aiming/build/vision_msgs -- -j12 -l12
[0.192s] Invoking command in '/home/purduerm/ros2-ws/auto-aiming/build/vision_msgs': CMAKE_PREFIX_PATH=/opt/ros/foxy /usr/bin/cmake --install /home/purduerm/ros2-ws/auto-aiming/build/vision_msgs
[0.198s] -- Install configuration: "Release"
[0.199s] -- Execute custom install script
[0.199s] -- Up-to-date symlink: /home/purduerm/ros2-ws/auto-aiming/install/vision_msgs/share/ament_index/resource_index/rosidl_interfaces/vision_msgs
[0.199s] -- Up-to-date symlink: /home/purduerm/ros2-ws/auto-aiming/install/vision_msgs/include/vision_msgs/msg/detail/key_points__functions.h
[0.200s] -- Up-to-date symlink: /home/purduerm/ros2-ws/auto-aiming/install/vision_msgs/include/vision_msgs/msg/detail/key_points__struct.h
[0.200s] -- Up-to-date symlink: /home/purduerm/ros2-ws/auto-aiming/install/vision_msgs/include/vision_msgs/msg/detail/key_points__type_support.h
[0.200s] -- Up-to-date symlink: /home/purduerm/ros2-ws/auto-aiming/install/vision_msgs/include/vision_msgs/msg/detail/predicted_armor__functions.h
[0.200s] -- Up-to-date symlink: /home/purduerm/ros2-ws/auto-aiming/install/vision_msgs/include/vision_msgs/msg/detail/predicted_armor__struct.h
[0.200s] -- Up-to-date symlink: /home/purduerm/ros2-ws/auto-aiming/install/vision_msgs/include/vision_msgs/msg/detail/predicted_armor__type_support.h
[0.200s] -- Up-to-date symlink: /home/purduerm/ros2-ws/auto-aiming/install/vision_msgs/include/vision_msgs/msg/detail/yaw_pitch__functions.h
[0.200s] -- Up-to-date symlink: /home/purduerm/ros2-ws/auto-aiming/install/vision_msgs/include/vision_msgs/msg/detail/yaw_pitch__struct.h
[0.201s] -- Up-to-date symlink: /home/purduerm/ros2-ws/auto-aiming/install/vision_msgs/include/vision_msgs/msg/detail/yaw_pitch__type_support.h
[0.201s] -- Up-to-date symlink: /home/purduerm/ros2-ws/auto-aiming/install/vision_msgs/include/vision_msgs/msg/key_points.h
[0.201s] -- Up-to-date symlink: /home/purduerm/ros2-ws/auto-aiming/install/vision_msgs/include/vision_msgs/msg/predicted_armor.h
[0.201s] -- Up-to-date symlink: /home/purduerm/ros2-ws/auto-aiming/install/vision_msgs/include/vision_msgs/msg/rosidl_generator_c__visibility_control.h
[0.201s] -- Up-to-date symlink: /home/purduerm/ros2-ws/auto-aiming/install/vision_msgs/include/vision_msgs/msg/yaw_pitch.h
[0.201s] -- Up-to-date symlink: /home/purduerm/ros2-ws/auto-aiming/install/vision_msgs/share/vision_msgs/environment/library_path.sh
[0.201s] -- Up-to-date symlink: /home/purduerm/ros2-ws/auto-aiming/install/vision_msgs/share/vision_msgs/environment/library_path.dsv
[0.202s] -- Up-to-date symlink: /home/purduerm/ros2-ws/auto-aiming/install/vision_msgs/include/vision_msgs/msg/detail/key_points__rosidl_typesupport_fastrtps_c.h
[0.202s] -- Up-to-date symlink: /home/purduerm/ros2-ws/auto-aiming/install/vision_msgs/include/vision_msgs/msg/detail/predicted_armor__rosidl_typesupport_fastrtps_c.h
[0.202s] -- Up-to-date symlink: /home/purduerm/ros2-ws/auto-aiming/install/vision_msgs/include/vision_msgs/msg/detail/yaw_pitch__rosidl_typesupport_fastrtps_c.h
[0.202s] -- Up-to-date symlink: /home/purduerm/ros2-ws/auto-aiming/install/vision_msgs/include/vision_msgs/msg/rosidl_typesupport_fastrtps_c__visibility_control.h
[0.203s] -- Up-to-date symlink: /home/purduerm/ros2-ws/auto-aiming/install/vision_msgs/lib/libvision_msgs__rosidl_typesupport_fastrtps_c.so
[0.203s] -- Up-to-date symlink: /home/purduerm/ros2-ws/auto-aiming/install/vision_msgs/include/vision_msgs/msg/detail/key_points__rosidl_typesupport_fastrtps_cpp.hpp
[0.204s] -- Up-to-date symlink: /home/purduerm/ros2-ws/auto-aiming/install/vision_msgs/include/vision_msgs/msg/detail/predicted_armor__rosidl_typesupport_fastrtps_cpp.hpp
[0.204s] -- Up-to-date symlink: /home/purduerm/ros2-ws/auto-aiming/install/vision_msgs/include/vision_msgs/msg/detail/yaw_pitch__rosidl_typesupport_fastrtps_cpp.hpp
[0.204s] -- Up-to-date symlink: /home/purduerm/ros2-ws/auto-aiming/install/vision_msgs/include/vision_msgs/msg/rosidl_typesupport_fastrtps_cpp__visibility_control.h
[0.204s] -- Up-to-date symlink: /home/purduerm/ros2-ws/auto-aiming/install/vision_msgs/lib/libvision_msgs__rosidl_typesupport_fastrtps_cpp.so
[0.205s] -- Up-to-date symlink: /home/purduerm/ros2-ws/auto-aiming/install/vision_msgs/include/vision_msgs/msg/detail/key_points__rosidl_typesupport_introspection_c.h
[0.205s] -- Up-to-date symlink: /home/purduerm/ros2-ws/auto-aiming/install/vision_msgs/include/vision_msgs/msg/detail/predicted_armor__rosidl_typesupport_introspection_c.h
[0.205s] -- Up-to-date symlink: /home/purduerm/ros2-ws/auto-aiming/install/vision_msgs/include/vision_msgs/msg/detail/yaw_pitch__rosidl_typesupport_introspection_c.h
[0.205s] -- Up-to-date symlink: /home/purduerm/ros2-ws/auto-aiming/install/vision_msgs/include/vision_msgs/msg/rosidl_typesupport_introspection_c__visibility_control.h
[0.206s] -- Up-to-date symlink: /home/purduerm/ros2-ws/auto-aiming/install/vision_msgs/include/vision_msgs/msg/detail/key_points__builder.hpp
[0.206s] -- Up-to-date symlink: /home/purduerm/ros2-ws/auto-aiming/install/vision_msgs/include/vision_msgs/msg/detail/key_points__struct.hpp
[0.206s] -- Up-to-date symlink: /home/purduerm/ros2-ws/auto-aiming/install/vision_msgs/include/vision_msgs/msg/detail/key_points__traits.hpp
[0.206s] -- Up-to-date symlink: /home/purduerm/ros2-ws/auto-aiming/install/vision_msgs/include/vision_msgs/msg/detail/key_points__type_support.hpp
[0.206s] -- Up-to-date symlink: /home/purduerm/ros2-ws/auto-aiming/install/vision_msgs/include/vision_msgs/msg/detail/predicted_armor__builder.hpp
[0.206s] -- Up-to-date symlink: /home/purduerm/ros2-ws/auto-aiming/install/vision_msgs/include/vision_msgs/msg/detail/predicted_armor__struct.hpp
[0.206s] -- Up-to-date symlink: /home/purduerm/ros2-ws/auto-aiming/install/vision_msgs/include/vision_msgs/msg/detail/predicted_armor__traits.hpp
[0.207s] -- Up-to-date symlink: /home/purduerm/ros2-ws/auto-aiming/install/vision_msgs/include/vision_msgs/msg/detail/predicted_armor__type_support.hpp
[0.207s] -- Up-to-date symlink: /home/purduerm/ros2-ws/auto-aiming/install/vision_msgs/include/vision_msgs/msg/detail/yaw_pitch__builder.hpp
[0.207s] -- Up-to-date symlink: /home/purduerm/ros2-ws/auto-aiming/install/vision_msgs/include/vision_msgs/msg/detail/yaw_pitch__struct.hpp
[0.207s] -- Up-to-date symlink: /home/purduerm/ros2-ws/auto-aiming/install/vision_msgs/include/vision_msgs/msg/detail/yaw_pitch__traits.hpp
[0.207s] -- Up-to-date symlink: /home/purduerm/ros2-ws/auto-aiming/install/vision_msgs/include/vision_msgs/msg/detail/yaw_pitch__type_support.hpp
[0.207s] -- Up-to-date symlink: /home/purduerm/ros2-ws/auto-aiming/install/vision_msgs/include/vision_msgs/msg/key_points.hpp
[0.207s] -- Up-to-date symlink: /home/purduerm/ros2-ws/auto-aiming/install/vision_msgs/include/vision_msgs/msg/predicted_armor.hpp
[0.207s] -- Up-to-date symlink: /home/purduerm/ros2-ws/auto-aiming/install/vision_msgs/include/vision_msgs/msg/rosidl_generator_cpp__visibility_control.hpp
[0.208s] -- Up-to-date symlink: /home/purduerm/ros2-ws/auto-aiming/install/vision_msgs/include/vision_msgs/msg/yaw_pitch.hpp
[0.208s] -- Up-to-date symlink: /home/purduerm/ros2-ws/auto-aiming/install/vision_msgs/include/vision_msgs/msg/detail/key_points__rosidl_typesupport_introspection_cpp.hpp
[0.208s] -- Up-to-date symlink: /home/purduerm/ros2-ws/auto-aiming/install/vision_msgs/include/vision_msgs/msg/detail/predicted_armor__rosidl_typesupport_introspection_cpp.hpp
[0.208s] -- Up-to-date symlink: /home/purduerm/ros2-ws/auto-aiming/install/vision_msgs/include/vision_msgs/msg/detail/yaw_pitch__rosidl_typesupport_introspection_cpp.hpp
[0.208s] -- Up-to-date symlink: /home/purduerm/ros2-ws/auto-aiming/install/vision_msgs/share/vision_msgs/environment/pythonpath.sh
[0.209s] -- Up-to-date symlink: /home/purduerm/ros2-ws/auto-aiming/install/vision_msgs/share/vision_msgs/environment/pythonpath.dsv
[0.209s] -- Up-to-date symlink: /home/purduerm/ros2-ws/auto-aiming/install/vision_msgs/lib/python3.8/site-packages/vision_msgs/__init__.py
[0.209s] -- Up-to-date symlink: /home/purduerm/ros2-ws/auto-aiming/install/vision_msgs/lib/python3.8/site-packages/vision_msgs/msg/__init__.py
[0.209s] -- Up-to-date symlink: /home/purduerm/ros2-ws/auto-aiming/install/vision_msgs/lib/python3.8/site-packages/vision_msgs/msg/_key_points.py
[0.210s] -- Up-to-date symlink: /home/purduerm/ros2-ws/auto-aiming/install/vision_msgs/lib/python3.8/site-packages/vision_msgs/msg/_predicted_armor.py
[0.210s] -- Up-to-date symlink: /home/purduerm/ros2-ws/auto-aiming/install/vision_msgs/lib/python3.8/site-packages/vision_msgs/msg/_yaw_pitch.py
[0.210s] -- Up-to-date symlink: /home/purduerm/ros2-ws/auto-aiming/install/vision_msgs/lib/python3.8/site-packages/vision_msgs/vision_msgs_s__rosidl_typesupport_fastrtps_c.cpython-38-x86_64-linux-gnu.so
[0.210s] -- Up-to-date symlink: /home/purduerm/ros2-ws/auto-aiming/install/vision_msgs/lib/python3.8/site-packages/vision_msgs/vision_msgs_s__rosidl_typesupport_introspection_c.cpython-38-x86_64-linux-gnu.so
[0.211s] -- Up-to-date symlink: /home/purduerm/ros2-ws/auto-aiming/install/vision_msgs/lib/python3.8/site-packages/vision_msgs/vision_msgs_s__rosidl_typesupport_c.cpython-38-x86_64-linux-gnu.so
[0.211s] -- Up-to-date symlink: /home/purduerm/ros2-ws/auto-aiming/install/vision_msgs/lib/libvision_msgs__python.so
[0.211s] -- Up-to-date symlink: /home/purduerm/ros2-ws/auto-aiming/install/vision_msgs/share/vision_msgs/msg/KeyPoints.idl
[0.211s] -- Up-to-date symlink: /home/purduerm/ros2-ws/auto-aiming/install/vision_msgs/share/vision_msgs/msg/YawPitch.idl
[0.212s] -- Up-to-date symlink: /home/purduerm/ros2-ws/auto-aiming/install/vision_msgs/share/vision_msgs/msg/PredictedArmor.idl
[0.212s] -- Up-to-date symlink: /home/purduerm/ros2-ws/auto-aiming/install/vision_msgs/share/vision_msgs/msg/KeyPoints.msg
[0.212s] -- Up-to-date symlink: /home/purduerm/ros2-ws/auto-aiming/install/vision_msgs/share/vision_msgs/msg/YawPitch.msg
[0.212s] -- Up-to-date symlink: /home/purduerm/ros2-ws/auto-aiming/install/vision_msgs/share/vision_msgs/msg/PredictedArmor.msg
[0.212s] -- Up-to-date symlink: /home/purduerm/ros2-ws/auto-aiming/install/vision_msgs/share/ament_index/resource_index/package_run_dependencies/vision_msgs
[0.213s] -- Up-to-date symlink: /home/purduerm/ros2-ws/auto-aiming/install/vision_msgs/share/ament_index/resource_index/parent_prefix_path/vision_msgs
[0.213s] -- Up-to-date symlink: /home/purduerm/ros2-ws/auto-aiming/install/vision_msgs/share/vision_msgs/environment/ament_prefix_path.sh
[0.213s] -- Up-to-date symlink: /home/purduerm/ros2-ws/auto-aiming/install/vision_msgs/share/vision_msgs/environment/ament_prefix_path.dsv
[0.213s] -- Up-to-date symlink: /home/purduerm/ros2-ws/auto-aiming/install/vision_msgs/share/vision_msgs/environment/path.sh
[0.213s] -- Up-to-date symlink: /home/purduerm/ros2-ws/auto-aiming/install/vision_msgs/share/vision_msgs/environment/path.dsv
[0.214s] -- Up-to-date symlink: /home/purduerm/ros2-ws/auto-aiming/install/vision_msgs/share/vision_msgs/local_setup.bash
[0.214s] -- Up-to-date symlink: /home/purduerm/ros2-ws/auto-aiming/install/vision_msgs/share/vision_msgs/local_setup.sh
[0.214s] -- Up-to-date symlink: /home/purduerm/ros2-ws/auto-aiming/install/vision_msgs/share/vision_msgs/local_setup.zsh
[0.214s] -- Up-to-date symlink: /home/purduerm/ros2-ws/auto-aiming/install/vision_msgs/share/vision_msgs/local_setup.dsv
[0.215s] -- Symlinking: /home/purduerm/ros2-ws/auto-aiming/install/vision_msgs/share/vision_msgs/package.dsv
[0.221s] -- Up-to-date symlink: /home/purduerm/ros2-ws/auto-aiming/install/vision_msgs/share/ament_index/resource_index/packages/vision_msgs
[0.221s] -- Up-to-date symlink: /home/purduerm/ros2-ws/auto-aiming/install/vision_msgs/share/vision_msgs/cmake/rosidl_cmake-extras.cmake
[0.221s] -- Up-to-date symlink: /home/purduerm/ros2-ws/auto-aiming/install/vision_msgs/share/vision_msgs/cmake/ament_cmake_export_dependencies-extras.cmake
[0.222s] -- Up-to-date symlink: /home/purduerm/ros2-ws/auto-aiming/install/vision_msgs/share/vision_msgs/cmake/ament_cmake_export_libraries-extras.cmake
[0.222s] -- Up-to-date symlink: /home/purduerm/ros2-ws/auto-aiming/install/vision_msgs/share/vision_msgs/cmake/ament_cmake_export_targets-extras.cmake
[0.222s] -- Up-to-date symlink: /home/purduerm/ros2-ws/auto-aiming/install/vision_msgs/share/vision_msgs/cmake/ament_cmake_export_include_directories-extras.cmake
[0.222s] -- Up-to-date symlink: /home/purduerm/ros2-ws/auto-aiming/install/vision_msgs/share/vision_msgs/cmake/rosidl_cmake_export_typesupport_libraries-extras.cmake
[0.222s] -- Up-to-date symlink: /home/purduerm/ros2-ws/auto-aiming/install/vision_msgs/share/vision_msgs/cmake/rosidl_cmake_export_typesupport_targets-extras.cmake
[0.223s] -- Up-to-date symlink: /home/purduerm/ros2-ws/auto-aiming/install/vision_msgs/share/vision_msgs/cmake/vision_msgsConfig.cmake
[0.223s] -- Up-to-date symlink: /home/purduerm/ros2-ws/auto-aiming/install/vision_msgs/share/vision_msgs/cmake/vision_msgsConfig-version.cmake
[0.223s] -- Up-to-date symlink: /home/purduerm/ros2-ws/auto-aiming/install/vision_msgs/share/vision_msgs/package.xml
[0.223s] -- Up-to-date: /home/purduerm/ros2-ws/auto-aiming/install/vision_msgs/lib/libvision_msgs__rosidl_generator_c.so
[0.224s] -- Up-to-date: /home/purduerm/ros2-ws/auto-aiming/install/vision_msgs/lib/libvision_msgs__rosidl_typesupport_introspection_c.so
[0.224s] -- Up-to-date: /home/purduerm/ros2-ws/auto-aiming/install/vision_msgs/lib/libvision_msgs__rosidl_typesupport_c.so
[0.224s] -- Up-to-date: /home/purduerm/ros2-ws/auto-aiming/install/vision_msgs/lib/libvision_msgs__rosidl_typesupport_introspection_cpp.so
[0.224s] -- Up-to-date: /home/purduerm/ros2-ws/auto-aiming/install/vision_msgs/lib/libvision_msgs__rosidl_typesupport_cpp.so
[0.251s] -- Up-to-date: /home/purduerm/ros2-ws/auto-aiming/install/vision_msgs/share/vision_msgs/cmake/vision_msgs__rosidl_generator_cExport.cmake
[0.251s] -- Up-to-date: /home/purduerm/ros2-ws/auto-aiming/install/vision_msgs/share/vision_msgs/cmake/vision_msgs__rosidl_generator_cExport-release.cmake
[0.251s] -- Up-to-date: /home/purduerm/ros2-ws/auto-aiming/install/vision_msgs/share/vision_msgs/cmake/vision_msgs__rosidl_typesupport_introspection_cExport.cmake
[0.251s] -- Up-to-date: /home/purduerm/ros2-ws/auto-aiming/install/vision_msgs/share/vision_msgs/cmake/vision_msgs__rosidl_typesupport_introspection_cExport-release.cmake
[0.251s] -- Up-to-date: /home/purduerm/ros2-ws/auto-aiming/install/vision_msgs/share/vision_msgs/cmake/vision_msgs__rosidl_typesupport_cExport.cmake
[0.251s] -- Up-to-date: /home/purduerm/ros2-ws/auto-aiming/install/vision_msgs/share/vision_msgs/cmake/vision_msgs__rosidl_typesupport_cExport-release.cmake
[0.251s] -- Up-to-date: /home/purduerm/ros2-ws/auto-aiming/install/vision_msgs/share/vision_msgs/cmake/vision_msgs__rosidl_generator_cppExport.cmake
[0.251s] -- Up-to-date: /home/purduerm/ros2-ws/auto-aiming/install/vision_msgs/share/vision_msgs/cmake/vision_msgs__rosidl_typesupport_introspection_cppExport.cmake
[0.252s] -- Up-to-date: /home/purduerm/ros2-ws/auto-aiming/install/vision_msgs/share/vision_msgs/cmake/vision_msgs__rosidl_typesupport_introspection_cppExport-release.cmake
[0.252s] -- Up-to-date: /home/purduerm/ros2-ws/auto-aiming/install/vision_msgs/share/vision_msgs/cmake/vision_msgs__rosidl_typesupport_cppExport.cmake
[0.252s] -- Up-to-date: /home/purduerm/ros2-ws/auto-aiming/install/vision_msgs/share/vision_msgs/cmake/vision_msgs__rosidl_typesupport_cppExport-release.cmake
[0.254s] Invoked command in '/home/purduerm/ros2-ws/auto-aiming/build/vision_msgs' returned '0': CMAKE_PREFIX_PATH=/opt/ros/foxy /usr/bin/cmake --install /home/purduerm/ros2-ws/auto-aiming/build/vision_msgs
