[0.015s] Invoking command in '/home/purduerm/ros2-ws/auto-aiming/build/opencv_armor_detector': AMENT_PREFIX_PATH=/home/purduerm/ros2-ws/auto-aiming/install/vision_msgs:${AMENT_PREFIX_PATH} CMAKE_PREFIX_PATH=/home/purduerm/ros2-ws/auto-aiming/install/vision_msgs:/opt/ros/foxy LD_LIBRARY_PATH=/home/purduerm/ros2-ws/auto-aiming/install/vision_msgs/lib:${LD_LIBRARY_PATH} PYTHONPATH=/home/purduerm/ros2-ws/auto-aiming/install/vision_msgs/lib/python3.8/site-packages:${PYTHONPATH} /usr/bin/cmake /home/purduerm/ros2-ws/auto-aiming/src/prm_vision/opencv_armor_detector -DCMAKE_BUILD_TYPE=Release -DCMAKE_CXX_FLAGS_RELEASE=-O3 -DAMENT_CMAKE_SYMLINK_INSTALL=1 -DCMAKE_INSTALL_PREFIX=/home/purduerm/ros2-ws/auto-aiming/install/opencv_armor_detector
[0.083s] -- The CXX compiler identification is GNU 9.4.0
[0.087s] -- Check for working CXX compiler: /usr/bin/c++
[0.143s] -- Check for working CXX compiler: /usr/bin/c++ -- works
[0.144s] -- Detecting CXX compiler ABI info
[0.201s] -- Detecting CXX compiler ABI info - done
[0.218s] -- Detecting CXX compile features
[0.218s] -- Detecting CXX compile features - done
[0.221s] -- Found ament_cmake: 0.9.12 (/opt/ros/foxy/share/ament_cmake/cmake)
[0.240s] -- Found PythonInterp: /usr/bin/python3 (found suitable version "3.8.10", minimum required is "3") 
[0.240s] -- Using PYTHON_EXECUTABLE: /usr/bin/python3
[0.437s] -- Override CMake install command with custom implementation using symlinks instead of copying resources
[0.462s] -- Found sensor_msgs: 2.0.5 (/opt/ros/foxy/share/sensor_msgs/cmake)
[0.488s] -- Using all available rosidl_typesupport_c: rosidl_typesupport_fastrtps_c;rosidl_typesupport_introspection_c
[0.493s] -- Found rosidl_adapter: 1.3.1 (/opt/ros/foxy/share/rosidl_adapter/cmake)
[0.559s] -- Found OpenSSL: /usr/lib/x86_64-linux-gnu/libcrypto.so (found version "1.1.1f")  
[0.584s] -- Found FastRTPS: /opt/ros/foxy/include  
[0.646s] -- Using all available rosidl_typesupport_cpp: rosidl_typesupport_fastrtps_cpp;rosidl_typesupport_introspection_cpp
[0.786s] -- Found image_transport: 2.4.0 (/opt/ros/foxy/share/image_transport/cmake)
[0.827s] -- Found rmw_implementation_cmake: 1.0.4 (/opt/ros/foxy/share/rmw_implementation_cmake/cmake)
[0.828s] -- Using RMW implementation 'rmw_fastrtps_cpp' as default
[0.829s] -- Looking for C++ include pthread.h
[0.899s] -- Looking for C++ include pthread.h - found
[0.899s] -- Performing Test CMAKE_HAVE_LIBC_PTHREAD
[0.964s] -- Performing Test CMAKE_HAVE_LIBC_PTHREAD - Failed
[0.964s] -- Looking for pthread_create in pthreads
[1.014s] -- Looking for pthread_create in pthreads - not found
[1.014s] -- Looking for pthread_create in pthread
[1.071s] -- Looking for pthread_create in pthread - found
[1.072s] -- Found Threads: TRUE  
[1.261s] -- Found CUDA: /usr/local/cuda (found suitable exact version "11.4") 
[1.277s] -- Found OpenCV: /usr/local (found suitable version "4.6.0", minimum required is "4.6.0") 
[1.278s] -- Found cv_bridge: 3.0.7 (/opt/ros/foxy/share/cv_bridge/cmake)
[1.293s] -- Found vision_msgs: 0.0.0 (/home/purduerm/ros2-ws/auto-aiming/install/vision_msgs/share/vision_msgs/cmake)
[1.360s] -- Found ament_cmake_gtest: 0.9.12 (/opt/ros/foxy/share/ament_cmake_gtest/cmake)
[1.417s] -- Found gtest sources under '/opt/ros/foxy/src/gtest_vendor': C++ tests using 'Google Test' will be built
[1.451s] -- The C compiler identification is GNU 9.4.0
[1.454s] -- Check for working C compiler: /usr/bin/cc
[1.501s] -- Check for working C compiler: /usr/bin/cc -- works
[1.503s] -- Detecting C compiler ABI info
[1.552s] -- Detecting C compiler ABI info - done
[1.563s] -- Detecting C compile features
[1.563s] -- Detecting C compile features - done
[1.565s] -- Check if compiler accepts -pthread
[1.626s] -- Check if compiler accepts -pthread - yes
[1.696s] -- Configuring done
[1.744s] -- Generating done
[1.770s] -- Build files have been written to: /home/purduerm/ros2-ws/auto-aiming/build/opencv_armor_detector
[1.779s] Invoked command in '/home/purduerm/ros2-ws/auto-aiming/build/opencv_armor_detector' returned '0': AMENT_PREFIX_PATH=/home/purduerm/ros2-ws/auto-aiming/install/vision_msgs:${AMENT_PREFIX_PATH} CMAKE_PREFIX_PATH=/home/purduerm/ros2-ws/auto-aiming/install/vision_msgs:/opt/ros/foxy LD_LIBRARY_PATH=/home/purduerm/ros2-ws/auto-aiming/install/vision_msgs/lib:${LD_LIBRARY_PATH} PYTHONPATH=/home/purduerm/ros2-ws/auto-aiming/install/vision_msgs/lib/python3.8/site-packages:${PYTHONPATH} /usr/bin/cmake /home/purduerm/ros2-ws/auto-aiming/src/prm_vision/opencv_armor_detector -DCMAKE_BUILD_TYPE=Release -DCMAKE_CXX_FLAGS_RELEASE=-O3 -DAMENT_CMAKE_SYMLINK_INSTALL=1 -DCMAKE_INSTALL_PREFIX=/home/purduerm/ros2-ws/auto-aiming/install/opencv_armor_detector
[1.781s] Invoking command in '/home/purduerm/ros2-ws/auto-aiming/build/opencv_armor_detector': AMENT_PREFIX_PATH=/home/purduerm/ros2-ws/auto-aiming/install/vision_msgs:${AMENT_PREFIX_PATH} CMAKE_PREFIX_PATH=/home/purduerm/ros2-ws/auto-aiming/install/vision_msgs:/opt/ros/foxy LD_LIBRARY_PATH=/home/purduerm/ros2-ws/auto-aiming/install/vision_msgs/lib:${LD_LIBRARY_PATH} PYTHONPATH=/home/purduerm/ros2-ws/auto-aiming/install/vision_msgs/lib/python3.8/site-packages:${PYTHONPATH} /usr/bin/cmake --build /home/purduerm/ros2-ws/auto-aiming/build/opencv_armor_detector -- -j12 -l12
[1.811s] [35m[1mScanning dependencies of target gtest_main[0m
[1.811s] [35m[1mScanning dependencies of target gtest[0m
[1.811s] [35m[1mScanning dependencies of target OpenCVArmorDetector[0m
[1.890s] [ 10%] [32mBuilding CXX object CMakeFiles/OpenCVArmorDetector.dir/src/OpenCVArmorDetector.cpp.o[0m
[2.078s] [ 20%] [32mBuilding CXX object gtest/CMakeFiles/gtest_main.dir/src/gtest_main.cc.o[0m
[2.078s] [ 30%] [32mBuilding CXX object gtest/CMakeFiles/gtest.dir/src/gtest-all.cc.o[0m
[3.334s] [ 40%] [32m[1mLinking CXX static library libgtest_main.a[0m
[3.358s] [ 40%] Built target gtest_main
[3.882s] [ 50%] [32m[1mLinking CXX static library libOpenCVArmorDetector.a[0m
[3.906s] [ 50%] Built target OpenCVArmorDetector
[3.914s] [35m[1mScanning dependencies of target OpenCVArmorDetectorNode[0m
[3.955s] [ 60%] [32mBuilding CXX object CMakeFiles/OpenCVArmorDetectorNode.dir/src/OpenCVArmorDetectorNode.cpp.o[0m
[8.559s] [ 70%] [32m[1mLinking CXX executable OpenCVArmorDetectorNode[0m
[8.916s] /usr/bin/ld: warning: libopencv_imgcodecs.so.4.2, needed by /opt/ros/foxy/lib/libcv_bridge.so, may conflict with libopencv_imgcodecs.so.406
[8.916s] /usr/bin/ld: warning: libopencv_imgproc.so.4.2, needed by /opt/ros/foxy/lib/libcv_bridge.so, may conflict with libopencv_imgproc.so.406
[8.916s] /usr/bin/ld: warning: libopencv_core.so.4.2, needed by /opt/ros/foxy/lib/libcv_bridge.so, may conflict with libopencv_core.so.406
[8.923s] [ 70%] Built target OpenCVArmorDetectorNode
[8.955s] [ 80%] [32m[1mLinking CXX static library libgtest.a[0m
[8.982s] [ 80%] Built target gtest
[8.990s] [35m[1mScanning dependencies of target test_OpenCVArmorDetector[0m
[9.053s] [ 90%] [32mBuilding CXX object CMakeFiles/test_OpenCVArmorDetector.dir/test/test_OpenCVArmorDetector.cpp.o[0m
[12.692s] [100%] [32m[1mLinking CXX executable test_OpenCVArmorDetector[0m
[12.894s] [100%] Built target test_OpenCVArmorDetector
