-- The C compiler identification is GNU 9.4.0
-- The CXX compiler identification is GNU 9.4.0
-- Check for working C compiler: /usr/bin/cc
-- Check for working C compiler: /usr/bin/cc -- works
-- Detecting C compiler ABI info
-- Detecting C compiler ABI info - done
-- Detecting C compile features
-- Detecting C compile features - done
-- Check for working CXX compiler: /usr/bin/c++
-- Check for working CXX compiler: /usr/bin/c++ -- works
-- Detecting CXX compiler ABI info
-- Detecting CXX compiler ABI info - done
-- Detecting CXX compile features
-- Detecting CXX compile features - done
-- Found ament_cmake: 0.9.12 (/opt/ros/foxy/share/ament_cmake/cmake)
-- Found PythonInterp: /usr/bin/python3.8 (found suitable version "3.8.10", minimum required is "3") 
-- Using PYTHON_EXECUTABLE: /usr/bin/python3.8
-- Override CMake install command with custom implementation using symlinks instead of copying resources
-- Configuring done
-- Generating done
-- Build files have been written to: /home/user-accounts/lee4649/auto-aiming/build/prm_launch
-- Install configuration: "Release"
-- Execute custom install script
-- Symlinking: /home/user-accounts/lee4649/auto-aiming/install/prm_launch/share/prm_launch/launch/video2detector.py
-- Symlinking: /home/user-accounts/lee4649/auto-aiming/install/prm_launch/share/prm_launch/config/mv_red_bidc.yaml
-- Symlinking: /home/user-accounts/lee4649/auto-aiming/install/prm_launch/share/prm_launch/config/opencv_armor_detector_red_bidc.yaml
-- Symlinking: /home/user-accounts/lee4649/auto-aiming/install/prm_launch/share/ament_index/resource_index/package_run_dependencies/prm_launch
-- Symlinking: /home/user-accounts/lee4649/auto-aiming/install/prm_launch/share/ament_index/resource_index/parent_prefix_path/prm_launch
-- Symlinking: /home/user-accounts/lee4649/auto-aiming/install/prm_launch/share/prm_launch/environment/ament_prefix_path.sh
-- Symlinking: /home/user-accounts/lee4649/auto-aiming/install/prm_launch/share/prm_launch/environment/ament_prefix_path.dsv
-- Symlinking: /home/user-accounts/lee4649/auto-aiming/install/prm_launch/share/prm_launch/environment/path.sh
-- Symlinking: /home/user-accounts/lee4649/auto-aiming/install/prm_launch/share/prm_launch/environment/path.dsv
-- Symlinking: /home/user-accounts/lee4649/auto-aiming/install/prm_launch/share/prm_launch/local_setup.bash
-- Symlinking: /home/user-accounts/lee4649/auto-aiming/install/prm_launch/share/prm_launch/local_setup.sh
-- Symlinking: /home/user-accounts/lee4649/auto-aiming/install/prm_launch/share/prm_launch/local_setup.zsh
-- Symlinking: /home/user-accounts/lee4649/auto-aiming/install/prm_launch/share/prm_launch/local_setup.dsv
-- Symlinking: /home/user-accounts/lee4649/auto-aiming/install/prm_launch/share/prm_launch/package.dsv
-- Symlinking: /home/user-accounts/lee4649/auto-aiming/install/prm_launch/share/ament_index/resource_index/packages/prm_launch
-- Symlinking: /home/user-accounts/lee4649/auto-aiming/install/prm_launch/share/prm_launch/cmake/prm_launchConfig.cmake
-- Symlinking: /home/user-accounts/lee4649/auto-aiming/install/prm_launch/share/prm_launch/cmake/prm_launchConfig-version.cmake
-- Symlinking: /home/user-accounts/lee4649/auto-aiming/install/prm_launch/share/prm_launch/package.xml
