[0.026s] Invoking command in '/home/user-accounts/lee4649/auto-aiming/build/prm_launch': AMENT_PREFIX_PATH=/home/user-accounts/lee4649/auto-aiming/install/opencv_armor_detector:/home/user-accounts/lee4649/auto-aiming/install/vision_msgs:${AMENT_PREFIX_PATH} CMAKE_PREFIX_PATH=/home/user-accounts/lee4649/auto-aiming/install/opencv_armor_detector:/home/user-accounts/lee4649/auto-aiming/install/vision_msgs:/opt/ros/foxy LD_LIBRARY_PATH=/home/user-accounts/lee4649/auto-aiming/install/vision_msgs/lib:${LD_LIBRARY_PATH} PYTHONPATH=/home/user-accounts/lee4649/auto-aiming/install/vision_msgs/lib/python3.8/site-packages:${PYTHONPATH} /usr/bin/cmake /home/user-accounts/lee4649/auto-aiming/src/prm_launch -DCMAKE_BUILD_TYPE=Release -DCMAKE_CXX_FLAGS_RELEASE=-O3 -DPYTHON_EXECUTABLE=/usr/bin/python3.8 -DAMENT_CMAKE_SYMLINK_INSTALL=1 -DCMAKE_INSTALL_PREFIX=/home/user-accounts/lee4649/auto-aiming/install/prm_launch
[0.119s] -- The C compiler identification is GNU 9.4.0
[0.202s] -- The CXX compiler identification is GNU 9.4.0
[0.209s] -- Check for working C compiler: /usr/bin/cc
[0.330s] -- Check for working C compiler: /usr/bin/cc -- works
[0.333s] -- Detecting C compiler ABI info
[0.496s] -- Detecting C compiler ABI info - done
[0.524s] -- Detecting C compile features
[0.524s] -- Detecting C compile features - done
[0.530s] -- Check for working CXX compiler: /usr/bin/c++
[0.674s] -- Check for working CXX compiler: /usr/bin/c++ -- works
[0.676s] -- Detecting CXX compiler ABI info
[0.807s] -- Detecting CXX compiler ABI info - done
[0.834s] -- Detecting CXX compile features
[0.835s] -- Detecting CXX compile features - done
[0.840s] -- Found ament_cmake: 0.9.12 (/opt/ros/foxy/share/ament_cmake/cmake)
[0.879s] -- Found PythonInterp: /usr/bin/python3.8 (found suitable version "3.8.10", minimum required is "3") 
[0.879s] -- Using PYTHON_EXECUTABLE: /usr/bin/python3.8
[1.185s] -- Override CMake install command with custom implementation using symlinks instead of copying resources
[1.332s] -- Configuring done
[1.335s] -- Generating done
[1.337s] -- Build files have been written to: /home/user-accounts/lee4649/auto-aiming/build/prm_launch
[1.349s] Invoked command in '/home/user-accounts/lee4649/auto-aiming/build/prm_launch' returned '0': AMENT_PREFIX_PATH=/home/user-accounts/lee4649/auto-aiming/install/opencv_armor_detector:/home/user-accounts/lee4649/auto-aiming/install/vision_msgs:${AMENT_PREFIX_PATH} CMAKE_PREFIX_PATH=/home/user-accounts/lee4649/auto-aiming/install/opencv_armor_detector:/home/user-accounts/lee4649/auto-aiming/install/vision_msgs:/opt/ros/foxy LD_LIBRARY_PATH=/home/user-accounts/lee4649/auto-aiming/install/vision_msgs/lib:${LD_LIBRARY_PATH} PYTHONPATH=/home/user-accounts/lee4649/auto-aiming/install/vision_msgs/lib/python3.8/site-packages:${PYTHONPATH} /usr/bin/cmake /home/user-accounts/lee4649/auto-aiming/src/prm_launch -DCMAKE_BUILD_TYPE=Release -DCMAKE_CXX_FLAGS_RELEASE=-O3 -DPYTHON_EXECUTABLE=/usr/bin/python3.8 -DAMENT_CMAKE_SYMLINK_INSTALL=1 -DCMAKE_INSTALL_PREFIX=/home/user-accounts/lee4649/auto-aiming/install/prm_launch
[1.358s] Invoking command in '/home/user-accounts/lee4649/auto-aiming/build/prm_launch': AMENT_PREFIX_PATH=/home/user-accounts/lee4649/auto-aiming/install/opencv_armor_detector:/home/user-accounts/lee4649/auto-aiming/install/vision_msgs:${AMENT_PREFIX_PATH} CMAKE_PREFIX_PATH=/home/user-accounts/lee4649/auto-aiming/install/opencv_armor_detector:/home/user-accounts/lee4649/auto-aiming/install/vision_msgs:/opt/ros/foxy LD_LIBRARY_PATH=/home/user-accounts/lee4649/auto-aiming/install/vision_msgs/lib:${LD_LIBRARY_PATH} PYTHONPATH=/home/user-accounts/lee4649/auto-aiming/install/vision_msgs/lib/python3.8/site-packages:${PYTHONPATH} /usr/bin/cmake --build /home/user-accounts/lee4649/auto-aiming/build/prm_launch -- -j8 -l8
[1.426s] Invoked command in '/home/user-accounts/lee4649/auto-aiming/build/prm_launch' returned '0': AMENT_PREFIX_PATH=/home/user-accounts/lee4649/auto-aiming/install/opencv_armor_detector:/home/user-accounts/lee4649/auto-aiming/install/vision_msgs:${AMENT_PREFIX_PATH} CMAKE_PREFIX_PATH=/home/user-accounts/lee4649/auto-aiming/install/opencv_armor_detector:/home/user-accounts/lee4649/auto-aiming/install/vision_msgs:/opt/ros/foxy LD_LIBRARY_PATH=/home/user-accounts/lee4649/auto-aiming/install/vision_msgs/lib:${LD_LIBRARY_PATH} PYTHONPATH=/home/user-accounts/lee4649/auto-aiming/install/vision_msgs/lib/python3.8/site-packages:${PYTHONPATH} /usr/bin/cmake --build /home/user-accounts/lee4649/auto-aiming/build/prm_launch -- -j8 -l8
[1.474s] Invoking command in '/home/user-accounts/lee4649/auto-aiming/build/prm_launch': AMENT_PREFIX_PATH=/home/user-accounts/lee4649/auto-aiming/install/opencv_armor_detector:/home/user-accounts/lee4649/auto-aiming/install/vision_msgs:${AMENT_PREFIX_PATH} CMAKE_PREFIX_PATH=/home/user-accounts/lee4649/auto-aiming/install/opencv_armor_detector:/home/user-accounts/lee4649/auto-aiming/install/vision_msgs:/opt/ros/foxy LD_LIBRARY_PATH=/home/user-accounts/lee4649/auto-aiming/install/vision_msgs/lib:${LD_LIBRARY_PATH} PYTHONPATH=/home/user-accounts/lee4649/auto-aiming/install/vision_msgs/lib/python3.8/site-packages:${PYTHONPATH} /usr/bin/cmake --install /home/user-accounts/lee4649/auto-aiming/build/prm_launch
[1.495s] -- Install configuration: "Release"
[1.496s] -- Execute custom install script
[1.497s] -- Symlinking: /home/user-accounts/lee4649/auto-aiming/install/prm_launch/share/prm_launch/launch/video2detector.py
[1.512s] -- Symlinking: /home/user-accounts/lee4649/auto-aiming/install/prm_launch/share/prm_launch/config/mv_red_bidc.yaml
[1.526s] -- Symlinking: /home/user-accounts/lee4649/auto-aiming/install/prm_launch/share/prm_launch/config/opencv_armor_detector_red_bidc.yaml
[1.541s] -- Symlinking: /home/user-accounts/lee4649/auto-aiming/install/prm_launch/share/ament_index/resource_index/package_run_dependencies/prm_launch
[1.558s] -- Symlinking: /home/user-accounts/lee4649/auto-aiming/install/prm_launch/share/ament_index/resource_index/parent_prefix_path/prm_launch
[1.575s] -- Symlinking: /home/user-accounts/lee4649/auto-aiming/install/prm_launch/share/prm_launch/environment/ament_prefix_path.sh
[1.590s] -- Symlinking: /home/user-accounts/lee4649/auto-aiming/install/prm_launch/share/prm_launch/environment/ament_prefix_path.dsv
[1.611s] -- Symlinking: /home/user-accounts/lee4649/auto-aiming/install/prm_launch/share/prm_launch/environment/path.sh
[1.639s] -- Symlinking: /home/user-accounts/lee4649/auto-aiming/install/prm_launch/share/prm_launch/environment/path.dsv
[1.655s] -- Symlinking: /home/user-accounts/lee4649/auto-aiming/install/prm_launch/share/prm_launch/local_setup.bash
[1.679s] -- Symlinking: /home/user-accounts/lee4649/auto-aiming/install/prm_launch/share/prm_launch/local_setup.sh
[1.707s] -- Symlinking: /home/user-accounts/lee4649/auto-aiming/install/prm_launch/share/prm_launch/local_setup.zsh
[1.733s] -- Symlinking: /home/user-accounts/lee4649/auto-aiming/install/prm_launch/share/prm_launch/local_setup.dsv
[1.748s] -- Symlinking: /home/user-accounts/lee4649/auto-aiming/install/prm_launch/share/prm_launch/package.dsv
[1.772s] -- Symlinking: /home/user-accounts/lee4649/auto-aiming/install/prm_launch/share/ament_index/resource_index/packages/prm_launch
[1.796s] -- Symlinking: /home/user-accounts/lee4649/auto-aiming/install/prm_launch/share/prm_launch/cmake/prm_launchConfig.cmake
[1.818s] -- Symlinking: /home/user-accounts/lee4649/auto-aiming/install/prm_launch/share/prm_launch/cmake/prm_launchConfig-version.cmake
[1.833s] -- Symlinking: /home/user-accounts/lee4649/auto-aiming/install/prm_launch/share/prm_launch/package.xml
[1.864s] Invoked command in '/home/user-accounts/lee4649/auto-aiming/build/prm_launch' returned '0': AMENT_PREFIX_PATH=/home/user-accounts/lee4649/auto-aiming/install/opencv_armor_detector:/home/user-accounts/lee4649/auto-aiming/install/vision_msgs:${AMENT_PREFIX_PATH} CMAKE_PREFIX_PATH=/home/user-accounts/lee4649/auto-aiming/install/opencv_armor_detector:/home/user-accounts/lee4649/auto-aiming/install/vision_msgs:/opt/ros/foxy LD_LIBRARY_PATH=/home/user-accounts/lee4649/auto-aiming/install/vision_msgs/lib:${LD_LIBRARY_PATH} PYTHONPATH=/home/user-accounts/lee4649/auto-aiming/install/vision_msgs/lib/python3.8/site-packages:${PYTHONPATH} /usr/bin/cmake --install /home/user-accounts/lee4649/auto-aiming/build/prm_launch
