[0.049s] Invoking command in '/home/user-accounts/lee4649/auto-aiming/build/mv_publisher': CMAKE_PREFIX_PATH=/opt/ros/foxy /usr/bin/cmake --build /home/user-accounts/lee4649/auto-aiming/build/mv_publisher -- -j8 -l8
[0.161s] [100%] Built target MVCameraNode
[0.184s] Invoked command in '/home/user-accounts/lee4649/auto-aiming/build/mv_publisher' returned '0': CMAKE_PREFIX_PATH=/opt/ros/foxy /usr/bin/cmake --build /home/user-accounts/lee4649/auto-aiming/build/mv_publisher -- -j8 -l8
[0.249s] Invoking command in '/home/user-accounts/lee4649/auto-aiming/build/mv_publisher': CMAKE_PREFIX_PATH=/opt/ros/foxy /usr/bin/cmake --install /home/user-accounts/lee4649/auto-aiming/build/mv_publisher
[0.266s] -- Install configuration: "Release"
[0.267s] -- Execute custom install script
[0.268s] -- Up-to-date symlink: /home/user-accounts/lee4649/auto-aiming/install/mv_publisher/lib/mv_publisher/MVCameraNode
[0.269s] -- Up-to-date symlink: /home/user-accounts/lee4649/auto-aiming/install/mv_publisher/share/mv_publisher/launch/temp.py
[0.269s] -- Up-to-date symlink: /home/user-accounts/lee4649/auto-aiming/install/mv_publisher/share/mv_publisher/config/mv_133_4_info.yaml
[0.269s] -- Up-to-date symlink: /home/user-accounts/lee4649/auto-aiming/install/mv_publisher/share/ament_index/resource_index/package_run_dependencies/mv_publisher
[0.269s] -- Up-to-date symlink: /home/user-accounts/lee4649/auto-aiming/install/mv_publisher/share/ament_index/resource_index/parent_prefix_path/mv_publisher
[0.269s] -- Up-to-date symlink: /home/user-accounts/lee4649/auto-aiming/install/mv_publisher/share/mv_publisher/environment/ament_prefix_path.sh
[0.269s] -- Up-to-date symlink: /home/user-accounts/lee4649/auto-aiming/install/mv_publisher/share/mv_publisher/environment/ament_prefix_path.dsv
[0.269s] -- Up-to-date symlink: /home/user-accounts/lee4649/auto-aiming/install/mv_publisher/share/mv_publisher/environment/path.sh
[0.270s] -- Up-to-date symlink: /home/user-accounts/lee4649/auto-aiming/install/mv_publisher/share/mv_publisher/environment/path.dsv
[0.270s] -- Up-to-date symlink: /home/user-accounts/lee4649/auto-aiming/install/mv_publisher/share/mv_publisher/local_setup.bash
[0.270s] -- Up-to-date symlink: /home/user-accounts/lee4649/auto-aiming/install/mv_publisher/share/mv_publisher/local_setup.sh
[0.271s] -- Up-to-date symlink: /home/user-accounts/lee4649/auto-aiming/install/mv_publisher/share/mv_publisher/local_setup.zsh
[0.271s] -- Up-to-date symlink: /home/user-accounts/lee4649/auto-aiming/install/mv_publisher/share/mv_publisher/local_setup.dsv
[0.271s] -- Symlinking: /home/user-accounts/lee4649/auto-aiming/install/mv_publisher/share/mv_publisher/package.dsv
[0.287s] -- Up-to-date symlink: /home/user-accounts/lee4649/auto-aiming/install/mv_publisher/share/ament_index/resource_index/packages/mv_publisher
[0.287s] -- Up-to-date symlink: /home/user-accounts/lee4649/auto-aiming/install/mv_publisher/share/mv_publisher/cmake/ament_cmake_export_include_directories-extras.cmake
[0.288s] -- Up-to-date symlink: /home/user-accounts/lee4649/auto-aiming/install/mv_publisher/share/mv_publisher/cmake/ament_cmake_export_dependencies-extras.cmake
[0.288s] -- Up-to-date symlink: /home/user-accounts/lee4649/auto-aiming/install/mv_publisher/share/mv_publisher/cmake/mv_publisherConfig.cmake
[0.289s] -- Up-to-date symlink: /home/user-accounts/lee4649/auto-aiming/install/mv_publisher/share/mv_publisher/cmake/mv_publisherConfig-version.cmake
[0.289s] -- Up-to-date symlink: /home/user-accounts/lee4649/auto-aiming/install/mv_publisher/share/mv_publisher/package.xml
[0.294s] Invoked command in '/home/user-accounts/lee4649/auto-aiming/build/mv_publisher' returned '0': CMAKE_PREFIX_PATH=/opt/ros/foxy /usr/bin/cmake --install /home/user-accounts/lee4649/auto-aiming/build/mv_publisher
